[2022-10-05 15:18:08,970] {processor.py:153} INFO - Started process (PID=135) to work on /home/airflow/.local/lib/python3.7/site-packages/airflow/example_dags/example_branch_operator_decorator.py
[2022-10-05 15:18:08,974] {processor.py:641} INFO - Processing file /home/airflow/.local/lib/python3.7/site-packages/airflow/example_dags/example_branch_operator_decorator.py for tasks to queue
[2022-10-05 15:18:08,977] {logging_mixin.py:115} INFO - [2022-10-05 15:18:08,977] {dagbag.py:507} INFO - Filling up the DagBag from /home/airflow/.local/lib/python3.7/site-packages/airflow/example_dags/example_branch_operator_decorator.py
[2022-10-05 15:18:09,179] {processor.py:651} INFO - DAG(s) dict_keys(['example_branch_python_operator_decorator']) retrieved from /home/airflow/.local/lib/python3.7/site-packages/airflow/example_dags/example_branch_operator_decorator.py
[2022-10-05 15:18:10,183] {logging_mixin.py:115} INFO - [2022-10-05 15:18:10,183] {manager.py:508} INFO - Created Permission View: can delete on DAG:example_branch_python_operator_decorator
[2022-10-05 15:18:10,263] {logging_mixin.py:115} INFO - [2022-10-05 15:18:10,263] {manager.py:508} INFO - Created Permission View: can edit on DAG:example_branch_python_operator_decorator
[2022-10-05 15:18:10,351] {logging_mixin.py:115} INFO - [2022-10-05 15:18:10,350] {manager.py:508} INFO - Created Permission View: can read on DAG:example_branch_python_operator_decorator
[2022-10-05 15:18:10,357] {logging_mixin.py:115} INFO - [2022-10-05 15:18:10,357] {dag.py:2379} INFO - Sync 1 DAGs
[2022-10-05 15:18:10,405] {logging_mixin.py:115} INFO - [2022-10-05 15:18:10,405] {dag.py:2398} INFO - Creating ORM DAG for example_branch_python_operator_decorator
[2022-10-05 15:18:10,501] {logging_mixin.py:115} INFO - [2022-10-05 15:18:10,494] {dag.py:2931} INFO - Setting next_dagrun for example_branch_python_operator_decorator to 2022-10-04T00:00:00+00:00, run_after=2022-10-05T00:00:00+00:00
[2022-10-05 15:18:10,655] {processor.py:161} INFO - Processing /home/airflow/.local/lib/python3.7/site-packages/airflow/example_dags/example_branch_operator_decorator.py took 1.748 seconds
[2022-10-05 15:19:13,030] {processor.py:153} INFO - Started process (PID=200) to work on /home/airflow/.local/lib/python3.7/site-packages/airflow/example_dags/example_branch_operator_decorator.py
[2022-10-05 15:19:13,037] {processor.py:641} INFO - Processing file /home/airflow/.local/lib/python3.7/site-packages/airflow/example_dags/example_branch_operator_decorator.py for tasks to queue
[2022-10-05 15:19:13,043] {logging_mixin.py:115} INFO - [2022-10-05 15:19:13,042] {dagbag.py:507} INFO - Filling up the DagBag from /home/airflow/.local/lib/python3.7/site-packages/airflow/example_dags/example_branch_operator_decorator.py
[2022-10-05 15:19:13,135] {processor.py:651} INFO - DAG(s) dict_keys(['example_branch_python_operator_decorator']) retrieved from /home/airflow/.local/lib/python3.7/site-packages/airflow/example_dags/example_branch_operator_decorator.py
[2022-10-05 15:19:13,349] {logging_mixin.py:115} INFO - [2022-10-05 15:19:13,349] {dag.py:2379} INFO - Sync 1 DAGs
[2022-10-05 15:19:13,848] {logging_mixin.py:115} INFO - [2022-10-05 15:19:13,848] {dag.py:2931} INFO - Setting next_dagrun for example_branch_python_operator_decorator to 2022-10-04T00:00:00+00:00, run_after=2022-10-05T00:00:00+00:00
[2022-10-05 15:19:13,914] {processor.py:161} INFO - Processing /home/airflow/.local/lib/python3.7/site-packages/airflow/example_dags/example_branch_operator_decorator.py took 0.898 seconds
[2022-10-05 15:20:05,081] {processor.py:153} INFO - Started process (PID=261) to work on /home/airflow/.local/lib/python3.7/site-packages/airflow/example_dags/example_branch_operator_decorator.py
[2022-10-05 15:20:05,084] {processor.py:641} INFO - Processing file /home/airflow/.local/lib/python3.7/site-packages/airflow/example_dags/example_branch_operator_decorator.py for tasks to queue
[2022-10-05 15:20:05,090] {logging_mixin.py:115} INFO - [2022-10-05 15:20:05,089] {dagbag.py:507} INFO - Filling up the DagBag from /home/airflow/.local/lib/python3.7/site-packages/airflow/example_dags/example_branch_operator_decorator.py
[2022-10-05 15:20:05,190] {processor.py:651} INFO - DAG(s) dict_keys(['example_branch_python_operator_decorator']) retrieved from /home/airflow/.local/lib/python3.7/site-packages/airflow/example_dags/example_branch_operator_decorator.py
[2022-10-05 15:20:05,384] {logging_mixin.py:115} INFO - [2022-10-05 15:20:05,384] {dag.py:2379} INFO - Sync 1 DAGs
[2022-10-05 15:20:06,061] {logging_mixin.py:115} INFO - [2022-10-05 15:20:06,061] {dag.py:2931} INFO - Setting next_dagrun for example_branch_python_operator_decorator to 2022-10-04T00:00:00+00:00, run_after=2022-10-05T00:00:00+00:00
[2022-10-05 15:20:06,114] {processor.py:161} INFO - Processing /home/airflow/.local/lib/python3.7/site-packages/airflow/example_dags/example_branch_operator_decorator.py took 1.048 seconds
[2022-10-05 15:20:37,154] {processor.py:153} INFO - Started process (PID=307) to work on /home/airflow/.local/lib/python3.7/site-packages/airflow/example_dags/example_branch_operator_decorator.py
[2022-10-05 15:20:37,184] {processor.py:641} INFO - Processing file /home/airflow/.local/lib/python3.7/site-packages/airflow/example_dags/example_branch_operator_decorator.py for tasks to queue
[2022-10-05 15:20:37,190] {logging_mixin.py:115} INFO - [2022-10-05 15:20:37,190] {dagbag.py:507} INFO - Filling up the DagBag from /home/airflow/.local/lib/python3.7/site-packages/airflow/example_dags/example_branch_operator_decorator.py
[2022-10-05 15:20:37,389] {processor.py:651} INFO - DAG(s) dict_keys(['example_branch_python_operator_decorator']) retrieved from /home/airflow/.local/lib/python3.7/site-packages/airflow/example_dags/example_branch_operator_decorator.py
[2022-10-05 15:20:37,564] {logging_mixin.py:115} INFO - [2022-10-05 15:20:37,563] {dag.py:2379} INFO - Sync 1 DAGs
[2022-10-05 15:20:38,093] {logging_mixin.py:115} INFO - [2022-10-05 15:20:38,093] {dag.py:2931} INFO - Setting next_dagrun for example_branch_python_operator_decorator to 2022-10-04T00:00:00+00:00, run_after=2022-10-05T00:00:00+00:00
[2022-10-05 15:20:38,231] {processor.py:161} INFO - Processing /home/airflow/.local/lib/python3.7/site-packages/airflow/example_dags/example_branch_operator_decorator.py took 1.114 seconds
[2022-10-05 15:21:30,314] {processor.py:153} INFO - Started process (PID=374) to work on /home/airflow/.local/lib/python3.7/site-packages/airflow/example_dags/example_branch_operator_decorator.py
[2022-10-05 15:21:30,318] {processor.py:641} INFO - Processing file /home/airflow/.local/lib/python3.7/site-packages/airflow/example_dags/example_branch_operator_decorator.py for tasks to queue
[2022-10-05 15:21:30,323] {logging_mixin.py:115} INFO - [2022-10-05 15:21:30,323] {dagbag.py:507} INFO - Filling up the DagBag from /home/airflow/.local/lib/python3.7/site-packages/airflow/example_dags/example_branch_operator_decorator.py
[2022-10-05 15:21:30,452] {processor.py:651} INFO - DAG(s) dict_keys(['example_branch_python_operator_decorator']) retrieved from /home/airflow/.local/lib/python3.7/site-packages/airflow/example_dags/example_branch_operator_decorator.py
[2022-10-05 15:21:30,636] {logging_mixin.py:115} INFO - [2022-10-05 15:21:30,636] {dag.py:2379} INFO - Sync 1 DAGs
[2022-10-05 15:21:31,221] {logging_mixin.py:115} INFO - [2022-10-05 15:21:31,221] {dag.py:2931} INFO - Setting next_dagrun for example_branch_python_operator_decorator to 2022-10-04T00:00:00+00:00, run_after=2022-10-05T00:00:00+00:00
[2022-10-05 15:21:31,314] {processor.py:161} INFO - Processing /home/airflow/.local/lib/python3.7/site-packages/airflow/example_dags/example_branch_operator_decorator.py took 1.011 seconds
[2022-10-05 15:22:01,601] {processor.py:153} INFO - Started process (PID=428) to work on /home/airflow/.local/lib/python3.7/site-packages/airflow/example_dags/example_branch_operator_decorator.py
[2022-10-05 15:22:01,603] {processor.py:641} INFO - Processing file /home/airflow/.local/lib/python3.7/site-packages/airflow/example_dags/example_branch_operator_decorator.py for tasks to queue
[2022-10-05 15:22:01,605] {logging_mixin.py:115} INFO - [2022-10-05 15:22:01,605] {dagbag.py:507} INFO - Filling up the DagBag from /home/airflow/.local/lib/python3.7/site-packages/airflow/example_dags/example_branch_operator_decorator.py
[2022-10-05 15:22:01,638] {processor.py:651} INFO - DAG(s) dict_keys(['example_branch_python_operator_decorator']) retrieved from /home/airflow/.local/lib/python3.7/site-packages/airflow/example_dags/example_branch_operator_decorator.py
[2022-10-05 15:22:01,699] {logging_mixin.py:115} INFO - [2022-10-05 15:22:01,699] {dag.py:2379} INFO - Sync 1 DAGs
[2022-10-05 15:22:01,980] {logging_mixin.py:115} INFO - [2022-10-05 15:22:01,980] {dag.py:2931} INFO - Setting next_dagrun for example_branch_python_operator_decorator to 2022-10-04T00:00:00+00:00, run_after=2022-10-05T00:00:00+00:00
[2022-10-05 15:22:02,002] {processor.py:161} INFO - Processing /home/airflow/.local/lib/python3.7/site-packages/airflow/example_dags/example_branch_operator_decorator.py took 0.406 seconds
[2022-10-05 15:22:32,292] {processor.py:153} INFO - Started process (PID=492) to work on /home/airflow/.local/lib/python3.7/site-packages/airflow/example_dags/example_branch_operator_decorator.py
[2022-10-05 15:22:32,295] {processor.py:641} INFO - Processing file /home/airflow/.local/lib/python3.7/site-packages/airflow/example_dags/example_branch_operator_decorator.py for tasks to queue
[2022-10-05 15:22:32,297] {logging_mixin.py:115} INFO - [2022-10-05 15:22:32,297] {dagbag.py:507} INFO - Filling up the DagBag from /home/airflow/.local/lib/python3.7/site-packages/airflow/example_dags/example_branch_operator_decorator.py
[2022-10-05 15:22:32,331] {processor.py:651} INFO - DAG(s) dict_keys(['example_branch_python_operator_decorator']) retrieved from /home/airflow/.local/lib/python3.7/site-packages/airflow/example_dags/example_branch_operator_decorator.py
[2022-10-05 15:22:32,566] {logging_mixin.py:115} INFO - [2022-10-05 15:22:32,565] {dag.py:2379} INFO - Sync 1 DAGs
[2022-10-05 15:22:32,601] {logging_mixin.py:115} INFO - [2022-10-05 15:22:32,601] {dag.py:2931} INFO - Setting next_dagrun for example_branch_python_operator_decorator to 2022-10-04T00:00:00+00:00, run_after=2022-10-05T00:00:00+00:00
[2022-10-05 15:22:32,632] {processor.py:161} INFO - Processing /home/airflow/.local/lib/python3.7/site-packages/airflow/example_dags/example_branch_operator_decorator.py took 0.347 seconds
[2022-10-05 15:23:02,709] {processor.py:153} INFO - Started process (PID=547) to work on /home/airflow/.local/lib/python3.7/site-packages/airflow/example_dags/example_branch_operator_decorator.py
[2022-10-05 15:23:02,712] {processor.py:641} INFO - Processing file /home/airflow/.local/lib/python3.7/site-packages/airflow/example_dags/example_branch_operator_decorator.py for tasks to queue
[2022-10-05 15:23:02,714] {logging_mixin.py:115} INFO - [2022-10-05 15:23:02,714] {dagbag.py:507} INFO - Filling up the DagBag from /home/airflow/.local/lib/python3.7/site-packages/airflow/example_dags/example_branch_operator_decorator.py
[2022-10-05 15:23:02,753] {processor.py:651} INFO - DAG(s) dict_keys(['example_branch_python_operator_decorator']) retrieved from /home/airflow/.local/lib/python3.7/site-packages/airflow/example_dags/example_branch_operator_decorator.py
[2022-10-05 15:23:03,043] {logging_mixin.py:115} INFO - [2022-10-05 15:23:03,042] {dag.py:2379} INFO - Sync 1 DAGs
[2022-10-05 15:23:03,100] {logging_mixin.py:115} INFO - [2022-10-05 15:23:03,100] {dag.py:2931} INFO - Setting next_dagrun for example_branch_python_operator_decorator to 2022-10-04T00:00:00+00:00, run_after=2022-10-05T00:00:00+00:00
[2022-10-05 15:23:03,123] {processor.py:161} INFO - Processing /home/airflow/.local/lib/python3.7/site-packages/airflow/example_dags/example_branch_operator_decorator.py took 0.421 seconds
[2022-10-05 15:23:33,358] {processor.py:153} INFO - Started process (PID=602) to work on /home/airflow/.local/lib/python3.7/site-packages/airflow/example_dags/example_branch_operator_decorator.py
[2022-10-05 15:23:33,362] {processor.py:641} INFO - Processing file /home/airflow/.local/lib/python3.7/site-packages/airflow/example_dags/example_branch_operator_decorator.py for tasks to queue
[2022-10-05 15:23:33,366] {logging_mixin.py:115} INFO - [2022-10-05 15:23:33,365] {dagbag.py:507} INFO - Filling up the DagBag from /home/airflow/.local/lib/python3.7/site-packages/airflow/example_dags/example_branch_operator_decorator.py
[2022-10-05 15:23:33,404] {processor.py:651} INFO - DAG(s) dict_keys(['example_branch_python_operator_decorator']) retrieved from /home/airflow/.local/lib/python3.7/site-packages/airflow/example_dags/example_branch_operator_decorator.py
[2022-10-05 15:23:33,744] {logging_mixin.py:115} INFO - [2022-10-05 15:23:33,744] {dag.py:2379} INFO - Sync 1 DAGs
[2022-10-05 15:23:33,798] {logging_mixin.py:115} INFO - [2022-10-05 15:23:33,798] {dag.py:2931} INFO - Setting next_dagrun for example_branch_python_operator_decorator to 2022-10-04T00:00:00+00:00, run_after=2022-10-05T00:00:00+00:00
[2022-10-05 15:23:33,825] {processor.py:161} INFO - Processing /home/airflow/.local/lib/python3.7/site-packages/airflow/example_dags/example_branch_operator_decorator.py took 0.497 seconds
[2022-10-05 15:24:04,786] {processor.py:153} INFO - Started process (PID=661) to work on /home/airflow/.local/lib/python3.7/site-packages/airflow/example_dags/example_branch_operator_decorator.py
[2022-10-05 15:24:04,789] {processor.py:641} INFO - Processing file /home/airflow/.local/lib/python3.7/site-packages/airflow/example_dags/example_branch_operator_decorator.py for tasks to queue
[2022-10-05 15:24:04,793] {logging_mixin.py:115} INFO - [2022-10-05 15:24:04,793] {dagbag.py:507} INFO - Filling up the DagBag from /home/airflow/.local/lib/python3.7/site-packages/airflow/example_dags/example_branch_operator_decorator.py
[2022-10-05 15:24:04,842] {processor.py:651} INFO - DAG(s) dict_keys(['example_branch_python_operator_decorator']) retrieved from /home/airflow/.local/lib/python3.7/site-packages/airflow/example_dags/example_branch_operator_decorator.py
[2022-10-05 15:24:05,196] {logging_mixin.py:115} INFO - [2022-10-05 15:24:05,196] {dag.py:2379} INFO - Sync 1 DAGs
[2022-10-05 15:24:05,242] {logging_mixin.py:115} INFO - [2022-10-05 15:24:05,242] {dag.py:2931} INFO - Setting next_dagrun for example_branch_python_operator_decorator to 2022-10-04T00:00:00+00:00, run_after=2022-10-05T00:00:00+00:00
[2022-10-05 15:24:05,265] {processor.py:161} INFO - Processing /home/airflow/.local/lib/python3.7/site-packages/airflow/example_dags/example_branch_operator_decorator.py took 0.490 seconds
[2022-10-05 15:24:35,971] {processor.py:153} INFO - Started process (PID=725) to work on /home/airflow/.local/lib/python3.7/site-packages/airflow/example_dags/example_branch_operator_decorator.py
[2022-10-05 15:24:35,973] {processor.py:641} INFO - Processing file /home/airflow/.local/lib/python3.7/site-packages/airflow/example_dags/example_branch_operator_decorator.py for tasks to queue
[2022-10-05 15:24:35,975] {logging_mixin.py:115} INFO - [2022-10-05 15:24:35,974] {dagbag.py:507} INFO - Filling up the DagBag from /home/airflow/.local/lib/python3.7/site-packages/airflow/example_dags/example_branch_operator_decorator.py
[2022-10-05 15:24:36,003] {processor.py:651} INFO - DAG(s) dict_keys(['example_branch_python_operator_decorator']) retrieved from /home/airflow/.local/lib/python3.7/site-packages/airflow/example_dags/example_branch_operator_decorator.py
[2022-10-05 15:24:36,217] {logging_mixin.py:115} INFO - [2022-10-05 15:24:36,216] {dag.py:2379} INFO - Sync 1 DAGs
[2022-10-05 15:24:36,248] {logging_mixin.py:115} INFO - [2022-10-05 15:24:36,248] {dag.py:2931} INFO - Setting next_dagrun for example_branch_python_operator_decorator to 2022-10-04T00:00:00+00:00, run_after=2022-10-05T00:00:00+00:00
[2022-10-05 15:24:36,277] {processor.py:161} INFO - Processing /home/airflow/.local/lib/python3.7/site-packages/airflow/example_dags/example_branch_operator_decorator.py took 0.311 seconds
[2022-10-05 15:25:06,621] {processor.py:153} INFO - Started process (PID=779) to work on /home/airflow/.local/lib/python3.7/site-packages/airflow/example_dags/example_branch_operator_decorator.py
[2022-10-05 15:25:06,623] {processor.py:641} INFO - Processing file /home/airflow/.local/lib/python3.7/site-packages/airflow/example_dags/example_branch_operator_decorator.py for tasks to queue
[2022-10-05 15:25:06,626] {logging_mixin.py:115} INFO - [2022-10-05 15:25:06,626] {dagbag.py:507} INFO - Filling up the DagBag from /home/airflow/.local/lib/python3.7/site-packages/airflow/example_dags/example_branch_operator_decorator.py
[2022-10-05 15:25:06,672] {processor.py:651} INFO - DAG(s) dict_keys(['example_branch_python_operator_decorator']) retrieved from /home/airflow/.local/lib/python3.7/site-packages/airflow/example_dags/example_branch_operator_decorator.py
[2022-10-05 15:25:06,941] {logging_mixin.py:115} INFO - [2022-10-05 15:25:06,941] {dag.py:2379} INFO - Sync 1 DAGs
[2022-10-05 15:25:06,980] {logging_mixin.py:115} INFO - [2022-10-05 15:25:06,980] {dag.py:2931} INFO - Setting next_dagrun for example_branch_python_operator_decorator to 2022-10-04T00:00:00+00:00, run_after=2022-10-05T00:00:00+00:00
[2022-10-05 15:25:06,999] {processor.py:161} INFO - Processing /home/airflow/.local/lib/python3.7/site-packages/airflow/example_dags/example_branch_operator_decorator.py took 0.387 seconds
[2022-10-05 15:25:37,391] {processor.py:153} INFO - Started process (PID=843) to work on /home/airflow/.local/lib/python3.7/site-packages/airflow/example_dags/example_branch_operator_decorator.py
[2022-10-05 15:25:37,394] {processor.py:641} INFO - Processing file /home/airflow/.local/lib/python3.7/site-packages/airflow/example_dags/example_branch_operator_decorator.py for tasks to queue
[2022-10-05 15:25:37,397] {logging_mixin.py:115} INFO - [2022-10-05 15:25:37,397] {dagbag.py:507} INFO - Filling up the DagBag from /home/airflow/.local/lib/python3.7/site-packages/airflow/example_dags/example_branch_operator_decorator.py
[2022-10-05 15:25:37,437] {processor.py:651} INFO - DAG(s) dict_keys(['example_branch_python_operator_decorator']) retrieved from /home/airflow/.local/lib/python3.7/site-packages/airflow/example_dags/example_branch_operator_decorator.py
[2022-10-05 15:25:37,723] {logging_mixin.py:115} INFO - [2022-10-05 15:25:37,723] {dag.py:2379} INFO - Sync 1 DAGs
[2022-10-05 15:25:37,772] {logging_mixin.py:115} INFO - [2022-10-05 15:25:37,771] {dag.py:2931} INFO - Setting next_dagrun for example_branch_python_operator_decorator to 2022-10-04T00:00:00+00:00, run_after=2022-10-05T00:00:00+00:00
[2022-10-05 15:25:37,797] {processor.py:161} INFO - Processing /home/airflow/.local/lib/python3.7/site-packages/airflow/example_dags/example_branch_operator_decorator.py took 0.413 seconds
[2022-10-05 15:26:07,855] {processor.py:153} INFO - Started process (PID=897) to work on /home/airflow/.local/lib/python3.7/site-packages/airflow/example_dags/example_branch_operator_decorator.py
[2022-10-05 15:26:07,857] {processor.py:641} INFO - Processing file /home/airflow/.local/lib/python3.7/site-packages/airflow/example_dags/example_branch_operator_decorator.py for tasks to queue
[2022-10-05 15:26:07,859] {logging_mixin.py:115} INFO - [2022-10-05 15:26:07,859] {dagbag.py:507} INFO - Filling up the DagBag from /home/airflow/.local/lib/python3.7/site-packages/airflow/example_dags/example_branch_operator_decorator.py
[2022-10-05 15:26:07,887] {processor.py:651} INFO - DAG(s) dict_keys(['example_branch_python_operator_decorator']) retrieved from /home/airflow/.local/lib/python3.7/site-packages/airflow/example_dags/example_branch_operator_decorator.py
[2022-10-05 15:26:08,090] {logging_mixin.py:115} INFO - [2022-10-05 15:26:08,090] {dag.py:2379} INFO - Sync 1 DAGs
[2022-10-05 15:26:08,119] {logging_mixin.py:115} INFO - [2022-10-05 15:26:08,119] {dag.py:2931} INFO - Setting next_dagrun for example_branch_python_operator_decorator to 2022-10-04T00:00:00+00:00, run_after=2022-10-05T00:00:00+00:00
[2022-10-05 15:26:08,136] {processor.py:161} INFO - Processing /home/airflow/.local/lib/python3.7/site-packages/airflow/example_dags/example_branch_operator_decorator.py took 0.287 seconds
[2022-10-05 15:26:38,412] {processor.py:153} INFO - Started process (PID=961) to work on /home/airflow/.local/lib/python3.7/site-packages/airflow/example_dags/example_branch_operator_decorator.py
[2022-10-05 15:26:38,415] {processor.py:641} INFO - Processing file /home/airflow/.local/lib/python3.7/site-packages/airflow/example_dags/example_branch_operator_decorator.py for tasks to queue
[2022-10-05 15:26:38,417] {logging_mixin.py:115} INFO - [2022-10-05 15:26:38,417] {dagbag.py:507} INFO - Filling up the DagBag from /home/airflow/.local/lib/python3.7/site-packages/airflow/example_dags/example_branch_operator_decorator.py
[2022-10-05 15:26:38,457] {processor.py:651} INFO - DAG(s) dict_keys(['example_branch_python_operator_decorator']) retrieved from /home/airflow/.local/lib/python3.7/site-packages/airflow/example_dags/example_branch_operator_decorator.py
[2022-10-05 15:26:38,770] {logging_mixin.py:115} INFO - [2022-10-05 15:26:38,770] {dag.py:2379} INFO - Sync 1 DAGs
[2022-10-05 15:26:38,804] {logging_mixin.py:115} INFO - [2022-10-05 15:26:38,804] {dag.py:2931} INFO - Setting next_dagrun for example_branch_python_operator_decorator to 2022-10-04T00:00:00+00:00, run_after=2022-10-05T00:00:00+00:00
[2022-10-05 15:26:38,821] {processor.py:161} INFO - Processing /home/airflow/.local/lib/python3.7/site-packages/airflow/example_dags/example_branch_operator_decorator.py took 0.419 seconds
[2022-10-05 15:27:09,151] {processor.py:153} INFO - Started process (PID=1017) to work on /home/airflow/.local/lib/python3.7/site-packages/airflow/example_dags/example_branch_operator_decorator.py
[2022-10-05 15:27:09,152] {processor.py:641} INFO - Processing file /home/airflow/.local/lib/python3.7/site-packages/airflow/example_dags/example_branch_operator_decorator.py for tasks to queue
[2022-10-05 15:27:09,154] {logging_mixin.py:115} INFO - [2022-10-05 15:27:09,154] {dagbag.py:507} INFO - Filling up the DagBag from /home/airflow/.local/lib/python3.7/site-packages/airflow/example_dags/example_branch_operator_decorator.py
[2022-10-05 15:27:09,180] {processor.py:651} INFO - DAG(s) dict_keys(['example_branch_python_operator_decorator']) retrieved from /home/airflow/.local/lib/python3.7/site-packages/airflow/example_dags/example_branch_operator_decorator.py
[2022-10-05 15:27:09,401] {logging_mixin.py:115} INFO - [2022-10-05 15:27:09,401] {dag.py:2379} INFO - Sync 1 DAGs
[2022-10-05 15:27:09,442] {logging_mixin.py:115} INFO - [2022-10-05 15:27:09,441] {dag.py:2931} INFO - Setting next_dagrun for example_branch_python_operator_decorator to 2022-10-04T00:00:00+00:00, run_after=2022-10-05T00:00:00+00:00
[2022-10-05 15:27:09,470] {processor.py:161} INFO - Processing /home/airflow/.local/lib/python3.7/site-packages/airflow/example_dags/example_branch_operator_decorator.py took 0.324 seconds
[2022-10-05 15:27:39,615] {processor.py:153} INFO - Started process (PID=1082) to work on /home/airflow/.local/lib/python3.7/site-packages/airflow/example_dags/example_branch_operator_decorator.py
[2022-10-05 15:27:39,617] {processor.py:641} INFO - Processing file /home/airflow/.local/lib/python3.7/site-packages/airflow/example_dags/example_branch_operator_decorator.py for tasks to queue
[2022-10-05 15:27:39,618] {logging_mixin.py:115} INFO - [2022-10-05 15:27:39,618] {dagbag.py:507} INFO - Filling up the DagBag from /home/airflow/.local/lib/python3.7/site-packages/airflow/example_dags/example_branch_operator_decorator.py
[2022-10-05 15:27:39,647] {processor.py:651} INFO - DAG(s) dict_keys(['example_branch_python_operator_decorator']) retrieved from /home/airflow/.local/lib/python3.7/site-packages/airflow/example_dags/example_branch_operator_decorator.py
[2022-10-05 15:27:39,862] {logging_mixin.py:115} INFO - [2022-10-05 15:27:39,862] {dag.py:2379} INFO - Sync 1 DAGs
[2022-10-05 15:27:39,898] {logging_mixin.py:115} INFO - [2022-10-05 15:27:39,898] {dag.py:2931} INFO - Setting next_dagrun for example_branch_python_operator_decorator to 2022-10-04T00:00:00+00:00, run_after=2022-10-05T00:00:00+00:00
[2022-10-05 15:27:39,918] {processor.py:161} INFO - Processing /home/airflow/.local/lib/python3.7/site-packages/airflow/example_dags/example_branch_operator_decorator.py took 0.308 seconds
[2022-10-05 15:28:10,429] {processor.py:153} INFO - Started process (PID=1139) to work on /home/airflow/.local/lib/python3.7/site-packages/airflow/example_dags/example_branch_operator_decorator.py
[2022-10-05 15:28:10,431] {processor.py:641} INFO - Processing file /home/airflow/.local/lib/python3.7/site-packages/airflow/example_dags/example_branch_operator_decorator.py for tasks to queue
[2022-10-05 15:28:10,434] {logging_mixin.py:115} INFO - [2022-10-05 15:28:10,434] {dagbag.py:507} INFO - Filling up the DagBag from /home/airflow/.local/lib/python3.7/site-packages/airflow/example_dags/example_branch_operator_decorator.py
[2022-10-05 15:28:10,476] {processor.py:651} INFO - DAG(s) dict_keys(['example_branch_python_operator_decorator']) retrieved from /home/airflow/.local/lib/python3.7/site-packages/airflow/example_dags/example_branch_operator_decorator.py
[2022-10-05 15:28:10,802] {logging_mixin.py:115} INFO - [2022-10-05 15:28:10,802] {dag.py:2379} INFO - Sync 1 DAGs
[2022-10-05 15:28:10,873] {logging_mixin.py:115} INFO - [2022-10-05 15:28:10,872] {dag.py:2931} INFO - Setting next_dagrun for example_branch_python_operator_decorator to 2022-10-04T00:00:00+00:00, run_after=2022-10-05T00:00:00+00:00
[2022-10-05 15:28:10,912] {processor.py:161} INFO - Processing /home/airflow/.local/lib/python3.7/site-packages/airflow/example_dags/example_branch_operator_decorator.py took 0.494 seconds
[2022-10-05 15:28:41,335] {processor.py:153} INFO - Started process (PID=1204) to work on /home/airflow/.local/lib/python3.7/site-packages/airflow/example_dags/example_branch_operator_decorator.py
[2022-10-05 15:28:41,338] {processor.py:641} INFO - Processing file /home/airflow/.local/lib/python3.7/site-packages/airflow/example_dags/example_branch_operator_decorator.py for tasks to queue
[2022-10-05 15:28:41,340] {logging_mixin.py:115} INFO - [2022-10-05 15:28:41,340] {dagbag.py:507} INFO - Filling up the DagBag from /home/airflow/.local/lib/python3.7/site-packages/airflow/example_dags/example_branch_operator_decorator.py
[2022-10-05 15:28:41,390] {processor.py:651} INFO - DAG(s) dict_keys(['example_branch_python_operator_decorator']) retrieved from /home/airflow/.local/lib/python3.7/site-packages/airflow/example_dags/example_branch_operator_decorator.py
[2022-10-05 15:28:41,696] {logging_mixin.py:115} INFO - [2022-10-05 15:28:41,696] {dag.py:2379} INFO - Sync 1 DAGs
[2022-10-05 15:28:41,740] {logging_mixin.py:115} INFO - [2022-10-05 15:28:41,740] {dag.py:2931} INFO - Setting next_dagrun for example_branch_python_operator_decorator to 2022-10-04T00:00:00+00:00, run_after=2022-10-05T00:00:00+00:00
[2022-10-05 15:28:41,764] {processor.py:161} INFO - Processing /home/airflow/.local/lib/python3.7/site-packages/airflow/example_dags/example_branch_operator_decorator.py took 0.436 seconds
[2022-10-05 15:29:12,204] {processor.py:153} INFO - Started process (PID=1260) to work on /home/airflow/.local/lib/python3.7/site-packages/airflow/example_dags/example_branch_operator_decorator.py
[2022-10-05 15:29:12,206] {processor.py:641} INFO - Processing file /home/airflow/.local/lib/python3.7/site-packages/airflow/example_dags/example_branch_operator_decorator.py for tasks to queue
[2022-10-05 15:29:12,208] {logging_mixin.py:115} INFO - [2022-10-05 15:29:12,208] {dagbag.py:507} INFO - Filling up the DagBag from /home/airflow/.local/lib/python3.7/site-packages/airflow/example_dags/example_branch_operator_decorator.py
[2022-10-05 15:29:12,251] {processor.py:651} INFO - DAG(s) dict_keys(['example_branch_python_operator_decorator']) retrieved from /home/airflow/.local/lib/python3.7/site-packages/airflow/example_dags/example_branch_operator_decorator.py
[2022-10-05 15:29:12,552] {logging_mixin.py:115} INFO - [2022-10-05 15:29:12,552] {dag.py:2379} INFO - Sync 1 DAGs
[2022-10-05 15:29:12,597] {logging_mixin.py:115} INFO - [2022-10-05 15:29:12,597] {dag.py:2931} INFO - Setting next_dagrun for example_branch_python_operator_decorator to 2022-10-04T00:00:00+00:00, run_after=2022-10-05T00:00:00+00:00
[2022-10-05 15:29:12,620] {processor.py:161} INFO - Processing /home/airflow/.local/lib/python3.7/site-packages/airflow/example_dags/example_branch_operator_decorator.py took 0.423 seconds
[2022-10-05 15:29:43,054] {processor.py:153} INFO - Started process (PID=1316) to work on /home/airflow/.local/lib/python3.7/site-packages/airflow/example_dags/example_branch_operator_decorator.py
[2022-10-05 15:29:43,057] {processor.py:641} INFO - Processing file /home/airflow/.local/lib/python3.7/site-packages/airflow/example_dags/example_branch_operator_decorator.py for tasks to queue
[2022-10-05 15:29:43,059] {logging_mixin.py:115} INFO - [2022-10-05 15:29:43,058] {dagbag.py:507} INFO - Filling up the DagBag from /home/airflow/.local/lib/python3.7/site-packages/airflow/example_dags/example_branch_operator_decorator.py
[2022-10-05 15:29:43,091] {processor.py:651} INFO - DAG(s) dict_keys(['example_branch_python_operator_decorator']) retrieved from /home/airflow/.local/lib/python3.7/site-packages/airflow/example_dags/example_branch_operator_decorator.py
[2022-10-05 15:29:43,329] {logging_mixin.py:115} INFO - [2022-10-05 15:29:43,329] {dag.py:2379} INFO - Sync 1 DAGs
[2022-10-05 15:29:43,368] {logging_mixin.py:115} INFO - [2022-10-05 15:29:43,368] {dag.py:2931} INFO - Setting next_dagrun for example_branch_python_operator_decorator to 2022-10-04T00:00:00+00:00, run_after=2022-10-05T00:00:00+00:00
[2022-10-05 15:29:43,395] {processor.py:161} INFO - Processing /home/airflow/.local/lib/python3.7/site-packages/airflow/example_dags/example_branch_operator_decorator.py took 0.346 seconds
[2022-10-05 15:30:13,965] {processor.py:153} INFO - Started process (PID=1381) to work on /home/airflow/.local/lib/python3.7/site-packages/airflow/example_dags/example_branch_operator_decorator.py
[2022-10-05 15:30:13,967] {processor.py:641} INFO - Processing file /home/airflow/.local/lib/python3.7/site-packages/airflow/example_dags/example_branch_operator_decorator.py for tasks to queue
[2022-10-05 15:30:13,968] {logging_mixin.py:115} INFO - [2022-10-05 15:30:13,968] {dagbag.py:507} INFO - Filling up the DagBag from /home/airflow/.local/lib/python3.7/site-packages/airflow/example_dags/example_branch_operator_decorator.py
[2022-10-05 15:30:14,003] {processor.py:651} INFO - DAG(s) dict_keys(['example_branch_python_operator_decorator']) retrieved from /home/airflow/.local/lib/python3.7/site-packages/airflow/example_dags/example_branch_operator_decorator.py
[2022-10-05 15:30:14,216] {logging_mixin.py:115} INFO - [2022-10-05 15:30:14,216] {dag.py:2379} INFO - Sync 1 DAGs
[2022-10-05 15:30:14,246] {logging_mixin.py:115} INFO - [2022-10-05 15:30:14,246] {dag.py:2931} INFO - Setting next_dagrun for example_branch_python_operator_decorator to 2022-10-04T00:00:00+00:00, run_after=2022-10-05T00:00:00+00:00
[2022-10-05 15:30:14,261] {processor.py:161} INFO - Processing /home/airflow/.local/lib/python3.7/site-packages/airflow/example_dags/example_branch_operator_decorator.py took 0.301 seconds
[2022-10-05 15:30:44,478] {processor.py:153} INFO - Started process (PID=1436) to work on /home/airflow/.local/lib/python3.7/site-packages/airflow/example_dags/example_branch_operator_decorator.py
[2022-10-05 15:30:44,481] {processor.py:641} INFO - Processing file /home/airflow/.local/lib/python3.7/site-packages/airflow/example_dags/example_branch_operator_decorator.py for tasks to queue
[2022-10-05 15:30:44,482] {logging_mixin.py:115} INFO - [2022-10-05 15:30:44,482] {dagbag.py:507} INFO - Filling up the DagBag from /home/airflow/.local/lib/python3.7/site-packages/airflow/example_dags/example_branch_operator_decorator.py
[2022-10-05 15:30:44,513] {processor.py:651} INFO - DAG(s) dict_keys(['example_branch_python_operator_decorator']) retrieved from /home/airflow/.local/lib/python3.7/site-packages/airflow/example_dags/example_branch_operator_decorator.py
[2022-10-05 15:30:44,727] {logging_mixin.py:115} INFO - [2022-10-05 15:30:44,727] {dag.py:2379} INFO - Sync 1 DAGs
[2022-10-05 15:30:44,758] {logging_mixin.py:115} INFO - [2022-10-05 15:30:44,757] {dag.py:2931} INFO - Setting next_dagrun for example_branch_python_operator_decorator to 2022-10-04T00:00:00+00:00, run_after=2022-10-05T00:00:00+00:00
[2022-10-05 15:30:44,774] {processor.py:161} INFO - Processing /home/airflow/.local/lib/python3.7/site-packages/airflow/example_dags/example_branch_operator_decorator.py took 0.302 seconds
[2022-10-05 15:31:14,929] {processor.py:153} INFO - Started process (PID=1500) to work on /home/airflow/.local/lib/python3.7/site-packages/airflow/example_dags/example_branch_operator_decorator.py
[2022-10-05 15:31:14,931] {processor.py:641} INFO - Processing file /home/airflow/.local/lib/python3.7/site-packages/airflow/example_dags/example_branch_operator_decorator.py for tasks to queue
[2022-10-05 15:31:14,934] {logging_mixin.py:115} INFO - [2022-10-05 15:31:14,933] {dagbag.py:507} INFO - Filling up the DagBag from /home/airflow/.local/lib/python3.7/site-packages/airflow/example_dags/example_branch_operator_decorator.py
[2022-10-05 15:31:14,981] {processor.py:651} INFO - DAG(s) dict_keys(['example_branch_python_operator_decorator']) retrieved from /home/airflow/.local/lib/python3.7/site-packages/airflow/example_dags/example_branch_operator_decorator.py
[2022-10-05 15:31:15,408] {logging_mixin.py:115} INFO - [2022-10-05 15:31:15,407] {dag.py:2379} INFO - Sync 1 DAGs
[2022-10-05 15:31:15,482] {logging_mixin.py:115} INFO - [2022-10-05 15:31:15,482] {dag.py:2931} INFO - Setting next_dagrun for example_branch_python_operator_decorator to 2022-10-04T00:00:00+00:00, run_after=2022-10-05T00:00:00+00:00
[2022-10-05 15:31:15,514] {processor.py:161} INFO - Processing /home/airflow/.local/lib/python3.7/site-packages/airflow/example_dags/example_branch_operator_decorator.py took 0.597 seconds
[2022-10-05 15:31:47,287] {processor.py:153} INFO - Started process (PID=1557) to work on /home/airflow/.local/lib/python3.7/site-packages/airflow/example_dags/example_branch_operator_decorator.py
[2022-10-05 15:31:47,293] {processor.py:641} INFO - Processing file /home/airflow/.local/lib/python3.7/site-packages/airflow/example_dags/example_branch_operator_decorator.py for tasks to queue
[2022-10-05 15:31:47,297] {logging_mixin.py:115} INFO - [2022-10-05 15:31:47,296] {dagbag.py:507} INFO - Filling up the DagBag from /home/airflow/.local/lib/python3.7/site-packages/airflow/example_dags/example_branch_operator_decorator.py
[2022-10-05 15:31:47,423] {processor.py:651} INFO - DAG(s) dict_keys(['example_branch_python_operator_decorator']) retrieved from /home/airflow/.local/lib/python3.7/site-packages/airflow/example_dags/example_branch_operator_decorator.py
[2022-10-05 15:31:48,115] {logging_mixin.py:115} INFO - [2022-10-05 15:31:48,115] {dag.py:2379} INFO - Sync 1 DAGs
[2022-10-05 15:31:48,200] {logging_mixin.py:115} INFO - [2022-10-05 15:31:48,199] {dag.py:2931} INFO - Setting next_dagrun for example_branch_python_operator_decorator to 2022-10-04T00:00:00+00:00, run_after=2022-10-05T00:00:00+00:00
[2022-10-05 15:31:48,265] {processor.py:161} INFO - Processing /home/airflow/.local/lib/python3.7/site-packages/airflow/example_dags/example_branch_operator_decorator.py took 1.002 seconds
[2022-10-05 15:32:18,399] {processor.py:153} INFO - Started process (PID=1613) to work on /home/airflow/.local/lib/python3.7/site-packages/airflow/example_dags/example_branch_operator_decorator.py
[2022-10-05 15:32:18,402] {processor.py:641} INFO - Processing file /home/airflow/.local/lib/python3.7/site-packages/airflow/example_dags/example_branch_operator_decorator.py for tasks to queue
[2022-10-05 15:32:18,405] {logging_mixin.py:115} INFO - [2022-10-05 15:32:18,404] {dagbag.py:507} INFO - Filling up the DagBag from /home/airflow/.local/lib/python3.7/site-packages/airflow/example_dags/example_branch_operator_decorator.py
[2022-10-05 15:32:18,442] {processor.py:651} INFO - DAG(s) dict_keys(['example_branch_python_operator_decorator']) retrieved from /home/airflow/.local/lib/python3.7/site-packages/airflow/example_dags/example_branch_operator_decorator.py
[2022-10-05 15:32:18,699] {logging_mixin.py:115} INFO - [2022-10-05 15:32:18,699] {dag.py:2379} INFO - Sync 1 DAGs
[2022-10-05 15:32:18,739] {logging_mixin.py:115} INFO - [2022-10-05 15:32:18,739] {dag.py:2931} INFO - Setting next_dagrun for example_branch_python_operator_decorator to 2022-10-04T00:00:00+00:00, run_after=2022-10-05T00:00:00+00:00
[2022-10-05 15:32:18,761] {processor.py:161} INFO - Processing /home/airflow/.local/lib/python3.7/site-packages/airflow/example_dags/example_branch_operator_decorator.py took 0.369 seconds
[2022-10-05 15:32:49,577] {processor.py:153} INFO - Started process (PID=1670) to work on /home/airflow/.local/lib/python3.7/site-packages/airflow/example_dags/example_branch_operator_decorator.py
[2022-10-05 15:32:49,578] {processor.py:641} INFO - Processing file /home/airflow/.local/lib/python3.7/site-packages/airflow/example_dags/example_branch_operator_decorator.py for tasks to queue
[2022-10-05 15:32:49,580] {logging_mixin.py:115} INFO - [2022-10-05 15:32:49,580] {dagbag.py:507} INFO - Filling up the DagBag from /home/airflow/.local/lib/python3.7/site-packages/airflow/example_dags/example_branch_operator_decorator.py
[2022-10-05 15:32:49,608] {processor.py:651} INFO - DAG(s) dict_keys(['example_branch_python_operator_decorator']) retrieved from /home/airflow/.local/lib/python3.7/site-packages/airflow/example_dags/example_branch_operator_decorator.py
[2022-10-05 15:32:49,796] {logging_mixin.py:115} INFO - [2022-10-05 15:32:49,796] {dag.py:2379} INFO - Sync 1 DAGs
[2022-10-05 15:32:49,820] {logging_mixin.py:115} INFO - [2022-10-05 15:32:49,820] {dag.py:2931} INFO - Setting next_dagrun for example_branch_python_operator_decorator to 2022-10-04T00:00:00+00:00, run_after=2022-10-05T00:00:00+00:00
[2022-10-05 15:32:49,832] {processor.py:161} INFO - Processing /home/airflow/.local/lib/python3.7/site-packages/airflow/example_dags/example_branch_operator_decorator.py took 0.260 seconds
[2022-10-05 15:33:20,424] {processor.py:153} INFO - Started process (PID=1736) to work on /home/airflow/.local/lib/python3.7/site-packages/airflow/example_dags/example_branch_operator_decorator.py
[2022-10-05 15:33:20,426] {processor.py:641} INFO - Processing file /home/airflow/.local/lib/python3.7/site-packages/airflow/example_dags/example_branch_operator_decorator.py for tasks to queue
[2022-10-05 15:33:20,427] {logging_mixin.py:115} INFO - [2022-10-05 15:33:20,427] {dagbag.py:507} INFO - Filling up the DagBag from /home/airflow/.local/lib/python3.7/site-packages/airflow/example_dags/example_branch_operator_decorator.py
[2022-10-05 15:33:20,458] {processor.py:651} INFO - DAG(s) dict_keys(['example_branch_python_operator_decorator']) retrieved from /home/airflow/.local/lib/python3.7/site-packages/airflow/example_dags/example_branch_operator_decorator.py
[2022-10-05 15:33:20,670] {logging_mixin.py:115} INFO - [2022-10-05 15:33:20,670] {dag.py:2379} INFO - Sync 1 DAGs
[2022-10-05 15:33:20,705] {logging_mixin.py:115} INFO - [2022-10-05 15:33:20,704] {dag.py:2931} INFO - Setting next_dagrun for example_branch_python_operator_decorator to 2022-10-04T00:00:00+00:00, run_after=2022-10-05T00:00:00+00:00
[2022-10-05 15:33:20,725] {processor.py:161} INFO - Processing /home/airflow/.local/lib/python3.7/site-packages/airflow/example_dags/example_branch_operator_decorator.py took 0.306 seconds
[2022-10-05 15:33:50,851] {processor.py:153} INFO - Started process (PID=1791) to work on /home/airflow/.local/lib/python3.7/site-packages/airflow/example_dags/example_branch_operator_decorator.py
[2022-10-05 15:33:50,853] {processor.py:641} INFO - Processing file /home/airflow/.local/lib/python3.7/site-packages/airflow/example_dags/example_branch_operator_decorator.py for tasks to queue
[2022-10-05 15:33:50,854] {logging_mixin.py:115} INFO - [2022-10-05 15:33:50,854] {dagbag.py:507} INFO - Filling up the DagBag from /home/airflow/.local/lib/python3.7/site-packages/airflow/example_dags/example_branch_operator_decorator.py
[2022-10-05 15:33:50,883] {processor.py:651} INFO - DAG(s) dict_keys(['example_branch_python_operator_decorator']) retrieved from /home/airflow/.local/lib/python3.7/site-packages/airflow/example_dags/example_branch_operator_decorator.py
[2022-10-05 15:33:51,058] {logging_mixin.py:115} INFO - [2022-10-05 15:33:51,058] {dag.py:2379} INFO - Sync 1 DAGs
[2022-10-05 15:33:51,084] {logging_mixin.py:115} INFO - [2022-10-05 15:33:51,084] {dag.py:2931} INFO - Setting next_dagrun for example_branch_python_operator_decorator to 2022-10-04T00:00:00+00:00, run_after=2022-10-05T00:00:00+00:00
[2022-10-05 15:33:51,096] {processor.py:161} INFO - Processing /home/airflow/.local/lib/python3.7/site-packages/airflow/example_dags/example_branch_operator_decorator.py took 0.249 seconds
[2022-10-05 15:34:21,206] {processor.py:153} INFO - Started process (PID=1856) to work on /home/airflow/.local/lib/python3.7/site-packages/airflow/example_dags/example_branch_operator_decorator.py
[2022-10-05 15:34:21,208] {processor.py:641} INFO - Processing file /home/airflow/.local/lib/python3.7/site-packages/airflow/example_dags/example_branch_operator_decorator.py for tasks to queue
[2022-10-05 15:34:21,210] {logging_mixin.py:115} INFO - [2022-10-05 15:34:21,210] {dagbag.py:507} INFO - Filling up the DagBag from /home/airflow/.local/lib/python3.7/site-packages/airflow/example_dags/example_branch_operator_decorator.py
[2022-10-05 15:34:21,243] {processor.py:651} INFO - DAG(s) dict_keys(['example_branch_python_operator_decorator']) retrieved from /home/airflow/.local/lib/python3.7/site-packages/airflow/example_dags/example_branch_operator_decorator.py
[2022-10-05 15:34:21,446] {logging_mixin.py:115} INFO - [2022-10-05 15:34:21,446] {dag.py:2379} INFO - Sync 1 DAGs
[2022-10-05 15:34:21,475] {logging_mixin.py:115} INFO - [2022-10-05 15:34:21,475] {dag.py:2931} INFO - Setting next_dagrun for example_branch_python_operator_decorator to 2022-10-04T00:00:00+00:00, run_after=2022-10-05T00:00:00+00:00
[2022-10-05 15:34:21,491] {processor.py:161} INFO - Processing /home/airflow/.local/lib/python3.7/site-packages/airflow/example_dags/example_branch_operator_decorator.py took 0.289 seconds
[2022-10-05 15:34:51,827] {processor.py:153} INFO - Started process (PID=1920) to work on /home/airflow/.local/lib/python3.7/site-packages/airflow/example_dags/example_branch_operator_decorator.py
[2022-10-05 15:34:51,829] {processor.py:641} INFO - Processing file /home/airflow/.local/lib/python3.7/site-packages/airflow/example_dags/example_branch_operator_decorator.py for tasks to queue
[2022-10-05 15:34:51,830] {logging_mixin.py:115} INFO - [2022-10-05 15:34:51,830] {dagbag.py:507} INFO - Filling up the DagBag from /home/airflow/.local/lib/python3.7/site-packages/airflow/example_dags/example_branch_operator_decorator.py
[2022-10-05 15:34:51,859] {processor.py:651} INFO - DAG(s) dict_keys(['example_branch_python_operator_decorator']) retrieved from /home/airflow/.local/lib/python3.7/site-packages/airflow/example_dags/example_branch_operator_decorator.py
[2022-10-05 15:34:52,057] {logging_mixin.py:115} INFO - [2022-10-05 15:34:52,057] {dag.py:2379} INFO - Sync 1 DAGs
[2022-10-05 15:34:52,084] {logging_mixin.py:115} INFO - [2022-10-05 15:34:52,083] {dag.py:2931} INFO - Setting next_dagrun for example_branch_python_operator_decorator to 2022-10-04T00:00:00+00:00, run_after=2022-10-05T00:00:00+00:00
[2022-10-05 15:34:52,098] {processor.py:161} INFO - Processing /home/airflow/.local/lib/python3.7/site-packages/airflow/example_dags/example_branch_operator_decorator.py took 0.279 seconds
[2022-10-05 15:35:22,290] {processor.py:153} INFO - Started process (PID=1975) to work on /home/airflow/.local/lib/python3.7/site-packages/airflow/example_dags/example_branch_operator_decorator.py
[2022-10-05 15:35:22,292] {processor.py:641} INFO - Processing file /home/airflow/.local/lib/python3.7/site-packages/airflow/example_dags/example_branch_operator_decorator.py for tasks to queue
[2022-10-05 15:35:22,294] {logging_mixin.py:115} INFO - [2022-10-05 15:35:22,293] {dagbag.py:507} INFO - Filling up the DagBag from /home/airflow/.local/lib/python3.7/site-packages/airflow/example_dags/example_branch_operator_decorator.py
[2022-10-05 15:35:22,328] {processor.py:651} INFO - DAG(s) dict_keys(['example_branch_python_operator_decorator']) retrieved from /home/airflow/.local/lib/python3.7/site-packages/airflow/example_dags/example_branch_operator_decorator.py
[2022-10-05 15:35:22,528] {logging_mixin.py:115} INFO - [2022-10-05 15:35:22,528] {dag.py:2379} INFO - Sync 1 DAGs
[2022-10-05 15:35:22,556] {logging_mixin.py:115} INFO - [2022-10-05 15:35:22,556] {dag.py:2931} INFO - Setting next_dagrun for example_branch_python_operator_decorator to 2022-10-04T00:00:00+00:00, run_after=2022-10-05T00:00:00+00:00
[2022-10-05 15:35:22,571] {processor.py:161} INFO - Processing /home/airflow/.local/lib/python3.7/site-packages/airflow/example_dags/example_branch_operator_decorator.py took 0.288 seconds
[2022-10-05 15:51:22,903] {processor.py:153} INFO - Started process (PID=2052) to work on /home/airflow/.local/lib/python3.7/site-packages/airflow/example_dags/example_branch_operator_decorator.py
[2022-10-05 15:51:22,908] {processor.py:641} INFO - Processing file /home/airflow/.local/lib/python3.7/site-packages/airflow/example_dags/example_branch_operator_decorator.py for tasks to queue
[2022-10-05 15:51:22,912] {logging_mixin.py:115} INFO - [2022-10-05 15:51:22,912] {dagbag.py:507} INFO - Filling up the DagBag from /home/airflow/.local/lib/python3.7/site-packages/airflow/example_dags/example_branch_operator_decorator.py
[2022-10-05 15:51:23,062] {processor.py:651} INFO - DAG(s) dict_keys(['example_branch_python_operator_decorator']) retrieved from /home/airflow/.local/lib/python3.7/site-packages/airflow/example_dags/example_branch_operator_decorator.py
[2022-10-05 15:51:23,199] {logging_mixin.py:115} INFO - [2022-10-05 15:51:23,198] {dag.py:2379} INFO - Sync 1 DAGs
[2022-10-05 15:51:23,247] {logging_mixin.py:115} INFO - [2022-10-05 15:51:23,246] {dag.py:2931} INFO - Setting next_dagrun for example_branch_python_operator_decorator to 2022-10-04T00:00:00+00:00, run_after=2022-10-05T00:00:00+00:00
[2022-10-05 15:51:23,267] {processor.py:161} INFO - Processing /home/airflow/.local/lib/python3.7/site-packages/airflow/example_dags/example_branch_operator_decorator.py took 0.375 seconds
[2022-10-05 15:51:53,357] {processor.py:153} INFO - Started process (PID=2116) to work on /home/airflow/.local/lib/python3.7/site-packages/airflow/example_dags/example_branch_operator_decorator.py
[2022-10-05 15:51:53,358] {processor.py:641} INFO - Processing file /home/airflow/.local/lib/python3.7/site-packages/airflow/example_dags/example_branch_operator_decorator.py for tasks to queue
[2022-10-05 15:51:53,359] {logging_mixin.py:115} INFO - [2022-10-05 15:51:53,359] {dagbag.py:507} INFO - Filling up the DagBag from /home/airflow/.local/lib/python3.7/site-packages/airflow/example_dags/example_branch_operator_decorator.py
[2022-10-05 15:51:53,386] {processor.py:651} INFO - DAG(s) dict_keys(['example_branch_python_operator_decorator']) retrieved from /home/airflow/.local/lib/python3.7/site-packages/airflow/example_dags/example_branch_operator_decorator.py
[2022-10-05 15:51:53,424] {logging_mixin.py:115} INFO - [2022-10-05 15:51:53,424] {dag.py:2379} INFO - Sync 1 DAGs
[2022-10-05 15:51:53,447] {logging_mixin.py:115} INFO - [2022-10-05 15:51:53,447] {dag.py:2931} INFO - Setting next_dagrun for example_branch_python_operator_decorator to 2022-10-04T00:00:00+00:00, run_after=2022-10-05T00:00:00+00:00
[2022-10-05 15:51:53,461] {processor.py:161} INFO - Processing /home/airflow/.local/lib/python3.7/site-packages/airflow/example_dags/example_branch_operator_decorator.py took 0.111 seconds
[2022-10-05 15:52:23,799] {processor.py:153} INFO - Started process (PID=2172) to work on /home/airflow/.local/lib/python3.7/site-packages/airflow/example_dags/example_branch_operator_decorator.py
[2022-10-05 15:52:23,801] {processor.py:641} INFO - Processing file /home/airflow/.local/lib/python3.7/site-packages/airflow/example_dags/example_branch_operator_decorator.py for tasks to queue
[2022-10-05 15:52:23,802] {logging_mixin.py:115} INFO - [2022-10-05 15:52:23,802] {dagbag.py:507} INFO - Filling up the DagBag from /home/airflow/.local/lib/python3.7/site-packages/airflow/example_dags/example_branch_operator_decorator.py
[2022-10-05 15:52:23,827] {processor.py:651} INFO - DAG(s) dict_keys(['example_branch_python_operator_decorator']) retrieved from /home/airflow/.local/lib/python3.7/site-packages/airflow/example_dags/example_branch_operator_decorator.py
[2022-10-05 15:52:23,860] {logging_mixin.py:115} INFO - [2022-10-05 15:52:23,860] {dag.py:2379} INFO - Sync 1 DAGs
[2022-10-05 15:52:23,884] {logging_mixin.py:115} INFO - [2022-10-05 15:52:23,884] {dag.py:2931} INFO - Setting next_dagrun for example_branch_python_operator_decorator to 2022-10-04T00:00:00+00:00, run_after=2022-10-05T00:00:00+00:00
[2022-10-05 15:52:23,898] {processor.py:161} INFO - Processing /home/airflow/.local/lib/python3.7/site-packages/airflow/example_dags/example_branch_operator_decorator.py took 0.103 seconds
[2022-10-05 15:52:54,168] {processor.py:153} INFO - Started process (PID=2237) to work on /home/airflow/.local/lib/python3.7/site-packages/airflow/example_dags/example_branch_operator_decorator.py
[2022-10-05 15:52:54,170] {processor.py:641} INFO - Processing file /home/airflow/.local/lib/python3.7/site-packages/airflow/example_dags/example_branch_operator_decorator.py for tasks to queue
[2022-10-05 15:52:54,171] {logging_mixin.py:115} INFO - [2022-10-05 15:52:54,171] {dagbag.py:507} INFO - Filling up the DagBag from /home/airflow/.local/lib/python3.7/site-packages/airflow/example_dags/example_branch_operator_decorator.py
[2022-10-05 15:52:54,200] {processor.py:651} INFO - DAG(s) dict_keys(['example_branch_python_operator_decorator']) retrieved from /home/airflow/.local/lib/python3.7/site-packages/airflow/example_dags/example_branch_operator_decorator.py
[2022-10-05 15:52:54,232] {logging_mixin.py:115} INFO - [2022-10-05 15:52:54,232] {dag.py:2379} INFO - Sync 1 DAGs
[2022-10-05 15:52:54,255] {logging_mixin.py:115} INFO - [2022-10-05 15:52:54,255] {dag.py:2931} INFO - Setting next_dagrun for example_branch_python_operator_decorator to 2022-10-04T00:00:00+00:00, run_after=2022-10-05T00:00:00+00:00
[2022-10-05 15:52:54,270] {processor.py:161} INFO - Processing /home/airflow/.local/lib/python3.7/site-packages/airflow/example_dags/example_branch_operator_decorator.py took 0.111 seconds
[2022-10-05 15:53:24,503] {processor.py:153} INFO - Started process (PID=2302) to work on /home/airflow/.local/lib/python3.7/site-packages/airflow/example_dags/example_branch_operator_decorator.py
[2022-10-05 15:53:24,505] {processor.py:641} INFO - Processing file /home/airflow/.local/lib/python3.7/site-packages/airflow/example_dags/example_branch_operator_decorator.py for tasks to queue
[2022-10-05 15:53:24,506] {logging_mixin.py:115} INFO - [2022-10-05 15:53:24,506] {dagbag.py:507} INFO - Filling up the DagBag from /home/airflow/.local/lib/python3.7/site-packages/airflow/example_dags/example_branch_operator_decorator.py
[2022-10-05 15:53:24,530] {processor.py:651} INFO - DAG(s) dict_keys(['example_branch_python_operator_decorator']) retrieved from /home/airflow/.local/lib/python3.7/site-packages/airflow/example_dags/example_branch_operator_decorator.py
[2022-10-05 15:53:24,559] {logging_mixin.py:115} INFO - [2022-10-05 15:53:24,559] {dag.py:2379} INFO - Sync 1 DAGs
[2022-10-05 15:53:24,581] {logging_mixin.py:115} INFO - [2022-10-05 15:53:24,581] {dag.py:2931} INFO - Setting next_dagrun for example_branch_python_operator_decorator to 2022-10-04T00:00:00+00:00, run_after=2022-10-05T00:00:00+00:00
[2022-10-05 15:53:24,595] {processor.py:161} INFO - Processing /home/airflow/.local/lib/python3.7/site-packages/airflow/example_dags/example_branch_operator_decorator.py took 0.096 seconds
[2022-10-05 15:53:55,274] {processor.py:153} INFO - Started process (PID=2358) to work on /home/airflow/.local/lib/python3.7/site-packages/airflow/example_dags/example_branch_operator_decorator.py
[2022-10-05 15:53:55,276] {processor.py:641} INFO - Processing file /home/airflow/.local/lib/python3.7/site-packages/airflow/example_dags/example_branch_operator_decorator.py for tasks to queue
[2022-10-05 15:53:55,277] {logging_mixin.py:115} INFO - [2022-10-05 15:53:55,277] {dagbag.py:507} INFO - Filling up the DagBag from /home/airflow/.local/lib/python3.7/site-packages/airflow/example_dags/example_branch_operator_decorator.py
[2022-10-05 15:53:55,313] {processor.py:651} INFO - DAG(s) dict_keys(['example_branch_python_operator_decorator']) retrieved from /home/airflow/.local/lib/python3.7/site-packages/airflow/example_dags/example_branch_operator_decorator.py
[2022-10-05 15:53:55,352] {logging_mixin.py:115} INFO - [2022-10-05 15:53:55,352] {dag.py:2379} INFO - Sync 1 DAGs
[2022-10-05 15:53:55,377] {logging_mixin.py:115} INFO - [2022-10-05 15:53:55,377] {dag.py:2931} INFO - Setting next_dagrun for example_branch_python_operator_decorator to 2022-10-04T00:00:00+00:00, run_after=2022-10-05T00:00:00+00:00
[2022-10-05 15:53:55,391] {processor.py:161} INFO - Processing /home/airflow/.local/lib/python3.7/site-packages/airflow/example_dags/example_branch_operator_decorator.py took 0.127 seconds
[2022-10-05 16:01:52,936] {processor.py:153} INFO - Started process (PID=2392) to work on /home/airflow/.local/lib/python3.7/site-packages/airflow/example_dags/example_branch_operator_decorator.py
[2022-10-05 16:01:52,937] {processor.py:641} INFO - Processing file /home/airflow/.local/lib/python3.7/site-packages/airflow/example_dags/example_branch_operator_decorator.py for tasks to queue
[2022-10-05 16:01:52,939] {logging_mixin.py:115} INFO - [2022-10-05 16:01:52,939] {dagbag.py:507} INFO - Filling up the DagBag from /home/airflow/.local/lib/python3.7/site-packages/airflow/example_dags/example_branch_operator_decorator.py
[2022-10-05 16:01:52,964] {processor.py:651} INFO - DAG(s) dict_keys(['example_branch_python_operator_decorator']) retrieved from /home/airflow/.local/lib/python3.7/site-packages/airflow/example_dags/example_branch_operator_decorator.py
[2022-10-05 16:01:52,998] {logging_mixin.py:115} INFO - [2022-10-05 16:01:52,998] {dag.py:2379} INFO - Sync 1 DAGs
[2022-10-05 16:01:53,024] {logging_mixin.py:115} INFO - [2022-10-05 16:01:53,024] {dag.py:2931} INFO - Setting next_dagrun for example_branch_python_operator_decorator to 2022-10-04T00:00:00+00:00, run_after=2022-10-05T00:00:00+00:00
[2022-10-05 16:01:53,038] {processor.py:161} INFO - Processing /home/airflow/.local/lib/python3.7/site-packages/airflow/example_dags/example_branch_operator_decorator.py took 0.107 seconds
[2022-10-05 16:03:22,286] {processor.py:153} INFO - Started process (PID=2438) to work on /home/airflow/.local/lib/python3.7/site-packages/airflow/example_dags/example_branch_operator_decorator.py
[2022-10-05 16:03:22,288] {processor.py:641} INFO - Processing file /home/airflow/.local/lib/python3.7/site-packages/airflow/example_dags/example_branch_operator_decorator.py for tasks to queue
[2022-10-05 16:03:22,289] {logging_mixin.py:115} INFO - [2022-10-05 16:03:22,289] {dagbag.py:507} INFO - Filling up the DagBag from /home/airflow/.local/lib/python3.7/site-packages/airflow/example_dags/example_branch_operator_decorator.py
[2022-10-05 16:03:22,312] {processor.py:651} INFO - DAG(s) dict_keys(['example_branch_python_operator_decorator']) retrieved from /home/airflow/.local/lib/python3.7/site-packages/airflow/example_dags/example_branch_operator_decorator.py
[2022-10-05 16:03:22,344] {logging_mixin.py:115} INFO - [2022-10-05 16:03:22,344] {dag.py:2379} INFO - Sync 1 DAGs
[2022-10-05 16:03:22,368] {logging_mixin.py:115} INFO - [2022-10-05 16:03:22,367] {dag.py:2931} INFO - Setting next_dagrun for example_branch_python_operator_decorator to 2022-10-04T00:00:00+00:00, run_after=2022-10-05T00:00:00+00:00
[2022-10-05 16:03:22,383] {processor.py:161} INFO - Processing /home/airflow/.local/lib/python3.7/site-packages/airflow/example_dags/example_branch_operator_decorator.py took 0.101 seconds
[2022-10-05 16:14:16,046] {processor.py:153} INFO - Started process (PID=2477) to work on /home/airflow/.local/lib/python3.7/site-packages/airflow/example_dags/example_branch_operator_decorator.py
[2022-10-05 16:14:16,048] {processor.py:641} INFO - Processing file /home/airflow/.local/lib/python3.7/site-packages/airflow/example_dags/example_branch_operator_decorator.py for tasks to queue
[2022-10-05 16:14:16,049] {logging_mixin.py:115} INFO - [2022-10-05 16:14:16,049] {dagbag.py:507} INFO - Filling up the DagBag from /home/airflow/.local/lib/python3.7/site-packages/airflow/example_dags/example_branch_operator_decorator.py
[2022-10-05 16:14:16,073] {processor.py:651} INFO - DAG(s) dict_keys(['example_branch_python_operator_decorator']) retrieved from /home/airflow/.local/lib/python3.7/site-packages/airflow/example_dags/example_branch_operator_decorator.py
[2022-10-05 16:14:16,105] {logging_mixin.py:115} INFO - [2022-10-05 16:14:16,105] {dag.py:2379} INFO - Sync 1 DAGs
[2022-10-05 16:14:16,129] {logging_mixin.py:115} INFO - [2022-10-05 16:14:16,129] {dag.py:2931} INFO - Setting next_dagrun for example_branch_python_operator_decorator to 2022-10-04T00:00:00+00:00, run_after=2022-10-05T00:00:00+00:00
[2022-10-05 16:14:16,143] {processor.py:161} INFO - Processing /home/airflow/.local/lib/python3.7/site-packages/airflow/example_dags/example_branch_operator_decorator.py took 0.101 seconds
[2022-10-05 16:15:20,084] {processor.py:153} INFO - Started process (PID=2524) to work on /home/airflow/.local/lib/python3.7/site-packages/airflow/example_dags/example_branch_operator_decorator.py
[2022-10-05 16:15:20,085] {processor.py:641} INFO - Processing file /home/airflow/.local/lib/python3.7/site-packages/airflow/example_dags/example_branch_operator_decorator.py for tasks to queue
[2022-10-05 16:15:20,086] {logging_mixin.py:115} INFO - [2022-10-05 16:15:20,086] {dagbag.py:507} INFO - Filling up the DagBag from /home/airflow/.local/lib/python3.7/site-packages/airflow/example_dags/example_branch_operator_decorator.py
[2022-10-05 16:15:20,107] {processor.py:651} INFO - DAG(s) dict_keys(['example_branch_python_operator_decorator']) retrieved from /home/airflow/.local/lib/python3.7/site-packages/airflow/example_dags/example_branch_operator_decorator.py
[2022-10-05 16:15:20,138] {logging_mixin.py:115} INFO - [2022-10-05 16:15:20,138] {dag.py:2379} INFO - Sync 1 DAGs
[2022-10-05 16:15:20,161] {logging_mixin.py:115} INFO - [2022-10-05 16:15:20,161] {dag.py:2931} INFO - Setting next_dagrun for example_branch_python_operator_decorator to 2022-10-04T00:00:00+00:00, run_after=2022-10-05T00:00:00+00:00
[2022-10-05 16:15:20,174] {processor.py:161} INFO - Processing /home/airflow/.local/lib/python3.7/site-packages/airflow/example_dags/example_branch_operator_decorator.py took 0.094 seconds
[2022-10-05 16:16:52,833] {processor.py:153} INFO - Started process (PID=2571) to work on /home/airflow/.local/lib/python3.7/site-packages/airflow/example_dags/example_branch_operator_decorator.py
[2022-10-05 16:16:52,834] {processor.py:641} INFO - Processing file /home/airflow/.local/lib/python3.7/site-packages/airflow/example_dags/example_branch_operator_decorator.py for tasks to queue
[2022-10-05 16:16:52,836] {logging_mixin.py:115} INFO - [2022-10-05 16:16:52,836] {dagbag.py:507} INFO - Filling up the DagBag from /home/airflow/.local/lib/python3.7/site-packages/airflow/example_dags/example_branch_operator_decorator.py
[2022-10-05 16:16:52,856] {processor.py:651} INFO - DAG(s) dict_keys(['example_branch_python_operator_decorator']) retrieved from /home/airflow/.local/lib/python3.7/site-packages/airflow/example_dags/example_branch_operator_decorator.py
[2022-10-05 16:16:52,886] {logging_mixin.py:115} INFO - [2022-10-05 16:16:52,886] {dag.py:2379} INFO - Sync 1 DAGs
[2022-10-05 16:16:52,909] {logging_mixin.py:115} INFO - [2022-10-05 16:16:52,908] {dag.py:2931} INFO - Setting next_dagrun for example_branch_python_operator_decorator to 2022-10-04T00:00:00+00:00, run_after=2022-10-05T00:00:00+00:00
[2022-10-05 16:16:52,921] {processor.py:161} INFO - Processing /home/airflow/.local/lib/python3.7/site-packages/airflow/example_dags/example_branch_operator_decorator.py took 0.092 seconds
[2022-10-05 16:18:35,490] {processor.py:153} INFO - Started process (PID=2618) to work on /home/airflow/.local/lib/python3.7/site-packages/airflow/example_dags/example_branch_operator_decorator.py
[2022-10-05 16:18:35,492] {processor.py:641} INFO - Processing file /home/airflow/.local/lib/python3.7/site-packages/airflow/example_dags/example_branch_operator_decorator.py for tasks to queue
[2022-10-05 16:18:35,495] {logging_mixin.py:115} INFO - [2022-10-05 16:18:35,495] {dagbag.py:507} INFO - Filling up the DagBag from /home/airflow/.local/lib/python3.7/site-packages/airflow/example_dags/example_branch_operator_decorator.py
[2022-10-05 16:18:35,527] {processor.py:651} INFO - DAG(s) dict_keys(['example_branch_python_operator_decorator']) retrieved from /home/airflow/.local/lib/python3.7/site-packages/airflow/example_dags/example_branch_operator_decorator.py
[2022-10-05 16:18:35,563] {logging_mixin.py:115} INFO - [2022-10-05 16:18:35,563] {dag.py:2379} INFO - Sync 1 DAGs
[2022-10-05 16:18:35,586] {logging_mixin.py:115} INFO - [2022-10-05 16:18:35,586] {dag.py:2931} INFO - Setting next_dagrun for example_branch_python_operator_decorator to 2022-10-04T00:00:00+00:00, run_after=2022-10-05T00:00:00+00:00
[2022-10-05 16:18:35,598] {processor.py:161} INFO - Processing /home/airflow/.local/lib/python3.7/site-packages/airflow/example_dags/example_branch_operator_decorator.py took 0.113 seconds
[2022-10-05 18:03:17,638] {processor.py:153} INFO - Started process (PID=2666) to work on /home/airflow/.local/lib/python3.7/site-packages/airflow/example_dags/example_branch_operator_decorator.py
[2022-10-05 18:03:17,641] {processor.py:641} INFO - Processing file /home/airflow/.local/lib/python3.7/site-packages/airflow/example_dags/example_branch_operator_decorator.py for tasks to queue
[2022-10-05 18:03:17,643] {logging_mixin.py:115} INFO - [2022-10-05 18:03:17,643] {dagbag.py:507} INFO - Filling up the DagBag from /home/airflow/.local/lib/python3.7/site-packages/airflow/example_dags/example_branch_operator_decorator.py
[2022-10-05 18:03:17,691] {processor.py:651} INFO - DAG(s) dict_keys(['example_branch_python_operator_decorator']) retrieved from /home/airflow/.local/lib/python3.7/site-packages/airflow/example_dags/example_branch_operator_decorator.py
[2022-10-05 18:03:17,757] {logging_mixin.py:115} INFO - [2022-10-05 18:03:17,756] {dag.py:2379} INFO - Sync 1 DAGs
[2022-10-05 18:03:17,818] {logging_mixin.py:115} INFO - [2022-10-05 18:03:17,818] {dag.py:2931} INFO - Setting next_dagrun for example_branch_python_operator_decorator to 2022-10-04T00:00:00+00:00, run_after=2022-10-05T00:00:00+00:00
[2022-10-05 18:03:17,848] {processor.py:161} INFO - Processing /home/airflow/.local/lib/python3.7/site-packages/airflow/example_dags/example_branch_operator_decorator.py took 0.218 seconds
[2022-10-05 20:03:27,076] {processor.py:153} INFO - Started process (PID=2713) to work on /home/airflow/.local/lib/python3.7/site-packages/airflow/example_dags/example_branch_operator_decorator.py
[2022-10-05 20:03:27,078] {processor.py:641} INFO - Processing file /home/airflow/.local/lib/python3.7/site-packages/airflow/example_dags/example_branch_operator_decorator.py for tasks to queue
[2022-10-05 20:03:27,079] {logging_mixin.py:115} INFO - [2022-10-05 20:03:27,079] {dagbag.py:507} INFO - Filling up the DagBag from /home/airflow/.local/lib/python3.7/site-packages/airflow/example_dags/example_branch_operator_decorator.py
[2022-10-05 20:03:27,110] {processor.py:651} INFO - DAG(s) dict_keys(['example_branch_python_operator_decorator']) retrieved from /home/airflow/.local/lib/python3.7/site-packages/airflow/example_dags/example_branch_operator_decorator.py
[2022-10-05 20:03:27,168] {logging_mixin.py:115} INFO - [2022-10-05 20:03:27,168] {dag.py:2379} INFO - Sync 1 DAGs
[2022-10-05 20:03:27,228] {logging_mixin.py:115} INFO - [2022-10-05 20:03:27,227] {dag.py:2931} INFO - Setting next_dagrun for example_branch_python_operator_decorator to 2022-10-04T00:00:00+00:00, run_after=2022-10-05T00:00:00+00:00
[2022-10-05 20:03:27,256] {processor.py:161} INFO - Processing /home/airflow/.local/lib/python3.7/site-packages/airflow/example_dags/example_branch_operator_decorator.py took 0.186 seconds
