[2022-10-05 15:18:16,329] {processor.py:153} INFO - Started process (PID=141) to work on /home/airflow/.local/lib/python3.7/site-packages/airflow/example_dags/example_local_kubernetes_executor.py
[2022-10-05 15:18:16,333] {processor.py:641} INFO - Processing file /home/airflow/.local/lib/python3.7/site-packages/airflow/example_dags/example_local_kubernetes_executor.py for tasks to queue
[2022-10-05 15:18:16,341] {logging_mixin.py:115} INFO - [2022-10-05 15:18:16,340] {dagbag.py:507} INFO - Filling up the DagBag from /home/airflow/.local/lib/python3.7/site-packages/airflow/example_dags/example_local_kubernetes_executor.py
[2022-10-05 15:18:16,401] {processor.py:651} INFO - DAG(s) dict_keys(['example_local_kubernetes_executor']) retrieved from /home/airflow/.local/lib/python3.7/site-packages/airflow/example_dags/example_local_kubernetes_executor.py
[2022-10-05 15:18:16,837] {logging_mixin.py:115} INFO - [2022-10-05 15:18:16,837] {manager.py:508} INFO - Created Permission View: can delete on DAG:example_local_kubernetes_executor
[2022-10-05 15:18:16,874] {logging_mixin.py:115} INFO - [2022-10-05 15:18:16,874] {manager.py:508} INFO - Created Permission View: can edit on DAG:example_local_kubernetes_executor
[2022-10-05 15:18:16,900] {logging_mixin.py:115} INFO - [2022-10-05 15:18:16,900] {manager.py:508} INFO - Created Permission View: can read on DAG:example_local_kubernetes_executor
[2022-10-05 15:18:16,903] {logging_mixin.py:115} INFO - [2022-10-05 15:18:16,902] {dag.py:2379} INFO - Sync 1 DAGs
[2022-10-05 15:18:16,929] {logging_mixin.py:115} INFO - [2022-10-05 15:18:16,929] {dag.py:2398} INFO - Creating ORM DAG for example_local_kubernetes_executor
[2022-10-05 15:18:16,956] {logging_mixin.py:115} INFO - [2022-10-05 15:18:16,955] {dag.py:2931} INFO - Setting next_dagrun for example_local_kubernetes_executor to None, run_after=None
[2022-10-05 15:18:16,993] {processor.py:161} INFO - Processing /home/airflow/.local/lib/python3.7/site-packages/airflow/example_dags/example_local_kubernetes_executor.py took 0.679 seconds
[2022-10-05 15:19:19,047] {processor.py:153} INFO - Started process (PID=205) to work on /home/airflow/.local/lib/python3.7/site-packages/airflow/example_dags/example_local_kubernetes_executor.py
[2022-10-05 15:19:19,052] {processor.py:641} INFO - Processing file /home/airflow/.local/lib/python3.7/site-packages/airflow/example_dags/example_local_kubernetes_executor.py for tasks to queue
[2022-10-05 15:19:19,061] {logging_mixin.py:115} INFO - [2022-10-05 15:19:19,060] {dagbag.py:507} INFO - Filling up the DagBag from /home/airflow/.local/lib/python3.7/site-packages/airflow/example_dags/example_local_kubernetes_executor.py
[2022-10-05 15:19:19,342] {processor.py:651} INFO - DAG(s) dict_keys(['example_local_kubernetes_executor']) retrieved from /home/airflow/.local/lib/python3.7/site-packages/airflow/example_dags/example_local_kubernetes_executor.py
[2022-10-05 15:19:19,746] {logging_mixin.py:115} INFO - [2022-10-05 15:19:19,742] {dag.py:2379} INFO - Sync 1 DAGs
[2022-10-05 15:19:21,010] {logging_mixin.py:115} INFO - [2022-10-05 15:19:21,010] {dag.py:2931} INFO - Setting next_dagrun for example_local_kubernetes_executor to None, run_after=None
[2022-10-05 15:19:21,142] {processor.py:161} INFO - Processing /home/airflow/.local/lib/python3.7/site-packages/airflow/example_dags/example_local_kubernetes_executor.py took 2.110 seconds
[2022-10-05 15:20:14,744] {processor.py:153} INFO - Started process (PID=278) to work on /home/airflow/.local/lib/python3.7/site-packages/airflow/example_dags/example_local_kubernetes_executor.py
[2022-10-05 15:20:14,747] {processor.py:641} INFO - Processing file /home/airflow/.local/lib/python3.7/site-packages/airflow/example_dags/example_local_kubernetes_executor.py for tasks to queue
[2022-10-05 15:20:14,750] {logging_mixin.py:115} INFO - [2022-10-05 15:20:14,749] {dagbag.py:507} INFO - Filling up the DagBag from /home/airflow/.local/lib/python3.7/site-packages/airflow/example_dags/example_local_kubernetes_executor.py
[2022-10-05 15:20:14,839] {processor.py:651} INFO - DAG(s) dict_keys(['example_local_kubernetes_executor']) retrieved from /home/airflow/.local/lib/python3.7/site-packages/airflow/example_dags/example_local_kubernetes_executor.py
[2022-10-05 15:20:15,026] {logging_mixin.py:115} INFO - [2022-10-05 15:20:15,026] {dag.py:2379} INFO - Sync 1 DAGs
[2022-10-05 15:20:16,238] {logging_mixin.py:115} INFO - [2022-10-05 15:20:16,237] {dag.py:2931} INFO - Setting next_dagrun for example_local_kubernetes_executor to None, run_after=None
[2022-10-05 15:20:16,277] {processor.py:161} INFO - Processing /home/airflow/.local/lib/python3.7/site-packages/airflow/example_dags/example_local_kubernetes_executor.py took 1.546 seconds
[2022-10-05 15:20:57,053] {processor.py:153} INFO - Started process (PID=330) to work on /home/airflow/.local/lib/python3.7/site-packages/airflow/example_dags/example_local_kubernetes_executor.py
[2022-10-05 15:20:57,069] {processor.py:641} INFO - Processing file /home/airflow/.local/lib/python3.7/site-packages/airflow/example_dags/example_local_kubernetes_executor.py for tasks to queue
[2022-10-05 15:20:57,078] {logging_mixin.py:115} INFO - [2022-10-05 15:20:57,074] {dagbag.py:507} INFO - Filling up the DagBag from /home/airflow/.local/lib/python3.7/site-packages/airflow/example_dags/example_local_kubernetes_executor.py
[2022-10-05 15:20:57,379] {processor.py:651} INFO - DAG(s) dict_keys(['example_local_kubernetes_executor']) retrieved from /home/airflow/.local/lib/python3.7/site-packages/airflow/example_dags/example_local_kubernetes_executor.py
[2022-10-05 15:20:57,957] {logging_mixin.py:115} INFO - [2022-10-05 15:20:57,956] {dag.py:2379} INFO - Sync 1 DAGs
[2022-10-05 15:20:59,047] {logging_mixin.py:115} INFO - [2022-10-05 15:20:59,046] {dag.py:2931} INFO - Setting next_dagrun for example_local_kubernetes_executor to None, run_after=None
[2022-10-05 15:20:59,120] {processor.py:161} INFO - Processing /home/airflow/.local/lib/python3.7/site-packages/airflow/example_dags/example_local_kubernetes_executor.py took 2.138 seconds
[2022-10-05 15:21:35,768] {processor.py:153} INFO - Started process (PID=384) to work on /home/airflow/.local/lib/python3.7/site-packages/airflow/example_dags/example_local_kubernetes_executor.py
[2022-10-05 15:21:35,775] {processor.py:641} INFO - Processing file /home/airflow/.local/lib/python3.7/site-packages/airflow/example_dags/example_local_kubernetes_executor.py for tasks to queue
[2022-10-05 15:21:35,782] {logging_mixin.py:115} INFO - [2022-10-05 15:21:35,781] {dagbag.py:507} INFO - Filling up the DagBag from /home/airflow/.local/lib/python3.7/site-packages/airflow/example_dags/example_local_kubernetes_executor.py
[2022-10-05 15:21:35,870] {processor.py:651} INFO - DAG(s) dict_keys(['example_local_kubernetes_executor']) retrieved from /home/airflow/.local/lib/python3.7/site-packages/airflow/example_dags/example_local_kubernetes_executor.py
[2022-10-05 15:21:35,978] {logging_mixin.py:115} INFO - [2022-10-05 15:21:35,978] {dag.py:2379} INFO - Sync 1 DAGs
[2022-10-05 15:21:36,883] {logging_mixin.py:115} INFO - [2022-10-05 15:21:36,883] {dag.py:2931} INFO - Setting next_dagrun for example_local_kubernetes_executor to None, run_after=None
[2022-10-05 15:21:36,945] {processor.py:161} INFO - Processing /home/airflow/.local/lib/python3.7/site-packages/airflow/example_dags/example_local_kubernetes_executor.py took 1.190 seconds
[2022-10-05 15:22:07,476] {processor.py:153} INFO - Started process (PID=448) to work on /home/airflow/.local/lib/python3.7/site-packages/airflow/example_dags/example_local_kubernetes_executor.py
[2022-10-05 15:22:07,479] {processor.py:641} INFO - Processing file /home/airflow/.local/lib/python3.7/site-packages/airflow/example_dags/example_local_kubernetes_executor.py for tasks to queue
[2022-10-05 15:22:07,483] {logging_mixin.py:115} INFO - [2022-10-05 15:22:07,483] {dagbag.py:507} INFO - Filling up the DagBag from /home/airflow/.local/lib/python3.7/site-packages/airflow/example_dags/example_local_kubernetes_executor.py
[2022-10-05 15:22:07,524] {processor.py:651} INFO - DAG(s) dict_keys(['example_local_kubernetes_executor']) retrieved from /home/airflow/.local/lib/python3.7/site-packages/airflow/example_dags/example_local_kubernetes_executor.py
[2022-10-05 15:22:07,581] {logging_mixin.py:115} INFO - [2022-10-05 15:22:07,581] {dag.py:2379} INFO - Sync 1 DAGs
[2022-10-05 15:22:07,860] {logging_mixin.py:115} INFO - [2022-10-05 15:22:07,860] {dag.py:2931} INFO - Setting next_dagrun for example_local_kubernetes_executor to None, run_after=None
[2022-10-05 15:22:07,897] {processor.py:161} INFO - Processing /home/airflow/.local/lib/python3.7/site-packages/airflow/example_dags/example_local_kubernetes_executor.py took 0.435 seconds
[2022-10-05 15:22:38,070] {processor.py:153} INFO - Started process (PID=504) to work on /home/airflow/.local/lib/python3.7/site-packages/airflow/example_dags/example_local_kubernetes_executor.py
[2022-10-05 15:22:38,072] {processor.py:641} INFO - Processing file /home/airflow/.local/lib/python3.7/site-packages/airflow/example_dags/example_local_kubernetes_executor.py for tasks to queue
[2022-10-05 15:22:38,074] {logging_mixin.py:115} INFO - [2022-10-05 15:22:38,074] {dagbag.py:507} INFO - Filling up the DagBag from /home/airflow/.local/lib/python3.7/site-packages/airflow/example_dags/example_local_kubernetes_executor.py
[2022-10-05 15:22:38,111] {processor.py:651} INFO - DAG(s) dict_keys(['example_local_kubernetes_executor']) retrieved from /home/airflow/.local/lib/python3.7/site-packages/airflow/example_dags/example_local_kubernetes_executor.py
[2022-10-05 15:22:38,168] {logging_mixin.py:115} INFO - [2022-10-05 15:22:38,168] {dag.py:2379} INFO - Sync 1 DAGs
[2022-10-05 15:22:38,375] {logging_mixin.py:115} INFO - [2022-10-05 15:22:38,375] {dag.py:2931} INFO - Setting next_dagrun for example_local_kubernetes_executor to None, run_after=None
[2022-10-05 15:22:38,391] {processor.py:161} INFO - Processing /home/airflow/.local/lib/python3.7/site-packages/airflow/example_dags/example_local_kubernetes_executor.py took 0.328 seconds
[2022-10-05 15:23:09,694] {processor.py:153} INFO - Started process (PID=567) to work on /home/airflow/.local/lib/python3.7/site-packages/airflow/example_dags/example_local_kubernetes_executor.py
[2022-10-05 15:23:09,707] {processor.py:641} INFO - Processing file /home/airflow/.local/lib/python3.7/site-packages/airflow/example_dags/example_local_kubernetes_executor.py for tasks to queue
[2022-10-05 15:23:09,710] {logging_mixin.py:115} INFO - [2022-10-05 15:23:09,710] {dagbag.py:507} INFO - Filling up the DagBag from /home/airflow/.local/lib/python3.7/site-packages/airflow/example_dags/example_local_kubernetes_executor.py
[2022-10-05 15:23:09,771] {processor.py:651} INFO - DAG(s) dict_keys(['example_local_kubernetes_executor']) retrieved from /home/airflow/.local/lib/python3.7/site-packages/airflow/example_dags/example_local_kubernetes_executor.py
[2022-10-05 15:23:10,018] {logging_mixin.py:115} INFO - [2022-10-05 15:23:10,018] {dag.py:2379} INFO - Sync 1 DAGs
[2022-10-05 15:23:10,584] {logging_mixin.py:115} INFO - [2022-10-05 15:23:10,584] {dag.py:2931} INFO - Setting next_dagrun for example_local_kubernetes_executor to None, run_after=None
[2022-10-05 15:23:10,629] {processor.py:161} INFO - Processing /home/airflow/.local/lib/python3.7/site-packages/airflow/example_dags/example_local_kubernetes_executor.py took 0.950 seconds
[2022-10-05 15:23:44,456] {processor.py:153} INFO - Started process (PID=627) to work on /home/airflow/.local/lib/python3.7/site-packages/airflow/example_dags/example_local_kubernetes_executor.py
[2022-10-05 15:23:44,460] {processor.py:641} INFO - Processing file /home/airflow/.local/lib/python3.7/site-packages/airflow/example_dags/example_local_kubernetes_executor.py for tasks to queue
[2022-10-05 15:23:44,463] {logging_mixin.py:115} INFO - [2022-10-05 15:23:44,463] {dagbag.py:507} INFO - Filling up the DagBag from /home/airflow/.local/lib/python3.7/site-packages/airflow/example_dags/example_local_kubernetes_executor.py
[2022-10-05 15:23:44,517] {processor.py:651} INFO - DAG(s) dict_keys(['example_local_kubernetes_executor']) retrieved from /home/airflow/.local/lib/python3.7/site-packages/airflow/example_dags/example_local_kubernetes_executor.py
[2022-10-05 15:23:44,635] {logging_mixin.py:115} INFO - [2022-10-05 15:23:44,634] {dag.py:2379} INFO - Sync 1 DAGs
[2022-10-05 15:23:45,035] {logging_mixin.py:115} INFO - [2022-10-05 15:23:45,034] {dag.py:2931} INFO - Setting next_dagrun for example_local_kubernetes_executor to None, run_after=None
[2022-10-05 15:23:45,074] {processor.py:161} INFO - Processing /home/airflow/.local/lib/python3.7/site-packages/airflow/example_dags/example_local_kubernetes_executor.py took 0.627 seconds
[2022-10-05 15:24:15,733] {processor.py:153} INFO - Started process (PID=682) to work on /home/airflow/.local/lib/python3.7/site-packages/airflow/example_dags/example_local_kubernetes_executor.py
[2022-10-05 15:24:15,736] {processor.py:641} INFO - Processing file /home/airflow/.local/lib/python3.7/site-packages/airflow/example_dags/example_local_kubernetes_executor.py for tasks to queue
[2022-10-05 15:24:15,739] {logging_mixin.py:115} INFO - [2022-10-05 15:24:15,738] {dagbag.py:507} INFO - Filling up the DagBag from /home/airflow/.local/lib/python3.7/site-packages/airflow/example_dags/example_local_kubernetes_executor.py
[2022-10-05 15:24:15,776] {processor.py:651} INFO - DAG(s) dict_keys(['example_local_kubernetes_executor']) retrieved from /home/airflow/.local/lib/python3.7/site-packages/airflow/example_dags/example_local_kubernetes_executor.py
[2022-10-05 15:24:15,835] {logging_mixin.py:115} INFO - [2022-10-05 15:24:15,835] {dag.py:2379} INFO - Sync 1 DAGs
[2022-10-05 15:24:16,048] {logging_mixin.py:115} INFO - [2022-10-05 15:24:16,048] {dag.py:2931} INFO - Setting next_dagrun for example_local_kubernetes_executor to None, run_after=None
[2022-10-05 15:24:16,073] {processor.py:161} INFO - Processing /home/airflow/.local/lib/python3.7/site-packages/airflow/example_dags/example_local_kubernetes_executor.py took 0.350 seconds
[2022-10-05 15:24:46,193] {processor.py:153} INFO - Started process (PID=744) to work on /home/airflow/.local/lib/python3.7/site-packages/airflow/example_dags/example_local_kubernetes_executor.py
[2022-10-05 15:24:46,194] {processor.py:641} INFO - Processing file /home/airflow/.local/lib/python3.7/site-packages/airflow/example_dags/example_local_kubernetes_executor.py for tasks to queue
[2022-10-05 15:24:46,196] {logging_mixin.py:115} INFO - [2022-10-05 15:24:46,196] {dagbag.py:507} INFO - Filling up the DagBag from /home/airflow/.local/lib/python3.7/site-packages/airflow/example_dags/example_local_kubernetes_executor.py
[2022-10-05 15:24:46,222] {processor.py:651} INFO - DAG(s) dict_keys(['example_local_kubernetes_executor']) retrieved from /home/airflow/.local/lib/python3.7/site-packages/airflow/example_dags/example_local_kubernetes_executor.py
[2022-10-05 15:24:46,262] {logging_mixin.py:115} INFO - [2022-10-05 15:24:46,262] {dag.py:2379} INFO - Sync 1 DAGs
[2022-10-05 15:24:46,447] {logging_mixin.py:115} INFO - [2022-10-05 15:24:46,447] {dag.py:2931} INFO - Setting next_dagrun for example_local_kubernetes_executor to None, run_after=None
[2022-10-05 15:24:46,464] {processor.py:161} INFO - Processing /home/airflow/.local/lib/python3.7/site-packages/airflow/example_dags/example_local_kubernetes_executor.py took 0.276 seconds
[2022-10-05 15:25:16,846] {processor.py:153} INFO - Started process (PID=802) to work on /home/airflow/.local/lib/python3.7/site-packages/airflow/example_dags/example_local_kubernetes_executor.py
[2022-10-05 15:25:16,848] {processor.py:641} INFO - Processing file /home/airflow/.local/lib/python3.7/site-packages/airflow/example_dags/example_local_kubernetes_executor.py for tasks to queue
[2022-10-05 15:25:16,851] {logging_mixin.py:115} INFO - [2022-10-05 15:25:16,851] {dagbag.py:507} INFO - Filling up the DagBag from /home/airflow/.local/lib/python3.7/site-packages/airflow/example_dags/example_local_kubernetes_executor.py
[2022-10-05 15:25:16,884] {processor.py:651} INFO - DAG(s) dict_keys(['example_local_kubernetes_executor']) retrieved from /home/airflow/.local/lib/python3.7/site-packages/airflow/example_dags/example_local_kubernetes_executor.py
[2022-10-05 15:25:16,934] {logging_mixin.py:115} INFO - [2022-10-05 15:25:16,934] {dag.py:2379} INFO - Sync 1 DAGs
[2022-10-05 15:25:17,153] {logging_mixin.py:115} INFO - [2022-10-05 15:25:17,153] {dag.py:2931} INFO - Setting next_dagrun for example_local_kubernetes_executor to None, run_after=None
[2022-10-05 15:25:17,172] {processor.py:161} INFO - Processing /home/airflow/.local/lib/python3.7/site-packages/airflow/example_dags/example_local_kubernetes_executor.py took 0.333 seconds
[2022-10-05 15:25:47,408] {processor.py:153} INFO - Started process (PID=858) to work on /home/airflow/.local/lib/python3.7/site-packages/airflow/example_dags/example_local_kubernetes_executor.py
[2022-10-05 15:25:47,411] {processor.py:641} INFO - Processing file /home/airflow/.local/lib/python3.7/site-packages/airflow/example_dags/example_local_kubernetes_executor.py for tasks to queue
[2022-10-05 15:25:47,413] {logging_mixin.py:115} INFO - [2022-10-05 15:25:47,413] {dagbag.py:507} INFO - Filling up the DagBag from /home/airflow/.local/lib/python3.7/site-packages/airflow/example_dags/example_local_kubernetes_executor.py
[2022-10-05 15:25:47,456] {processor.py:651} INFO - DAG(s) dict_keys(['example_local_kubernetes_executor']) retrieved from /home/airflow/.local/lib/python3.7/site-packages/airflow/example_dags/example_local_kubernetes_executor.py
[2022-10-05 15:25:47,519] {logging_mixin.py:115} INFO - [2022-10-05 15:25:47,518] {dag.py:2379} INFO - Sync 1 DAGs
[2022-10-05 15:25:47,811] {logging_mixin.py:115} INFO - [2022-10-05 15:25:47,811] {dag.py:2931} INFO - Setting next_dagrun for example_local_kubernetes_executor to None, run_after=None
[2022-10-05 15:25:47,850] {processor.py:161} INFO - Processing /home/airflow/.local/lib/python3.7/site-packages/airflow/example_dags/example_local_kubernetes_executor.py took 0.449 seconds
[2022-10-05 15:26:18,546] {processor.py:153} INFO - Started process (PID=921) to work on /home/airflow/.local/lib/python3.7/site-packages/airflow/example_dags/example_local_kubernetes_executor.py
[2022-10-05 15:26:18,548] {processor.py:641} INFO - Processing file /home/airflow/.local/lib/python3.7/site-packages/airflow/example_dags/example_local_kubernetes_executor.py for tasks to queue
[2022-10-05 15:26:18,550] {logging_mixin.py:115} INFO - [2022-10-05 15:26:18,550] {dagbag.py:507} INFO - Filling up the DagBag from /home/airflow/.local/lib/python3.7/site-packages/airflow/example_dags/example_local_kubernetes_executor.py
[2022-10-05 15:26:18,580] {processor.py:651} INFO - DAG(s) dict_keys(['example_local_kubernetes_executor']) retrieved from /home/airflow/.local/lib/python3.7/site-packages/airflow/example_dags/example_local_kubernetes_executor.py
[2022-10-05 15:26:18,625] {logging_mixin.py:115} INFO - [2022-10-05 15:26:18,624] {dag.py:2379} INFO - Sync 1 DAGs
[2022-10-05 15:26:18,823] {logging_mixin.py:115} INFO - [2022-10-05 15:26:18,823] {dag.py:2931} INFO - Setting next_dagrun for example_local_kubernetes_executor to None, run_after=None
[2022-10-05 15:26:18,840] {processor.py:161} INFO - Processing /home/airflow/.local/lib/python3.7/site-packages/airflow/example_dags/example_local_kubernetes_executor.py took 0.299 seconds
[2022-10-05 15:26:48,977] {processor.py:153} INFO - Started process (PID=977) to work on /home/airflow/.local/lib/python3.7/site-packages/airflow/example_dags/example_local_kubernetes_executor.py
[2022-10-05 15:26:48,978] {processor.py:641} INFO - Processing file /home/airflow/.local/lib/python3.7/site-packages/airflow/example_dags/example_local_kubernetes_executor.py for tasks to queue
[2022-10-05 15:26:48,980] {logging_mixin.py:115} INFO - [2022-10-05 15:26:48,980] {dagbag.py:507} INFO - Filling up the DagBag from /home/airflow/.local/lib/python3.7/site-packages/airflow/example_dags/example_local_kubernetes_executor.py
[2022-10-05 15:26:49,019] {processor.py:651} INFO - DAG(s) dict_keys(['example_local_kubernetes_executor']) retrieved from /home/airflow/.local/lib/python3.7/site-packages/airflow/example_dags/example_local_kubernetes_executor.py
[2022-10-05 15:26:49,061] {logging_mixin.py:115} INFO - [2022-10-05 15:26:49,061] {dag.py:2379} INFO - Sync 1 DAGs
[2022-10-05 15:26:49,253] {logging_mixin.py:115} INFO - [2022-10-05 15:26:49,253] {dag.py:2931} INFO - Setting next_dagrun for example_local_kubernetes_executor to None, run_after=None
[2022-10-05 15:26:49,269] {processor.py:161} INFO - Processing /home/airflow/.local/lib/python3.7/site-packages/airflow/example_dags/example_local_kubernetes_executor.py took 0.298 seconds
[2022-10-05 15:27:19,401] {processor.py:153} INFO - Started process (PID=1041) to work on /home/airflow/.local/lib/python3.7/site-packages/airflow/example_dags/example_local_kubernetes_executor.py
[2022-10-05 15:27:19,403] {processor.py:641} INFO - Processing file /home/airflow/.local/lib/python3.7/site-packages/airflow/example_dags/example_local_kubernetes_executor.py for tasks to queue
[2022-10-05 15:27:19,404] {logging_mixin.py:115} INFO - [2022-10-05 15:27:19,404] {dagbag.py:507} INFO - Filling up the DagBag from /home/airflow/.local/lib/python3.7/site-packages/airflow/example_dags/example_local_kubernetes_executor.py
[2022-10-05 15:27:19,432] {processor.py:651} INFO - DAG(s) dict_keys(['example_local_kubernetes_executor']) retrieved from /home/airflow/.local/lib/python3.7/site-packages/airflow/example_dags/example_local_kubernetes_executor.py
[2022-10-05 15:27:19,483] {logging_mixin.py:115} INFO - [2022-10-05 15:27:19,483] {dag.py:2379} INFO - Sync 1 DAGs
[2022-10-05 15:27:19,697] {logging_mixin.py:115} INFO - [2022-10-05 15:27:19,697] {dag.py:2931} INFO - Setting next_dagrun for example_local_kubernetes_executor to None, run_after=None
[2022-10-05 15:27:19,728] {processor.py:161} INFO - Processing /home/airflow/.local/lib/python3.7/site-packages/airflow/example_dags/example_local_kubernetes_executor.py took 0.333 seconds
[2022-10-05 15:27:50,175] {processor.py:153} INFO - Started process (PID=1107) to work on /home/airflow/.local/lib/python3.7/site-packages/airflow/example_dags/example_local_kubernetes_executor.py
[2022-10-05 15:27:50,176] {processor.py:641} INFO - Processing file /home/airflow/.local/lib/python3.7/site-packages/airflow/example_dags/example_local_kubernetes_executor.py for tasks to queue
[2022-10-05 15:27:50,179] {logging_mixin.py:115} INFO - [2022-10-05 15:27:50,178] {dagbag.py:507} INFO - Filling up the DagBag from /home/airflow/.local/lib/python3.7/site-packages/airflow/example_dags/example_local_kubernetes_executor.py
[2022-10-05 15:27:50,213] {processor.py:651} INFO - DAG(s) dict_keys(['example_local_kubernetes_executor']) retrieved from /home/airflow/.local/lib/python3.7/site-packages/airflow/example_dags/example_local_kubernetes_executor.py
[2022-10-05 15:27:50,423] {logging_mixin.py:115} INFO - [2022-10-05 15:27:50,423] {dag.py:2379} INFO - Sync 1 DAGs
[2022-10-05 15:27:50,461] {logging_mixin.py:115} INFO - [2022-10-05 15:27:50,461] {dag.py:2931} INFO - Setting next_dagrun for example_local_kubernetes_executor to None, run_after=None
[2022-10-05 15:27:50,481] {processor.py:161} INFO - Processing /home/airflow/.local/lib/python3.7/site-packages/airflow/example_dags/example_local_kubernetes_executor.py took 0.314 seconds
[2022-10-05 15:28:21,549] {processor.py:153} INFO - Started process (PID=1163) to work on /home/airflow/.local/lib/python3.7/site-packages/airflow/example_dags/example_local_kubernetes_executor.py
[2022-10-05 15:28:21,553] {processor.py:641} INFO - Processing file /home/airflow/.local/lib/python3.7/site-packages/airflow/example_dags/example_local_kubernetes_executor.py for tasks to queue
[2022-10-05 15:28:21,558] {logging_mixin.py:115} INFO - [2022-10-05 15:28:21,557] {dagbag.py:507} INFO - Filling up the DagBag from /home/airflow/.local/lib/python3.7/site-packages/airflow/example_dags/example_local_kubernetes_executor.py
[2022-10-05 15:28:21,610] {processor.py:651} INFO - DAG(s) dict_keys(['example_local_kubernetes_executor']) retrieved from /home/airflow/.local/lib/python3.7/site-packages/airflow/example_dags/example_local_kubernetes_executor.py
[2022-10-05 15:28:22,111] {logging_mixin.py:115} INFO - [2022-10-05 15:28:22,111] {dag.py:2379} INFO - Sync 1 DAGs
[2022-10-05 15:28:22,219] {logging_mixin.py:115} INFO - [2022-10-05 15:28:22,218] {dag.py:2931} INFO - Setting next_dagrun for example_local_kubernetes_executor to None, run_after=None
[2022-10-05 15:28:22,256] {processor.py:161} INFO - Processing /home/airflow/.local/lib/python3.7/site-packages/airflow/example_dags/example_local_kubernetes_executor.py took 0.715 seconds
[2022-10-05 15:28:52,529] {processor.py:153} INFO - Started process (PID=1218) to work on /home/airflow/.local/lib/python3.7/site-packages/airflow/example_dags/example_local_kubernetes_executor.py
[2022-10-05 15:28:52,533] {processor.py:641} INFO - Processing file /home/airflow/.local/lib/python3.7/site-packages/airflow/example_dags/example_local_kubernetes_executor.py for tasks to queue
[2022-10-05 15:28:52,538] {logging_mixin.py:115} INFO - [2022-10-05 15:28:52,538] {dagbag.py:507} INFO - Filling up the DagBag from /home/airflow/.local/lib/python3.7/site-packages/airflow/example_dags/example_local_kubernetes_executor.py
[2022-10-05 15:28:52,588] {processor.py:651} INFO - DAG(s) dict_keys(['example_local_kubernetes_executor']) retrieved from /home/airflow/.local/lib/python3.7/site-packages/airflow/example_dags/example_local_kubernetes_executor.py
[2022-10-05 15:28:52,968] {logging_mixin.py:115} INFO - [2022-10-05 15:28:52,968] {dag.py:2379} INFO - Sync 1 DAGs
[2022-10-05 15:28:53,019] {logging_mixin.py:115} INFO - [2022-10-05 15:28:53,019] {dag.py:2931} INFO - Setting next_dagrun for example_local_kubernetes_executor to None, run_after=None
[2022-10-05 15:28:53,050] {processor.py:161} INFO - Processing /home/airflow/.local/lib/python3.7/site-packages/airflow/example_dags/example_local_kubernetes_executor.py took 0.535 seconds
[2022-10-05 15:29:23,985] {processor.py:153} INFO - Started process (PID=1282) to work on /home/airflow/.local/lib/python3.7/site-packages/airflow/example_dags/example_local_kubernetes_executor.py
[2022-10-05 15:29:23,989] {processor.py:641} INFO - Processing file /home/airflow/.local/lib/python3.7/site-packages/airflow/example_dags/example_local_kubernetes_executor.py for tasks to queue
[2022-10-05 15:29:23,991] {logging_mixin.py:115} INFO - [2022-10-05 15:29:23,991] {dagbag.py:507} INFO - Filling up the DagBag from /home/airflow/.local/lib/python3.7/site-packages/airflow/example_dags/example_local_kubernetes_executor.py
[2022-10-05 15:29:24,038] {processor.py:651} INFO - DAG(s) dict_keys(['example_local_kubernetes_executor']) retrieved from /home/airflow/.local/lib/python3.7/site-packages/airflow/example_dags/example_local_kubernetes_executor.py
[2022-10-05 15:29:24,333] {logging_mixin.py:115} INFO - [2022-10-05 15:29:24,333] {dag.py:2379} INFO - Sync 1 DAGs
[2022-10-05 15:29:24,383] {logging_mixin.py:115} INFO - [2022-10-05 15:29:24,383] {dag.py:2931} INFO - Setting next_dagrun for example_local_kubernetes_executor to None, run_after=None
[2022-10-05 15:29:24,404] {processor.py:161} INFO - Processing /home/airflow/.local/lib/python3.7/site-packages/airflow/example_dags/example_local_kubernetes_executor.py took 0.427 seconds
[2022-10-05 15:29:55,094] {processor.py:153} INFO - Started process (PID=1338) to work on /home/airflow/.local/lib/python3.7/site-packages/airflow/example_dags/example_local_kubernetes_executor.py
[2022-10-05 15:29:55,096] {processor.py:641} INFO - Processing file /home/airflow/.local/lib/python3.7/site-packages/airflow/example_dags/example_local_kubernetes_executor.py for tasks to queue
[2022-10-05 15:29:55,098] {logging_mixin.py:115} INFO - [2022-10-05 15:29:55,098] {dagbag.py:507} INFO - Filling up the DagBag from /home/airflow/.local/lib/python3.7/site-packages/airflow/example_dags/example_local_kubernetes_executor.py
[2022-10-05 15:29:55,128] {processor.py:651} INFO - DAG(s) dict_keys(['example_local_kubernetes_executor']) retrieved from /home/airflow/.local/lib/python3.7/site-packages/airflow/example_dags/example_local_kubernetes_executor.py
[2022-10-05 15:29:55,333] {logging_mixin.py:115} INFO - [2022-10-05 15:29:55,333] {dag.py:2379} INFO - Sync 1 DAGs
[2022-10-05 15:29:55,368] {logging_mixin.py:115} INFO - [2022-10-05 15:29:55,368] {dag.py:2931} INFO - Setting next_dagrun for example_local_kubernetes_executor to None, run_after=None
[2022-10-05 15:29:55,402] {processor.py:161} INFO - Processing /home/airflow/.local/lib/python3.7/site-packages/airflow/example_dags/example_local_kubernetes_executor.py took 0.317 seconds
[2022-10-05 15:30:26,209] {processor.py:153} INFO - Started process (PID=1404) to work on /home/airflow/.local/lib/python3.7/site-packages/airflow/example_dags/example_local_kubernetes_executor.py
[2022-10-05 15:30:26,211] {processor.py:641} INFO - Processing file /home/airflow/.local/lib/python3.7/site-packages/airflow/example_dags/example_local_kubernetes_executor.py for tasks to queue
[2022-10-05 15:30:26,212] {logging_mixin.py:115} INFO - [2022-10-05 15:30:26,212] {dagbag.py:507} INFO - Filling up the DagBag from /home/airflow/.local/lib/python3.7/site-packages/airflow/example_dags/example_local_kubernetes_executor.py
[2022-10-05 15:30:26,237] {processor.py:651} INFO - DAG(s) dict_keys(['example_local_kubernetes_executor']) retrieved from /home/airflow/.local/lib/python3.7/site-packages/airflow/example_dags/example_local_kubernetes_executor.py
[2022-10-05 15:30:26,446] {logging_mixin.py:115} INFO - [2022-10-05 15:30:26,446] {dag.py:2379} INFO - Sync 1 DAGs
[2022-10-05 15:30:26,481] {logging_mixin.py:115} INFO - [2022-10-05 15:30:26,481] {dag.py:2931} INFO - Setting next_dagrun for example_local_kubernetes_executor to None, run_after=None
[2022-10-05 15:30:26,495] {processor.py:161} INFO - Processing /home/airflow/.local/lib/python3.7/site-packages/airflow/example_dags/example_local_kubernetes_executor.py took 0.290 seconds
[2022-10-05 15:30:56,934] {processor.py:153} INFO - Started process (PID=1469) to work on /home/airflow/.local/lib/python3.7/site-packages/airflow/example_dags/example_local_kubernetes_executor.py
[2022-10-05 15:30:56,935] {processor.py:641} INFO - Processing file /home/airflow/.local/lib/python3.7/site-packages/airflow/example_dags/example_local_kubernetes_executor.py for tasks to queue
[2022-10-05 15:30:56,939] {logging_mixin.py:115} INFO - [2022-10-05 15:30:56,939] {dagbag.py:507} INFO - Filling up the DagBag from /home/airflow/.local/lib/python3.7/site-packages/airflow/example_dags/example_local_kubernetes_executor.py
[2022-10-05 15:30:56,977] {processor.py:651} INFO - DAG(s) dict_keys(['example_local_kubernetes_executor']) retrieved from /home/airflow/.local/lib/python3.7/site-packages/airflow/example_dags/example_local_kubernetes_executor.py
[2022-10-05 15:30:57,197] {logging_mixin.py:115} INFO - [2022-10-05 15:30:57,197] {dag.py:2379} INFO - Sync 1 DAGs
[2022-10-05 15:30:57,265] {logging_mixin.py:115} INFO - [2022-10-05 15:30:57,265] {dag.py:2931} INFO - Setting next_dagrun for example_local_kubernetes_executor to None, run_after=None
[2022-10-05 15:30:57,295] {processor.py:161} INFO - Processing /home/airflow/.local/lib/python3.7/site-packages/airflow/example_dags/example_local_kubernetes_executor.py took 0.369 seconds
[2022-10-05 15:31:28,604] {processor.py:153} INFO - Started process (PID=1525) to work on /home/airflow/.local/lib/python3.7/site-packages/airflow/example_dags/example_local_kubernetes_executor.py
[2022-10-05 15:31:28,610] {processor.py:641} INFO - Processing file /home/airflow/.local/lib/python3.7/site-packages/airflow/example_dags/example_local_kubernetes_executor.py for tasks to queue
[2022-10-05 15:31:28,619] {logging_mixin.py:115} INFO - [2022-10-05 15:31:28,617] {dagbag.py:507} INFO - Filling up the DagBag from /home/airflow/.local/lib/python3.7/site-packages/airflow/example_dags/example_local_kubernetes_executor.py
[2022-10-05 15:31:28,710] {processor.py:651} INFO - DAG(s) dict_keys(['example_local_kubernetes_executor']) retrieved from /home/airflow/.local/lib/python3.7/site-packages/airflow/example_dags/example_local_kubernetes_executor.py
[2022-10-05 15:31:30,171] {logging_mixin.py:115} INFO - [2022-10-05 15:31:30,171] {dag.py:2379} INFO - Sync 1 DAGs
[2022-10-05 15:31:30,314] {logging_mixin.py:115} INFO - [2022-10-05 15:31:30,314] {dag.py:2931} INFO - Setting next_dagrun for example_local_kubernetes_executor to None, run_after=None
[2022-10-05 15:31:30,455] {processor.py:161} INFO - Processing /home/airflow/.local/lib/python3.7/site-packages/airflow/example_dags/example_local_kubernetes_executor.py took 1.869 seconds
[2022-10-05 15:32:00,813] {processor.py:153} INFO - Started process (PID=1572) to work on /home/airflow/.local/lib/python3.7/site-packages/airflow/example_dags/example_local_kubernetes_executor.py
[2022-10-05 15:32:00,819] {processor.py:641} INFO - Processing file /home/airflow/.local/lib/python3.7/site-packages/airflow/example_dags/example_local_kubernetes_executor.py for tasks to queue
[2022-10-05 15:32:00,826] {logging_mixin.py:115} INFO - [2022-10-05 15:32:00,825] {dagbag.py:507} INFO - Filling up the DagBag from /home/airflow/.local/lib/python3.7/site-packages/airflow/example_dags/example_local_kubernetes_executor.py
[2022-10-05 15:32:00,905] {processor.py:651} INFO - DAG(s) dict_keys(['example_local_kubernetes_executor']) retrieved from /home/airflow/.local/lib/python3.7/site-packages/airflow/example_dags/example_local_kubernetes_executor.py
[2022-10-05 15:32:01,362] {logging_mixin.py:115} INFO - [2022-10-05 15:32:01,362] {dag.py:2379} INFO - Sync 1 DAGs
[2022-10-05 15:32:01,497] {logging_mixin.py:115} INFO - [2022-10-05 15:32:01,496] {dag.py:2931} INFO - Setting next_dagrun for example_local_kubernetes_executor to None, run_after=None
[2022-10-05 15:32:01,561] {processor.py:161} INFO - Processing /home/airflow/.local/lib/python3.7/site-packages/airflow/example_dags/example_local_kubernetes_executor.py took 0.764 seconds
[2022-10-05 15:32:32,441] {processor.py:153} INFO - Started process (PID=1639) to work on /home/airflow/.local/lib/python3.7/site-packages/airflow/example_dags/example_local_kubernetes_executor.py
[2022-10-05 15:32:32,443] {processor.py:641} INFO - Processing file /home/airflow/.local/lib/python3.7/site-packages/airflow/example_dags/example_local_kubernetes_executor.py for tasks to queue
[2022-10-05 15:32:32,445] {logging_mixin.py:115} INFO - [2022-10-05 15:32:32,445] {dagbag.py:507} INFO - Filling up the DagBag from /home/airflow/.local/lib/python3.7/site-packages/airflow/example_dags/example_local_kubernetes_executor.py
[2022-10-05 15:32:32,481] {processor.py:651} INFO - DAG(s) dict_keys(['example_local_kubernetes_executor']) retrieved from /home/airflow/.local/lib/python3.7/site-packages/airflow/example_dags/example_local_kubernetes_executor.py
[2022-10-05 15:32:32,688] {logging_mixin.py:115} INFO - [2022-10-05 15:32:32,688] {dag.py:2379} INFO - Sync 1 DAGs
[2022-10-05 15:32:32,720] {logging_mixin.py:115} INFO - [2022-10-05 15:32:32,720] {dag.py:2931} INFO - Setting next_dagrun for example_local_kubernetes_executor to None, run_after=None
[2022-10-05 15:32:32,738] {processor.py:161} INFO - Processing /home/airflow/.local/lib/python3.7/site-packages/airflow/example_dags/example_local_kubernetes_executor.py took 0.304 seconds
[2022-10-05 15:33:03,004] {processor.py:153} INFO - Started process (PID=1695) to work on /home/airflow/.local/lib/python3.7/site-packages/airflow/example_dags/example_local_kubernetes_executor.py
[2022-10-05 15:33:03,006] {processor.py:641} INFO - Processing file /home/airflow/.local/lib/python3.7/site-packages/airflow/example_dags/example_local_kubernetes_executor.py for tasks to queue
[2022-10-05 15:33:03,008] {logging_mixin.py:115} INFO - [2022-10-05 15:33:03,008] {dagbag.py:507} INFO - Filling up the DagBag from /home/airflow/.local/lib/python3.7/site-packages/airflow/example_dags/example_local_kubernetes_executor.py
[2022-10-05 15:33:03,055] {processor.py:651} INFO - DAG(s) dict_keys(['example_local_kubernetes_executor']) retrieved from /home/airflow/.local/lib/python3.7/site-packages/airflow/example_dags/example_local_kubernetes_executor.py
[2022-10-05 15:33:03,255] {logging_mixin.py:115} INFO - [2022-10-05 15:33:03,255] {dag.py:2379} INFO - Sync 1 DAGs
[2022-10-05 15:33:03,284] {logging_mixin.py:115} INFO - [2022-10-05 15:33:03,284] {dag.py:2931} INFO - Setting next_dagrun for example_local_kubernetes_executor to None, run_after=None
[2022-10-05 15:33:03,300] {processor.py:161} INFO - Processing /home/airflow/.local/lib/python3.7/site-packages/airflow/example_dags/example_local_kubernetes_executor.py took 0.332 seconds
[2022-10-05 15:33:33,849] {processor.py:153} INFO - Started process (PID=1761) to work on /home/airflow/.local/lib/python3.7/site-packages/airflow/example_dags/example_local_kubernetes_executor.py
[2022-10-05 15:33:33,851] {processor.py:641} INFO - Processing file /home/airflow/.local/lib/python3.7/site-packages/airflow/example_dags/example_local_kubernetes_executor.py for tasks to queue
[2022-10-05 15:33:33,852] {logging_mixin.py:115} INFO - [2022-10-05 15:33:33,852] {dagbag.py:507} INFO - Filling up the DagBag from /home/airflow/.local/lib/python3.7/site-packages/airflow/example_dags/example_local_kubernetes_executor.py
[2022-10-05 15:33:33,885] {processor.py:651} INFO - DAG(s) dict_keys(['example_local_kubernetes_executor']) retrieved from /home/airflow/.local/lib/python3.7/site-packages/airflow/example_dags/example_local_kubernetes_executor.py
[2022-10-05 15:33:34,084] {logging_mixin.py:115} INFO - [2022-10-05 15:33:34,084] {dag.py:2379} INFO - Sync 1 DAGs
[2022-10-05 15:33:34,112] {logging_mixin.py:115} INFO - [2022-10-05 15:33:34,112] {dag.py:2931} INFO - Setting next_dagrun for example_local_kubernetes_executor to None, run_after=None
[2022-10-05 15:33:34,130] {processor.py:161} INFO - Processing /home/airflow/.local/lib/python3.7/site-packages/airflow/example_dags/example_local_kubernetes_executor.py took 0.286 seconds
[2022-10-05 15:34:04,831] {processor.py:153} INFO - Started process (PID=1825) to work on /home/airflow/.local/lib/python3.7/site-packages/airflow/example_dags/example_local_kubernetes_executor.py
[2022-10-05 15:34:04,833] {processor.py:641} INFO - Processing file /home/airflow/.local/lib/python3.7/site-packages/airflow/example_dags/example_local_kubernetes_executor.py for tasks to queue
[2022-10-05 15:34:04,835] {logging_mixin.py:115} INFO - [2022-10-05 15:34:04,835] {dagbag.py:507} INFO - Filling up the DagBag from /home/airflow/.local/lib/python3.7/site-packages/airflow/example_dags/example_local_kubernetes_executor.py
[2022-10-05 15:34:04,870] {processor.py:651} INFO - DAG(s) dict_keys(['example_local_kubernetes_executor']) retrieved from /home/airflow/.local/lib/python3.7/site-packages/airflow/example_dags/example_local_kubernetes_executor.py
[2022-10-05 15:34:05,066] {logging_mixin.py:115} INFO - [2022-10-05 15:34:05,065] {dag.py:2379} INFO - Sync 1 DAGs
[2022-10-05 15:34:05,095] {logging_mixin.py:115} INFO - [2022-10-05 15:34:05,095] {dag.py:2931} INFO - Setting next_dagrun for example_local_kubernetes_executor to None, run_after=None
[2022-10-05 15:34:05,115] {processor.py:161} INFO - Processing /home/airflow/.local/lib/python3.7/site-packages/airflow/example_dags/example_local_kubernetes_executor.py took 0.291 seconds
[2022-10-05 15:34:35,628] {processor.py:153} INFO - Started process (PID=1881) to work on /home/airflow/.local/lib/python3.7/site-packages/airflow/example_dags/example_local_kubernetes_executor.py
[2022-10-05 15:34:35,629] {processor.py:641} INFO - Processing file /home/airflow/.local/lib/python3.7/site-packages/airflow/example_dags/example_local_kubernetes_executor.py for tasks to queue
[2022-10-05 15:34:35,631] {logging_mixin.py:115} INFO - [2022-10-05 15:34:35,631] {dagbag.py:507} INFO - Filling up the DagBag from /home/airflow/.local/lib/python3.7/site-packages/airflow/example_dags/example_local_kubernetes_executor.py
[2022-10-05 15:34:35,662] {processor.py:651} INFO - DAG(s) dict_keys(['example_local_kubernetes_executor']) retrieved from /home/airflow/.local/lib/python3.7/site-packages/airflow/example_dags/example_local_kubernetes_executor.py
[2022-10-05 15:34:35,855] {logging_mixin.py:115} INFO - [2022-10-05 15:34:35,855] {dag.py:2379} INFO - Sync 1 DAGs
[2022-10-05 15:34:35,883] {logging_mixin.py:115} INFO - [2022-10-05 15:34:35,883] {dag.py:2931} INFO - Setting next_dagrun for example_local_kubernetes_executor to None, run_after=None
[2022-10-05 15:34:35,900] {processor.py:161} INFO - Processing /home/airflow/.local/lib/python3.7/site-packages/airflow/example_dags/example_local_kubernetes_executor.py took 0.278 seconds
[2022-10-05 15:35:06,022] {processor.py:153} INFO - Started process (PID=1943) to work on /home/airflow/.local/lib/python3.7/site-packages/airflow/example_dags/example_local_kubernetes_executor.py
[2022-10-05 15:35:06,024] {processor.py:641} INFO - Processing file /home/airflow/.local/lib/python3.7/site-packages/airflow/example_dags/example_local_kubernetes_executor.py for tasks to queue
[2022-10-05 15:35:06,026] {logging_mixin.py:115} INFO - [2022-10-05 15:35:06,026] {dagbag.py:507} INFO - Filling up the DagBag from /home/airflow/.local/lib/python3.7/site-packages/airflow/example_dags/example_local_kubernetes_executor.py
[2022-10-05 15:35:06,059] {processor.py:651} INFO - DAG(s) dict_keys(['example_local_kubernetes_executor']) retrieved from /home/airflow/.local/lib/python3.7/site-packages/airflow/example_dags/example_local_kubernetes_executor.py
[2022-10-05 15:35:06,257] {logging_mixin.py:115} INFO - [2022-10-05 15:35:06,257] {dag.py:2379} INFO - Sync 1 DAGs
[2022-10-05 15:35:06,287] {logging_mixin.py:115} INFO - [2022-10-05 15:35:06,287] {dag.py:2931} INFO - Setting next_dagrun for example_local_kubernetes_executor to None, run_after=None
[2022-10-05 15:35:06,303] {processor.py:161} INFO - Processing /home/airflow/.local/lib/python3.7/site-packages/airflow/example_dags/example_local_kubernetes_executor.py took 0.286 seconds
[2022-10-05 15:35:37,231] {processor.py:153} INFO - Started process (PID=1999) to work on /home/airflow/.local/lib/python3.7/site-packages/airflow/example_dags/example_local_kubernetes_executor.py
[2022-10-05 15:35:37,234] {processor.py:641} INFO - Processing file /home/airflow/.local/lib/python3.7/site-packages/airflow/example_dags/example_local_kubernetes_executor.py for tasks to queue
[2022-10-05 15:35:37,236] {logging_mixin.py:115} INFO - [2022-10-05 15:35:37,236] {dagbag.py:507} INFO - Filling up the DagBag from /home/airflow/.local/lib/python3.7/site-packages/airflow/example_dags/example_local_kubernetes_executor.py
[2022-10-05 15:35:37,285] {processor.py:651} INFO - DAG(s) dict_keys(['example_local_kubernetes_executor']) retrieved from /home/airflow/.local/lib/python3.7/site-packages/airflow/example_dags/example_local_kubernetes_executor.py
[2022-10-05 15:35:37,566] {logging_mixin.py:115} INFO - [2022-10-05 15:35:37,566] {dag.py:2379} INFO - Sync 1 DAGs
[2022-10-05 15:35:37,604] {logging_mixin.py:115} INFO - [2022-10-05 15:35:37,604] {dag.py:2931} INFO - Setting next_dagrun for example_local_kubernetes_executor to None, run_after=None
[2022-10-05 15:35:37,629] {processor.py:161} INFO - Processing /home/airflow/.local/lib/python3.7/site-packages/airflow/example_dags/example_local_kubernetes_executor.py took 0.406 seconds
[2022-10-05 15:51:24,849] {processor.py:153} INFO - Started process (PID=2058) to work on /home/airflow/.local/lib/python3.7/site-packages/airflow/example_dags/example_local_kubernetes_executor.py
[2022-10-05 15:51:24,852] {processor.py:641} INFO - Processing file /home/airflow/.local/lib/python3.7/site-packages/airflow/example_dags/example_local_kubernetes_executor.py for tasks to queue
[2022-10-05 15:51:24,854] {logging_mixin.py:115} INFO - [2022-10-05 15:51:24,853] {dagbag.py:507} INFO - Filling up the DagBag from /home/airflow/.local/lib/python3.7/site-packages/airflow/example_dags/example_local_kubernetes_executor.py
[2022-10-05 15:51:24,885] {processor.py:651} INFO - DAG(s) dict_keys(['example_local_kubernetes_executor']) retrieved from /home/airflow/.local/lib/python3.7/site-packages/airflow/example_dags/example_local_kubernetes_executor.py
[2022-10-05 15:51:24,925] {logging_mixin.py:115} INFO - [2022-10-05 15:51:24,925] {dag.py:2379} INFO - Sync 1 DAGs
[2022-10-05 15:51:24,950] {logging_mixin.py:115} INFO - [2022-10-05 15:51:24,950] {dag.py:2931} INFO - Setting next_dagrun for example_local_kubernetes_executor to None, run_after=None
[2022-10-05 15:51:25,001] {processor.py:161} INFO - Processing /home/airflow/.local/lib/python3.7/site-packages/airflow/example_dags/example_local_kubernetes_executor.py took 0.158 seconds
[2022-10-05 15:51:55,720] {processor.py:153} INFO - Started process (PID=2121) to work on /home/airflow/.local/lib/python3.7/site-packages/airflow/example_dags/example_local_kubernetes_executor.py
[2022-10-05 15:51:55,722] {processor.py:641} INFO - Processing file /home/airflow/.local/lib/python3.7/site-packages/airflow/example_dags/example_local_kubernetes_executor.py for tasks to queue
[2022-10-05 15:51:55,723] {logging_mixin.py:115} INFO - [2022-10-05 15:51:55,723] {dagbag.py:507} INFO - Filling up the DagBag from /home/airflow/.local/lib/python3.7/site-packages/airflow/example_dags/example_local_kubernetes_executor.py
[2022-10-05 15:51:55,746] {processor.py:651} INFO - DAG(s) dict_keys(['example_local_kubernetes_executor']) retrieved from /home/airflow/.local/lib/python3.7/site-packages/airflow/example_dags/example_local_kubernetes_executor.py
[2022-10-05 15:51:55,775] {logging_mixin.py:115} INFO - [2022-10-05 15:51:55,774] {dag.py:2379} INFO - Sync 1 DAGs
[2022-10-05 15:51:55,795] {logging_mixin.py:115} INFO - [2022-10-05 15:51:55,795] {dag.py:2931} INFO - Setting next_dagrun for example_local_kubernetes_executor to None, run_after=None
[2022-10-05 15:51:55,809] {processor.py:161} INFO - Processing /home/airflow/.local/lib/python3.7/site-packages/airflow/example_dags/example_local_kubernetes_executor.py took 0.093 seconds
[2022-10-05 15:52:26,157] {processor.py:153} INFO - Started process (PID=2185) to work on /home/airflow/.local/lib/python3.7/site-packages/airflow/example_dags/example_local_kubernetes_executor.py
[2022-10-05 15:52:26,160] {processor.py:641} INFO - Processing file /home/airflow/.local/lib/python3.7/site-packages/airflow/example_dags/example_local_kubernetes_executor.py for tasks to queue
[2022-10-05 15:52:26,161] {logging_mixin.py:115} INFO - [2022-10-05 15:52:26,161] {dagbag.py:507} INFO - Filling up the DagBag from /home/airflow/.local/lib/python3.7/site-packages/airflow/example_dags/example_local_kubernetes_executor.py
[2022-10-05 15:52:26,187] {processor.py:651} INFO - DAG(s) dict_keys(['example_local_kubernetes_executor']) retrieved from /home/airflow/.local/lib/python3.7/site-packages/airflow/example_dags/example_local_kubernetes_executor.py
[2022-10-05 15:52:26,221] {logging_mixin.py:115} INFO - [2022-10-05 15:52:26,221] {dag.py:2379} INFO - Sync 1 DAGs
[2022-10-05 15:52:26,242] {logging_mixin.py:115} INFO - [2022-10-05 15:52:26,241] {dag.py:2931} INFO - Setting next_dagrun for example_local_kubernetes_executor to None, run_after=None
[2022-10-05 15:52:26,259] {processor.py:161} INFO - Processing /home/airflow/.local/lib/python3.7/site-packages/airflow/example_dags/example_local_kubernetes_executor.py took 0.107 seconds
[2022-10-05 15:52:56,500] {processor.py:153} INFO - Started process (PID=2241) to work on /home/airflow/.local/lib/python3.7/site-packages/airflow/example_dags/example_local_kubernetes_executor.py
[2022-10-05 15:52:56,501] {processor.py:641} INFO - Processing file /home/airflow/.local/lib/python3.7/site-packages/airflow/example_dags/example_local_kubernetes_executor.py for tasks to queue
[2022-10-05 15:52:56,502] {logging_mixin.py:115} INFO - [2022-10-05 15:52:56,502] {dagbag.py:507} INFO - Filling up the DagBag from /home/airflow/.local/lib/python3.7/site-packages/airflow/example_dags/example_local_kubernetes_executor.py
[2022-10-05 15:52:56,524] {processor.py:651} INFO - DAG(s) dict_keys(['example_local_kubernetes_executor']) retrieved from /home/airflow/.local/lib/python3.7/site-packages/airflow/example_dags/example_local_kubernetes_executor.py
[2022-10-05 15:52:56,551] {logging_mixin.py:115} INFO - [2022-10-05 15:52:56,551] {dag.py:2379} INFO - Sync 1 DAGs
[2022-10-05 15:52:56,574] {logging_mixin.py:115} INFO - [2022-10-05 15:52:56,574] {dag.py:2931} INFO - Setting next_dagrun for example_local_kubernetes_executor to None, run_after=None
[2022-10-05 15:52:56,588] {processor.py:161} INFO - Processing /home/airflow/.local/lib/python3.7/site-packages/airflow/example_dags/example_local_kubernetes_executor.py took 0.092 seconds
[2022-10-05 15:53:26,852] {processor.py:153} INFO - Started process (PID=2306) to work on /home/airflow/.local/lib/python3.7/site-packages/airflow/example_dags/example_local_kubernetes_executor.py
[2022-10-05 15:53:26,854] {processor.py:641} INFO - Processing file /home/airflow/.local/lib/python3.7/site-packages/airflow/example_dags/example_local_kubernetes_executor.py for tasks to queue
[2022-10-05 15:53:26,855] {logging_mixin.py:115} INFO - [2022-10-05 15:53:26,855] {dagbag.py:507} INFO - Filling up the DagBag from /home/airflow/.local/lib/python3.7/site-packages/airflow/example_dags/example_local_kubernetes_executor.py
[2022-10-05 15:53:26,879] {processor.py:651} INFO - DAG(s) dict_keys(['example_local_kubernetes_executor']) retrieved from /home/airflow/.local/lib/python3.7/site-packages/airflow/example_dags/example_local_kubernetes_executor.py
[2022-10-05 15:53:26,907] {logging_mixin.py:115} INFO - [2022-10-05 15:53:26,907] {dag.py:2379} INFO - Sync 1 DAGs
[2022-10-05 15:53:26,928] {logging_mixin.py:115} INFO - [2022-10-05 15:53:26,928] {dag.py:2931} INFO - Setting next_dagrun for example_local_kubernetes_executor to None, run_after=None
[2022-10-05 15:53:26,942] {processor.py:161} INFO - Processing /home/airflow/.local/lib/python3.7/site-packages/airflow/example_dags/example_local_kubernetes_executor.py took 0.096 seconds
[2022-10-05 16:01:53,713] {processor.py:153} INFO - Started process (PID=2398) to work on /home/airflow/.local/lib/python3.7/site-packages/airflow/example_dags/example_local_kubernetes_executor.py
[2022-10-05 16:01:53,715] {processor.py:641} INFO - Processing file /home/airflow/.local/lib/python3.7/site-packages/airflow/example_dags/example_local_kubernetes_executor.py for tasks to queue
[2022-10-05 16:01:53,717] {logging_mixin.py:115} INFO - [2022-10-05 16:01:53,716] {dagbag.py:507} INFO - Filling up the DagBag from /home/airflow/.local/lib/python3.7/site-packages/airflow/example_dags/example_local_kubernetes_executor.py
[2022-10-05 16:01:53,740] {processor.py:651} INFO - DAG(s) dict_keys(['example_local_kubernetes_executor']) retrieved from /home/airflow/.local/lib/python3.7/site-packages/airflow/example_dags/example_local_kubernetes_executor.py
[2022-10-05 16:01:53,767] {logging_mixin.py:115} INFO - [2022-10-05 16:01:53,767] {dag.py:2379} INFO - Sync 1 DAGs
[2022-10-05 16:01:53,788] {logging_mixin.py:115} INFO - [2022-10-05 16:01:53,788] {dag.py:2931} INFO - Setting next_dagrun for example_local_kubernetes_executor to None, run_after=None
[2022-10-05 16:01:53,800] {processor.py:161} INFO - Processing /home/airflow/.local/lib/python3.7/site-packages/airflow/example_dags/example_local_kubernetes_executor.py took 0.092 seconds
[2022-10-05 16:03:23,035] {processor.py:153} INFO - Started process (PID=2444) to work on /home/airflow/.local/lib/python3.7/site-packages/airflow/example_dags/example_local_kubernetes_executor.py
[2022-10-05 16:03:23,037] {processor.py:641} INFO - Processing file /home/airflow/.local/lib/python3.7/site-packages/airflow/example_dags/example_local_kubernetes_executor.py for tasks to queue
[2022-10-05 16:03:23,038] {logging_mixin.py:115} INFO - [2022-10-05 16:03:23,038] {dagbag.py:507} INFO - Filling up the DagBag from /home/airflow/.local/lib/python3.7/site-packages/airflow/example_dags/example_local_kubernetes_executor.py
[2022-10-05 16:03:23,059] {processor.py:651} INFO - DAG(s) dict_keys(['example_local_kubernetes_executor']) retrieved from /home/airflow/.local/lib/python3.7/site-packages/airflow/example_dags/example_local_kubernetes_executor.py
[2022-10-05 16:03:23,087] {logging_mixin.py:115} INFO - [2022-10-05 16:03:23,087] {dag.py:2379} INFO - Sync 1 DAGs
[2022-10-05 16:03:23,108] {logging_mixin.py:115} INFO - [2022-10-05 16:03:23,107] {dag.py:2931} INFO - Setting next_dagrun for example_local_kubernetes_executor to None, run_after=None
[2022-10-05 16:03:23,121] {processor.py:161} INFO - Processing /home/airflow/.local/lib/python3.7/site-packages/airflow/example_dags/example_local_kubernetes_executor.py took 0.089 seconds
[2022-10-05 16:14:16,656] {processor.py:153} INFO - Started process (PID=2483) to work on /home/airflow/.local/lib/python3.7/site-packages/airflow/example_dags/example_local_kubernetes_executor.py
[2022-10-05 16:14:16,658] {processor.py:641} INFO - Processing file /home/airflow/.local/lib/python3.7/site-packages/airflow/example_dags/example_local_kubernetes_executor.py for tasks to queue
[2022-10-05 16:14:16,661] {logging_mixin.py:115} INFO - [2022-10-05 16:14:16,661] {dagbag.py:507} INFO - Filling up the DagBag from /home/airflow/.local/lib/python3.7/site-packages/airflow/example_dags/example_local_kubernetes_executor.py
[2022-10-05 16:14:16,693] {processor.py:651} INFO - DAG(s) dict_keys(['example_local_kubernetes_executor']) retrieved from /home/airflow/.local/lib/python3.7/site-packages/airflow/example_dags/example_local_kubernetes_executor.py
[2022-10-05 16:14:16,726] {logging_mixin.py:115} INFO - [2022-10-05 16:14:16,726] {dag.py:2379} INFO - Sync 1 DAGs
[2022-10-05 16:14:16,748] {logging_mixin.py:115} INFO - [2022-10-05 16:14:16,748] {dag.py:2931} INFO - Setting next_dagrun for example_local_kubernetes_executor to None, run_after=None
[2022-10-05 16:14:16,761] {processor.py:161} INFO - Processing /home/airflow/.local/lib/python3.7/site-packages/airflow/example_dags/example_local_kubernetes_executor.py took 0.110 seconds
[2022-10-05 16:15:20,765] {processor.py:153} INFO - Started process (PID=2530) to work on /home/airflow/.local/lib/python3.7/site-packages/airflow/example_dags/example_local_kubernetes_executor.py
[2022-10-05 16:15:20,766] {processor.py:641} INFO - Processing file /home/airflow/.local/lib/python3.7/site-packages/airflow/example_dags/example_local_kubernetes_executor.py for tasks to queue
[2022-10-05 16:15:20,768] {logging_mixin.py:115} INFO - [2022-10-05 16:15:20,768] {dagbag.py:507} INFO - Filling up the DagBag from /home/airflow/.local/lib/python3.7/site-packages/airflow/example_dags/example_local_kubernetes_executor.py
[2022-10-05 16:15:20,790] {processor.py:651} INFO - DAG(s) dict_keys(['example_local_kubernetes_executor']) retrieved from /home/airflow/.local/lib/python3.7/site-packages/airflow/example_dags/example_local_kubernetes_executor.py
[2022-10-05 16:15:20,819] {logging_mixin.py:115} INFO - [2022-10-05 16:15:20,819] {dag.py:2379} INFO - Sync 1 DAGs
[2022-10-05 16:15:20,840] {logging_mixin.py:115} INFO - [2022-10-05 16:15:20,840] {dag.py:2931} INFO - Setting next_dagrun for example_local_kubernetes_executor to None, run_after=None
[2022-10-05 16:15:20,852] {processor.py:161} INFO - Processing /home/airflow/.local/lib/python3.7/site-packages/airflow/example_dags/example_local_kubernetes_executor.py took 0.091 seconds
[2022-10-05 16:16:53,422] {processor.py:153} INFO - Started process (PID=2577) to work on /home/airflow/.local/lib/python3.7/site-packages/airflow/example_dags/example_local_kubernetes_executor.py
[2022-10-05 16:16:53,423] {processor.py:641} INFO - Processing file /home/airflow/.local/lib/python3.7/site-packages/airflow/example_dags/example_local_kubernetes_executor.py for tasks to queue
[2022-10-05 16:16:53,424] {logging_mixin.py:115} INFO - [2022-10-05 16:16:53,424] {dagbag.py:507} INFO - Filling up the DagBag from /home/airflow/.local/lib/python3.7/site-packages/airflow/example_dags/example_local_kubernetes_executor.py
[2022-10-05 16:16:53,443] {processor.py:651} INFO - DAG(s) dict_keys(['example_local_kubernetes_executor']) retrieved from /home/airflow/.local/lib/python3.7/site-packages/airflow/example_dags/example_local_kubernetes_executor.py
[2022-10-05 16:16:53,471] {logging_mixin.py:115} INFO - [2022-10-05 16:16:53,471] {dag.py:2379} INFO - Sync 1 DAGs
[2022-10-05 16:16:53,491] {logging_mixin.py:115} INFO - [2022-10-05 16:16:53,491] {dag.py:2931} INFO - Setting next_dagrun for example_local_kubernetes_executor to None, run_after=None
[2022-10-05 16:16:53,504] {processor.py:161} INFO - Processing /home/airflow/.local/lib/python3.7/site-packages/airflow/example_dags/example_local_kubernetes_executor.py took 0.086 seconds
[2022-10-05 16:18:36,197] {processor.py:153} INFO - Started process (PID=2624) to work on /home/airflow/.local/lib/python3.7/site-packages/airflow/example_dags/example_local_kubernetes_executor.py
[2022-10-05 16:18:36,199] {processor.py:641} INFO - Processing file /home/airflow/.local/lib/python3.7/site-packages/airflow/example_dags/example_local_kubernetes_executor.py for tasks to queue
[2022-10-05 16:18:36,200] {logging_mixin.py:115} INFO - [2022-10-05 16:18:36,200] {dagbag.py:507} INFO - Filling up the DagBag from /home/airflow/.local/lib/python3.7/site-packages/airflow/example_dags/example_local_kubernetes_executor.py
[2022-10-05 16:18:36,219] {processor.py:651} INFO - DAG(s) dict_keys(['example_local_kubernetes_executor']) retrieved from /home/airflow/.local/lib/python3.7/site-packages/airflow/example_dags/example_local_kubernetes_executor.py
[2022-10-05 16:18:36,247] {logging_mixin.py:115} INFO - [2022-10-05 16:18:36,247] {dag.py:2379} INFO - Sync 1 DAGs
[2022-10-05 16:18:36,267] {logging_mixin.py:115} INFO - [2022-10-05 16:18:36,267] {dag.py:2931} INFO - Setting next_dagrun for example_local_kubernetes_executor to None, run_after=None
[2022-10-05 16:18:36,280] {processor.py:161} INFO - Processing /home/airflow/.local/lib/python3.7/site-packages/airflow/example_dags/example_local_kubernetes_executor.py took 0.087 seconds
[2022-10-05 20:03:06,366] {processor.py:153} INFO - Started process (PID=2672) to work on /home/airflow/.local/lib/python3.7/site-packages/airflow/example_dags/example_local_kubernetes_executor.py
[2022-10-05 20:03:06,369] {processor.py:641} INFO - Processing file /home/airflow/.local/lib/python3.7/site-packages/airflow/example_dags/example_local_kubernetes_executor.py for tasks to queue
[2022-10-05 20:03:06,372] {logging_mixin.py:115} INFO - [2022-10-05 20:03:06,372] {dagbag.py:507} INFO - Filling up the DagBag from /home/airflow/.local/lib/python3.7/site-packages/airflow/example_dags/example_local_kubernetes_executor.py
[2022-10-05 20:03:06,432] {processor.py:651} INFO - DAG(s) dict_keys(['example_local_kubernetes_executor']) retrieved from /home/airflow/.local/lib/python3.7/site-packages/airflow/example_dags/example_local_kubernetes_executor.py
[2022-10-05 20:03:06,497] {logging_mixin.py:115} INFO - [2022-10-05 20:03:06,496] {dag.py:2379} INFO - Sync 1 DAGs
[2022-10-05 20:03:06,538] {logging_mixin.py:115} INFO - [2022-10-05 20:03:06,538] {dag.py:2931} INFO - Setting next_dagrun for example_local_kubernetes_executor to None, run_after=None
[2022-10-05 20:03:06,568] {processor.py:161} INFO - Processing /home/airflow/.local/lib/python3.7/site-packages/airflow/example_dags/example_local_kubernetes_executor.py took 0.209 seconds
