[2022-10-05 15:17:45,101] {processor.py:153} INFO - Started process (PID=112) to work on /home/airflow/.local/lib/python3.7/site-packages/airflow/example_dags/example_nested_branch_dag.py
[2022-10-05 15:17:45,109] {processor.py:641} INFO - Processing file /home/airflow/.local/lib/python3.7/site-packages/airflow/example_dags/example_nested_branch_dag.py for tasks to queue
[2022-10-05 15:17:45,132] {logging_mixin.py:115} INFO - [2022-10-05 15:17:45,131] {dagbag.py:507} INFO - Filling up the DagBag from /home/airflow/.local/lib/python3.7/site-packages/airflow/example_dags/example_nested_branch_dag.py
[2022-10-05 15:17:45,292] {processor.py:651} INFO - DAG(s) dict_keys(['example_nested_branch_dag']) retrieved from /home/airflow/.local/lib/python3.7/site-packages/airflow/example_dags/example_nested_branch_dag.py
[2022-10-05 15:17:46,748] {logging_mixin.py:115} INFO - [2022-10-05 15:17:46,748] {manager.py:508} INFO - Created Permission View: can delete on DAG:example_nested_branch_dag
[2022-10-05 15:17:46,844] {logging_mixin.py:115} INFO - [2022-10-05 15:17:46,843] {manager.py:508} INFO - Created Permission View: can edit on DAG:example_nested_branch_dag
[2022-10-05 15:17:46,904] {logging_mixin.py:115} INFO - [2022-10-05 15:17:46,904] {manager.py:508} INFO - Created Permission View: can read on DAG:example_nested_branch_dag
[2022-10-05 15:17:46,917] {logging_mixin.py:115} INFO - [2022-10-05 15:17:46,916] {dag.py:2379} INFO - Sync 1 DAGs
[2022-10-05 15:17:47,052] {logging_mixin.py:115} INFO - [2022-10-05 15:17:47,047] {dag.py:2398} INFO - Creating ORM DAG for example_nested_branch_dag
[2022-10-05 15:17:47,345] {logging_mixin.py:115} INFO - [2022-10-05 15:17:47,345] {dag.py:2931} INFO - Setting next_dagrun for example_nested_branch_dag to 2022-10-04T00:00:00+00:00, run_after=2022-10-05T00:00:00+00:00
[2022-10-05 15:17:47,538] {processor.py:161} INFO - Processing /home/airflow/.local/lib/python3.7/site-packages/airflow/example_dags/example_nested_branch_dag.py took 2.471 seconds
[2022-10-05 15:18:49,034] {processor.py:153} INFO - Started process (PID=175) to work on /home/airflow/.local/lib/python3.7/site-packages/airflow/example_dags/example_nested_branch_dag.py
[2022-10-05 15:18:49,057] {processor.py:641} INFO - Processing file /home/airflow/.local/lib/python3.7/site-packages/airflow/example_dags/example_nested_branch_dag.py for tasks to queue
[2022-10-05 15:18:49,065] {logging_mixin.py:115} INFO - [2022-10-05 15:18:49,064] {dagbag.py:507} INFO - Filling up the DagBag from /home/airflow/.local/lib/python3.7/site-packages/airflow/example_dags/example_nested_branch_dag.py
[2022-10-05 15:18:49,264] {processor.py:651} INFO - DAG(s) dict_keys(['example_nested_branch_dag']) retrieved from /home/airflow/.local/lib/python3.7/site-packages/airflow/example_dags/example_nested_branch_dag.py
[2022-10-05 15:18:49,429] {logging_mixin.py:115} INFO - [2022-10-05 15:18:49,424] {dag.py:2379} INFO - Sync 1 DAGs
[2022-10-05 15:18:50,792] {logging_mixin.py:115} INFO - [2022-10-05 15:18:50,791] {dag.py:2931} INFO - Setting next_dagrun for example_nested_branch_dag to 2022-10-04T00:00:00+00:00, run_after=2022-10-05T00:00:00+00:00
[2022-10-05 15:18:50,860] {processor.py:161} INFO - Processing /home/airflow/.local/lib/python3.7/site-packages/airflow/example_dags/example_nested_branch_dag.py took 1.923 seconds
[2022-10-05 15:19:30,078] {processor.py:153} INFO - Started process (PID=224) to work on /home/airflow/.local/lib/python3.7/site-packages/airflow/example_dags/example_nested_branch_dag.py
[2022-10-05 15:19:30,087] {processor.py:641} INFO - Processing file /home/airflow/.local/lib/python3.7/site-packages/airflow/example_dags/example_nested_branch_dag.py for tasks to queue
[2022-10-05 15:19:30,094] {logging_mixin.py:115} INFO - [2022-10-05 15:19:30,094] {dagbag.py:507} INFO - Filling up the DagBag from /home/airflow/.local/lib/python3.7/site-packages/airflow/example_dags/example_nested_branch_dag.py
[2022-10-05 15:19:30,151] {processor.py:651} INFO - DAG(s) dict_keys(['example_nested_branch_dag']) retrieved from /home/airflow/.local/lib/python3.7/site-packages/airflow/example_dags/example_nested_branch_dag.py
[2022-10-05 15:19:30,264] {logging_mixin.py:115} INFO - [2022-10-05 15:19:30,264] {dag.py:2379} INFO - Sync 1 DAGs
[2022-10-05 15:19:30,822] {logging_mixin.py:115} INFO - [2022-10-05 15:19:30,821] {dag.py:2931} INFO - Setting next_dagrun for example_nested_branch_dag to 2022-10-04T00:00:00+00:00, run_after=2022-10-05T00:00:00+00:00
[2022-10-05 15:19:30,865] {processor.py:161} INFO - Processing /home/airflow/.local/lib/python3.7/site-packages/airflow/example_dags/example_nested_branch_dag.py took 0.804 seconds
[2022-10-05 15:20:10,672] {processor.py:153} INFO - Started process (PID=272) to work on /home/airflow/.local/lib/python3.7/site-packages/airflow/example_dags/example_nested_branch_dag.py
[2022-10-05 15:20:10,675] {processor.py:641} INFO - Processing file /home/airflow/.local/lib/python3.7/site-packages/airflow/example_dags/example_nested_branch_dag.py for tasks to queue
[2022-10-05 15:20:10,681] {logging_mixin.py:115} INFO - [2022-10-05 15:20:10,680] {dagbag.py:507} INFO - Filling up the DagBag from /home/airflow/.local/lib/python3.7/site-packages/airflow/example_dags/example_nested_branch_dag.py
[2022-10-05 15:20:10,785] {processor.py:651} INFO - DAG(s) dict_keys(['example_nested_branch_dag']) retrieved from /home/airflow/.local/lib/python3.7/site-packages/airflow/example_dags/example_nested_branch_dag.py
[2022-10-05 15:20:10,992] {logging_mixin.py:115} INFO - [2022-10-05 15:20:10,988] {dag.py:2379} INFO - Sync 1 DAGs
[2022-10-05 15:20:12,537] {logging_mixin.py:115} INFO - [2022-10-05 15:20:12,536] {dag.py:2931} INFO - Setting next_dagrun for example_nested_branch_dag to 2022-10-04T00:00:00+00:00, run_after=2022-10-05T00:00:00+00:00
[2022-10-05 15:20:12,600] {processor.py:161} INFO - Processing /home/airflow/.local/lib/python3.7/site-packages/airflow/example_dags/example_nested_branch_dag.py took 1.959 seconds
[2022-10-05 15:20:50,145] {processor.py:153} INFO - Started process (PID=325) to work on /home/airflow/.local/lib/python3.7/site-packages/airflow/example_dags/example_nested_branch_dag.py
[2022-10-05 15:20:50,157] {processor.py:641} INFO - Processing file /home/airflow/.local/lib/python3.7/site-packages/airflow/example_dags/example_nested_branch_dag.py for tasks to queue
[2022-10-05 15:20:50,162] {logging_mixin.py:115} INFO - [2022-10-05 15:20:50,162] {dagbag.py:507} INFO - Filling up the DagBag from /home/airflow/.local/lib/python3.7/site-packages/airflow/example_dags/example_nested_branch_dag.py
[2022-10-05 15:20:50,246] {processor.py:651} INFO - DAG(s) dict_keys(['example_nested_branch_dag']) retrieved from /home/airflow/.local/lib/python3.7/site-packages/airflow/example_dags/example_nested_branch_dag.py
[2022-10-05 15:20:50,456] {logging_mixin.py:115} INFO - [2022-10-05 15:20:50,455] {dag.py:2379} INFO - Sync 1 DAGs
[2022-10-05 15:20:53,989] {logging_mixin.py:115} INFO - [2022-10-05 15:20:53,988] {dag.py:2931} INFO - Setting next_dagrun for example_nested_branch_dag to 2022-10-04T00:00:00+00:00, run_after=2022-10-05T00:00:00+00:00
[2022-10-05 15:20:54,072] {processor.py:161} INFO - Processing /home/airflow/.local/lib/python3.7/site-packages/airflow/example_dags/example_nested_branch_dag.py took 3.964 seconds
[2022-10-05 15:21:33,288] {processor.py:153} INFO - Started process (PID=379) to work on /home/airflow/.local/lib/python3.7/site-packages/airflow/example_dags/example_nested_branch_dag.py
[2022-10-05 15:21:33,295] {processor.py:641} INFO - Processing file /home/airflow/.local/lib/python3.7/site-packages/airflow/example_dags/example_nested_branch_dag.py for tasks to queue
[2022-10-05 15:21:33,349] {logging_mixin.py:115} INFO - [2022-10-05 15:21:33,348] {dagbag.py:507} INFO - Filling up the DagBag from /home/airflow/.local/lib/python3.7/site-packages/airflow/example_dags/example_nested_branch_dag.py
[2022-10-05 15:21:33,457] {processor.py:651} INFO - DAG(s) dict_keys(['example_nested_branch_dag']) retrieved from /home/airflow/.local/lib/python3.7/site-packages/airflow/example_dags/example_nested_branch_dag.py
[2022-10-05 15:21:33,598] {logging_mixin.py:115} INFO - [2022-10-05 15:21:33,597] {dag.py:2379} INFO - Sync 1 DAGs
[2022-10-05 15:21:34,221] {logging_mixin.py:115} INFO - [2022-10-05 15:21:34,221] {dag.py:2931} INFO - Setting next_dagrun for example_nested_branch_dag to 2022-10-04T00:00:00+00:00, run_after=2022-10-05T00:00:00+00:00
[2022-10-05 15:21:34,311] {processor.py:161} INFO - Processing /home/airflow/.local/lib/python3.7/site-packages/airflow/example_dags/example_nested_branch_dag.py took 1.066 seconds
[2022-10-05 15:22:04,752] {processor.py:153} INFO - Started process (PID=434) to work on /home/airflow/.local/lib/python3.7/site-packages/airflow/example_dags/example_nested_branch_dag.py
[2022-10-05 15:22:04,755] {processor.py:641} INFO - Processing file /home/airflow/.local/lib/python3.7/site-packages/airflow/example_dags/example_nested_branch_dag.py for tasks to queue
[2022-10-05 15:22:04,757] {logging_mixin.py:115} INFO - [2022-10-05 15:22:04,757] {dagbag.py:507} INFO - Filling up the DagBag from /home/airflow/.local/lib/python3.7/site-packages/airflow/example_dags/example_nested_branch_dag.py
[2022-10-05 15:22:04,785] {processor.py:651} INFO - DAG(s) dict_keys(['example_nested_branch_dag']) retrieved from /home/airflow/.local/lib/python3.7/site-packages/airflow/example_dags/example_nested_branch_dag.py
[2022-10-05 15:22:04,841] {logging_mixin.py:115} INFO - [2022-10-05 15:22:04,841] {dag.py:2379} INFO - Sync 1 DAGs
[2022-10-05 15:22:05,066] {logging_mixin.py:115} INFO - [2022-10-05 15:22:05,066] {dag.py:2931} INFO - Setting next_dagrun for example_nested_branch_dag to 2022-10-04T00:00:00+00:00, run_after=2022-10-05T00:00:00+00:00
[2022-10-05 15:22:05,084] {processor.py:161} INFO - Processing /home/airflow/.local/lib/python3.7/site-packages/airflow/example_dags/example_nested_branch_dag.py took 0.339 seconds
[2022-10-05 15:22:35,201] {processor.py:153} INFO - Started process (PID=499) to work on /home/airflow/.local/lib/python3.7/site-packages/airflow/example_dags/example_nested_branch_dag.py
[2022-10-05 15:22:35,203] {processor.py:641} INFO - Processing file /home/airflow/.local/lib/python3.7/site-packages/airflow/example_dags/example_nested_branch_dag.py for tasks to queue
[2022-10-05 15:22:35,205] {logging_mixin.py:115} INFO - [2022-10-05 15:22:35,205] {dagbag.py:507} INFO - Filling up the DagBag from /home/airflow/.local/lib/python3.7/site-packages/airflow/example_dags/example_nested_branch_dag.py
[2022-10-05 15:22:35,223] {processor.py:651} INFO - DAG(s) dict_keys(['example_nested_branch_dag']) retrieved from /home/airflow/.local/lib/python3.7/site-packages/airflow/example_dags/example_nested_branch_dag.py
[2022-10-05 15:22:35,274] {logging_mixin.py:115} INFO - [2022-10-05 15:22:35,273] {dag.py:2379} INFO - Sync 1 DAGs
[2022-10-05 15:22:35,476] {logging_mixin.py:115} INFO - [2022-10-05 15:22:35,476] {dag.py:2931} INFO - Setting next_dagrun for example_nested_branch_dag to 2022-10-04T00:00:00+00:00, run_after=2022-10-05T00:00:00+00:00
[2022-10-05 15:22:35,494] {processor.py:161} INFO - Processing /home/airflow/.local/lib/python3.7/site-packages/airflow/example_dags/example_nested_branch_dag.py took 0.298 seconds
[2022-10-05 15:23:05,749] {processor.py:153} INFO - Started process (PID=553) to work on /home/airflow/.local/lib/python3.7/site-packages/airflow/example_dags/example_nested_branch_dag.py
[2022-10-05 15:23:05,751] {processor.py:641} INFO - Processing file /home/airflow/.local/lib/python3.7/site-packages/airflow/example_dags/example_nested_branch_dag.py for tasks to queue
[2022-10-05 15:23:05,754] {logging_mixin.py:115} INFO - [2022-10-05 15:23:05,753] {dagbag.py:507} INFO - Filling up the DagBag from /home/airflow/.local/lib/python3.7/site-packages/airflow/example_dags/example_nested_branch_dag.py
[2022-10-05 15:23:05,775] {processor.py:651} INFO - DAG(s) dict_keys(['example_nested_branch_dag']) retrieved from /home/airflow/.local/lib/python3.7/site-packages/airflow/example_dags/example_nested_branch_dag.py
[2022-10-05 15:23:05,846] {logging_mixin.py:115} INFO - [2022-10-05 15:23:05,846] {dag.py:2379} INFO - Sync 1 DAGs
[2022-10-05 15:23:06,136] {logging_mixin.py:115} INFO - [2022-10-05 15:23:06,136] {dag.py:2931} INFO - Setting next_dagrun for example_nested_branch_dag to 2022-10-04T00:00:00+00:00, run_after=2022-10-05T00:00:00+00:00
[2022-10-05 15:23:06,165] {processor.py:161} INFO - Processing /home/airflow/.local/lib/python3.7/site-packages/airflow/example_dags/example_nested_branch_dag.py took 0.423 seconds
[2022-10-05 15:23:36,597] {processor.py:153} INFO - Started process (PID=608) to work on /home/airflow/.local/lib/python3.7/site-packages/airflow/example_dags/example_nested_branch_dag.py
[2022-10-05 15:23:36,601] {processor.py:641} INFO - Processing file /home/airflow/.local/lib/python3.7/site-packages/airflow/example_dags/example_nested_branch_dag.py for tasks to queue
[2022-10-05 15:23:36,604] {logging_mixin.py:115} INFO - [2022-10-05 15:23:36,604] {dagbag.py:507} INFO - Filling up the DagBag from /home/airflow/.local/lib/python3.7/site-packages/airflow/example_dags/example_nested_branch_dag.py
[2022-10-05 15:23:36,641] {processor.py:651} INFO - DAG(s) dict_keys(['example_nested_branch_dag']) retrieved from /home/airflow/.local/lib/python3.7/site-packages/airflow/example_dags/example_nested_branch_dag.py
[2022-10-05 15:23:36,761] {logging_mixin.py:115} INFO - [2022-10-05 15:23:36,761] {dag.py:2379} INFO - Sync 1 DAGs
[2022-10-05 15:23:37,276] {logging_mixin.py:115} INFO - [2022-10-05 15:23:37,276] {dag.py:2931} INFO - Setting next_dagrun for example_nested_branch_dag to 2022-10-04T00:00:00+00:00, run_after=2022-10-05T00:00:00+00:00
[2022-10-05 15:23:37,307] {processor.py:161} INFO - Processing /home/airflow/.local/lib/python3.7/site-packages/airflow/example_dags/example_nested_branch_dag.py took 0.724 seconds
[2022-10-05 15:24:07,773] {processor.py:153} INFO - Started process (PID=666) to work on /home/airflow/.local/lib/python3.7/site-packages/airflow/example_dags/example_nested_branch_dag.py
[2022-10-05 15:24:07,776] {processor.py:641} INFO - Processing file /home/airflow/.local/lib/python3.7/site-packages/airflow/example_dags/example_nested_branch_dag.py for tasks to queue
[2022-10-05 15:24:07,779] {logging_mixin.py:115} INFO - [2022-10-05 15:24:07,779] {dagbag.py:507} INFO - Filling up the DagBag from /home/airflow/.local/lib/python3.7/site-packages/airflow/example_dags/example_nested_branch_dag.py
[2022-10-05 15:24:07,807] {processor.py:651} INFO - DAG(s) dict_keys(['example_nested_branch_dag']) retrieved from /home/airflow/.local/lib/python3.7/site-packages/airflow/example_dags/example_nested_branch_dag.py
[2022-10-05 15:24:07,871] {logging_mixin.py:115} INFO - [2022-10-05 15:24:07,871] {dag.py:2379} INFO - Sync 1 DAGs
[2022-10-05 15:24:08,121] {logging_mixin.py:115} INFO - [2022-10-05 15:24:08,121] {dag.py:2931} INFO - Setting next_dagrun for example_nested_branch_dag to 2022-10-04T00:00:00+00:00, run_after=2022-10-05T00:00:00+00:00
[2022-10-05 15:24:08,143] {processor.py:161} INFO - Processing /home/airflow/.local/lib/python3.7/site-packages/airflow/example_dags/example_nested_branch_dag.py took 0.381 seconds
[2022-10-05 15:24:38,742] {processor.py:153} INFO - Started process (PID=730) to work on /home/airflow/.local/lib/python3.7/site-packages/airflow/example_dags/example_nested_branch_dag.py
[2022-10-05 15:24:38,744] {processor.py:641} INFO - Processing file /home/airflow/.local/lib/python3.7/site-packages/airflow/example_dags/example_nested_branch_dag.py for tasks to queue
[2022-10-05 15:24:38,746] {logging_mixin.py:115} INFO - [2022-10-05 15:24:38,746] {dagbag.py:507} INFO - Filling up the DagBag from /home/airflow/.local/lib/python3.7/site-packages/airflow/example_dags/example_nested_branch_dag.py
[2022-10-05 15:24:38,762] {processor.py:651} INFO - DAG(s) dict_keys(['example_nested_branch_dag']) retrieved from /home/airflow/.local/lib/python3.7/site-packages/airflow/example_dags/example_nested_branch_dag.py
[2022-10-05 15:24:38,808] {logging_mixin.py:115} INFO - [2022-10-05 15:24:38,808] {dag.py:2379} INFO - Sync 1 DAGs
[2022-10-05 15:24:39,000] {logging_mixin.py:115} INFO - [2022-10-05 15:24:39,000] {dag.py:2931} INFO - Setting next_dagrun for example_nested_branch_dag to 2022-10-04T00:00:00+00:00, run_after=2022-10-05T00:00:00+00:00
[2022-10-05 15:24:39,018] {processor.py:161} INFO - Processing /home/airflow/.local/lib/python3.7/site-packages/airflow/example_dags/example_nested_branch_dag.py took 0.281 seconds
[2022-10-05 15:25:09,552] {processor.py:153} INFO - Started process (PID=786) to work on /home/airflow/.local/lib/python3.7/site-packages/airflow/example_dags/example_nested_branch_dag.py
[2022-10-05 15:25:09,554] {processor.py:641} INFO - Processing file /home/airflow/.local/lib/python3.7/site-packages/airflow/example_dags/example_nested_branch_dag.py for tasks to queue
[2022-10-05 15:25:09,556] {logging_mixin.py:115} INFO - [2022-10-05 15:25:09,556] {dagbag.py:507} INFO - Filling up the DagBag from /home/airflow/.local/lib/python3.7/site-packages/airflow/example_dags/example_nested_branch_dag.py
[2022-10-05 15:25:09,576] {processor.py:651} INFO - DAG(s) dict_keys(['example_nested_branch_dag']) retrieved from /home/airflow/.local/lib/python3.7/site-packages/airflow/example_dags/example_nested_branch_dag.py
[2022-10-05 15:25:09,630] {logging_mixin.py:115} INFO - [2022-10-05 15:25:09,630] {dag.py:2379} INFO - Sync 1 DAGs
[2022-10-05 15:25:09,894] {logging_mixin.py:115} INFO - [2022-10-05 15:25:09,894] {dag.py:2931} INFO - Setting next_dagrun for example_nested_branch_dag to 2022-10-04T00:00:00+00:00, run_after=2022-10-05T00:00:00+00:00
[2022-10-05 15:25:09,933] {processor.py:161} INFO - Processing /home/airflow/.local/lib/python3.7/site-packages/airflow/example_dags/example_nested_branch_dag.py took 0.388 seconds
[2022-10-05 15:25:40,545] {processor.py:153} INFO - Started process (PID=850) to work on /home/airflow/.local/lib/python3.7/site-packages/airflow/example_dags/example_nested_branch_dag.py
[2022-10-05 15:25:40,551] {processor.py:641} INFO - Processing file /home/airflow/.local/lib/python3.7/site-packages/airflow/example_dags/example_nested_branch_dag.py for tasks to queue
[2022-10-05 15:25:40,558] {logging_mixin.py:115} INFO - [2022-10-05 15:25:40,558] {dagbag.py:507} INFO - Filling up the DagBag from /home/airflow/.local/lib/python3.7/site-packages/airflow/example_dags/example_nested_branch_dag.py
[2022-10-05 15:25:40,631] {processor.py:651} INFO - DAG(s) dict_keys(['example_nested_branch_dag']) retrieved from /home/airflow/.local/lib/python3.7/site-packages/airflow/example_dags/example_nested_branch_dag.py
[2022-10-05 15:25:40,758] {logging_mixin.py:115} INFO - [2022-10-05 15:25:40,757] {dag.py:2379} INFO - Sync 1 DAGs
[2022-10-05 15:25:41,069] {logging_mixin.py:115} INFO - [2022-10-05 15:25:41,069] {dag.py:2931} INFO - Setting next_dagrun for example_nested_branch_dag to 2022-10-04T00:00:00+00:00, run_after=2022-10-05T00:00:00+00:00
[2022-10-05 15:25:41,117] {processor.py:161} INFO - Processing /home/airflow/.local/lib/python3.7/site-packages/airflow/example_dags/example_nested_branch_dag.py took 0.590 seconds
[2022-10-05 15:26:11,258] {processor.py:153} INFO - Started process (PID=904) to work on /home/airflow/.local/lib/python3.7/site-packages/airflow/example_dags/example_nested_branch_dag.py
[2022-10-05 15:26:11,260] {processor.py:641} INFO - Processing file /home/airflow/.local/lib/python3.7/site-packages/airflow/example_dags/example_nested_branch_dag.py for tasks to queue
[2022-10-05 15:26:11,262] {logging_mixin.py:115} INFO - [2022-10-05 15:26:11,261] {dagbag.py:507} INFO - Filling up the DagBag from /home/airflow/.local/lib/python3.7/site-packages/airflow/example_dags/example_nested_branch_dag.py
[2022-10-05 15:26:11,278] {processor.py:651} INFO - DAG(s) dict_keys(['example_nested_branch_dag']) retrieved from /home/airflow/.local/lib/python3.7/site-packages/airflow/example_dags/example_nested_branch_dag.py
[2022-10-05 15:26:11,321] {logging_mixin.py:115} INFO - [2022-10-05 15:26:11,321] {dag.py:2379} INFO - Sync 1 DAGs
[2022-10-05 15:26:11,518] {logging_mixin.py:115} INFO - [2022-10-05 15:26:11,518] {dag.py:2931} INFO - Setting next_dagrun for example_nested_branch_dag to 2022-10-04T00:00:00+00:00, run_after=2022-10-05T00:00:00+00:00
[2022-10-05 15:26:11,534] {processor.py:161} INFO - Processing /home/airflow/.local/lib/python3.7/site-packages/airflow/example_dags/example_nested_branch_dag.py took 0.282 seconds
[2022-10-05 15:26:42,378] {processor.py:153} INFO - Started process (PID=968) to work on /home/airflow/.local/lib/python3.7/site-packages/airflow/example_dags/example_nested_branch_dag.py
[2022-10-05 15:26:42,380] {processor.py:641} INFO - Processing file /home/airflow/.local/lib/python3.7/site-packages/airflow/example_dags/example_nested_branch_dag.py for tasks to queue
[2022-10-05 15:26:42,383] {logging_mixin.py:115} INFO - [2022-10-05 15:26:42,382] {dagbag.py:507} INFO - Filling up the DagBag from /home/airflow/.local/lib/python3.7/site-packages/airflow/example_dags/example_nested_branch_dag.py
[2022-10-05 15:26:42,405] {processor.py:651} INFO - DAG(s) dict_keys(['example_nested_branch_dag']) retrieved from /home/airflow/.local/lib/python3.7/site-packages/airflow/example_dags/example_nested_branch_dag.py
[2022-10-05 15:26:42,456] {logging_mixin.py:115} INFO - [2022-10-05 15:26:42,456] {dag.py:2379} INFO - Sync 1 DAGs
[2022-10-05 15:26:42,657] {logging_mixin.py:115} INFO - [2022-10-05 15:26:42,656] {dag.py:2931} INFO - Setting next_dagrun for example_nested_branch_dag to 2022-10-04T00:00:00+00:00, run_after=2022-10-05T00:00:00+00:00
[2022-10-05 15:26:42,673] {processor.py:161} INFO - Processing /home/airflow/.local/lib/python3.7/site-packages/airflow/example_dags/example_nested_branch_dag.py took 0.302 seconds
[2022-10-05 15:27:12,925] {processor.py:153} INFO - Started process (PID=1022) to work on /home/airflow/.local/lib/python3.7/site-packages/airflow/example_dags/example_nested_branch_dag.py
[2022-10-05 15:27:12,927] {processor.py:641} INFO - Processing file /home/airflow/.local/lib/python3.7/site-packages/airflow/example_dags/example_nested_branch_dag.py for tasks to queue
[2022-10-05 15:27:12,929] {logging_mixin.py:115} INFO - [2022-10-05 15:27:12,928] {dagbag.py:507} INFO - Filling up the DagBag from /home/airflow/.local/lib/python3.7/site-packages/airflow/example_dags/example_nested_branch_dag.py
[2022-10-05 15:27:12,944] {processor.py:651} INFO - DAG(s) dict_keys(['example_nested_branch_dag']) retrieved from /home/airflow/.local/lib/python3.7/site-packages/airflow/example_dags/example_nested_branch_dag.py
[2022-10-05 15:27:12,989] {logging_mixin.py:115} INFO - [2022-10-05 15:27:12,989] {dag.py:2379} INFO - Sync 1 DAGs
[2022-10-05 15:27:13,188] {logging_mixin.py:115} INFO - [2022-10-05 15:27:13,188] {dag.py:2931} INFO - Setting next_dagrun for example_nested_branch_dag to 2022-10-04T00:00:00+00:00, run_after=2022-10-05T00:00:00+00:00
[2022-10-05 15:27:13,216] {processor.py:161} INFO - Processing /home/airflow/.local/lib/python3.7/site-packages/airflow/example_dags/example_nested_branch_dag.py took 0.296 seconds
[2022-10-05 15:27:43,688] {processor.py:153} INFO - Started process (PID=1087) to work on /home/airflow/.local/lib/python3.7/site-packages/airflow/example_dags/example_nested_branch_dag.py
[2022-10-05 15:27:43,690] {processor.py:641} INFO - Processing file /home/airflow/.local/lib/python3.7/site-packages/airflow/example_dags/example_nested_branch_dag.py for tasks to queue
[2022-10-05 15:27:43,692] {logging_mixin.py:115} INFO - [2022-10-05 15:27:43,692] {dagbag.py:507} INFO - Filling up the DagBag from /home/airflow/.local/lib/python3.7/site-packages/airflow/example_dags/example_nested_branch_dag.py
[2022-10-05 15:27:43,708] {processor.py:651} INFO - DAG(s) dict_keys(['example_nested_branch_dag']) retrieved from /home/airflow/.local/lib/python3.7/site-packages/airflow/example_dags/example_nested_branch_dag.py
[2022-10-05 15:27:43,754] {logging_mixin.py:115} INFO - [2022-10-05 15:27:43,754] {dag.py:2379} INFO - Sync 1 DAGs
[2022-10-05 15:27:43,949] {logging_mixin.py:115} INFO - [2022-10-05 15:27:43,949] {dag.py:2931} INFO - Setting next_dagrun for example_nested_branch_dag to 2022-10-04T00:00:00+00:00, run_after=2022-10-05T00:00:00+00:00
[2022-10-05 15:27:43,966] {processor.py:161} INFO - Processing /home/airflow/.local/lib/python3.7/site-packages/airflow/example_dags/example_nested_branch_dag.py took 0.283 seconds
[2022-10-05 15:28:14,480] {processor.py:153} INFO - Started process (PID=1153) to work on /home/airflow/.local/lib/python3.7/site-packages/airflow/example_dags/example_nested_branch_dag.py
[2022-10-05 15:28:14,484] {processor.py:641} INFO - Processing file /home/airflow/.local/lib/python3.7/site-packages/airflow/example_dags/example_nested_branch_dag.py for tasks to queue
[2022-10-05 15:28:14,489] {logging_mixin.py:115} INFO - [2022-10-05 15:28:14,488] {dagbag.py:507} INFO - Filling up the DagBag from /home/airflow/.local/lib/python3.7/site-packages/airflow/example_dags/example_nested_branch_dag.py
[2022-10-05 15:28:14,527] {processor.py:651} INFO - DAG(s) dict_keys(['example_nested_branch_dag']) retrieved from /home/airflow/.local/lib/python3.7/site-packages/airflow/example_dags/example_nested_branch_dag.py
[2022-10-05 15:28:14,625] {logging_mixin.py:115} INFO - [2022-10-05 15:28:14,625] {dag.py:2379} INFO - Sync 1 DAGs
[2022-10-05 15:28:15,060] {logging_mixin.py:115} INFO - [2022-10-05 15:28:15,060] {dag.py:2931} INFO - Setting next_dagrun for example_nested_branch_dag to 2022-10-04T00:00:00+00:00, run_after=2022-10-05T00:00:00+00:00
[2022-10-05 15:28:15,090] {processor.py:161} INFO - Processing /home/airflow/.local/lib/python3.7/site-packages/airflow/example_dags/example_nested_branch_dag.py took 0.626 seconds
[2022-10-05 15:28:45,195] {processor.py:153} INFO - Started process (PID=1209) to work on /home/airflow/.local/lib/python3.7/site-packages/airflow/example_dags/example_nested_branch_dag.py
[2022-10-05 15:28:45,203] {processor.py:641} INFO - Processing file /home/airflow/.local/lib/python3.7/site-packages/airflow/example_dags/example_nested_branch_dag.py for tasks to queue
[2022-10-05 15:28:45,205] {logging_mixin.py:115} INFO - [2022-10-05 15:28:45,205] {dagbag.py:507} INFO - Filling up the DagBag from /home/airflow/.local/lib/python3.7/site-packages/airflow/example_dags/example_nested_branch_dag.py
[2022-10-05 15:28:45,234] {processor.py:651} INFO - DAG(s) dict_keys(['example_nested_branch_dag']) retrieved from /home/airflow/.local/lib/python3.7/site-packages/airflow/example_dags/example_nested_branch_dag.py
[2022-10-05 15:28:45,306] {logging_mixin.py:115} INFO - [2022-10-05 15:28:45,306] {dag.py:2379} INFO - Sync 1 DAGs
[2022-10-05 15:28:45,641] {logging_mixin.py:115} INFO - [2022-10-05 15:28:45,641] {dag.py:2931} INFO - Setting next_dagrun for example_nested_branch_dag to 2022-10-04T00:00:00+00:00, run_after=2022-10-05T00:00:00+00:00
[2022-10-05 15:28:45,666] {processor.py:161} INFO - Processing /home/airflow/.local/lib/python3.7/site-packages/airflow/example_dags/example_nested_branch_dag.py took 0.480 seconds
[2022-10-05 15:29:16,122] {processor.py:153} INFO - Started process (PID=1265) to work on /home/airflow/.local/lib/python3.7/site-packages/airflow/example_dags/example_nested_branch_dag.py
[2022-10-05 15:29:16,125] {processor.py:641} INFO - Processing file /home/airflow/.local/lib/python3.7/site-packages/airflow/example_dags/example_nested_branch_dag.py for tasks to queue
[2022-10-05 15:29:16,127] {logging_mixin.py:115} INFO - [2022-10-05 15:29:16,127] {dagbag.py:507} INFO - Filling up the DagBag from /home/airflow/.local/lib/python3.7/site-packages/airflow/example_dags/example_nested_branch_dag.py
[2022-10-05 15:29:16,151] {processor.py:651} INFO - DAG(s) dict_keys(['example_nested_branch_dag']) retrieved from /home/airflow/.local/lib/python3.7/site-packages/airflow/example_dags/example_nested_branch_dag.py
[2022-10-05 15:29:16,219] {logging_mixin.py:115} INFO - [2022-10-05 15:29:16,218] {dag.py:2379} INFO - Sync 1 DAGs
[2022-10-05 15:29:16,507] {logging_mixin.py:115} INFO - [2022-10-05 15:29:16,507] {dag.py:2931} INFO - Setting next_dagrun for example_nested_branch_dag to 2022-10-04T00:00:00+00:00, run_after=2022-10-05T00:00:00+00:00
[2022-10-05 15:29:16,531] {processor.py:161} INFO - Processing /home/airflow/.local/lib/python3.7/site-packages/airflow/example_dags/example_nested_branch_dag.py took 0.416 seconds
[2022-10-05 15:29:47,032] {processor.py:153} INFO - Started process (PID=1330) to work on /home/airflow/.local/lib/python3.7/site-packages/airflow/example_dags/example_nested_branch_dag.py
[2022-10-05 15:29:47,034] {processor.py:641} INFO - Processing file /home/airflow/.local/lib/python3.7/site-packages/airflow/example_dags/example_nested_branch_dag.py for tasks to queue
[2022-10-05 15:29:47,036] {logging_mixin.py:115} INFO - [2022-10-05 15:29:47,036] {dagbag.py:507} INFO - Filling up the DagBag from /home/airflow/.local/lib/python3.7/site-packages/airflow/example_dags/example_nested_branch_dag.py
[2022-10-05 15:29:47,056] {processor.py:651} INFO - DAG(s) dict_keys(['example_nested_branch_dag']) retrieved from /home/airflow/.local/lib/python3.7/site-packages/airflow/example_dags/example_nested_branch_dag.py
[2022-10-05 15:29:47,101] {logging_mixin.py:115} INFO - [2022-10-05 15:29:47,101] {dag.py:2379} INFO - Sync 1 DAGs
[2022-10-05 15:29:47,297] {logging_mixin.py:115} INFO - [2022-10-05 15:29:47,296] {dag.py:2931} INFO - Setting next_dagrun for example_nested_branch_dag to 2022-10-04T00:00:00+00:00, run_after=2022-10-05T00:00:00+00:00
[2022-10-05 15:29:47,319] {processor.py:161} INFO - Processing /home/airflow/.local/lib/python3.7/site-packages/airflow/example_dags/example_nested_branch_dag.py took 0.292 seconds
[2022-10-05 15:30:17,857] {processor.py:153} INFO - Started process (PID=1386) to work on /home/airflow/.local/lib/python3.7/site-packages/airflow/example_dags/example_nested_branch_dag.py
[2022-10-05 15:30:17,860] {processor.py:641} INFO - Processing file /home/airflow/.local/lib/python3.7/site-packages/airflow/example_dags/example_nested_branch_dag.py for tasks to queue
[2022-10-05 15:30:17,862] {logging_mixin.py:115} INFO - [2022-10-05 15:30:17,862] {dagbag.py:507} INFO - Filling up the DagBag from /home/airflow/.local/lib/python3.7/site-packages/airflow/example_dags/example_nested_branch_dag.py
[2022-10-05 15:30:17,880] {processor.py:651} INFO - DAG(s) dict_keys(['example_nested_branch_dag']) retrieved from /home/airflow/.local/lib/python3.7/site-packages/airflow/example_dags/example_nested_branch_dag.py
[2022-10-05 15:30:17,923] {logging_mixin.py:115} INFO - [2022-10-05 15:30:17,923] {dag.py:2379} INFO - Sync 1 DAGs
[2022-10-05 15:30:18,119] {logging_mixin.py:115} INFO - [2022-10-05 15:30:18,119] {dag.py:2931} INFO - Setting next_dagrun for example_nested_branch_dag to 2022-10-04T00:00:00+00:00, run_after=2022-10-05T00:00:00+00:00
[2022-10-05 15:30:18,134] {processor.py:161} INFO - Processing /home/airflow/.local/lib/python3.7/site-packages/airflow/example_dags/example_nested_branch_dag.py took 0.281 seconds
[2022-10-05 15:30:48,532] {processor.py:153} INFO - Started process (PID=1451) to work on /home/airflow/.local/lib/python3.7/site-packages/airflow/example_dags/example_nested_branch_dag.py
[2022-10-05 15:30:48,535] {processor.py:641} INFO - Processing file /home/airflow/.local/lib/python3.7/site-packages/airflow/example_dags/example_nested_branch_dag.py for tasks to queue
[2022-10-05 15:30:48,537] {logging_mixin.py:115} INFO - [2022-10-05 15:30:48,537] {dagbag.py:507} INFO - Filling up the DagBag from /home/airflow/.local/lib/python3.7/site-packages/airflow/example_dags/example_nested_branch_dag.py
[2022-10-05 15:30:48,562] {processor.py:651} INFO - DAG(s) dict_keys(['example_nested_branch_dag']) retrieved from /home/airflow/.local/lib/python3.7/site-packages/airflow/example_dags/example_nested_branch_dag.py
[2022-10-05 15:30:48,617] {logging_mixin.py:115} INFO - [2022-10-05 15:30:48,617] {dag.py:2379} INFO - Sync 1 DAGs
[2022-10-05 15:30:48,827] {logging_mixin.py:115} INFO - [2022-10-05 15:30:48,826] {dag.py:2931} INFO - Setting next_dagrun for example_nested_branch_dag to 2022-10-04T00:00:00+00:00, run_after=2022-10-05T00:00:00+00:00
[2022-10-05 15:30:48,844] {processor.py:161} INFO - Processing /home/airflow/.local/lib/python3.7/site-packages/airflow/example_dags/example_nested_branch_dag.py took 0.323 seconds
[2022-10-05 15:31:19,419] {processor.py:153} INFO - Started process (PID=1506) to work on /home/airflow/.local/lib/python3.7/site-packages/airflow/example_dags/example_nested_branch_dag.py
[2022-10-05 15:31:19,426] {processor.py:641} INFO - Processing file /home/airflow/.local/lib/python3.7/site-packages/airflow/example_dags/example_nested_branch_dag.py for tasks to queue
[2022-10-05 15:31:19,431] {logging_mixin.py:115} INFO - [2022-10-05 15:31:19,431] {dagbag.py:507} INFO - Filling up the DagBag from /home/airflow/.local/lib/python3.7/site-packages/airflow/example_dags/example_nested_branch_dag.py
[2022-10-05 15:31:19,466] {processor.py:651} INFO - DAG(s) dict_keys(['example_nested_branch_dag']) retrieved from /home/airflow/.local/lib/python3.7/site-packages/airflow/example_dags/example_nested_branch_dag.py
[2022-10-05 15:31:19,552] {logging_mixin.py:115} INFO - [2022-10-05 15:31:19,552] {dag.py:2379} INFO - Sync 1 DAGs
[2022-10-05 15:31:19,882] {logging_mixin.py:115} INFO - [2022-10-05 15:31:19,882] {dag.py:2931} INFO - Setting next_dagrun for example_nested_branch_dag to 2022-10-04T00:00:00+00:00, run_after=2022-10-05T00:00:00+00:00
[2022-10-05 15:31:19,911] {processor.py:161} INFO - Processing /home/airflow/.local/lib/python3.7/site-packages/airflow/example_dags/example_nested_branch_dag.py took 0.507 seconds
[2022-10-05 15:31:51,570] {processor.py:153} INFO - Started process (PID=1562) to work on /home/airflow/.local/lib/python3.7/site-packages/airflow/example_dags/example_nested_branch_dag.py
[2022-10-05 15:31:51,583] {processor.py:641} INFO - Processing file /home/airflow/.local/lib/python3.7/site-packages/airflow/example_dags/example_nested_branch_dag.py for tasks to queue
[2022-10-05 15:31:51,589] {logging_mixin.py:115} INFO - [2022-10-05 15:31:51,589] {dagbag.py:507} INFO - Filling up the DagBag from /home/airflow/.local/lib/python3.7/site-packages/airflow/example_dags/example_nested_branch_dag.py
[2022-10-05 15:31:51,662] {processor.py:651} INFO - DAG(s) dict_keys(['example_nested_branch_dag']) retrieved from /home/airflow/.local/lib/python3.7/site-packages/airflow/example_dags/example_nested_branch_dag.py
[2022-10-05 15:31:51,820] {logging_mixin.py:115} INFO - [2022-10-05 15:31:51,819] {dag.py:2379} INFO - Sync 1 DAGs
[2022-10-05 15:31:52,424] {logging_mixin.py:115} INFO - [2022-10-05 15:31:52,423] {dag.py:2931} INFO - Setting next_dagrun for example_nested_branch_dag to 2022-10-04T00:00:00+00:00, run_after=2022-10-05T00:00:00+00:00
[2022-10-05 15:31:52,468] {processor.py:161} INFO - Processing /home/airflow/.local/lib/python3.7/site-packages/airflow/example_dags/example_nested_branch_dag.py took 0.917 seconds
[2022-10-05 15:32:23,242] {processor.py:153} INFO - Started process (PID=1618) to work on /home/airflow/.local/lib/python3.7/site-packages/airflow/example_dags/example_nested_branch_dag.py
[2022-10-05 15:32:23,244] {processor.py:641} INFO - Processing file /home/airflow/.local/lib/python3.7/site-packages/airflow/example_dags/example_nested_branch_dag.py for tasks to queue
[2022-10-05 15:32:23,246] {logging_mixin.py:115} INFO - [2022-10-05 15:32:23,246] {dagbag.py:507} INFO - Filling up the DagBag from /home/airflow/.local/lib/python3.7/site-packages/airflow/example_dags/example_nested_branch_dag.py
[2022-10-05 15:32:23,264] {processor.py:651} INFO - DAG(s) dict_keys(['example_nested_branch_dag']) retrieved from /home/airflow/.local/lib/python3.7/site-packages/airflow/example_dags/example_nested_branch_dag.py
[2022-10-05 15:32:23,311] {logging_mixin.py:115} INFO - [2022-10-05 15:32:23,311] {dag.py:2379} INFO - Sync 1 DAGs
[2022-10-05 15:32:23,524] {logging_mixin.py:115} INFO - [2022-10-05 15:32:23,524] {dag.py:2931} INFO - Setting next_dagrun for example_nested_branch_dag to 2022-10-04T00:00:00+00:00, run_after=2022-10-05T00:00:00+00:00
[2022-10-05 15:32:23,541] {processor.py:161} INFO - Processing /home/airflow/.local/lib/python3.7/site-packages/airflow/example_dags/example_nested_branch_dag.py took 0.304 seconds
[2022-10-05 15:32:54,205] {processor.py:153} INFO - Started process (PID=1684) to work on /home/airflow/.local/lib/python3.7/site-packages/airflow/example_dags/example_nested_branch_dag.py
[2022-10-05 15:32:54,207] {processor.py:641} INFO - Processing file /home/airflow/.local/lib/python3.7/site-packages/airflow/example_dags/example_nested_branch_dag.py for tasks to queue
[2022-10-05 15:32:54,209] {logging_mixin.py:115} INFO - [2022-10-05 15:32:54,209] {dagbag.py:507} INFO - Filling up the DagBag from /home/airflow/.local/lib/python3.7/site-packages/airflow/example_dags/example_nested_branch_dag.py
[2022-10-05 15:32:54,223] {processor.py:651} INFO - DAG(s) dict_keys(['example_nested_branch_dag']) retrieved from /home/airflow/.local/lib/python3.7/site-packages/airflow/example_dags/example_nested_branch_dag.py
[2022-10-05 15:32:54,264] {logging_mixin.py:115} INFO - [2022-10-05 15:32:54,264] {dag.py:2379} INFO - Sync 1 DAGs
[2022-10-05 15:32:54,441] {logging_mixin.py:115} INFO - [2022-10-05 15:32:54,441] {dag.py:2931} INFO - Setting next_dagrun for example_nested_branch_dag to 2022-10-04T00:00:00+00:00, run_after=2022-10-05T00:00:00+00:00
[2022-10-05 15:32:54,456] {processor.py:161} INFO - Processing /home/airflow/.local/lib/python3.7/site-packages/airflow/example_dags/example_nested_branch_dag.py took 0.255 seconds
[2022-10-05 15:33:24,803] {processor.py:153} INFO - Started process (PID=1741) to work on /home/airflow/.local/lib/python3.7/site-packages/airflow/example_dags/example_nested_branch_dag.py
[2022-10-05 15:33:24,805] {processor.py:641} INFO - Processing file /home/airflow/.local/lib/python3.7/site-packages/airflow/example_dags/example_nested_branch_dag.py for tasks to queue
[2022-10-05 15:33:24,807] {logging_mixin.py:115} INFO - [2022-10-05 15:33:24,806] {dagbag.py:507} INFO - Filling up the DagBag from /home/airflow/.local/lib/python3.7/site-packages/airflow/example_dags/example_nested_branch_dag.py
[2022-10-05 15:33:24,824] {processor.py:651} INFO - DAG(s) dict_keys(['example_nested_branch_dag']) retrieved from /home/airflow/.local/lib/python3.7/site-packages/airflow/example_dags/example_nested_branch_dag.py
[2022-10-05 15:33:24,871] {logging_mixin.py:115} INFO - [2022-10-05 15:33:24,871] {dag.py:2379} INFO - Sync 1 DAGs
[2022-10-05 15:33:25,078] {logging_mixin.py:115} INFO - [2022-10-05 15:33:25,077] {dag.py:2931} INFO - Setting next_dagrun for example_nested_branch_dag to 2022-10-04T00:00:00+00:00, run_after=2022-10-05T00:00:00+00:00
[2022-10-05 15:33:25,100] {processor.py:161} INFO - Processing /home/airflow/.local/lib/python3.7/site-packages/airflow/example_dags/example_nested_branch_dag.py took 0.305 seconds
[2022-10-05 15:33:55,490] {processor.py:153} INFO - Started process (PID=1806) to work on /home/airflow/.local/lib/python3.7/site-packages/airflow/example_dags/example_nested_branch_dag.py
[2022-10-05 15:33:55,492] {processor.py:641} INFO - Processing file /home/airflow/.local/lib/python3.7/site-packages/airflow/example_dags/example_nested_branch_dag.py for tasks to queue
[2022-10-05 15:33:55,493] {logging_mixin.py:115} INFO - [2022-10-05 15:33:55,493] {dagbag.py:507} INFO - Filling up the DagBag from /home/airflow/.local/lib/python3.7/site-packages/airflow/example_dags/example_nested_branch_dag.py
[2022-10-05 15:33:55,509] {processor.py:651} INFO - DAG(s) dict_keys(['example_nested_branch_dag']) retrieved from /home/airflow/.local/lib/python3.7/site-packages/airflow/example_dags/example_nested_branch_dag.py
[2022-10-05 15:33:55,556] {logging_mixin.py:115} INFO - [2022-10-05 15:33:55,556] {dag.py:2379} INFO - Sync 1 DAGs
[2022-10-05 15:33:55,771] {logging_mixin.py:115} INFO - [2022-10-05 15:33:55,771] {dag.py:2931} INFO - Setting next_dagrun for example_nested_branch_dag to 2022-10-04T00:00:00+00:00, run_after=2022-10-05T00:00:00+00:00
[2022-10-05 15:33:55,794] {processor.py:161} INFO - Processing /home/airflow/.local/lib/python3.7/site-packages/airflow/example_dags/example_nested_branch_dag.py took 0.309 seconds
[2022-10-05 15:34:26,177] {processor.py:153} INFO - Started process (PID=1862) to work on /home/airflow/.local/lib/python3.7/site-packages/airflow/example_dags/example_nested_branch_dag.py
[2022-10-05 15:34:26,179] {processor.py:641} INFO - Processing file /home/airflow/.local/lib/python3.7/site-packages/airflow/example_dags/example_nested_branch_dag.py for tasks to queue
[2022-10-05 15:34:26,183] {logging_mixin.py:115} INFO - [2022-10-05 15:34:26,182] {dagbag.py:507} INFO - Filling up the DagBag from /home/airflow/.local/lib/python3.7/site-packages/airflow/example_dags/example_nested_branch_dag.py
[2022-10-05 15:34:26,219] {processor.py:651} INFO - DAG(s) dict_keys(['example_nested_branch_dag']) retrieved from /home/airflow/.local/lib/python3.7/site-packages/airflow/example_dags/example_nested_branch_dag.py
[2022-10-05 15:34:26,267] {logging_mixin.py:115} INFO - [2022-10-05 15:34:26,267] {dag.py:2379} INFO - Sync 1 DAGs
[2022-10-05 15:34:26,467] {logging_mixin.py:115} INFO - [2022-10-05 15:34:26,467] {dag.py:2931} INFO - Setting next_dagrun for example_nested_branch_dag to 2022-10-04T00:00:00+00:00, run_after=2022-10-05T00:00:00+00:00
[2022-10-05 15:34:26,487] {processor.py:161} INFO - Processing /home/airflow/.local/lib/python3.7/site-packages/airflow/example_dags/example_nested_branch_dag.py took 0.317 seconds
[2022-10-05 15:34:56,956] {processor.py:153} INFO - Started process (PID=1926) to work on /home/airflow/.local/lib/python3.7/site-packages/airflow/example_dags/example_nested_branch_dag.py
[2022-10-05 15:34:56,958] {processor.py:641} INFO - Processing file /home/airflow/.local/lib/python3.7/site-packages/airflow/example_dags/example_nested_branch_dag.py for tasks to queue
[2022-10-05 15:34:56,959] {logging_mixin.py:115} INFO - [2022-10-05 15:34:56,959] {dagbag.py:507} INFO - Filling up the DagBag from /home/airflow/.local/lib/python3.7/site-packages/airflow/example_dags/example_nested_branch_dag.py
[2022-10-05 15:34:56,974] {processor.py:651} INFO - DAG(s) dict_keys(['example_nested_branch_dag']) retrieved from /home/airflow/.local/lib/python3.7/site-packages/airflow/example_dags/example_nested_branch_dag.py
[2022-10-05 15:34:57,017] {logging_mixin.py:115} INFO - [2022-10-05 15:34:57,017] {dag.py:2379} INFO - Sync 1 DAGs
[2022-10-05 15:34:57,190] {logging_mixin.py:115} INFO - [2022-10-05 15:34:57,190] {dag.py:2931} INFO - Setting next_dagrun for example_nested_branch_dag to 2022-10-04T00:00:00+00:00, run_after=2022-10-05T00:00:00+00:00
[2022-10-05 15:34:57,204] {processor.py:161} INFO - Processing /home/airflow/.local/lib/python3.7/site-packages/airflow/example_dags/example_nested_branch_dag.py took 0.253 seconds
[2022-10-05 15:35:27,762] {processor.py:153} INFO - Started process (PID=1989) to work on /home/airflow/.local/lib/python3.7/site-packages/airflow/example_dags/example_nested_branch_dag.py
[2022-10-05 15:35:27,764] {processor.py:641} INFO - Processing file /home/airflow/.local/lib/python3.7/site-packages/airflow/example_dags/example_nested_branch_dag.py for tasks to queue
[2022-10-05 15:35:27,766] {logging_mixin.py:115} INFO - [2022-10-05 15:35:27,766] {dagbag.py:507} INFO - Filling up the DagBag from /home/airflow/.local/lib/python3.7/site-packages/airflow/example_dags/example_nested_branch_dag.py
[2022-10-05 15:35:27,787] {processor.py:651} INFO - DAG(s) dict_keys(['example_nested_branch_dag']) retrieved from /home/airflow/.local/lib/python3.7/site-packages/airflow/example_dags/example_nested_branch_dag.py
[2022-10-05 15:35:27,837] {logging_mixin.py:115} INFO - [2022-10-05 15:35:27,837] {dag.py:2379} INFO - Sync 1 DAGs
[2022-10-05 15:35:28,121] {logging_mixin.py:115} INFO - [2022-10-05 15:35:28,121] {dag.py:2931} INFO - Setting next_dagrun for example_nested_branch_dag to 2022-10-04T00:00:00+00:00, run_after=2022-10-05T00:00:00+00:00
[2022-10-05 15:35:28,141] {processor.py:161} INFO - Processing /home/airflow/.local/lib/python3.7/site-packages/airflow/example_dags/example_nested_branch_dag.py took 0.386 seconds
[2022-10-05 15:51:17,950] {processor.py:153} INFO - Started process (PID=2039) to work on /home/airflow/.local/lib/python3.7/site-packages/airflow/example_dags/example_nested_branch_dag.py
[2022-10-05 15:51:17,952] {processor.py:641} INFO - Processing file /home/airflow/.local/lib/python3.7/site-packages/airflow/example_dags/example_nested_branch_dag.py for tasks to queue
[2022-10-05 15:51:17,954] {logging_mixin.py:115} INFO - [2022-10-05 15:51:17,954] {dagbag.py:507} INFO - Filling up the DagBag from /home/airflow/.local/lib/python3.7/site-packages/airflow/example_dags/example_nested_branch_dag.py
[2022-10-05 15:51:17,972] {processor.py:651} INFO - DAG(s) dict_keys(['example_nested_branch_dag']) retrieved from /home/airflow/.local/lib/python3.7/site-packages/airflow/example_dags/example_nested_branch_dag.py
[2022-10-05 15:51:18,036] {logging_mixin.py:115} INFO - [2022-10-05 15:51:18,035] {dag.py:2379} INFO - Sync 1 DAGs
[2022-10-05 15:51:18,124] {logging_mixin.py:115} INFO - [2022-10-05 15:51:18,124] {dag.py:2931} INFO - Setting next_dagrun for example_nested_branch_dag to 2022-10-04T00:00:00+00:00, run_after=2022-10-05T00:00:00+00:00
[2022-10-05 15:51:18,168] {processor.py:161} INFO - Processing /home/airflow/.local/lib/python3.7/site-packages/airflow/example_dags/example_nested_branch_dag.py took 0.223 seconds
[2022-10-05 15:51:48,524] {processor.py:153} INFO - Started process (PID=2095) to work on /home/airflow/.local/lib/python3.7/site-packages/airflow/example_dags/example_nested_branch_dag.py
[2022-10-05 15:51:48,526] {processor.py:641} INFO - Processing file /home/airflow/.local/lib/python3.7/site-packages/airflow/example_dags/example_nested_branch_dag.py for tasks to queue
[2022-10-05 15:51:48,528] {logging_mixin.py:115} INFO - [2022-10-05 15:51:48,528] {dagbag.py:507} INFO - Filling up the DagBag from /home/airflow/.local/lib/python3.7/site-packages/airflow/example_dags/example_nested_branch_dag.py
[2022-10-05 15:51:48,544] {processor.py:651} INFO - DAG(s) dict_keys(['example_nested_branch_dag']) retrieved from /home/airflow/.local/lib/python3.7/site-packages/airflow/example_dags/example_nested_branch_dag.py
[2022-10-05 15:51:48,578] {logging_mixin.py:115} INFO - [2022-10-05 15:51:48,578] {dag.py:2379} INFO - Sync 1 DAGs
[2022-10-05 15:51:48,602] {logging_mixin.py:115} INFO - [2022-10-05 15:51:48,601] {dag.py:2931} INFO - Setting next_dagrun for example_nested_branch_dag to 2022-10-04T00:00:00+00:00, run_after=2022-10-05T00:00:00+00:00
[2022-10-05 15:51:48,614] {processor.py:161} INFO - Processing /home/airflow/.local/lib/python3.7/site-packages/airflow/example_dags/example_nested_branch_dag.py took 0.093 seconds
[2022-10-05 15:52:19,043] {processor.py:153} INFO - Started process (PID=2160) to work on /home/airflow/.local/lib/python3.7/site-packages/airflow/example_dags/example_nested_branch_dag.py
[2022-10-05 15:52:19,045] {processor.py:641} INFO - Processing file /home/airflow/.local/lib/python3.7/site-packages/airflow/example_dags/example_nested_branch_dag.py for tasks to queue
[2022-10-05 15:52:19,047] {logging_mixin.py:115} INFO - [2022-10-05 15:52:19,046] {dagbag.py:507} INFO - Filling up the DagBag from /home/airflow/.local/lib/python3.7/site-packages/airflow/example_dags/example_nested_branch_dag.py
[2022-10-05 15:52:19,066] {processor.py:651} INFO - DAG(s) dict_keys(['example_nested_branch_dag']) retrieved from /home/airflow/.local/lib/python3.7/site-packages/airflow/example_dags/example_nested_branch_dag.py
[2022-10-05 15:52:19,106] {logging_mixin.py:115} INFO - [2022-10-05 15:52:19,106] {dag.py:2379} INFO - Sync 1 DAGs
[2022-10-05 15:52:19,130] {logging_mixin.py:115} INFO - [2022-10-05 15:52:19,130] {dag.py:2931} INFO - Setting next_dagrun for example_nested_branch_dag to 2022-10-04T00:00:00+00:00, run_after=2022-10-05T00:00:00+00:00
[2022-10-05 15:52:19,161] {processor.py:161} INFO - Processing /home/airflow/.local/lib/python3.7/site-packages/airflow/example_dags/example_nested_branch_dag.py took 0.122 seconds
[2022-10-05 15:52:49,382] {processor.py:153} INFO - Started process (PID=2225) to work on /home/airflow/.local/lib/python3.7/site-packages/airflow/example_dags/example_nested_branch_dag.py
[2022-10-05 15:52:49,383] {processor.py:641} INFO - Processing file /home/airflow/.local/lib/python3.7/site-packages/airflow/example_dags/example_nested_branch_dag.py for tasks to queue
[2022-10-05 15:52:49,384] {logging_mixin.py:115} INFO - [2022-10-05 15:52:49,384] {dagbag.py:507} INFO - Filling up the DagBag from /home/airflow/.local/lib/python3.7/site-packages/airflow/example_dags/example_nested_branch_dag.py
[2022-10-05 15:52:49,416] {processor.py:651} INFO - DAG(s) dict_keys(['example_nested_branch_dag']) retrieved from /home/airflow/.local/lib/python3.7/site-packages/airflow/example_dags/example_nested_branch_dag.py
[2022-10-05 15:52:49,467] {logging_mixin.py:115} INFO - [2022-10-05 15:52:49,467] {dag.py:2379} INFO - Sync 1 DAGs
[2022-10-05 15:52:49,499] {logging_mixin.py:115} INFO - [2022-10-05 15:52:49,499] {dag.py:2931} INFO - Setting next_dagrun for example_nested_branch_dag to 2022-10-04T00:00:00+00:00, run_after=2022-10-05T00:00:00+00:00
[2022-10-05 15:52:49,512] {processor.py:161} INFO - Processing /home/airflow/.local/lib/python3.7/site-packages/airflow/example_dags/example_nested_branch_dag.py took 0.136 seconds
[2022-10-05 15:53:19,767] {processor.py:153} INFO - Started process (PID=2281) to work on /home/airflow/.local/lib/python3.7/site-packages/airflow/example_dags/example_nested_branch_dag.py
[2022-10-05 15:53:19,768] {processor.py:641} INFO - Processing file /home/airflow/.local/lib/python3.7/site-packages/airflow/example_dags/example_nested_branch_dag.py for tasks to queue
[2022-10-05 15:53:19,770] {logging_mixin.py:115} INFO - [2022-10-05 15:53:19,770] {dagbag.py:507} INFO - Filling up the DagBag from /home/airflow/.local/lib/python3.7/site-packages/airflow/example_dags/example_nested_branch_dag.py
[2022-10-05 15:53:19,786] {processor.py:651} INFO - DAG(s) dict_keys(['example_nested_branch_dag']) retrieved from /home/airflow/.local/lib/python3.7/site-packages/airflow/example_dags/example_nested_branch_dag.py
[2022-10-05 15:53:19,816] {logging_mixin.py:115} INFO - [2022-10-05 15:53:19,816] {dag.py:2379} INFO - Sync 1 DAGs
[2022-10-05 15:53:19,844] {logging_mixin.py:115} INFO - [2022-10-05 15:53:19,844] {dag.py:2931} INFO - Setting next_dagrun for example_nested_branch_dag to 2022-10-04T00:00:00+00:00, run_after=2022-10-05T00:00:00+00:00
[2022-10-05 15:53:19,862] {processor.py:161} INFO - Processing /home/airflow/.local/lib/python3.7/site-packages/airflow/example_dags/example_nested_branch_dag.py took 0.101 seconds
[2022-10-05 15:53:50,246] {processor.py:153} INFO - Started process (PID=2346) to work on /home/airflow/.local/lib/python3.7/site-packages/airflow/example_dags/example_nested_branch_dag.py
[2022-10-05 15:53:50,248] {processor.py:641} INFO - Processing file /home/airflow/.local/lib/python3.7/site-packages/airflow/example_dags/example_nested_branch_dag.py for tasks to queue
[2022-10-05 15:53:50,250] {logging_mixin.py:115} INFO - [2022-10-05 15:53:50,250] {dagbag.py:507} INFO - Filling up the DagBag from /home/airflow/.local/lib/python3.7/site-packages/airflow/example_dags/example_nested_branch_dag.py
[2022-10-05 15:53:50,265] {processor.py:651} INFO - DAG(s) dict_keys(['example_nested_branch_dag']) retrieved from /home/airflow/.local/lib/python3.7/site-packages/airflow/example_dags/example_nested_branch_dag.py
[2022-10-05 15:53:50,302] {logging_mixin.py:115} INFO - [2022-10-05 15:53:50,301] {dag.py:2379} INFO - Sync 1 DAGs
[2022-10-05 15:53:50,326] {logging_mixin.py:115} INFO - [2022-10-05 15:53:50,326] {dag.py:2931} INFO - Setting next_dagrun for example_nested_branch_dag to 2022-10-04T00:00:00+00:00, run_after=2022-10-05T00:00:00+00:00
[2022-10-05 15:53:50,339] {processor.py:161} INFO - Processing /home/airflow/.local/lib/python3.7/site-packages/airflow/example_dags/example_nested_branch_dag.py took 0.097 seconds
[2022-10-05 16:01:51,430] {processor.py:153} INFO - Started process (PID=2379) to work on /home/airflow/.local/lib/python3.7/site-packages/airflow/example_dags/example_nested_branch_dag.py
[2022-10-05 16:01:51,432] {processor.py:641} INFO - Processing file /home/airflow/.local/lib/python3.7/site-packages/airflow/example_dags/example_nested_branch_dag.py for tasks to queue
[2022-10-05 16:01:51,435] {logging_mixin.py:115} INFO - [2022-10-05 16:01:51,434] {dagbag.py:507} INFO - Filling up the DagBag from /home/airflow/.local/lib/python3.7/site-packages/airflow/example_dags/example_nested_branch_dag.py
[2022-10-05 16:01:51,463] {processor.py:651} INFO - DAG(s) dict_keys(['example_nested_branch_dag']) retrieved from /home/airflow/.local/lib/python3.7/site-packages/airflow/example_dags/example_nested_branch_dag.py
[2022-10-05 16:01:51,525] {logging_mixin.py:115} INFO - [2022-10-05 16:01:51,524] {dag.py:2379} INFO - Sync 1 DAGs
[2022-10-05 16:01:51,572] {logging_mixin.py:115} INFO - [2022-10-05 16:01:51,572] {dag.py:2931} INFO - Setting next_dagrun for example_nested_branch_dag to 2022-10-04T00:00:00+00:00, run_after=2022-10-05T00:00:00+00:00
[2022-10-05 16:01:51,591] {processor.py:161} INFO - Processing /home/airflow/.local/lib/python3.7/site-packages/airflow/example_dags/example_nested_branch_dag.py took 0.174 seconds
[2022-10-05 16:03:20,640] {processor.py:153} INFO - Started process (PID=2425) to work on /home/airflow/.local/lib/python3.7/site-packages/airflow/example_dags/example_nested_branch_dag.py
[2022-10-05 16:03:20,642] {processor.py:641} INFO - Processing file /home/airflow/.local/lib/python3.7/site-packages/airflow/example_dags/example_nested_branch_dag.py for tasks to queue
[2022-10-05 16:03:20,644] {logging_mixin.py:115} INFO - [2022-10-05 16:03:20,644] {dagbag.py:507} INFO - Filling up the DagBag from /home/airflow/.local/lib/python3.7/site-packages/airflow/example_dags/example_nested_branch_dag.py
[2022-10-05 16:03:20,673] {processor.py:651} INFO - DAG(s) dict_keys(['example_nested_branch_dag']) retrieved from /home/airflow/.local/lib/python3.7/site-packages/airflow/example_dags/example_nested_branch_dag.py
[2022-10-05 16:03:20,730] {logging_mixin.py:115} INFO - [2022-10-05 16:03:20,730] {dag.py:2379} INFO - Sync 1 DAGs
[2022-10-05 16:03:20,773] {logging_mixin.py:115} INFO - [2022-10-05 16:03:20,772] {dag.py:2931} INFO - Setting next_dagrun for example_nested_branch_dag to 2022-10-04T00:00:00+00:00, run_after=2022-10-05T00:00:00+00:00
[2022-10-05 16:03:20,802] {processor.py:161} INFO - Processing /home/airflow/.local/lib/python3.7/site-packages/airflow/example_dags/example_nested_branch_dag.py took 0.175 seconds
[2022-10-05 16:14:14,192] {processor.py:153} INFO - Started process (PID=2464) to work on /home/airflow/.local/lib/python3.7/site-packages/airflow/example_dags/example_nested_branch_dag.py
[2022-10-05 16:14:14,194] {processor.py:641} INFO - Processing file /home/airflow/.local/lib/python3.7/site-packages/airflow/example_dags/example_nested_branch_dag.py for tasks to queue
[2022-10-05 16:14:14,195] {logging_mixin.py:115} INFO - [2022-10-05 16:14:14,195] {dagbag.py:507} INFO - Filling up the DagBag from /home/airflow/.local/lib/python3.7/site-packages/airflow/example_dags/example_nested_branch_dag.py
[2022-10-05 16:14:14,208] {processor.py:651} INFO - DAG(s) dict_keys(['example_nested_branch_dag']) retrieved from /home/airflow/.local/lib/python3.7/site-packages/airflow/example_dags/example_nested_branch_dag.py
[2022-10-05 16:14:14,243] {logging_mixin.py:115} INFO - [2022-10-05 16:14:14,243] {dag.py:2379} INFO - Sync 1 DAGs
[2022-10-05 16:14:14,270] {logging_mixin.py:115} INFO - [2022-10-05 16:14:14,270] {dag.py:2931} INFO - Setting next_dagrun for example_nested_branch_dag to 2022-10-04T00:00:00+00:00, run_after=2022-10-05T00:00:00+00:00
[2022-10-05 16:14:14,289] {processor.py:161} INFO - Processing /home/airflow/.local/lib/python3.7/site-packages/airflow/example_dags/example_nested_branch_dag.py took 0.102 seconds
[2022-10-05 16:15:18,582] {processor.py:153} INFO - Started process (PID=2511) to work on /home/airflow/.local/lib/python3.7/site-packages/airflow/example_dags/example_nested_branch_dag.py
[2022-10-05 16:15:18,583] {processor.py:641} INFO - Processing file /home/airflow/.local/lib/python3.7/site-packages/airflow/example_dags/example_nested_branch_dag.py for tasks to queue
[2022-10-05 16:15:18,585] {logging_mixin.py:115} INFO - [2022-10-05 16:15:18,584] {dagbag.py:507} INFO - Filling up the DagBag from /home/airflow/.local/lib/python3.7/site-packages/airflow/example_dags/example_nested_branch_dag.py
[2022-10-05 16:15:18,603] {processor.py:651} INFO - DAG(s) dict_keys(['example_nested_branch_dag']) retrieved from /home/airflow/.local/lib/python3.7/site-packages/airflow/example_dags/example_nested_branch_dag.py
[2022-10-05 16:15:18,674] {logging_mixin.py:115} INFO - [2022-10-05 16:15:18,674] {dag.py:2379} INFO - Sync 1 DAGs
[2022-10-05 16:15:18,719] {logging_mixin.py:115} INFO - [2022-10-05 16:15:18,719] {dag.py:2931} INFO - Setting next_dagrun for example_nested_branch_dag to 2022-10-04T00:00:00+00:00, run_after=2022-10-05T00:00:00+00:00
[2022-10-05 16:15:18,735] {processor.py:161} INFO - Processing /home/airflow/.local/lib/python3.7/site-packages/airflow/example_dags/example_nested_branch_dag.py took 0.158 seconds
[2022-10-05 16:16:51,152] {processor.py:153} INFO - Started process (PID=2556) to work on /home/airflow/.local/lib/python3.7/site-packages/airflow/example_dags/example_nested_branch_dag.py
[2022-10-05 16:16:51,154] {processor.py:641} INFO - Processing file /home/airflow/.local/lib/python3.7/site-packages/airflow/example_dags/example_nested_branch_dag.py for tasks to queue
[2022-10-05 16:16:51,155] {logging_mixin.py:115} INFO - [2022-10-05 16:16:51,155] {dagbag.py:507} INFO - Filling up the DagBag from /home/airflow/.local/lib/python3.7/site-packages/airflow/example_dags/example_nested_branch_dag.py
[2022-10-05 16:16:51,171] {processor.py:651} INFO - DAG(s) dict_keys(['example_nested_branch_dag']) retrieved from /home/airflow/.local/lib/python3.7/site-packages/airflow/example_dags/example_nested_branch_dag.py
[2022-10-05 16:16:51,211] {logging_mixin.py:115} INFO - [2022-10-05 16:16:51,211] {dag.py:2379} INFO - Sync 1 DAGs
[2022-10-05 16:16:51,260] {logging_mixin.py:115} INFO - [2022-10-05 16:16:51,260] {dag.py:2931} INFO - Setting next_dagrun for example_nested_branch_dag to 2022-10-04T00:00:00+00:00, run_after=2022-10-05T00:00:00+00:00
[2022-10-05 16:16:51,274] {processor.py:161} INFO - Processing /home/airflow/.local/lib/python3.7/site-packages/airflow/example_dags/example_nested_branch_dag.py took 0.126 seconds
[2022-10-05 16:18:33,652] {processor.py:153} INFO - Started process (PID=2605) to work on /home/airflow/.local/lib/python3.7/site-packages/airflow/example_dags/example_nested_branch_dag.py
[2022-10-05 16:18:33,654] {processor.py:641} INFO - Processing file /home/airflow/.local/lib/python3.7/site-packages/airflow/example_dags/example_nested_branch_dag.py for tasks to queue
[2022-10-05 16:18:33,656] {logging_mixin.py:115} INFO - [2022-10-05 16:18:33,656] {dagbag.py:507} INFO - Filling up the DagBag from /home/airflow/.local/lib/python3.7/site-packages/airflow/example_dags/example_nested_branch_dag.py
[2022-10-05 16:18:33,676] {processor.py:651} INFO - DAG(s) dict_keys(['example_nested_branch_dag']) retrieved from /home/airflow/.local/lib/python3.7/site-packages/airflow/example_dags/example_nested_branch_dag.py
[2022-10-05 16:18:33,735] {logging_mixin.py:115} INFO - [2022-10-05 16:18:33,735] {dag.py:2379} INFO - Sync 1 DAGs
[2022-10-05 16:18:33,766] {logging_mixin.py:115} INFO - [2022-10-05 16:18:33,766] {dag.py:2931} INFO - Setting next_dagrun for example_nested_branch_dag to 2022-10-04T00:00:00+00:00, run_after=2022-10-05T00:00:00+00:00
[2022-10-05 16:18:33,781] {processor.py:161} INFO - Processing /home/airflow/.local/lib/python3.7/site-packages/airflow/example_dags/example_nested_branch_dag.py took 0.138 seconds
[2022-10-05 18:02:52,027] {processor.py:153} INFO - Started process (PID=2653) to work on /home/airflow/.local/lib/python3.7/site-packages/airflow/example_dags/example_nested_branch_dag.py
[2022-10-05 18:02:52,031] {processor.py:641} INFO - Processing file /home/airflow/.local/lib/python3.7/site-packages/airflow/example_dags/example_nested_branch_dag.py for tasks to queue
[2022-10-05 18:02:52,041] {logging_mixin.py:115} INFO - [2022-10-05 18:02:52,041] {dagbag.py:507} INFO - Filling up the DagBag from /home/airflow/.local/lib/python3.7/site-packages/airflow/example_dags/example_nested_branch_dag.py
[2022-10-05 18:02:52,137] {processor.py:651} INFO - DAG(s) dict_keys(['example_nested_branch_dag']) retrieved from /home/airflow/.local/lib/python3.7/site-packages/airflow/example_dags/example_nested_branch_dag.py
[2022-10-05 18:02:52,392] {logging_mixin.py:115} INFO - [2022-10-05 18:02:52,392] {dag.py:2379} INFO - Sync 1 DAGs
[2022-10-05 18:02:52,546] {logging_mixin.py:115} INFO - [2022-10-05 18:02:52,546] {dag.py:2931} INFO - Setting next_dagrun for example_nested_branch_dag to 2022-10-04T00:00:00+00:00, run_after=2022-10-05T00:00:00+00:00
[2022-10-05 18:02:52,620] {processor.py:161} INFO - Processing /home/airflow/.local/lib/python3.7/site-packages/airflow/example_dags/example_nested_branch_dag.py took 0.599 seconds
[2022-10-05 20:03:24,415] {processor.py:153} INFO - Started process (PID=2700) to work on /home/airflow/.local/lib/python3.7/site-packages/airflow/example_dags/example_nested_branch_dag.py
[2022-10-05 20:03:24,419] {processor.py:641} INFO - Processing file /home/airflow/.local/lib/python3.7/site-packages/airflow/example_dags/example_nested_branch_dag.py for tasks to queue
[2022-10-05 20:03:24,421] {logging_mixin.py:115} INFO - [2022-10-05 20:03:24,421] {dagbag.py:507} INFO - Filling up the DagBag from /home/airflow/.local/lib/python3.7/site-packages/airflow/example_dags/example_nested_branch_dag.py
[2022-10-05 20:03:24,459] {processor.py:651} INFO - DAG(s) dict_keys(['example_nested_branch_dag']) retrieved from /home/airflow/.local/lib/python3.7/site-packages/airflow/example_dags/example_nested_branch_dag.py
[2022-10-05 20:03:24,562] {logging_mixin.py:115} INFO - [2022-10-05 20:03:24,562] {dag.py:2379} INFO - Sync 1 DAGs
[2022-10-05 20:03:24,630] {logging_mixin.py:115} INFO - [2022-10-05 20:03:24,629] {dag.py:2931} INFO - Setting next_dagrun for example_nested_branch_dag to 2022-10-04T00:00:00+00:00, run_after=2022-10-05T00:00:00+00:00
[2022-10-05 20:03:24,759] {processor.py:161} INFO - Processing /home/airflow/.local/lib/python3.7/site-packages/airflow/example_dags/example_nested_branch_dag.py took 0.385 seconds
