[2022-10-05 15:17:34,034] {processor.py:153} INFO - Started process (PID=100) to work on /home/airflow/.local/lib/python3.7/site-packages/airflow/example_dags/example_branch_day_of_week_operator.py
[2022-10-05 15:17:34,051] {processor.py:641} INFO - Processing file /home/airflow/.local/lib/python3.7/site-packages/airflow/example_dags/example_branch_day_of_week_operator.py for tasks to queue
[2022-10-05 15:17:34,061] {logging_mixin.py:115} INFO - [2022-10-05 15:17:34,060] {dagbag.py:507} INFO - Filling up the DagBag from /home/airflow/.local/lib/python3.7/site-packages/airflow/example_dags/example_branch_day_of_week_operator.py
[2022-10-05 15:17:34,199] {processor.py:651} INFO - DAG(s) dict_keys(['example_weekday_branch_operator']) retrieved from /home/airflow/.local/lib/python3.7/site-packages/airflow/example_dags/example_branch_day_of_week_operator.py
[2022-10-05 15:17:36,676] {logging_mixin.py:115} INFO - [2022-10-05 15:17:36,676] {manager.py:508} INFO - Created Permission View: can delete on DAG:example_weekday_branch_operator
[2022-10-05 15:17:36,895] {logging_mixin.py:115} INFO - [2022-10-05 15:17:36,895] {manager.py:508} INFO - Created Permission View: can edit on DAG:example_weekday_branch_operator
[2022-10-05 15:17:36,969] {logging_mixin.py:115} INFO - [2022-10-05 15:17:36,968] {manager.py:508} INFO - Created Permission View: can read on DAG:example_weekday_branch_operator
[2022-10-05 15:17:36,979] {logging_mixin.py:115} INFO - [2022-10-05 15:17:36,973] {dag.py:2379} INFO - Sync 1 DAGs
[2022-10-05 15:17:37,177] {logging_mixin.py:115} INFO - [2022-10-05 15:17:37,176] {dag.py:2398} INFO - Creating ORM DAG for example_weekday_branch_operator
[2022-10-05 15:17:37,323] {logging_mixin.py:115} INFO - [2022-10-05 15:17:37,323] {dag.py:2931} INFO - Setting next_dagrun for example_weekday_branch_operator to 2022-10-04T00:00:00+00:00, run_after=2022-10-05T00:00:00+00:00
[2022-10-05 15:17:37,554] {processor.py:161} INFO - Processing /home/airflow/.local/lib/python3.7/site-packages/airflow/example_dags/example_branch_day_of_week_operator.py took 3.651 seconds
[2022-10-05 15:18:39,581] {processor.py:153} INFO - Started process (PID=163) to work on /home/airflow/.local/lib/python3.7/site-packages/airflow/example_dags/example_branch_day_of_week_operator.py
[2022-10-05 15:18:39,585] {processor.py:641} INFO - Processing file /home/airflow/.local/lib/python3.7/site-packages/airflow/example_dags/example_branch_day_of_week_operator.py for tasks to queue
[2022-10-05 15:18:39,593] {logging_mixin.py:115} INFO - [2022-10-05 15:18:39,593] {dagbag.py:507} INFO - Filling up the DagBag from /home/airflow/.local/lib/python3.7/site-packages/airflow/example_dags/example_branch_day_of_week_operator.py
[2022-10-05 15:18:39,690] {processor.py:651} INFO - DAG(s) dict_keys(['example_weekday_branch_operator']) retrieved from /home/airflow/.local/lib/python3.7/site-packages/airflow/example_dags/example_branch_day_of_week_operator.py
[2022-10-05 15:18:39,962] {logging_mixin.py:115} INFO - [2022-10-05 15:18:39,961] {dag.py:2379} INFO - Sync 1 DAGs
[2022-10-05 15:18:42,060] {logging_mixin.py:115} INFO - [2022-10-05 15:18:42,060] {dag.py:2931} INFO - Setting next_dagrun for example_weekday_branch_operator to 2022-10-04T00:00:00+00:00, run_after=2022-10-05T00:00:00+00:00
[2022-10-05 15:18:42,248] {processor.py:161} INFO - Processing /home/airflow/.local/lib/python3.7/site-packages/airflow/example_dags/example_branch_day_of_week_operator.py took 2.719 seconds
[2022-10-05 15:19:26,999] {processor.py:153} INFO - Started process (PID=219) to work on /home/airflow/.local/lib/python3.7/site-packages/airflow/example_dags/example_branch_day_of_week_operator.py
[2022-10-05 15:19:27,019] {processor.py:641} INFO - Processing file /home/airflow/.local/lib/python3.7/site-packages/airflow/example_dags/example_branch_day_of_week_operator.py for tasks to queue
[2022-10-05 15:19:27,023] {logging_mixin.py:115} INFO - [2022-10-05 15:19:27,023] {dagbag.py:507} INFO - Filling up the DagBag from /home/airflow/.local/lib/python3.7/site-packages/airflow/example_dags/example_branch_day_of_week_operator.py
[2022-10-05 15:19:27,092] {processor.py:651} INFO - DAG(s) dict_keys(['example_weekday_branch_operator']) retrieved from /home/airflow/.local/lib/python3.7/site-packages/airflow/example_dags/example_branch_day_of_week_operator.py
[2022-10-05 15:19:27,245] {logging_mixin.py:115} INFO - [2022-10-05 15:19:27,245] {dag.py:2379} INFO - Sync 1 DAGs
[2022-10-05 15:19:27,989] {logging_mixin.py:115} INFO - [2022-10-05 15:19:27,988] {dag.py:2931} INFO - Setting next_dagrun for example_weekday_branch_operator to 2022-10-04T00:00:00+00:00, run_after=2022-10-05T00:00:00+00:00
[2022-10-05 15:19:28,038] {processor.py:161} INFO - Processing /home/airflow/.local/lib/python3.7/site-packages/airflow/example_dags/example_branch_day_of_week_operator.py took 1.091 seconds
[2022-10-05 15:20:07,570] {processor.py:153} INFO - Started process (PID=267) to work on /home/airflow/.local/lib/python3.7/site-packages/airflow/example_dags/example_branch_day_of_week_operator.py
[2022-10-05 15:20:07,576] {processor.py:641} INFO - Processing file /home/airflow/.local/lib/python3.7/site-packages/airflow/example_dags/example_branch_day_of_week_operator.py for tasks to queue
[2022-10-05 15:20:07,581] {logging_mixin.py:115} INFO - [2022-10-05 15:20:07,580] {dagbag.py:507} INFO - Filling up the DagBag from /home/airflow/.local/lib/python3.7/site-packages/airflow/example_dags/example_branch_day_of_week_operator.py
[2022-10-05 15:20:07,635] {processor.py:651} INFO - DAG(s) dict_keys(['example_weekday_branch_operator']) retrieved from /home/airflow/.local/lib/python3.7/site-packages/airflow/example_dags/example_branch_day_of_week_operator.py
[2022-10-05 15:20:07,810] {logging_mixin.py:115} INFO - [2022-10-05 15:20:07,810] {dag.py:2379} INFO - Sync 1 DAGs
[2022-10-05 15:20:08,559] {logging_mixin.py:115} INFO - [2022-10-05 15:20:08,558] {dag.py:2931} INFO - Setting next_dagrun for example_weekday_branch_operator to 2022-10-04T00:00:00+00:00, run_after=2022-10-05T00:00:00+00:00
[2022-10-05 15:20:08,603] {processor.py:161} INFO - Processing /home/airflow/.local/lib/python3.7/site-packages/airflow/example_dags/example_branch_day_of_week_operator.py took 1.049 seconds
[2022-10-05 15:20:43,466] {processor.py:153} INFO - Started process (PID=320) to work on /home/airflow/.local/lib/python3.7/site-packages/airflow/example_dags/example_branch_day_of_week_operator.py
[2022-10-05 15:20:43,471] {processor.py:641} INFO - Processing file /home/airflow/.local/lib/python3.7/site-packages/airflow/example_dags/example_branch_day_of_week_operator.py for tasks to queue
[2022-10-05 15:20:43,477] {logging_mixin.py:115} INFO - [2022-10-05 15:20:43,477] {dagbag.py:507} INFO - Filling up the DagBag from /home/airflow/.local/lib/python3.7/site-packages/airflow/example_dags/example_branch_day_of_week_operator.py
[2022-10-05 15:20:43,522] {processor.py:651} INFO - DAG(s) dict_keys(['example_weekday_branch_operator']) retrieved from /home/airflow/.local/lib/python3.7/site-packages/airflow/example_dags/example_branch_day_of_week_operator.py
[2022-10-05 15:20:43,705] {logging_mixin.py:115} INFO - [2022-10-05 15:20:43,704] {dag.py:2379} INFO - Sync 1 DAGs
[2022-10-05 15:20:46,631] {logging_mixin.py:115} INFO - [2022-10-05 15:20:46,622] {dag.py:2931} INFO - Setting next_dagrun for example_weekday_branch_operator to 2022-10-04T00:00:00+00:00, run_after=2022-10-05T00:00:00+00:00
[2022-10-05 15:20:46,953] {processor.py:161} INFO - Processing /home/airflow/.local/lib/python3.7/site-packages/airflow/example_dags/example_branch_day_of_week_operator.py took 3.509 seconds
[2022-10-05 15:21:19,835] {processor.py:153} INFO - Started process (PID=366) to work on /home/airflow/.local/lib/python3.7/site-packages/airflow/example_dags/example_branch_day_of_week_operator.py
[2022-10-05 15:21:19,839] {processor.py:641} INFO - Processing file /home/airflow/.local/lib/python3.7/site-packages/airflow/example_dags/example_branch_day_of_week_operator.py for tasks to queue
[2022-10-05 15:21:19,851] {logging_mixin.py:115} INFO - [2022-10-05 15:21:19,850] {dagbag.py:507} INFO - Filling up the DagBag from /home/airflow/.local/lib/python3.7/site-packages/airflow/example_dags/example_branch_day_of_week_operator.py
[2022-10-05 15:21:19,885] {processor.py:651} INFO - DAG(s) dict_keys(['example_weekday_branch_operator']) retrieved from /home/airflow/.local/lib/python3.7/site-packages/airflow/example_dags/example_branch_day_of_week_operator.py
[2022-10-05 15:21:20,011] {logging_mixin.py:115} INFO - [2022-10-05 15:21:20,010] {dag.py:2379} INFO - Sync 1 DAGs
[2022-10-05 15:21:20,886] {logging_mixin.py:115} INFO - [2022-10-05 15:21:20,886] {dag.py:2931} INFO - Setting next_dagrun for example_weekday_branch_operator to 2022-10-04T00:00:00+00:00, run_after=2022-10-05T00:00:00+00:00
[2022-10-05 15:21:20,950] {processor.py:161} INFO - Processing /home/airflow/.local/lib/python3.7/site-packages/airflow/example_dags/example_branch_day_of_week_operator.py took 1.139 seconds
[2022-10-05 15:21:51,093] {processor.py:153} INFO - Started process (PID=412) to work on /home/airflow/.local/lib/python3.7/site-packages/airflow/example_dags/example_branch_day_of_week_operator.py
[2022-10-05 15:21:51,096] {processor.py:641} INFO - Processing file /home/airflow/.local/lib/python3.7/site-packages/airflow/example_dags/example_branch_day_of_week_operator.py for tasks to queue
[2022-10-05 15:21:51,098] {logging_mixin.py:115} INFO - [2022-10-05 15:21:51,098] {dagbag.py:507} INFO - Filling up the DagBag from /home/airflow/.local/lib/python3.7/site-packages/airflow/example_dags/example_branch_day_of_week_operator.py
[2022-10-05 15:21:51,119] {processor.py:651} INFO - DAG(s) dict_keys(['example_weekday_branch_operator']) retrieved from /home/airflow/.local/lib/python3.7/site-packages/airflow/example_dags/example_branch_day_of_week_operator.py
[2022-10-05 15:21:51,188] {logging_mixin.py:115} INFO - [2022-10-05 15:21:51,188] {dag.py:2379} INFO - Sync 1 DAGs
[2022-10-05 15:21:51,490] {logging_mixin.py:115} INFO - [2022-10-05 15:21:51,490] {dag.py:2931} INFO - Setting next_dagrun for example_weekday_branch_operator to 2022-10-04T00:00:00+00:00, run_after=2022-10-05T00:00:00+00:00
[2022-10-05 15:21:51,516] {processor.py:161} INFO - Processing /home/airflow/.local/lib/python3.7/site-packages/airflow/example_dags/example_branch_day_of_week_operator.py took 0.432 seconds
[2022-10-05 15:22:21,993] {processor.py:153} INFO - Started process (PID=472) to work on /home/airflow/.local/lib/python3.7/site-packages/airflow/example_dags/example_branch_day_of_week_operator.py
[2022-10-05 15:22:21,996] {processor.py:641} INFO - Processing file /home/airflow/.local/lib/python3.7/site-packages/airflow/example_dags/example_branch_day_of_week_operator.py for tasks to queue
[2022-10-05 15:22:21,999] {logging_mixin.py:115} INFO - [2022-10-05 15:22:21,998] {dagbag.py:507} INFO - Filling up the DagBag from /home/airflow/.local/lib/python3.7/site-packages/airflow/example_dags/example_branch_day_of_week_operator.py
[2022-10-05 15:22:22,013] {processor.py:651} INFO - DAG(s) dict_keys(['example_weekday_branch_operator']) retrieved from /home/airflow/.local/lib/python3.7/site-packages/airflow/example_dags/example_branch_day_of_week_operator.py
[2022-10-05 15:22:22,061] {logging_mixin.py:115} INFO - [2022-10-05 15:22:22,061] {dag.py:2379} INFO - Sync 1 DAGs
[2022-10-05 15:22:22,298] {logging_mixin.py:115} INFO - [2022-10-05 15:22:22,298] {dag.py:2931} INFO - Setting next_dagrun for example_weekday_branch_operator to 2022-10-04T00:00:00+00:00, run_after=2022-10-05T00:00:00+00:00
[2022-10-05 15:22:22,317] {processor.py:161} INFO - Processing /home/airflow/.local/lib/python3.7/site-packages/airflow/example_dags/example_branch_day_of_week_operator.py took 0.330 seconds
[2022-10-05 15:22:52,872] {processor.py:153} INFO - Started process (PID=527) to work on /home/airflow/.local/lib/python3.7/site-packages/airflow/example_dags/example_branch_day_of_week_operator.py
[2022-10-05 15:22:52,874] {processor.py:641} INFO - Processing file /home/airflow/.local/lib/python3.7/site-packages/airflow/example_dags/example_branch_day_of_week_operator.py for tasks to queue
[2022-10-05 15:22:52,878] {logging_mixin.py:115} INFO - [2022-10-05 15:22:52,877] {dagbag.py:507} INFO - Filling up the DagBag from /home/airflow/.local/lib/python3.7/site-packages/airflow/example_dags/example_branch_day_of_week_operator.py
[2022-10-05 15:22:52,896] {processor.py:651} INFO - DAG(s) dict_keys(['example_weekday_branch_operator']) retrieved from /home/airflow/.local/lib/python3.7/site-packages/airflow/example_dags/example_branch_day_of_week_operator.py
[2022-10-05 15:22:52,944] {logging_mixin.py:115} INFO - [2022-10-05 15:22:52,944] {dag.py:2379} INFO - Sync 1 DAGs
[2022-10-05 15:22:53,144] {logging_mixin.py:115} INFO - [2022-10-05 15:22:53,144] {dag.py:2931} INFO - Setting next_dagrun for example_weekday_branch_operator to 2022-10-04T00:00:00+00:00, run_after=2022-10-05T00:00:00+00:00
[2022-10-05 15:22:53,167] {processor.py:161} INFO - Processing /home/airflow/.local/lib/python3.7/site-packages/airflow/example_dags/example_branch_day_of_week_operator.py took 0.306 seconds
[2022-10-05 15:23:23,333] {processor.py:153} INFO - Started process (PID=579) to work on /home/airflow/.local/lib/python3.7/site-packages/airflow/example_dags/example_branch_day_of_week_operator.py
[2022-10-05 15:23:23,342] {processor.py:641} INFO - Processing file /home/airflow/.local/lib/python3.7/site-packages/airflow/example_dags/example_branch_day_of_week_operator.py for tasks to queue
[2022-10-05 15:23:23,349] {logging_mixin.py:115} INFO - [2022-10-05 15:23:23,348] {dagbag.py:507} INFO - Filling up the DagBag from /home/airflow/.local/lib/python3.7/site-packages/airflow/example_dags/example_branch_day_of_week_operator.py
[2022-10-05 15:23:23,387] {processor.py:651} INFO - DAG(s) dict_keys(['example_weekday_branch_operator']) retrieved from /home/airflow/.local/lib/python3.7/site-packages/airflow/example_dags/example_branch_day_of_week_operator.py
[2022-10-05 15:23:23,564] {logging_mixin.py:115} INFO - [2022-10-05 15:23:23,564] {dag.py:2379} INFO - Sync 1 DAGs
[2022-10-05 15:23:24,432] {logging_mixin.py:115} INFO - [2022-10-05 15:23:24,431] {dag.py:2931} INFO - Setting next_dagrun for example_weekday_branch_operator to 2022-10-04T00:00:00+00:00, run_after=2022-10-05T00:00:00+00:00
[2022-10-05 15:23:24,490] {processor.py:161} INFO - Processing /home/airflow/.local/lib/python3.7/site-packages/airflow/example_dags/example_branch_day_of_week_operator.py took 1.169 seconds
[2022-10-05 15:23:54,825] {processor.py:153} INFO - Started process (PID=638) to work on /home/airflow/.local/lib/python3.7/site-packages/airflow/example_dags/example_branch_day_of_week_operator.py
[2022-10-05 15:23:54,829] {processor.py:641} INFO - Processing file /home/airflow/.local/lib/python3.7/site-packages/airflow/example_dags/example_branch_day_of_week_operator.py for tasks to queue
[2022-10-05 15:23:54,833] {logging_mixin.py:115} INFO - [2022-10-05 15:23:54,832] {dagbag.py:507} INFO - Filling up the DagBag from /home/airflow/.local/lib/python3.7/site-packages/airflow/example_dags/example_branch_day_of_week_operator.py
[2022-10-05 15:23:54,865] {processor.py:651} INFO - DAG(s) dict_keys(['example_weekday_branch_operator']) retrieved from /home/airflow/.local/lib/python3.7/site-packages/airflow/example_dags/example_branch_day_of_week_operator.py
[2022-10-05 15:23:54,958] {logging_mixin.py:115} INFO - [2022-10-05 15:23:54,958] {dag.py:2379} INFO - Sync 1 DAGs
[2022-10-05 15:23:55,259] {logging_mixin.py:115} INFO - [2022-10-05 15:23:55,258] {dag.py:2931} INFO - Setting next_dagrun for example_weekday_branch_operator to 2022-10-04T00:00:00+00:00, run_after=2022-10-05T00:00:00+00:00
[2022-10-05 15:23:55,286] {processor.py:161} INFO - Processing /home/airflow/.local/lib/python3.7/site-packages/airflow/example_dags/example_branch_day_of_week_operator.py took 0.470 seconds
[2022-10-05 15:24:25,695] {processor.py:153} INFO - Started process (PID=703) to work on /home/airflow/.local/lib/python3.7/site-packages/airflow/example_dags/example_branch_day_of_week_operator.py
[2022-10-05 15:24:25,697] {processor.py:641} INFO - Processing file /home/airflow/.local/lib/python3.7/site-packages/airflow/example_dags/example_branch_day_of_week_operator.py for tasks to queue
[2022-10-05 15:24:25,699] {logging_mixin.py:115} INFO - [2022-10-05 15:24:25,699] {dagbag.py:507} INFO - Filling up the DagBag from /home/airflow/.local/lib/python3.7/site-packages/airflow/example_dags/example_branch_day_of_week_operator.py
[2022-10-05 15:24:25,714] {processor.py:651} INFO - DAG(s) dict_keys(['example_weekday_branch_operator']) retrieved from /home/airflow/.local/lib/python3.7/site-packages/airflow/example_dags/example_branch_day_of_week_operator.py
[2022-10-05 15:24:25,759] {logging_mixin.py:115} INFO - [2022-10-05 15:24:25,759] {dag.py:2379} INFO - Sync 1 DAGs
[2022-10-05 15:24:25,983] {logging_mixin.py:115} INFO - [2022-10-05 15:24:25,982] {dag.py:2931} INFO - Setting next_dagrun for example_weekday_branch_operator to 2022-10-04T00:00:00+00:00, run_after=2022-10-05T00:00:00+00:00
[2022-10-05 15:24:26,001] {processor.py:161} INFO - Processing /home/airflow/.local/lib/python3.7/site-packages/airflow/example_dags/example_branch_day_of_week_operator.py took 0.312 seconds
[2022-10-05 15:24:57,070] {processor.py:153} INFO - Started process (PID=759) to work on /home/airflow/.local/lib/python3.7/site-packages/airflow/example_dags/example_branch_day_of_week_operator.py
[2022-10-05 15:24:57,072] {processor.py:641} INFO - Processing file /home/airflow/.local/lib/python3.7/site-packages/airflow/example_dags/example_branch_day_of_week_operator.py for tasks to queue
[2022-10-05 15:24:57,073] {logging_mixin.py:115} INFO - [2022-10-05 15:24:57,073] {dagbag.py:507} INFO - Filling up the DagBag from /home/airflow/.local/lib/python3.7/site-packages/airflow/example_dags/example_branch_day_of_week_operator.py
[2022-10-05 15:24:57,087] {processor.py:651} INFO - DAG(s) dict_keys(['example_weekday_branch_operator']) retrieved from /home/airflow/.local/lib/python3.7/site-packages/airflow/example_dags/example_branch_day_of_week_operator.py
[2022-10-05 15:24:57,146] {logging_mixin.py:115} INFO - [2022-10-05 15:24:57,146] {dag.py:2379} INFO - Sync 1 DAGs
[2022-10-05 15:24:57,345] {logging_mixin.py:115} INFO - [2022-10-05 15:24:57,345] {dag.py:2931} INFO - Setting next_dagrun for example_weekday_branch_operator to 2022-10-04T00:00:00+00:00, run_after=2022-10-05T00:00:00+00:00
[2022-10-05 15:24:57,361] {processor.py:161} INFO - Processing /home/airflow/.local/lib/python3.7/site-packages/airflow/example_dags/example_branch_day_of_week_operator.py took 0.300 seconds
[2022-10-05 15:25:28,190] {processor.py:153} INFO - Started process (PID=824) to work on /home/airflow/.local/lib/python3.7/site-packages/airflow/example_dags/example_branch_day_of_week_operator.py
[2022-10-05 15:25:28,193] {processor.py:641} INFO - Processing file /home/airflow/.local/lib/python3.7/site-packages/airflow/example_dags/example_branch_day_of_week_operator.py for tasks to queue
[2022-10-05 15:25:28,195] {logging_mixin.py:115} INFO - [2022-10-05 15:25:28,194] {dagbag.py:507} INFO - Filling up the DagBag from /home/airflow/.local/lib/python3.7/site-packages/airflow/example_dags/example_branch_day_of_week_operator.py
[2022-10-05 15:25:28,215] {processor.py:651} INFO - DAG(s) dict_keys(['example_weekday_branch_operator']) retrieved from /home/airflow/.local/lib/python3.7/site-packages/airflow/example_dags/example_branch_day_of_week_operator.py
[2022-10-05 15:25:28,269] {logging_mixin.py:115} INFO - [2022-10-05 15:25:28,269] {dag.py:2379} INFO - Sync 1 DAGs
[2022-10-05 15:25:28,516] {logging_mixin.py:115} INFO - [2022-10-05 15:25:28,515] {dag.py:2931} INFO - Setting next_dagrun for example_weekday_branch_operator to 2022-10-04T00:00:00+00:00, run_after=2022-10-05T00:00:00+00:00
[2022-10-05 15:25:28,536] {processor.py:161} INFO - Processing /home/airflow/.local/lib/python3.7/site-packages/airflow/example_dags/example_branch_day_of_week_operator.py took 0.352 seconds
[2022-10-05 15:25:58,846] {processor.py:153} INFO - Started process (PID=879) to work on /home/airflow/.local/lib/python3.7/site-packages/airflow/example_dags/example_branch_day_of_week_operator.py
[2022-10-05 15:25:58,847] {processor.py:641} INFO - Processing file /home/airflow/.local/lib/python3.7/site-packages/airflow/example_dags/example_branch_day_of_week_operator.py for tasks to queue
[2022-10-05 15:25:58,850] {logging_mixin.py:115} INFO - [2022-10-05 15:25:58,850] {dagbag.py:507} INFO - Filling up the DagBag from /home/airflow/.local/lib/python3.7/site-packages/airflow/example_dags/example_branch_day_of_week_operator.py
[2022-10-05 15:25:58,873] {processor.py:651} INFO - DAG(s) dict_keys(['example_weekday_branch_operator']) retrieved from /home/airflow/.local/lib/python3.7/site-packages/airflow/example_dags/example_branch_day_of_week_operator.py
[2022-10-05 15:25:58,919] {logging_mixin.py:115} INFO - [2022-10-05 15:25:58,919] {dag.py:2379} INFO - Sync 1 DAGs
[2022-10-05 15:25:59,153] {logging_mixin.py:115} INFO - [2022-10-05 15:25:59,153] {dag.py:2931} INFO - Setting next_dagrun for example_weekday_branch_operator to 2022-10-04T00:00:00+00:00, run_after=2022-10-05T00:00:00+00:00
[2022-10-05 15:25:59,170] {processor.py:161} INFO - Processing /home/airflow/.local/lib/python3.7/site-packages/airflow/example_dags/example_branch_day_of_week_operator.py took 0.329 seconds
[2022-10-05 15:26:29,575] {processor.py:153} INFO - Started process (PID=945) to work on /home/airflow/.local/lib/python3.7/site-packages/airflow/example_dags/example_branch_day_of_week_operator.py
[2022-10-05 15:26:29,577] {processor.py:641} INFO - Processing file /home/airflow/.local/lib/python3.7/site-packages/airflow/example_dags/example_branch_day_of_week_operator.py for tasks to queue
[2022-10-05 15:26:29,581] {logging_mixin.py:115} INFO - [2022-10-05 15:26:29,580] {dagbag.py:507} INFO - Filling up the DagBag from /home/airflow/.local/lib/python3.7/site-packages/airflow/example_dags/example_branch_day_of_week_operator.py
[2022-10-05 15:26:29,601] {processor.py:651} INFO - DAG(s) dict_keys(['example_weekday_branch_operator']) retrieved from /home/airflow/.local/lib/python3.7/site-packages/airflow/example_dags/example_branch_day_of_week_operator.py
[2022-10-05 15:26:29,647] {logging_mixin.py:115} INFO - [2022-10-05 15:26:29,647] {dag.py:2379} INFO - Sync 1 DAGs
[2022-10-05 15:26:29,862] {logging_mixin.py:115} INFO - [2022-10-05 15:26:29,861] {dag.py:2931} INFO - Setting next_dagrun for example_weekday_branch_operator to 2022-10-04T00:00:00+00:00, run_after=2022-10-05T00:00:00+00:00
[2022-10-05 15:26:29,880] {processor.py:161} INFO - Processing /home/airflow/.local/lib/python3.7/site-packages/airflow/example_dags/example_branch_day_of_week_operator.py took 0.311 seconds
[2022-10-05 15:27:00,028] {processor.py:153} INFO - Started process (PID=1001) to work on /home/airflow/.local/lib/python3.7/site-packages/airflow/example_dags/example_branch_day_of_week_operator.py
[2022-10-05 15:27:00,030] {processor.py:641} INFO - Processing file /home/airflow/.local/lib/python3.7/site-packages/airflow/example_dags/example_branch_day_of_week_operator.py for tasks to queue
[2022-10-05 15:27:00,032] {logging_mixin.py:115} INFO - [2022-10-05 15:27:00,032] {dagbag.py:507} INFO - Filling up the DagBag from /home/airflow/.local/lib/python3.7/site-packages/airflow/example_dags/example_branch_day_of_week_operator.py
[2022-10-05 15:27:00,046] {processor.py:651} INFO - DAG(s) dict_keys(['example_weekday_branch_operator']) retrieved from /home/airflow/.local/lib/python3.7/site-packages/airflow/example_dags/example_branch_day_of_week_operator.py
[2022-10-05 15:27:00,088] {logging_mixin.py:115} INFO - [2022-10-05 15:27:00,087] {dag.py:2379} INFO - Sync 1 DAGs
[2022-10-05 15:27:00,308] {logging_mixin.py:115} INFO - [2022-10-05 15:27:00,307] {dag.py:2931} INFO - Setting next_dagrun for example_weekday_branch_operator to 2022-10-04T00:00:00+00:00, run_after=2022-10-05T00:00:00+00:00
[2022-10-05 15:27:00,326] {processor.py:161} INFO - Processing /home/airflow/.local/lib/python3.7/site-packages/airflow/example_dags/example_branch_day_of_week_operator.py took 0.306 seconds
[2022-10-05 15:27:31,130] {processor.py:153} INFO - Started process (PID=1065) to work on /home/airflow/.local/lib/python3.7/site-packages/airflow/example_dags/example_branch_day_of_week_operator.py
[2022-10-05 15:27:31,135] {processor.py:641} INFO - Processing file /home/airflow/.local/lib/python3.7/site-packages/airflow/example_dags/example_branch_day_of_week_operator.py for tasks to queue
[2022-10-05 15:27:31,144] {logging_mixin.py:115} INFO - [2022-10-05 15:27:31,144] {dagbag.py:507} INFO - Filling up the DagBag from /home/airflow/.local/lib/python3.7/site-packages/airflow/example_dags/example_branch_day_of_week_operator.py
[2022-10-05 15:27:31,164] {processor.py:651} INFO - DAG(s) dict_keys(['example_weekday_branch_operator']) retrieved from /home/airflow/.local/lib/python3.7/site-packages/airflow/example_dags/example_branch_day_of_week_operator.py
[2022-10-05 15:27:31,213] {logging_mixin.py:115} INFO - [2022-10-05 15:27:31,213] {dag.py:2379} INFO - Sync 1 DAGs
[2022-10-05 15:27:31,445] {logging_mixin.py:115} INFO - [2022-10-05 15:27:31,445] {dag.py:2931} INFO - Setting next_dagrun for example_weekday_branch_operator to 2022-10-04T00:00:00+00:00, run_after=2022-10-05T00:00:00+00:00
[2022-10-05 15:27:31,465] {processor.py:161} INFO - Processing /home/airflow/.local/lib/python3.7/site-packages/airflow/example_dags/example_branch_day_of_week_operator.py took 0.340 seconds
[2022-10-05 15:28:01,925] {processor.py:153} INFO - Started process (PID=1131) to work on /home/airflow/.local/lib/python3.7/site-packages/airflow/example_dags/example_branch_day_of_week_operator.py
[2022-10-05 15:28:01,927] {processor.py:641} INFO - Processing file /home/airflow/.local/lib/python3.7/site-packages/airflow/example_dags/example_branch_day_of_week_operator.py for tasks to queue
[2022-10-05 15:28:01,930] {logging_mixin.py:115} INFO - [2022-10-05 15:28:01,930] {dagbag.py:507} INFO - Filling up the DagBag from /home/airflow/.local/lib/python3.7/site-packages/airflow/example_dags/example_branch_day_of_week_operator.py
[2022-10-05 15:28:01,955] {processor.py:651} INFO - DAG(s) dict_keys(['example_weekday_branch_operator']) retrieved from /home/airflow/.local/lib/python3.7/site-packages/airflow/example_dags/example_branch_day_of_week_operator.py
[2022-10-05 15:28:02,011] {logging_mixin.py:115} INFO - [2022-10-05 15:28:02,011] {dag.py:2379} INFO - Sync 1 DAGs
[2022-10-05 15:28:02,238] {logging_mixin.py:115} INFO - [2022-10-05 15:28:02,238] {dag.py:2931} INFO - Setting next_dagrun for example_weekday_branch_operator to 2022-10-04T00:00:00+00:00, run_after=2022-10-05T00:00:00+00:00
[2022-10-05 15:28:02,256] {processor.py:161} INFO - Processing /home/airflow/.local/lib/python3.7/site-packages/airflow/example_dags/example_branch_day_of_week_operator.py took 0.340 seconds
[2022-10-05 15:28:32,397] {processor.py:153} INFO - Started process (PID=1186) to work on /home/airflow/.local/lib/python3.7/site-packages/airflow/example_dags/example_branch_day_of_week_operator.py
[2022-10-05 15:28:32,403] {processor.py:641} INFO - Processing file /home/airflow/.local/lib/python3.7/site-packages/airflow/example_dags/example_branch_day_of_week_operator.py for tasks to queue
[2022-10-05 15:28:32,407] {logging_mixin.py:115} INFO - [2022-10-05 15:28:32,407] {dagbag.py:507} INFO - Filling up the DagBag from /home/airflow/.local/lib/python3.7/site-packages/airflow/example_dags/example_branch_day_of_week_operator.py
[2022-10-05 15:28:32,450] {processor.py:651} INFO - DAG(s) dict_keys(['example_weekday_branch_operator']) retrieved from /home/airflow/.local/lib/python3.7/site-packages/airflow/example_dags/example_branch_day_of_week_operator.py
[2022-10-05 15:28:32,592] {logging_mixin.py:115} INFO - [2022-10-05 15:28:32,591] {dag.py:2379} INFO - Sync 1 DAGs
[2022-10-05 15:28:32,924] {logging_mixin.py:115} INFO - [2022-10-05 15:28:32,924] {dag.py:2931} INFO - Setting next_dagrun for example_weekday_branch_operator to 2022-10-04T00:00:00+00:00, run_after=2022-10-05T00:00:00+00:00
[2022-10-05 15:28:32,954] {processor.py:161} INFO - Processing /home/airflow/.local/lib/python3.7/site-packages/airflow/example_dags/example_branch_day_of_week_operator.py took 0.590 seconds
[2022-10-05 15:29:03,292] {processor.py:153} INFO - Started process (PID=1242) to work on /home/airflow/.local/lib/python3.7/site-packages/airflow/example_dags/example_branch_day_of_week_operator.py
[2022-10-05 15:29:03,296] {processor.py:641} INFO - Processing file /home/airflow/.local/lib/python3.7/site-packages/airflow/example_dags/example_branch_day_of_week_operator.py for tasks to queue
[2022-10-05 15:29:03,299] {logging_mixin.py:115} INFO - [2022-10-05 15:29:03,299] {dagbag.py:507} INFO - Filling up the DagBag from /home/airflow/.local/lib/python3.7/site-packages/airflow/example_dags/example_branch_day_of_week_operator.py
[2022-10-05 15:29:03,323] {processor.py:651} INFO - DAG(s) dict_keys(['example_weekday_branch_operator']) retrieved from /home/airflow/.local/lib/python3.7/site-packages/airflow/example_dags/example_branch_day_of_week_operator.py
[2022-10-05 15:29:03,390] {logging_mixin.py:115} INFO - [2022-10-05 15:29:03,389] {dag.py:2379} INFO - Sync 1 DAGs
[2022-10-05 15:29:03,923] {logging_mixin.py:115} INFO - [2022-10-05 15:29:03,923] {dag.py:2931} INFO - Setting next_dagrun for example_weekday_branch_operator to 2022-10-04T00:00:00+00:00, run_after=2022-10-05T00:00:00+00:00
[2022-10-05 15:29:03,969] {processor.py:161} INFO - Processing /home/airflow/.local/lib/python3.7/site-packages/airflow/example_dags/example_branch_day_of_week_operator.py took 0.686 seconds
[2022-10-05 15:29:34,554] {processor.py:153} INFO - Started process (PID=1307) to work on /home/airflow/.local/lib/python3.7/site-packages/airflow/example_dags/example_branch_day_of_week_operator.py
[2022-10-05 15:29:34,556] {processor.py:641} INFO - Processing file /home/airflow/.local/lib/python3.7/site-packages/airflow/example_dags/example_branch_day_of_week_operator.py for tasks to queue
[2022-10-05 15:29:34,558] {logging_mixin.py:115} INFO - [2022-10-05 15:29:34,558] {dagbag.py:507} INFO - Filling up the DagBag from /home/airflow/.local/lib/python3.7/site-packages/airflow/example_dags/example_branch_day_of_week_operator.py
[2022-10-05 15:29:34,573] {processor.py:651} INFO - DAG(s) dict_keys(['example_weekday_branch_operator']) retrieved from /home/airflow/.local/lib/python3.7/site-packages/airflow/example_dags/example_branch_day_of_week_operator.py
[2022-10-05 15:29:34,617] {logging_mixin.py:115} INFO - [2022-10-05 15:29:34,617] {dag.py:2379} INFO - Sync 1 DAGs
[2022-10-05 15:29:34,833] {logging_mixin.py:115} INFO - [2022-10-05 15:29:34,832] {dag.py:2931} INFO - Setting next_dagrun for example_weekday_branch_operator to 2022-10-04T00:00:00+00:00, run_after=2022-10-05T00:00:00+00:00
[2022-10-05 15:29:34,851] {processor.py:161} INFO - Processing /home/airflow/.local/lib/python3.7/site-packages/airflow/example_dags/example_branch_day_of_week_operator.py took 0.302 seconds
[2022-10-05 15:30:05,708] {processor.py:153} INFO - Started process (PID=1363) to work on /home/airflow/.local/lib/python3.7/site-packages/airflow/example_dags/example_branch_day_of_week_operator.py
[2022-10-05 15:30:05,710] {processor.py:641} INFO - Processing file /home/airflow/.local/lib/python3.7/site-packages/airflow/example_dags/example_branch_day_of_week_operator.py for tasks to queue
[2022-10-05 15:30:05,712] {logging_mixin.py:115} INFO - [2022-10-05 15:30:05,712] {dagbag.py:507} INFO - Filling up the DagBag from /home/airflow/.local/lib/python3.7/site-packages/airflow/example_dags/example_branch_day_of_week_operator.py
[2022-10-05 15:30:05,727] {processor.py:651} INFO - DAG(s) dict_keys(['example_weekday_branch_operator']) retrieved from /home/airflow/.local/lib/python3.7/site-packages/airflow/example_dags/example_branch_day_of_week_operator.py
[2022-10-05 15:30:05,771] {logging_mixin.py:115} INFO - [2022-10-05 15:30:05,771] {dag.py:2379} INFO - Sync 1 DAGs
[2022-10-05 15:30:06,001] {logging_mixin.py:115} INFO - [2022-10-05 15:30:06,001] {dag.py:2931} INFO - Setting next_dagrun for example_weekday_branch_operator to 2022-10-04T00:00:00+00:00, run_after=2022-10-05T00:00:00+00:00
[2022-10-05 15:30:06,027] {processor.py:161} INFO - Processing /home/airflow/.local/lib/python3.7/site-packages/airflow/example_dags/example_branch_day_of_week_operator.py took 0.325 seconds
[2022-10-05 15:30:36,255] {processor.py:153} INFO - Started process (PID=1428) to work on /home/airflow/.local/lib/python3.7/site-packages/airflow/example_dags/example_branch_day_of_week_operator.py
[2022-10-05 15:30:36,256] {processor.py:641} INFO - Processing file /home/airflow/.local/lib/python3.7/site-packages/airflow/example_dags/example_branch_day_of_week_operator.py for tasks to queue
[2022-10-05 15:30:36,258] {logging_mixin.py:115} INFO - [2022-10-05 15:30:36,258] {dagbag.py:507} INFO - Filling up the DagBag from /home/airflow/.local/lib/python3.7/site-packages/airflow/example_dags/example_branch_day_of_week_operator.py
[2022-10-05 15:30:36,271] {processor.py:651} INFO - DAG(s) dict_keys(['example_weekday_branch_operator']) retrieved from /home/airflow/.local/lib/python3.7/site-packages/airflow/example_dags/example_branch_day_of_week_operator.py
[2022-10-05 15:30:36,311] {logging_mixin.py:115} INFO - [2022-10-05 15:30:36,311] {dag.py:2379} INFO - Sync 1 DAGs
[2022-10-05 15:30:36,512] {logging_mixin.py:115} INFO - [2022-10-05 15:30:36,511] {dag.py:2931} INFO - Setting next_dagrun for example_weekday_branch_operator to 2022-10-04T00:00:00+00:00, run_after=2022-10-05T00:00:00+00:00
[2022-10-05 15:30:36,528] {processor.py:161} INFO - Processing /home/airflow/.local/lib/python3.7/site-packages/airflow/example_dags/example_branch_day_of_week_operator.py took 0.279 seconds
[2022-10-05 15:31:10,925] {processor.py:153} INFO - Started process (PID=1491) to work on /home/airflow/.local/lib/python3.7/site-packages/airflow/example_dags/example_branch_day_of_week_operator.py
[2022-10-05 15:31:10,945] {processor.py:641} INFO - Processing file /home/airflow/.local/lib/python3.7/site-packages/airflow/example_dags/example_branch_day_of_week_operator.py for tasks to queue
[2022-10-05 15:31:10,950] {logging_mixin.py:115} INFO - [2022-10-05 15:31:10,950] {dagbag.py:507} INFO - Filling up the DagBag from /home/airflow/.local/lib/python3.7/site-packages/airflow/example_dags/example_branch_day_of_week_operator.py
[2022-10-05 15:31:11,008] {processor.py:651} INFO - DAG(s) dict_keys(['example_weekday_branch_operator']) retrieved from /home/airflow/.local/lib/python3.7/site-packages/airflow/example_dags/example_branch_day_of_week_operator.py
[2022-10-05 15:31:11,122] {logging_mixin.py:115} INFO - [2022-10-05 15:31:11,122] {dag.py:2379} INFO - Sync 1 DAGs
[2022-10-05 15:31:11,896] {logging_mixin.py:115} INFO - [2022-10-05 15:31:11,896] {dag.py:2931} INFO - Setting next_dagrun for example_weekday_branch_operator to 2022-10-04T00:00:00+00:00, run_after=2022-10-05T00:00:00+00:00
[2022-10-05 15:31:11,951] {processor.py:161} INFO - Processing /home/airflow/.local/lib/python3.7/site-packages/airflow/example_dags/example_branch_day_of_week_operator.py took 1.041 seconds
[2022-10-05 15:31:42,994] {processor.py:153} INFO - Started process (PID=1540) to work on /home/airflow/.local/lib/python3.7/site-packages/airflow/example_dags/example_branch_day_of_week_operator.py
[2022-10-05 15:31:42,998] {processor.py:641} INFO - Processing file /home/airflow/.local/lib/python3.7/site-packages/airflow/example_dags/example_branch_day_of_week_operator.py for tasks to queue
[2022-10-05 15:31:43,001] {logging_mixin.py:115} INFO - [2022-10-05 15:31:43,001] {dagbag.py:507} INFO - Filling up the DagBag from /home/airflow/.local/lib/python3.7/site-packages/airflow/example_dags/example_branch_day_of_week_operator.py
[2022-10-05 15:31:43,030] {processor.py:651} INFO - DAG(s) dict_keys(['example_weekday_branch_operator']) retrieved from /home/airflow/.local/lib/python3.7/site-packages/airflow/example_dags/example_branch_day_of_week_operator.py
[2022-10-05 15:31:43,114] {logging_mixin.py:115} INFO - [2022-10-05 15:31:43,114] {dag.py:2379} INFO - Sync 1 DAGs
[2022-10-05 15:31:43,589] {logging_mixin.py:115} INFO - [2022-10-05 15:31:43,589] {dag.py:2931} INFO - Setting next_dagrun for example_weekday_branch_operator to 2022-10-04T00:00:00+00:00, run_after=2022-10-05T00:00:00+00:00
[2022-10-05 15:31:43,624] {processor.py:161} INFO - Processing /home/airflow/.local/lib/python3.7/site-packages/airflow/example_dags/example_branch_day_of_week_operator.py took 0.641 seconds
[2022-10-05 15:32:14,265] {processor.py:153} INFO - Started process (PID=1595) to work on /home/airflow/.local/lib/python3.7/site-packages/airflow/example_dags/example_branch_day_of_week_operator.py
[2022-10-05 15:32:14,268] {processor.py:641} INFO - Processing file /home/airflow/.local/lib/python3.7/site-packages/airflow/example_dags/example_branch_day_of_week_operator.py for tasks to queue
[2022-10-05 15:32:14,270] {logging_mixin.py:115} INFO - [2022-10-05 15:32:14,270] {dagbag.py:507} INFO - Filling up the DagBag from /home/airflow/.local/lib/python3.7/site-packages/airflow/example_dags/example_branch_day_of_week_operator.py
[2022-10-05 15:32:14,289] {processor.py:651} INFO - DAG(s) dict_keys(['example_weekday_branch_operator']) retrieved from /home/airflow/.local/lib/python3.7/site-packages/airflow/example_dags/example_branch_day_of_week_operator.py
[2022-10-05 15:32:14,346] {logging_mixin.py:115} INFO - [2022-10-05 15:32:14,346] {dag.py:2379} INFO - Sync 1 DAGs
[2022-10-05 15:32:14,627] {logging_mixin.py:115} INFO - [2022-10-05 15:32:14,615] {dag.py:2931} INFO - Setting next_dagrun for example_weekday_branch_operator to 2022-10-04T00:00:00+00:00, run_after=2022-10-05T00:00:00+00:00
[2022-10-05 15:32:14,653] {processor.py:161} INFO - Processing /home/airflow/.local/lib/python3.7/site-packages/airflow/example_dags/example_branch_day_of_week_operator.py took 0.397 seconds
[2022-10-05 15:32:45,071] {processor.py:153} INFO - Started process (PID=1661) to work on /home/airflow/.local/lib/python3.7/site-packages/airflow/example_dags/example_branch_day_of_week_operator.py
[2022-10-05 15:32:45,073] {processor.py:641} INFO - Processing file /home/airflow/.local/lib/python3.7/site-packages/airflow/example_dags/example_branch_day_of_week_operator.py for tasks to queue
[2022-10-05 15:32:45,075] {logging_mixin.py:115} INFO - [2022-10-05 15:32:45,075] {dagbag.py:507} INFO - Filling up the DagBag from /home/airflow/.local/lib/python3.7/site-packages/airflow/example_dags/example_branch_day_of_week_operator.py
[2022-10-05 15:32:45,090] {processor.py:651} INFO - DAG(s) dict_keys(['example_weekday_branch_operator']) retrieved from /home/airflow/.local/lib/python3.7/site-packages/airflow/example_dags/example_branch_day_of_week_operator.py
[2022-10-05 15:32:45,128] {logging_mixin.py:115} INFO - [2022-10-05 15:32:45,128] {dag.py:2379} INFO - Sync 1 DAGs
[2022-10-05 15:32:45,303] {logging_mixin.py:115} INFO - [2022-10-05 15:32:45,303] {dag.py:2931} INFO - Setting next_dagrun for example_weekday_branch_operator to 2022-10-04T00:00:00+00:00, run_after=2022-10-05T00:00:00+00:00
[2022-10-05 15:32:45,320] {processor.py:161} INFO - Processing /home/airflow/.local/lib/python3.7/site-packages/airflow/example_dags/example_branch_day_of_week_operator.py took 0.255 seconds
[2022-10-05 15:33:15,724] {processor.py:153} INFO - Started process (PID=1717) to work on /home/airflow/.local/lib/python3.7/site-packages/airflow/example_dags/example_branch_day_of_week_operator.py
[2022-10-05 15:33:15,727] {processor.py:641} INFO - Processing file /home/airflow/.local/lib/python3.7/site-packages/airflow/example_dags/example_branch_day_of_week_operator.py for tasks to queue
[2022-10-05 15:33:15,731] {logging_mixin.py:115} INFO - [2022-10-05 15:33:15,731] {dagbag.py:507} INFO - Filling up the DagBag from /home/airflow/.local/lib/python3.7/site-packages/airflow/example_dags/example_branch_day_of_week_operator.py
[2022-10-05 15:33:15,746] {processor.py:651} INFO - DAG(s) dict_keys(['example_weekday_branch_operator']) retrieved from /home/airflow/.local/lib/python3.7/site-packages/airflow/example_dags/example_branch_day_of_week_operator.py
[2022-10-05 15:33:15,791] {logging_mixin.py:115} INFO - [2022-10-05 15:33:15,791] {dag.py:2379} INFO - Sync 1 DAGs
[2022-10-05 15:33:15,991] {logging_mixin.py:115} INFO - [2022-10-05 15:33:15,991] {dag.py:2931} INFO - Setting next_dagrun for example_weekday_branch_operator to 2022-10-04T00:00:00+00:00, run_after=2022-10-05T00:00:00+00:00
[2022-10-05 15:33:16,007] {processor.py:161} INFO - Processing /home/airflow/.local/lib/python3.7/site-packages/airflow/example_dags/example_branch_day_of_week_operator.py took 0.289 seconds
[2022-10-05 15:33:46,363] {processor.py:153} INFO - Started process (PID=1783) to work on /home/airflow/.local/lib/python3.7/site-packages/airflow/example_dags/example_branch_day_of_week_operator.py
[2022-10-05 15:33:46,366] {processor.py:641} INFO - Processing file /home/airflow/.local/lib/python3.7/site-packages/airflow/example_dags/example_branch_day_of_week_operator.py for tasks to queue
[2022-10-05 15:33:46,367] {logging_mixin.py:115} INFO - [2022-10-05 15:33:46,367] {dagbag.py:507} INFO - Filling up the DagBag from /home/airflow/.local/lib/python3.7/site-packages/airflow/example_dags/example_branch_day_of_week_operator.py
[2022-10-05 15:33:46,378] {processor.py:651} INFO - DAG(s) dict_keys(['example_weekday_branch_operator']) retrieved from /home/airflow/.local/lib/python3.7/site-packages/airflow/example_dags/example_branch_day_of_week_operator.py
[2022-10-05 15:33:46,419] {logging_mixin.py:115} INFO - [2022-10-05 15:33:46,419] {dag.py:2379} INFO - Sync 1 DAGs
[2022-10-05 15:33:46,605] {logging_mixin.py:115} INFO - [2022-10-05 15:33:46,604] {dag.py:2931} INFO - Setting next_dagrun for example_weekday_branch_operator to 2022-10-04T00:00:00+00:00, run_after=2022-10-05T00:00:00+00:00
[2022-10-05 15:33:46,621] {processor.py:161} INFO - Processing /home/airflow/.local/lib/python3.7/site-packages/airflow/example_dags/example_branch_day_of_week_operator.py took 0.263 seconds
[2022-10-05 15:34:16,703] {processor.py:153} INFO - Started process (PID=1846) to work on /home/airflow/.local/lib/python3.7/site-packages/airflow/example_dags/example_branch_day_of_week_operator.py
[2022-10-05 15:34:16,705] {processor.py:641} INFO - Processing file /home/airflow/.local/lib/python3.7/site-packages/airflow/example_dags/example_branch_day_of_week_operator.py for tasks to queue
[2022-10-05 15:34:16,706] {logging_mixin.py:115} INFO - [2022-10-05 15:34:16,706] {dagbag.py:507} INFO - Filling up the DagBag from /home/airflow/.local/lib/python3.7/site-packages/airflow/example_dags/example_branch_day_of_week_operator.py
[2022-10-05 15:34:16,718] {processor.py:651} INFO - DAG(s) dict_keys(['example_weekday_branch_operator']) retrieved from /home/airflow/.local/lib/python3.7/site-packages/airflow/example_dags/example_branch_day_of_week_operator.py
[2022-10-05 15:34:16,759] {logging_mixin.py:115} INFO - [2022-10-05 15:34:16,759] {dag.py:2379} INFO - Sync 1 DAGs
[2022-10-05 15:34:16,944] {logging_mixin.py:115} INFO - [2022-10-05 15:34:16,944] {dag.py:2931} INFO - Setting next_dagrun for example_weekday_branch_operator to 2022-10-04T00:00:00+00:00, run_after=2022-10-05T00:00:00+00:00
[2022-10-05 15:34:16,960] {processor.py:161} INFO - Processing /home/airflow/.local/lib/python3.7/site-packages/airflow/example_dags/example_branch_day_of_week_operator.py took 0.262 seconds
[2022-10-05 15:34:47,137] {processor.py:153} INFO - Started process (PID=1901) to work on /home/airflow/.local/lib/python3.7/site-packages/airflow/example_dags/example_branch_day_of_week_operator.py
[2022-10-05 15:34:47,140] {processor.py:641} INFO - Processing file /home/airflow/.local/lib/python3.7/site-packages/airflow/example_dags/example_branch_day_of_week_operator.py for tasks to queue
[2022-10-05 15:34:47,141] {logging_mixin.py:115} INFO - [2022-10-05 15:34:47,141] {dagbag.py:507} INFO - Filling up the DagBag from /home/airflow/.local/lib/python3.7/site-packages/airflow/example_dags/example_branch_day_of_week_operator.py
[2022-10-05 15:34:47,152] {processor.py:651} INFO - DAG(s) dict_keys(['example_weekday_branch_operator']) retrieved from /home/airflow/.local/lib/python3.7/site-packages/airflow/example_dags/example_branch_day_of_week_operator.py
[2022-10-05 15:34:47,191] {logging_mixin.py:115} INFO - [2022-10-05 15:34:47,191] {dag.py:2379} INFO - Sync 1 DAGs
[2022-10-05 15:34:47,367] {logging_mixin.py:115} INFO - [2022-10-05 15:34:47,367] {dag.py:2931} INFO - Setting next_dagrun for example_weekday_branch_operator to 2022-10-04T00:00:00+00:00, run_after=2022-10-05T00:00:00+00:00
[2022-10-05 15:34:47,382] {processor.py:161} INFO - Processing /home/airflow/.local/lib/python3.7/site-packages/airflow/example_dags/example_branch_day_of_week_operator.py took 0.250 seconds
[2022-10-05 15:35:17,622] {processor.py:153} INFO - Started process (PID=1965) to work on /home/airflow/.local/lib/python3.7/site-packages/airflow/example_dags/example_branch_day_of_week_operator.py
[2022-10-05 15:35:17,625] {processor.py:641} INFO - Processing file /home/airflow/.local/lib/python3.7/site-packages/airflow/example_dags/example_branch_day_of_week_operator.py for tasks to queue
[2022-10-05 15:35:17,627] {logging_mixin.py:115} INFO - [2022-10-05 15:35:17,626] {dagbag.py:507} INFO - Filling up the DagBag from /home/airflow/.local/lib/python3.7/site-packages/airflow/example_dags/example_branch_day_of_week_operator.py
[2022-10-05 15:35:17,641] {processor.py:651} INFO - DAG(s) dict_keys(['example_weekday_branch_operator']) retrieved from /home/airflow/.local/lib/python3.7/site-packages/airflow/example_dags/example_branch_day_of_week_operator.py
[2022-10-05 15:35:17,682] {logging_mixin.py:115} INFO - [2022-10-05 15:35:17,682] {dag.py:2379} INFO - Sync 1 DAGs
[2022-10-05 15:35:17,879] {logging_mixin.py:115} INFO - [2022-10-05 15:35:17,879] {dag.py:2931} INFO - Setting next_dagrun for example_weekday_branch_operator to 2022-10-04T00:00:00+00:00, run_after=2022-10-05T00:00:00+00:00
[2022-10-05 15:35:17,899] {processor.py:161} INFO - Processing /home/airflow/.local/lib/python3.7/site-packages/airflow/example_dags/example_branch_day_of_week_operator.py took 0.283 seconds
[2022-10-05 15:51:17,407] {processor.py:153} INFO - Started process (PID=2034) to work on /home/airflow/.local/lib/python3.7/site-packages/airflow/example_dags/example_branch_day_of_week_operator.py
[2022-10-05 15:51:17,409] {processor.py:641} INFO - Processing file /home/airflow/.local/lib/python3.7/site-packages/airflow/example_dags/example_branch_day_of_week_operator.py for tasks to queue
[2022-10-05 15:51:17,411] {logging_mixin.py:115} INFO - [2022-10-05 15:51:17,411] {dagbag.py:507} INFO - Filling up the DagBag from /home/airflow/.local/lib/python3.7/site-packages/airflow/example_dags/example_branch_day_of_week_operator.py
[2022-10-05 15:51:17,437] {processor.py:651} INFO - DAG(s) dict_keys(['example_weekday_branch_operator']) retrieved from /home/airflow/.local/lib/python3.7/site-packages/airflow/example_dags/example_branch_day_of_week_operator.py
[2022-10-05 15:51:17,523] {logging_mixin.py:115} INFO - [2022-10-05 15:51:17,523] {dag.py:2379} INFO - Sync 1 DAGs
[2022-10-05 15:51:17,562] {logging_mixin.py:115} INFO - [2022-10-05 15:51:17,562] {dag.py:2931} INFO - Setting next_dagrun for example_weekday_branch_operator to 2022-10-04T00:00:00+00:00, run_after=2022-10-05T00:00:00+00:00
[2022-10-05 15:51:17,585] {processor.py:161} INFO - Processing /home/airflow/.local/lib/python3.7/site-packages/airflow/example_dags/example_branch_day_of_week_operator.py took 0.185 seconds
[2022-10-05 15:51:48,228] {processor.py:153} INFO - Started process (PID=2090) to work on /home/airflow/.local/lib/python3.7/site-packages/airflow/example_dags/example_branch_day_of_week_operator.py
[2022-10-05 15:51:48,229] {processor.py:641} INFO - Processing file /home/airflow/.local/lib/python3.7/site-packages/airflow/example_dags/example_branch_day_of_week_operator.py for tasks to queue
[2022-10-05 15:51:48,231] {logging_mixin.py:115} INFO - [2022-10-05 15:51:48,230] {dagbag.py:507} INFO - Filling up the DagBag from /home/airflow/.local/lib/python3.7/site-packages/airflow/example_dags/example_branch_day_of_week_operator.py
[2022-10-05 15:51:48,240] {processor.py:651} INFO - DAG(s) dict_keys(['example_weekday_branch_operator']) retrieved from /home/airflow/.local/lib/python3.7/site-packages/airflow/example_dags/example_branch_day_of_week_operator.py
[2022-10-05 15:51:48,279] {logging_mixin.py:115} INFO - [2022-10-05 15:51:48,278] {dag.py:2379} INFO - Sync 1 DAGs
[2022-10-05 15:51:48,303] {logging_mixin.py:115} INFO - [2022-10-05 15:51:48,302] {dag.py:2931} INFO - Setting next_dagrun for example_weekday_branch_operator to 2022-10-04T00:00:00+00:00, run_after=2022-10-05T00:00:00+00:00
[2022-10-05 15:51:48,316] {processor.py:161} INFO - Processing /home/airflow/.local/lib/python3.7/site-packages/airflow/example_dags/example_branch_day_of_week_operator.py took 0.092 seconds
[2022-10-05 15:52:18,704] {processor.py:153} INFO - Started process (PID=2155) to work on /home/airflow/.local/lib/python3.7/site-packages/airflow/example_dags/example_branch_day_of_week_operator.py
[2022-10-05 15:52:18,706] {processor.py:641} INFO - Processing file /home/airflow/.local/lib/python3.7/site-packages/airflow/example_dags/example_branch_day_of_week_operator.py for tasks to queue
[2022-10-05 15:52:18,709] {logging_mixin.py:115} INFO - [2022-10-05 15:52:18,708] {dagbag.py:507} INFO - Filling up the DagBag from /home/airflow/.local/lib/python3.7/site-packages/airflow/example_dags/example_branch_day_of_week_operator.py
[2022-10-05 15:52:18,720] {processor.py:651} INFO - DAG(s) dict_keys(['example_weekday_branch_operator']) retrieved from /home/airflow/.local/lib/python3.7/site-packages/airflow/example_dags/example_branch_day_of_week_operator.py
[2022-10-05 15:52:18,760] {logging_mixin.py:115} INFO - [2022-10-05 15:52:18,760] {dag.py:2379} INFO - Sync 1 DAGs
[2022-10-05 15:52:18,788] {logging_mixin.py:115} INFO - [2022-10-05 15:52:18,788] {dag.py:2931} INFO - Setting next_dagrun for example_weekday_branch_operator to 2022-10-04T00:00:00+00:00, run_after=2022-10-05T00:00:00+00:00
[2022-10-05 15:52:18,804] {processor.py:161} INFO - Processing /home/airflow/.local/lib/python3.7/site-packages/airflow/example_dags/example_branch_day_of_week_operator.py took 0.104 seconds
[2022-10-05 15:52:49,071] {processor.py:153} INFO - Started process (PID=2220) to work on /home/airflow/.local/lib/python3.7/site-packages/airflow/example_dags/example_branch_day_of_week_operator.py
[2022-10-05 15:52:49,073] {processor.py:641} INFO - Processing file /home/airflow/.local/lib/python3.7/site-packages/airflow/example_dags/example_branch_day_of_week_operator.py for tasks to queue
[2022-10-05 15:52:49,074] {logging_mixin.py:115} INFO - [2022-10-05 15:52:49,074] {dagbag.py:507} INFO - Filling up the DagBag from /home/airflow/.local/lib/python3.7/site-packages/airflow/example_dags/example_branch_day_of_week_operator.py
[2022-10-05 15:52:49,083] {processor.py:651} INFO - DAG(s) dict_keys(['example_weekday_branch_operator']) retrieved from /home/airflow/.local/lib/python3.7/site-packages/airflow/example_dags/example_branch_day_of_week_operator.py
[2022-10-05 15:52:49,116] {logging_mixin.py:115} INFO - [2022-10-05 15:52:49,116] {dag.py:2379} INFO - Sync 1 DAGs
[2022-10-05 15:52:49,143] {logging_mixin.py:115} INFO - [2022-10-05 15:52:49,142] {dag.py:2931} INFO - Setting next_dagrun for example_weekday_branch_operator to 2022-10-04T00:00:00+00:00, run_after=2022-10-05T00:00:00+00:00
[2022-10-05 15:52:49,157] {processor.py:161} INFO - Processing /home/airflow/.local/lib/python3.7/site-packages/airflow/example_dags/example_branch_day_of_week_operator.py took 0.089 seconds
[2022-10-05 15:53:19,456] {processor.py:153} INFO - Started process (PID=2276) to work on /home/airflow/.local/lib/python3.7/site-packages/airflow/example_dags/example_branch_day_of_week_operator.py
[2022-10-05 15:53:19,457] {processor.py:641} INFO - Processing file /home/airflow/.local/lib/python3.7/site-packages/airflow/example_dags/example_branch_day_of_week_operator.py for tasks to queue
[2022-10-05 15:53:19,459] {logging_mixin.py:115} INFO - [2022-10-05 15:53:19,459] {dagbag.py:507} INFO - Filling up the DagBag from /home/airflow/.local/lib/python3.7/site-packages/airflow/example_dags/example_branch_day_of_week_operator.py
[2022-10-05 15:53:19,468] {processor.py:651} INFO - DAG(s) dict_keys(['example_weekday_branch_operator']) retrieved from /home/airflow/.local/lib/python3.7/site-packages/airflow/example_dags/example_branch_day_of_week_operator.py
[2022-10-05 15:53:19,507] {logging_mixin.py:115} INFO - [2022-10-05 15:53:19,507] {dag.py:2379} INFO - Sync 1 DAGs
[2022-10-05 15:53:19,532] {logging_mixin.py:115} INFO - [2022-10-05 15:53:19,532] {dag.py:2931} INFO - Setting next_dagrun for example_weekday_branch_operator to 2022-10-04T00:00:00+00:00, run_after=2022-10-05T00:00:00+00:00
[2022-10-05 15:53:19,546] {processor.py:161} INFO - Processing /home/airflow/.local/lib/python3.7/site-packages/airflow/example_dags/example_branch_day_of_week_operator.py took 0.094 seconds
[2022-10-05 15:53:49,946] {processor.py:153} INFO - Started process (PID=2341) to work on /home/airflow/.local/lib/python3.7/site-packages/airflow/example_dags/example_branch_day_of_week_operator.py
[2022-10-05 15:53:49,948] {processor.py:641} INFO - Processing file /home/airflow/.local/lib/python3.7/site-packages/airflow/example_dags/example_branch_day_of_week_operator.py for tasks to queue
[2022-10-05 15:53:49,950] {logging_mixin.py:115} INFO - [2022-10-05 15:53:49,950] {dagbag.py:507} INFO - Filling up the DagBag from /home/airflow/.local/lib/python3.7/site-packages/airflow/example_dags/example_branch_day_of_week_operator.py
[2022-10-05 15:53:49,968] {processor.py:651} INFO - DAG(s) dict_keys(['example_weekday_branch_operator']) retrieved from /home/airflow/.local/lib/python3.7/site-packages/airflow/example_dags/example_branch_day_of_week_operator.py
[2022-10-05 15:53:50,005] {logging_mixin.py:115} INFO - [2022-10-05 15:53:50,005] {dag.py:2379} INFO - Sync 1 DAGs
[2022-10-05 15:53:50,029] {logging_mixin.py:115} INFO - [2022-10-05 15:53:50,029] {dag.py:2931} INFO - Setting next_dagrun for example_weekday_branch_operator to 2022-10-04T00:00:00+00:00, run_after=2022-10-05T00:00:00+00:00
[2022-10-05 15:53:50,043] {processor.py:161} INFO - Processing /home/airflow/.local/lib/python3.7/site-packages/airflow/example_dags/example_branch_day_of_week_operator.py took 0.105 seconds
[2022-10-05 16:01:50,799] {processor.py:153} INFO - Started process (PID=2374) to work on /home/airflow/.local/lib/python3.7/site-packages/airflow/example_dags/example_branch_day_of_week_operator.py
[2022-10-05 16:01:50,804] {processor.py:641} INFO - Processing file /home/airflow/.local/lib/python3.7/site-packages/airflow/example_dags/example_branch_day_of_week_operator.py for tasks to queue
[2022-10-05 16:01:50,808] {logging_mixin.py:115} INFO - [2022-10-05 16:01:50,807] {dagbag.py:507} INFO - Filling up the DagBag from /home/airflow/.local/lib/python3.7/site-packages/airflow/example_dags/example_branch_day_of_week_operator.py
[2022-10-05 16:01:50,826] {processor.py:651} INFO - DAG(s) dict_keys(['example_weekday_branch_operator']) retrieved from /home/airflow/.local/lib/python3.7/site-packages/airflow/example_dags/example_branch_day_of_week_operator.py
[2022-10-05 16:01:50,867] {logging_mixin.py:115} INFO - [2022-10-05 16:01:50,867] {dag.py:2379} INFO - Sync 1 DAGs
[2022-10-05 16:01:50,905] {logging_mixin.py:115} INFO - [2022-10-05 16:01:50,905] {dag.py:2931} INFO - Setting next_dagrun for example_weekday_branch_operator to 2022-10-04T00:00:00+00:00, run_after=2022-10-05T00:00:00+00:00
[2022-10-05 16:01:50,925] {processor.py:161} INFO - Processing /home/airflow/.local/lib/python3.7/site-packages/airflow/example_dags/example_branch_day_of_week_operator.py took 0.131 seconds
[2022-10-05 16:03:19,808] {processor.py:153} INFO - Started process (PID=2420) to work on /home/airflow/.local/lib/python3.7/site-packages/airflow/example_dags/example_branch_day_of_week_operator.py
[2022-10-05 16:03:19,810] {processor.py:641} INFO - Processing file /home/airflow/.local/lib/python3.7/site-packages/airflow/example_dags/example_branch_day_of_week_operator.py for tasks to queue
[2022-10-05 16:03:19,812] {logging_mixin.py:115} INFO - [2022-10-05 16:03:19,812] {dagbag.py:507} INFO - Filling up the DagBag from /home/airflow/.local/lib/python3.7/site-packages/airflow/example_dags/example_branch_day_of_week_operator.py
[2022-10-05 16:03:19,830] {processor.py:651} INFO - DAG(s) dict_keys(['example_weekday_branch_operator']) retrieved from /home/airflow/.local/lib/python3.7/site-packages/airflow/example_dags/example_branch_day_of_week_operator.py
[2022-10-05 16:03:19,876] {logging_mixin.py:115} INFO - [2022-10-05 16:03:19,876] {dag.py:2379} INFO - Sync 1 DAGs
[2022-10-05 16:03:19,907] {logging_mixin.py:115} INFO - [2022-10-05 16:03:19,907] {dag.py:2931} INFO - Setting next_dagrun for example_weekday_branch_operator to 2022-10-04T00:00:00+00:00, run_after=2022-10-05T00:00:00+00:00
[2022-10-05 16:03:19,924] {processor.py:161} INFO - Processing /home/airflow/.local/lib/python3.7/site-packages/airflow/example_dags/example_branch_day_of_week_operator.py took 0.124 seconds
[2022-10-05 16:14:13,588] {processor.py:153} INFO - Started process (PID=2457) to work on /home/airflow/.local/lib/python3.7/site-packages/airflow/example_dags/example_branch_day_of_week_operator.py
[2022-10-05 16:14:13,590] {processor.py:641} INFO - Processing file /home/airflow/.local/lib/python3.7/site-packages/airflow/example_dags/example_branch_day_of_week_operator.py for tasks to queue
[2022-10-05 16:14:13,592] {logging_mixin.py:115} INFO - [2022-10-05 16:14:13,591] {dagbag.py:507} INFO - Filling up the DagBag from /home/airflow/.local/lib/python3.7/site-packages/airflow/example_dags/example_branch_day_of_week_operator.py
[2022-10-05 16:14:13,621] {processor.py:651} INFO - DAG(s) dict_keys(['example_weekday_branch_operator']) retrieved from /home/airflow/.local/lib/python3.7/site-packages/airflow/example_dags/example_branch_day_of_week_operator.py
[2022-10-05 16:14:13,664] {logging_mixin.py:115} INFO - [2022-10-05 16:14:13,664] {dag.py:2379} INFO - Sync 1 DAGs
[2022-10-05 16:14:13,697] {logging_mixin.py:115} INFO - [2022-10-05 16:14:13,697] {dag.py:2931} INFO - Setting next_dagrun for example_weekday_branch_operator to 2022-10-04T00:00:00+00:00, run_after=2022-10-05T00:00:00+00:00
[2022-10-05 16:14:13,712] {processor.py:161} INFO - Processing /home/airflow/.local/lib/python3.7/site-packages/airflow/example_dags/example_branch_day_of_week_operator.py took 0.129 seconds
[2022-10-05 16:15:18,113] {processor.py:153} INFO - Started process (PID=2506) to work on /home/airflow/.local/lib/python3.7/site-packages/airflow/example_dags/example_branch_day_of_week_operator.py
[2022-10-05 16:15:18,117] {processor.py:641} INFO - Processing file /home/airflow/.local/lib/python3.7/site-packages/airflow/example_dags/example_branch_day_of_week_operator.py for tasks to queue
[2022-10-05 16:15:18,120] {logging_mixin.py:115} INFO - [2022-10-05 16:15:18,119] {dagbag.py:507} INFO - Filling up the DagBag from /home/airflow/.local/lib/python3.7/site-packages/airflow/example_dags/example_branch_day_of_week_operator.py
[2022-10-05 16:15:18,161] {processor.py:651} INFO - DAG(s) dict_keys(['example_weekday_branch_operator']) retrieved from /home/airflow/.local/lib/python3.7/site-packages/airflow/example_dags/example_branch_day_of_week_operator.py
[2022-10-05 16:15:18,225] {logging_mixin.py:115} INFO - [2022-10-05 16:15:18,225] {dag.py:2379} INFO - Sync 1 DAGs
[2022-10-05 16:15:18,260] {logging_mixin.py:115} INFO - [2022-10-05 16:15:18,260] {dag.py:2931} INFO - Setting next_dagrun for example_weekday_branch_operator to 2022-10-04T00:00:00+00:00, run_after=2022-10-05T00:00:00+00:00
[2022-10-05 16:15:18,277] {processor.py:161} INFO - Processing /home/airflow/.local/lib/python3.7/site-packages/airflow/example_dags/example_branch_day_of_week_operator.py took 0.180 seconds
[2022-10-05 16:16:50,719] {processor.py:153} INFO - Started process (PID=2551) to work on /home/airflow/.local/lib/python3.7/site-packages/airflow/example_dags/example_branch_day_of_week_operator.py
[2022-10-05 16:16:50,720] {processor.py:641} INFO - Processing file /home/airflow/.local/lib/python3.7/site-packages/airflow/example_dags/example_branch_day_of_week_operator.py for tasks to queue
[2022-10-05 16:16:50,723] {logging_mixin.py:115} INFO - [2022-10-05 16:16:50,723] {dagbag.py:507} INFO - Filling up the DagBag from /home/airflow/.local/lib/python3.7/site-packages/airflow/example_dags/example_branch_day_of_week_operator.py
[2022-10-05 16:16:50,745] {processor.py:651} INFO - DAG(s) dict_keys(['example_weekday_branch_operator']) retrieved from /home/airflow/.local/lib/python3.7/site-packages/airflow/example_dags/example_branch_day_of_week_operator.py
[2022-10-05 16:16:50,779] {logging_mixin.py:115} INFO - [2022-10-05 16:16:50,779] {dag.py:2379} INFO - Sync 1 DAGs
[2022-10-05 16:16:50,806] {logging_mixin.py:115} INFO - [2022-10-05 16:16:50,806] {dag.py:2931} INFO - Setting next_dagrun for example_weekday_branch_operator to 2022-10-04T00:00:00+00:00, run_after=2022-10-05T00:00:00+00:00
[2022-10-05 16:16:50,820] {processor.py:161} INFO - Processing /home/airflow/.local/lib/python3.7/site-packages/airflow/example_dags/example_branch_day_of_week_operator.py took 0.110 seconds
[2022-10-05 16:18:33,189] {processor.py:153} INFO - Started process (PID=2598) to work on /home/airflow/.local/lib/python3.7/site-packages/airflow/example_dags/example_branch_day_of_week_operator.py
[2022-10-05 16:18:33,190] {processor.py:641} INFO - Processing file /home/airflow/.local/lib/python3.7/site-packages/airflow/example_dags/example_branch_day_of_week_operator.py for tasks to queue
[2022-10-05 16:18:33,194] {logging_mixin.py:115} INFO - [2022-10-05 16:18:33,192] {dagbag.py:507} INFO - Filling up the DagBag from /home/airflow/.local/lib/python3.7/site-packages/airflow/example_dags/example_branch_day_of_week_operator.py
[2022-10-05 16:18:33,212] {processor.py:651} INFO - DAG(s) dict_keys(['example_weekday_branch_operator']) retrieved from /home/airflow/.local/lib/python3.7/site-packages/airflow/example_dags/example_branch_day_of_week_operator.py
[2022-10-05 16:18:33,244] {logging_mixin.py:115} INFO - [2022-10-05 16:18:33,244] {dag.py:2379} INFO - Sync 1 DAGs
[2022-10-05 16:18:33,266] {logging_mixin.py:115} INFO - [2022-10-05 16:18:33,266] {dag.py:2931} INFO - Setting next_dagrun for example_weekday_branch_operator to 2022-10-04T00:00:00+00:00, run_after=2022-10-05T00:00:00+00:00
[2022-10-05 16:18:33,279] {processor.py:161} INFO - Processing /home/airflow/.local/lib/python3.7/site-packages/airflow/example_dags/example_branch_day_of_week_operator.py took 0.094 seconds
[2022-10-05 18:02:50,858] {processor.py:153} INFO - Started process (PID=2646) to work on /home/airflow/.local/lib/python3.7/site-packages/airflow/example_dags/example_branch_day_of_week_operator.py
[2022-10-05 18:02:50,863] {processor.py:641} INFO - Processing file /home/airflow/.local/lib/python3.7/site-packages/airflow/example_dags/example_branch_day_of_week_operator.py for tasks to queue
[2022-10-05 18:02:50,866] {logging_mixin.py:115} INFO - [2022-10-05 18:02:50,865] {dagbag.py:507} INFO - Filling up the DagBag from /home/airflow/.local/lib/python3.7/site-packages/airflow/example_dags/example_branch_day_of_week_operator.py
[2022-10-05 18:02:50,934] {processor.py:651} INFO - DAG(s) dict_keys(['example_weekday_branch_operator']) retrieved from /home/airflow/.local/lib/python3.7/site-packages/airflow/example_dags/example_branch_day_of_week_operator.py
[2022-10-05 18:02:51,063] {logging_mixin.py:115} INFO - [2022-10-05 18:02:51,063] {dag.py:2379} INFO - Sync 1 DAGs
[2022-10-05 18:02:51,164] {logging_mixin.py:115} INFO - [2022-10-05 18:02:51,164] {dag.py:2931} INFO - Setting next_dagrun for example_weekday_branch_operator to 2022-10-04T00:00:00+00:00, run_after=2022-10-05T00:00:00+00:00
[2022-10-05 18:02:51,232] {processor.py:161} INFO - Processing /home/airflow/.local/lib/python3.7/site-packages/airflow/example_dags/example_branch_day_of_week_operator.py took 0.405 seconds
[2022-10-05 20:03:23,196] {processor.py:153} INFO - Started process (PID=2695) to work on /home/airflow/.local/lib/python3.7/site-packages/airflow/example_dags/example_branch_day_of_week_operator.py
[2022-10-05 20:03:23,198] {processor.py:641} INFO - Processing file /home/airflow/.local/lib/python3.7/site-packages/airflow/example_dags/example_branch_day_of_week_operator.py for tasks to queue
[2022-10-05 20:03:23,200] {logging_mixin.py:115} INFO - [2022-10-05 20:03:23,200] {dagbag.py:507} INFO - Filling up the DagBag from /home/airflow/.local/lib/python3.7/site-packages/airflow/example_dags/example_branch_day_of_week_operator.py
[2022-10-05 20:03:23,220] {processor.py:651} INFO - DAG(s) dict_keys(['example_weekday_branch_operator']) retrieved from /home/airflow/.local/lib/python3.7/site-packages/airflow/example_dags/example_branch_day_of_week_operator.py
[2022-10-05 20:03:23,286] {logging_mixin.py:115} INFO - [2022-10-05 20:03:23,286] {dag.py:2379} INFO - Sync 1 DAGs
[2022-10-05 20:03:23,332] {logging_mixin.py:115} INFO - [2022-10-05 20:03:23,331] {dag.py:2931} INFO - Setting next_dagrun for example_weekday_branch_operator to 2022-10-04T00:00:00+00:00, run_after=2022-10-05T00:00:00+00:00
[2022-10-05 20:03:23,352] {processor.py:161} INFO - Processing /home/airflow/.local/lib/python3.7/site-packages/airflow/example_dags/example_branch_day_of_week_operator.py took 0.163 seconds
