[2022-10-05 15:18:12,062] {processor.py:153} INFO - Started process (PID=138) to work on /home/airflow/.local/lib/python3.7/site-packages/airflow/example_dags/example_task_group_decorator.py
[2022-10-05 15:18:12,069] {processor.py:641} INFO - Processing file /home/airflow/.local/lib/python3.7/site-packages/airflow/example_dags/example_task_group_decorator.py for tasks to queue
[2022-10-05 15:18:12,073] {logging_mixin.py:115} INFO - [2022-10-05 15:18:12,073] {dagbag.py:507} INFO - Filling up the DagBag from /home/airflow/.local/lib/python3.7/site-packages/airflow/example_dags/example_task_group_decorator.py
[2022-10-05 15:18:12,340] {processor.py:651} INFO - DAG(s) dict_keys(['example_task_group_decorator']) retrieved from /home/airflow/.local/lib/python3.7/site-packages/airflow/example_dags/example_task_group_decorator.py
[2022-10-05 15:18:13,548] {logging_mixin.py:115} INFO - [2022-10-05 15:18:13,548] {manager.py:508} INFO - Created Permission View: can delete on DAG:example_task_group_decorator
[2022-10-05 15:18:13,663] {logging_mixin.py:115} INFO - [2022-10-05 15:18:13,662] {manager.py:508} INFO - Created Permission View: can edit on DAG:example_task_group_decorator
[2022-10-05 15:18:13,740] {logging_mixin.py:115} INFO - [2022-10-05 15:18:13,740] {manager.py:508} INFO - Created Permission View: can read on DAG:example_task_group_decorator
[2022-10-05 15:18:13,746] {logging_mixin.py:115} INFO - [2022-10-05 15:18:13,746] {dag.py:2379} INFO - Sync 1 DAGs
[2022-10-05 15:18:13,822] {logging_mixin.py:115} INFO - [2022-10-05 15:18:13,822] {dag.py:2398} INFO - Creating ORM DAG for example_task_group_decorator
[2022-10-05 15:18:13,925] {logging_mixin.py:115} INFO - [2022-10-05 15:18:13,924] {dag.py:2931} INFO - Setting next_dagrun for example_task_group_decorator to 2022-10-04T15:18:13.922436+00:00, run_after=2022-10-05T15:18:13.922436+00:00
[2022-10-05 15:18:14,016] {processor.py:161} INFO - Processing /home/airflow/.local/lib/python3.7/site-packages/airflow/example_dags/example_task_group_decorator.py took 2.000 seconds
[2022-10-05 15:19:14,139] {processor.py:153} INFO - Started process (PID=202) to work on /home/airflow/.local/lib/python3.7/site-packages/airflow/example_dags/example_task_group_decorator.py
[2022-10-05 15:19:14,144] {processor.py:641} INFO - Processing file /home/airflow/.local/lib/python3.7/site-packages/airflow/example_dags/example_task_group_decorator.py for tasks to queue
[2022-10-05 15:19:14,159] {logging_mixin.py:115} INFO - [2022-10-05 15:19:14,157] {dagbag.py:507} INFO - Filling up the DagBag from /home/airflow/.local/lib/python3.7/site-packages/airflow/example_dags/example_task_group_decorator.py
[2022-10-05 15:19:14,406] {processor.py:651} INFO - DAG(s) dict_keys(['example_task_group_decorator']) retrieved from /home/airflow/.local/lib/python3.7/site-packages/airflow/example_dags/example_task_group_decorator.py
[2022-10-05 15:19:16,164] {logging_mixin.py:115} INFO - [2022-10-05 15:19:16,164] {dag.py:2379} INFO - Sync 1 DAGs
[2022-10-05 15:19:16,684] {logging_mixin.py:115} INFO - [2022-10-05 15:19:16,671] {dag.py:2931} INFO - Setting next_dagrun for example_task_group_decorator to 2022-10-04T15:19:16.634325+00:00, run_after=2022-10-05T15:19:16.634325+00:00
[2022-10-05 15:19:17,603] {processor.py:161} INFO - Processing /home/airflow/.local/lib/python3.7/site-packages/airflow/example_dags/example_task_group_decorator.py took 3.478 seconds
[2022-10-05 15:20:12,771] {processor.py:153} INFO - Started process (PID=275) to work on /home/airflow/.local/lib/python3.7/site-packages/airflow/example_dags/example_task_group_decorator.py
[2022-10-05 15:20:12,784] {processor.py:641} INFO - Processing file /home/airflow/.local/lib/python3.7/site-packages/airflow/example_dags/example_task_group_decorator.py for tasks to queue
[2022-10-05 15:20:12,787] {logging_mixin.py:115} INFO - [2022-10-05 15:20:12,787] {dagbag.py:507} INFO - Filling up the DagBag from /home/airflow/.local/lib/python3.7/site-packages/airflow/example_dags/example_task_group_decorator.py
[2022-10-05 15:20:13,093] {processor.py:651} INFO - DAG(s) dict_keys(['example_task_group_decorator']) retrieved from /home/airflow/.local/lib/python3.7/site-packages/airflow/example_dags/example_task_group_decorator.py
[2022-10-05 15:20:13,886] {logging_mixin.py:115} INFO - [2022-10-05 15:20:13,885] {dag.py:2379} INFO - Sync 1 DAGs
[2022-10-05 15:20:13,949] {logging_mixin.py:115} INFO - [2022-10-05 15:20:13,949] {dag.py:2931} INFO - Setting next_dagrun for example_task_group_decorator to 2022-10-04T15:20:13.948934+00:00, run_after=2022-10-05T15:20:13.948934+00:00
[2022-10-05 15:20:13,991] {processor.py:161} INFO - Processing /home/airflow/.local/lib/python3.7/site-packages/airflow/example_dags/example_task_group_decorator.py took 1.242 seconds
[2022-10-05 15:20:55,017] {processor.py:153} INFO - Started process (PID=328) to work on /home/airflow/.local/lib/python3.7/site-packages/airflow/example_dags/example_task_group_decorator.py
[2022-10-05 15:20:55,032] {processor.py:641} INFO - Processing file /home/airflow/.local/lib/python3.7/site-packages/airflow/example_dags/example_task_group_decorator.py for tasks to queue
[2022-10-05 15:20:55,041] {logging_mixin.py:115} INFO - [2022-10-05 15:20:55,041] {dagbag.py:507} INFO - Filling up the DagBag from /home/airflow/.local/lib/python3.7/site-packages/airflow/example_dags/example_task_group_decorator.py
[2022-10-05 15:20:55,208] {processor.py:651} INFO - DAG(s) dict_keys(['example_task_group_decorator']) retrieved from /home/airflow/.local/lib/python3.7/site-packages/airflow/example_dags/example_task_group_decorator.py
[2022-10-05 15:20:56,224] {logging_mixin.py:115} INFO - [2022-10-05 15:20:56,223] {dag.py:2379} INFO - Sync 1 DAGs
[2022-10-05 15:20:56,373] {logging_mixin.py:115} INFO - [2022-10-05 15:20:56,373] {dag.py:2931} INFO - Setting next_dagrun for example_task_group_decorator to 2022-10-04T15:20:56.372563+00:00, run_after=2022-10-05T15:20:56.372563+00:00
[2022-10-05 15:20:56,608] {processor.py:161} INFO - Processing /home/airflow/.local/lib/python3.7/site-packages/airflow/example_dags/example_task_group_decorator.py took 1.609 seconds
[2022-10-05 15:21:34,932] {processor.py:153} INFO - Started process (PID=382) to work on /home/airflow/.local/lib/python3.7/site-packages/airflow/example_dags/example_task_group_decorator.py
[2022-10-05 15:21:34,937] {processor.py:641} INFO - Processing file /home/airflow/.local/lib/python3.7/site-packages/airflow/example_dags/example_task_group_decorator.py for tasks to queue
[2022-10-05 15:21:34,940] {logging_mixin.py:115} INFO - [2022-10-05 15:21:34,940] {dagbag.py:507} INFO - Filling up the DagBag from /home/airflow/.local/lib/python3.7/site-packages/airflow/example_dags/example_task_group_decorator.py
[2022-10-05 15:21:35,035] {processor.py:651} INFO - DAG(s) dict_keys(['example_task_group_decorator']) retrieved from /home/airflow/.local/lib/python3.7/site-packages/airflow/example_dags/example_task_group_decorator.py
[2022-10-05 15:21:35,564] {logging_mixin.py:115} INFO - [2022-10-05 15:21:35,563] {dag.py:2379} INFO - Sync 1 DAGs
[2022-10-05 15:21:35,630] {logging_mixin.py:115} INFO - [2022-10-05 15:21:35,630] {dag.py:2931} INFO - Setting next_dagrun for example_task_group_decorator to 2022-10-04T15:21:35.629490+00:00, run_after=2022-10-05T15:21:35.629490+00:00
[2022-10-05 15:21:35,666] {processor.py:161} INFO - Processing /home/airflow/.local/lib/python3.7/site-packages/airflow/example_dags/example_task_group_decorator.py took 0.746 seconds
[2022-10-05 15:22:06,003] {processor.py:153} INFO - Started process (PID=446) to work on /home/airflow/.local/lib/python3.7/site-packages/airflow/example_dags/example_task_group_decorator.py
[2022-10-05 15:22:06,006] {processor.py:641} INFO - Processing file /home/airflow/.local/lib/python3.7/site-packages/airflow/example_dags/example_task_group_decorator.py for tasks to queue
[2022-10-05 15:22:06,008] {logging_mixin.py:115} INFO - [2022-10-05 15:22:06,008] {dagbag.py:507} INFO - Filling up the DagBag from /home/airflow/.local/lib/python3.7/site-packages/airflow/example_dags/example_task_group_decorator.py
[2022-10-05 15:22:06,084] {processor.py:651} INFO - DAG(s) dict_keys(['example_task_group_decorator']) retrieved from /home/airflow/.local/lib/python3.7/site-packages/airflow/example_dags/example_task_group_decorator.py
[2022-10-05 15:22:06,478] {logging_mixin.py:115} INFO - [2022-10-05 15:22:06,478] {dag.py:2379} INFO - Sync 1 DAGs
[2022-10-05 15:22:06,516] {logging_mixin.py:115} INFO - [2022-10-05 15:22:06,516] {dag.py:2931} INFO - Setting next_dagrun for example_task_group_decorator to 2022-10-04T15:22:06.516023+00:00, run_after=2022-10-05T15:22:06.516023+00:00
[2022-10-05 15:22:06,538] {processor.py:161} INFO - Processing /home/airflow/.local/lib/python3.7/site-packages/airflow/example_dags/example_task_group_decorator.py took 0.547 seconds
[2022-10-05 15:22:36,619] {processor.py:153} INFO - Started process (PID=503) to work on /home/airflow/.local/lib/python3.7/site-packages/airflow/example_dags/example_task_group_decorator.py
[2022-10-05 15:22:36,621] {processor.py:641} INFO - Processing file /home/airflow/.local/lib/python3.7/site-packages/airflow/example_dags/example_task_group_decorator.py for tasks to queue
[2022-10-05 15:22:36,623] {logging_mixin.py:115} INFO - [2022-10-05 15:22:36,623] {dagbag.py:507} INFO - Filling up the DagBag from /home/airflow/.local/lib/python3.7/site-packages/airflow/example_dags/example_task_group_decorator.py
[2022-10-05 15:22:36,668] {processor.py:651} INFO - DAG(s) dict_keys(['example_task_group_decorator']) retrieved from /home/airflow/.local/lib/python3.7/site-packages/airflow/example_dags/example_task_group_decorator.py
[2022-10-05 15:22:36,955] {logging_mixin.py:115} INFO - [2022-10-05 15:22:36,955] {dag.py:2379} INFO - Sync 1 DAGs
[2022-10-05 15:22:36,994] {logging_mixin.py:115} INFO - [2022-10-05 15:22:36,994] {dag.py:2931} INFO - Setting next_dagrun for example_task_group_decorator to 2022-10-04T15:22:36.993927+00:00, run_after=2022-10-05T15:22:36.993927+00:00
[2022-10-05 15:22:37,014] {processor.py:161} INFO - Processing /home/airflow/.local/lib/python3.7/site-packages/airflow/example_dags/example_task_group_decorator.py took 0.402 seconds
[2022-10-05 15:23:08,475] {processor.py:153} INFO - Started process (PID=563) to work on /home/airflow/.local/lib/python3.7/site-packages/airflow/example_dags/example_task_group_decorator.py
[2022-10-05 15:23:08,479] {processor.py:641} INFO - Processing file /home/airflow/.local/lib/python3.7/site-packages/airflow/example_dags/example_task_group_decorator.py for tasks to queue
[2022-10-05 15:23:08,481] {logging_mixin.py:115} INFO - [2022-10-05 15:23:08,481] {dagbag.py:507} INFO - Filling up the DagBag from /home/airflow/.local/lib/python3.7/site-packages/airflow/example_dags/example_task_group_decorator.py
[2022-10-05 15:23:08,650] {processor.py:651} INFO - DAG(s) dict_keys(['example_task_group_decorator']) retrieved from /home/airflow/.local/lib/python3.7/site-packages/airflow/example_dags/example_task_group_decorator.py
[2022-10-05 15:23:09,571] {logging_mixin.py:115} INFO - [2022-10-05 15:23:09,571] {dag.py:2379} INFO - Sync 1 DAGs
[2022-10-05 15:23:09,631] {logging_mixin.py:115} INFO - [2022-10-05 15:23:09,631] {dag.py:2931} INFO - Setting next_dagrun for example_task_group_decorator to 2022-10-04T15:23:09.630443+00:00, run_after=2022-10-05T15:23:09.630443+00:00
[2022-10-05 15:23:09,689] {processor.py:161} INFO - Processing /home/airflow/.local/lib/python3.7/site-packages/airflow/example_dags/example_task_group_decorator.py took 1.233 seconds
[2022-10-05 15:23:40,540] {processor.py:153} INFO - Started process (PID=620) to work on /home/airflow/.local/lib/python3.7/site-packages/airflow/example_dags/example_task_group_decorator.py
[2022-10-05 15:23:40,544] {processor.py:641} INFO - Processing file /home/airflow/.local/lib/python3.7/site-packages/airflow/example_dags/example_task_group_decorator.py for tasks to queue
[2022-10-05 15:23:40,548] {logging_mixin.py:115} INFO - [2022-10-05 15:23:40,548] {dagbag.py:507} INFO - Filling up the DagBag from /home/airflow/.local/lib/python3.7/site-packages/airflow/example_dags/example_task_group_decorator.py
[2022-10-05 15:23:40,636] {processor.py:651} INFO - DAG(s) dict_keys(['example_task_group_decorator']) retrieved from /home/airflow/.local/lib/python3.7/site-packages/airflow/example_dags/example_task_group_decorator.py
[2022-10-05 15:23:41,366] {logging_mixin.py:115} INFO - [2022-10-05 15:23:41,366] {dag.py:2379} INFO - Sync 1 DAGs
[2022-10-05 15:23:41,457] {logging_mixin.py:115} INFO - [2022-10-05 15:23:41,457] {dag.py:2931} INFO - Setting next_dagrun for example_task_group_decorator to 2022-10-04T15:23:41.456728+00:00, run_after=2022-10-05T15:23:41.456728+00:00
[2022-10-05 15:23:41,540] {processor.py:161} INFO - Processing /home/airflow/.local/lib/python3.7/site-packages/airflow/example_dags/example_task_group_decorator.py took 1.009 seconds
[2022-10-05 15:24:11,692] {processor.py:153} INFO - Started process (PID=677) to work on /home/airflow/.local/lib/python3.7/site-packages/airflow/example_dags/example_task_group_decorator.py
[2022-10-05 15:24:11,694] {processor.py:641} INFO - Processing file /home/airflow/.local/lib/python3.7/site-packages/airflow/example_dags/example_task_group_decorator.py for tasks to queue
[2022-10-05 15:24:11,696] {logging_mixin.py:115} INFO - [2022-10-05 15:24:11,696] {dagbag.py:507} INFO - Filling up the DagBag from /home/airflow/.local/lib/python3.7/site-packages/airflow/example_dags/example_task_group_decorator.py
[2022-10-05 15:24:11,747] {processor.py:651} INFO - DAG(s) dict_keys(['example_task_group_decorator']) retrieved from /home/airflow/.local/lib/python3.7/site-packages/airflow/example_dags/example_task_group_decorator.py
[2022-10-05 15:24:12,076] {logging_mixin.py:115} INFO - [2022-10-05 15:24:12,075] {dag.py:2379} INFO - Sync 1 DAGs
[2022-10-05 15:24:12,110] {logging_mixin.py:115} INFO - [2022-10-05 15:24:12,110] {dag.py:2931} INFO - Setting next_dagrun for example_task_group_decorator to 2022-10-04T15:24:12.109669+00:00, run_after=2022-10-05T15:24:12.109669+00:00
[2022-10-05 15:24:12,144] {processor.py:161} INFO - Processing /home/airflow/.local/lib/python3.7/site-packages/airflow/example_dags/example_task_group_decorator.py took 0.459 seconds
[2022-10-05 15:24:42,394] {processor.py:153} INFO - Started process (PID=733) to work on /home/airflow/.local/lib/python3.7/site-packages/airflow/example_dags/example_task_group_decorator.py
[2022-10-05 15:24:42,396] {processor.py:641} INFO - Processing file /home/airflow/.local/lib/python3.7/site-packages/airflow/example_dags/example_task_group_decorator.py for tasks to queue
[2022-10-05 15:24:42,398] {logging_mixin.py:115} INFO - [2022-10-05 15:24:42,398] {dagbag.py:507} INFO - Filling up the DagBag from /home/airflow/.local/lib/python3.7/site-packages/airflow/example_dags/example_task_group_decorator.py
[2022-10-05 15:24:42,439] {processor.py:651} INFO - DAG(s) dict_keys(['example_task_group_decorator']) retrieved from /home/airflow/.local/lib/python3.7/site-packages/airflow/example_dags/example_task_group_decorator.py
[2022-10-05 15:24:42,746] {logging_mixin.py:115} INFO - [2022-10-05 15:24:42,746] {dag.py:2379} INFO - Sync 1 DAGs
[2022-10-05 15:24:42,771] {logging_mixin.py:115} INFO - [2022-10-05 15:24:42,771] {dag.py:2931} INFO - Setting next_dagrun for example_task_group_decorator to 2022-10-04T15:24:42.771181+00:00, run_after=2022-10-05T15:24:42.771181+00:00
[2022-10-05 15:24:42,790] {processor.py:161} INFO - Processing /home/airflow/.local/lib/python3.7/site-packages/airflow/example_dags/example_task_group_decorator.py took 0.403 seconds
[2022-10-05 15:25:13,109] {processor.py:153} INFO - Started process (PID=798) to work on /home/airflow/.local/lib/python3.7/site-packages/airflow/example_dags/example_task_group_decorator.py
[2022-10-05 15:25:13,112] {processor.py:641} INFO - Processing file /home/airflow/.local/lib/python3.7/site-packages/airflow/example_dags/example_task_group_decorator.py for tasks to queue
[2022-10-05 15:25:13,113] {logging_mixin.py:115} INFO - [2022-10-05 15:25:13,113] {dagbag.py:507} INFO - Filling up the DagBag from /home/airflow/.local/lib/python3.7/site-packages/airflow/example_dags/example_task_group_decorator.py
[2022-10-05 15:25:13,160] {processor.py:651} INFO - DAG(s) dict_keys(['example_task_group_decorator']) retrieved from /home/airflow/.local/lib/python3.7/site-packages/airflow/example_dags/example_task_group_decorator.py
[2022-10-05 15:25:13,466] {logging_mixin.py:115} INFO - [2022-10-05 15:25:13,466] {dag.py:2379} INFO - Sync 1 DAGs
[2022-10-05 15:25:13,501] {logging_mixin.py:115} INFO - [2022-10-05 15:25:13,501] {dag.py:2931} INFO - Setting next_dagrun for example_task_group_decorator to 2022-10-04T15:25:13.500623+00:00, run_after=2022-10-05T15:25:13.500623+00:00
[2022-10-05 15:25:13,524] {processor.py:161} INFO - Processing /home/airflow/.local/lib/python3.7/site-packages/airflow/example_dags/example_task_group_decorator.py took 0.421 seconds
[2022-10-05 15:25:43,658] {processor.py:153} INFO - Started process (PID=854) to work on /home/airflow/.local/lib/python3.7/site-packages/airflow/example_dags/example_task_group_decorator.py
[2022-10-05 15:25:43,660] {processor.py:641} INFO - Processing file /home/airflow/.local/lib/python3.7/site-packages/airflow/example_dags/example_task_group_decorator.py for tasks to queue
[2022-10-05 15:25:43,662] {logging_mixin.py:115} INFO - [2022-10-05 15:25:43,662] {dagbag.py:507} INFO - Filling up the DagBag from /home/airflow/.local/lib/python3.7/site-packages/airflow/example_dags/example_task_group_decorator.py
[2022-10-05 15:25:43,715] {processor.py:651} INFO - DAG(s) dict_keys(['example_task_group_decorator']) retrieved from /home/airflow/.local/lib/python3.7/site-packages/airflow/example_dags/example_task_group_decorator.py
[2022-10-05 15:25:43,993] {logging_mixin.py:115} INFO - [2022-10-05 15:25:43,993] {dag.py:2379} INFO - Sync 1 DAGs
[2022-10-05 15:25:44,035] {logging_mixin.py:115} INFO - [2022-10-05 15:25:44,035] {dag.py:2931} INFO - Setting next_dagrun for example_task_group_decorator to 2022-10-04T15:25:44.034923+00:00, run_after=2022-10-05T15:25:44.034923+00:00
[2022-10-05 15:25:44,062] {processor.py:161} INFO - Processing /home/airflow/.local/lib/python3.7/site-packages/airflow/example_dags/example_task_group_decorator.py took 0.411 seconds
[2022-10-05 15:26:14,131] {processor.py:153} INFO - Started process (PID=917) to work on /home/airflow/.local/lib/python3.7/site-packages/airflow/example_dags/example_task_group_decorator.py
[2022-10-05 15:26:14,133] {processor.py:641} INFO - Processing file /home/airflow/.local/lib/python3.7/site-packages/airflow/example_dags/example_task_group_decorator.py for tasks to queue
[2022-10-05 15:26:14,135] {logging_mixin.py:115} INFO - [2022-10-05 15:26:14,135] {dagbag.py:507} INFO - Filling up the DagBag from /home/airflow/.local/lib/python3.7/site-packages/airflow/example_dags/example_task_group_decorator.py
[2022-10-05 15:26:14,181] {processor.py:651} INFO - DAG(s) dict_keys(['example_task_group_decorator']) retrieved from /home/airflow/.local/lib/python3.7/site-packages/airflow/example_dags/example_task_group_decorator.py
[2022-10-05 15:26:14,459] {logging_mixin.py:115} INFO - [2022-10-05 15:26:14,459] {dag.py:2379} INFO - Sync 1 DAGs
[2022-10-05 15:26:14,495] {logging_mixin.py:115} INFO - [2022-10-05 15:26:14,495] {dag.py:2931} INFO - Setting next_dagrun for example_task_group_decorator to 2022-10-04T15:26:14.495019+00:00, run_after=2022-10-05T15:26:14.495019+00:00
[2022-10-05 15:26:14,521] {processor.py:161} INFO - Processing /home/airflow/.local/lib/python3.7/site-packages/airflow/example_dags/example_task_group_decorator.py took 0.397 seconds
[2022-10-05 15:26:45,059] {processor.py:153} INFO - Started process (PID=972) to work on /home/airflow/.local/lib/python3.7/site-packages/airflow/example_dags/example_task_group_decorator.py
[2022-10-05 15:26:45,062] {processor.py:641} INFO - Processing file /home/airflow/.local/lib/python3.7/site-packages/airflow/example_dags/example_task_group_decorator.py for tasks to queue
[2022-10-05 15:26:45,064] {logging_mixin.py:115} INFO - [2022-10-05 15:26:45,063] {dagbag.py:507} INFO - Filling up the DagBag from /home/airflow/.local/lib/python3.7/site-packages/airflow/example_dags/example_task_group_decorator.py
[2022-10-05 15:26:45,104] {processor.py:651} INFO - DAG(s) dict_keys(['example_task_group_decorator']) retrieved from /home/airflow/.local/lib/python3.7/site-packages/airflow/example_dags/example_task_group_decorator.py
[2022-10-05 15:26:45,371] {logging_mixin.py:115} INFO - [2022-10-05 15:26:45,371] {dag.py:2379} INFO - Sync 1 DAGs
[2022-10-05 15:26:45,403] {logging_mixin.py:115} INFO - [2022-10-05 15:26:45,403] {dag.py:2931} INFO - Setting next_dagrun for example_task_group_decorator to 2022-10-04T15:26:45.402938+00:00, run_after=2022-10-05T15:26:45.402938+00:00
[2022-10-05 15:26:45,425] {processor.py:161} INFO - Processing /home/airflow/.local/lib/python3.7/site-packages/airflow/example_dags/example_task_group_decorator.py took 0.373 seconds
[2022-10-05 15:27:15,924] {processor.py:153} INFO - Started process (PID=1036) to work on /home/airflow/.local/lib/python3.7/site-packages/airflow/example_dags/example_task_group_decorator.py
[2022-10-05 15:27:15,926] {processor.py:641} INFO - Processing file /home/airflow/.local/lib/python3.7/site-packages/airflow/example_dags/example_task_group_decorator.py for tasks to queue
[2022-10-05 15:27:15,928] {logging_mixin.py:115} INFO - [2022-10-05 15:27:15,928] {dagbag.py:507} INFO - Filling up the DagBag from /home/airflow/.local/lib/python3.7/site-packages/airflow/example_dags/example_task_group_decorator.py
[2022-10-05 15:27:15,975] {processor.py:651} INFO - DAG(s) dict_keys(['example_task_group_decorator']) retrieved from /home/airflow/.local/lib/python3.7/site-packages/airflow/example_dags/example_task_group_decorator.py
[2022-10-05 15:27:16,245] {logging_mixin.py:115} INFO - [2022-10-05 15:27:16,245] {dag.py:2379} INFO - Sync 1 DAGs
[2022-10-05 15:27:16,272] {logging_mixin.py:115} INFO - [2022-10-05 15:27:16,272] {dag.py:2931} INFO - Setting next_dagrun for example_task_group_decorator to 2022-10-04T15:27:16.272313+00:00, run_after=2022-10-05T15:27:16.272313+00:00
[2022-10-05 15:27:16,338] {processor.py:161} INFO - Processing /home/airflow/.local/lib/python3.7/site-packages/airflow/example_dags/example_task_group_decorator.py took 0.419 seconds
[2022-10-05 15:27:46,981] {processor.py:153} INFO - Started process (PID=1093) to work on /home/airflow/.local/lib/python3.7/site-packages/airflow/example_dags/example_task_group_decorator.py
[2022-10-05 15:27:46,983] {processor.py:641} INFO - Processing file /home/airflow/.local/lib/python3.7/site-packages/airflow/example_dags/example_task_group_decorator.py for tasks to queue
[2022-10-05 15:27:46,985] {logging_mixin.py:115} INFO - [2022-10-05 15:27:46,984] {dagbag.py:507} INFO - Filling up the DagBag from /home/airflow/.local/lib/python3.7/site-packages/airflow/example_dags/example_task_group_decorator.py
[2022-10-05 15:27:47,025] {processor.py:651} INFO - DAG(s) dict_keys(['example_task_group_decorator']) retrieved from /home/airflow/.local/lib/python3.7/site-packages/airflow/example_dags/example_task_group_decorator.py
[2022-10-05 15:27:47,277] {logging_mixin.py:115} INFO - [2022-10-05 15:27:47,277] {dag.py:2379} INFO - Sync 1 DAGs
[2022-10-05 15:27:47,303] {logging_mixin.py:115} INFO - [2022-10-05 15:27:47,302] {dag.py:2931} INFO - Setting next_dagrun for example_task_group_decorator to 2022-10-04T15:27:47.302629+00:00, run_after=2022-10-05T15:27:47.302629+00:00
[2022-10-05 15:27:47,324] {processor.py:161} INFO - Processing /home/airflow/.local/lib/python3.7/site-packages/airflow/example_dags/example_task_group_decorator.py took 0.348 seconds
[2022-10-05 15:28:17,689] {processor.py:153} INFO - Started process (PID=1158) to work on /home/airflow/.local/lib/python3.7/site-packages/airflow/example_dags/example_task_group_decorator.py
[2022-10-05 15:28:17,693] {processor.py:641} INFO - Processing file /home/airflow/.local/lib/python3.7/site-packages/airflow/example_dags/example_task_group_decorator.py for tasks to queue
[2022-10-05 15:28:17,697] {logging_mixin.py:115} INFO - [2022-10-05 15:28:17,696] {dagbag.py:507} INFO - Filling up the DagBag from /home/airflow/.local/lib/python3.7/site-packages/airflow/example_dags/example_task_group_decorator.py
[2022-10-05 15:28:17,791] {processor.py:651} INFO - DAG(s) dict_keys(['example_task_group_decorator']) retrieved from /home/airflow/.local/lib/python3.7/site-packages/airflow/example_dags/example_task_group_decorator.py
[2022-10-05 15:28:18,340] {logging_mixin.py:115} INFO - [2022-10-05 15:28:18,339] {dag.py:2379} INFO - Sync 1 DAGs
[2022-10-05 15:28:18,390] {logging_mixin.py:115} INFO - [2022-10-05 15:28:18,390] {dag.py:2931} INFO - Setting next_dagrun for example_task_group_decorator to 2022-10-04T15:28:18.389941+00:00, run_after=2022-10-05T15:28:18.389941+00:00
[2022-10-05 15:28:18,428] {processor.py:161} INFO - Processing /home/airflow/.local/lib/python3.7/site-packages/airflow/example_dags/example_task_group_decorator.py took 0.751 seconds
[2022-10-05 15:28:48,896] {processor.py:153} INFO - Started process (PID=1213) to work on /home/airflow/.local/lib/python3.7/site-packages/airflow/example_dags/example_task_group_decorator.py
[2022-10-05 15:28:48,899] {processor.py:641} INFO - Processing file /home/airflow/.local/lib/python3.7/site-packages/airflow/example_dags/example_task_group_decorator.py for tasks to queue
[2022-10-05 15:28:48,902] {logging_mixin.py:115} INFO - [2022-10-05 15:28:48,901] {dagbag.py:507} INFO - Filling up the DagBag from /home/airflow/.local/lib/python3.7/site-packages/airflow/example_dags/example_task_group_decorator.py
[2022-10-05 15:28:48,972] {processor.py:651} INFO - DAG(s) dict_keys(['example_task_group_decorator']) retrieved from /home/airflow/.local/lib/python3.7/site-packages/airflow/example_dags/example_task_group_decorator.py
[2022-10-05 15:28:49,361] {logging_mixin.py:115} INFO - [2022-10-05 15:28:49,361] {dag.py:2379} INFO - Sync 1 DAGs
[2022-10-05 15:28:49,402] {logging_mixin.py:115} INFO - [2022-10-05 15:28:49,402] {dag.py:2931} INFO - Setting next_dagrun for example_task_group_decorator to 2022-10-04T15:28:49.401628+00:00, run_after=2022-10-05T15:28:49.401628+00:00
[2022-10-05 15:28:49,429] {processor.py:161} INFO - Processing /home/airflow/.local/lib/python3.7/site-packages/airflow/example_dags/example_task_group_decorator.py took 0.542 seconds
[2022-10-05 15:29:19,731] {processor.py:153} INFO - Started process (PID=1269) to work on /home/airflow/.local/lib/python3.7/site-packages/airflow/example_dags/example_task_group_decorator.py
[2022-10-05 15:29:19,733] {processor.py:641} INFO - Processing file /home/airflow/.local/lib/python3.7/site-packages/airflow/example_dags/example_task_group_decorator.py for tasks to queue
[2022-10-05 15:29:19,735] {logging_mixin.py:115} INFO - [2022-10-05 15:29:19,735] {dagbag.py:507} INFO - Filling up the DagBag from /home/airflow/.local/lib/python3.7/site-packages/airflow/example_dags/example_task_group_decorator.py
[2022-10-05 15:29:19,793] {processor.py:651} INFO - DAG(s) dict_keys(['example_task_group_decorator']) retrieved from /home/airflow/.local/lib/python3.7/site-packages/airflow/example_dags/example_task_group_decorator.py
[2022-10-05 15:29:20,120] {logging_mixin.py:115} INFO - [2022-10-05 15:29:20,120] {dag.py:2379} INFO - Sync 1 DAGs
[2022-10-05 15:29:20,177] {logging_mixin.py:115} INFO - [2022-10-05 15:29:20,176] {dag.py:2931} INFO - Setting next_dagrun for example_task_group_decorator to 2022-10-04T15:29:20.176458+00:00, run_after=2022-10-05T15:29:20.176458+00:00
[2022-10-05 15:29:20,214] {processor.py:161} INFO - Processing /home/airflow/.local/lib/python3.7/site-packages/airflow/example_dags/example_task_group_decorator.py took 0.490 seconds
[2022-10-05 15:29:50,483] {processor.py:153} INFO - Started process (PID=1334) to work on /home/airflow/.local/lib/python3.7/site-packages/airflow/example_dags/example_task_group_decorator.py
[2022-10-05 15:29:50,486] {processor.py:641} INFO - Processing file /home/airflow/.local/lib/python3.7/site-packages/airflow/example_dags/example_task_group_decorator.py for tasks to queue
[2022-10-05 15:29:50,489] {logging_mixin.py:115} INFO - [2022-10-05 15:29:50,488] {dagbag.py:507} INFO - Filling up the DagBag from /home/airflow/.local/lib/python3.7/site-packages/airflow/example_dags/example_task_group_decorator.py
[2022-10-05 15:29:50,535] {processor.py:651} INFO - DAG(s) dict_keys(['example_task_group_decorator']) retrieved from /home/airflow/.local/lib/python3.7/site-packages/airflow/example_dags/example_task_group_decorator.py
[2022-10-05 15:29:50,804] {logging_mixin.py:115} INFO - [2022-10-05 15:29:50,804] {dag.py:2379} INFO - Sync 1 DAGs
[2022-10-05 15:29:50,830] {logging_mixin.py:115} INFO - [2022-10-05 15:29:50,830] {dag.py:2931} INFO - Setting next_dagrun for example_task_group_decorator to 2022-10-04T15:29:50.829911+00:00, run_after=2022-10-05T15:29:50.829911+00:00
[2022-10-05 15:29:50,849] {processor.py:161} INFO - Processing /home/airflow/.local/lib/python3.7/site-packages/airflow/example_dags/example_task_group_decorator.py took 0.374 seconds
[2022-10-05 15:30:21,293] {processor.py:153} INFO - Started process (PID=1399) to work on /home/airflow/.local/lib/python3.7/site-packages/airflow/example_dags/example_task_group_decorator.py
[2022-10-05 15:30:21,296] {processor.py:641} INFO - Processing file /home/airflow/.local/lib/python3.7/site-packages/airflow/example_dags/example_task_group_decorator.py for tasks to queue
[2022-10-05 15:30:21,298] {logging_mixin.py:115} INFO - [2022-10-05 15:30:21,298] {dagbag.py:507} INFO - Filling up the DagBag from /home/airflow/.local/lib/python3.7/site-packages/airflow/example_dags/example_task_group_decorator.py
[2022-10-05 15:30:21,354] {processor.py:651} INFO - DAG(s) dict_keys(['example_task_group_decorator']) retrieved from /home/airflow/.local/lib/python3.7/site-packages/airflow/example_dags/example_task_group_decorator.py
[2022-10-05 15:30:21,552] {logging_mixin.py:115} INFO - [2022-10-05 15:30:21,552] {dag.py:2379} INFO - Sync 1 DAGs
[2022-10-05 15:30:21,579] {logging_mixin.py:115} INFO - [2022-10-05 15:30:21,579] {dag.py:2931} INFO - Setting next_dagrun for example_task_group_decorator to 2022-10-04T15:30:21.579315+00:00, run_after=2022-10-05T15:30:21.579315+00:00
[2022-10-05 15:30:21,599] {processor.py:161} INFO - Processing /home/airflow/.local/lib/python3.7/site-packages/airflow/example_dags/example_task_group_decorator.py took 0.310 seconds
[2022-10-05 15:30:51,979] {processor.py:153} INFO - Started process (PID=1455) to work on /home/airflow/.local/lib/python3.7/site-packages/airflow/example_dags/example_task_group_decorator.py
[2022-10-05 15:30:51,982] {processor.py:641} INFO - Processing file /home/airflow/.local/lib/python3.7/site-packages/airflow/example_dags/example_task_group_decorator.py for tasks to queue
[2022-10-05 15:30:51,983] {logging_mixin.py:115} INFO - [2022-10-05 15:30:51,983] {dagbag.py:507} INFO - Filling up the DagBag from /home/airflow/.local/lib/python3.7/site-packages/airflow/example_dags/example_task_group_decorator.py
[2022-10-05 15:30:52,031] {processor.py:651} INFO - DAG(s) dict_keys(['example_task_group_decorator']) retrieved from /home/airflow/.local/lib/python3.7/site-packages/airflow/example_dags/example_task_group_decorator.py
[2022-10-05 15:30:52,252] {logging_mixin.py:115} INFO - [2022-10-05 15:30:52,252] {dag.py:2379} INFO - Sync 1 DAGs
[2022-10-05 15:30:52,285] {logging_mixin.py:115} INFO - [2022-10-05 15:30:52,285] {dag.py:2931} INFO - Setting next_dagrun for example_task_group_decorator to 2022-10-04T15:30:52.285500+00:00, run_after=2022-10-05T15:30:52.285500+00:00
[2022-10-05 15:30:52,304] {processor.py:161} INFO - Processing /home/airflow/.local/lib/python3.7/site-packages/airflow/example_dags/example_task_group_decorator.py took 0.332 seconds
[2022-10-05 15:31:22,814] {processor.py:153} INFO - Started process (PID=1511) to work on /home/airflow/.local/lib/python3.7/site-packages/airflow/example_dags/example_task_group_decorator.py
[2022-10-05 15:31:22,817] {processor.py:641} INFO - Processing file /home/airflow/.local/lib/python3.7/site-packages/airflow/example_dags/example_task_group_decorator.py for tasks to queue
[2022-10-05 15:31:22,821] {logging_mixin.py:115} INFO - [2022-10-05 15:31:22,820] {dagbag.py:507} INFO - Filling up the DagBag from /home/airflow/.local/lib/python3.7/site-packages/airflow/example_dags/example_task_group_decorator.py
[2022-10-05 15:31:22,937] {processor.py:651} INFO - DAG(s) dict_keys(['example_task_group_decorator']) retrieved from /home/airflow/.local/lib/python3.7/site-packages/airflow/example_dags/example_task_group_decorator.py
[2022-10-05 15:31:23,539] {logging_mixin.py:115} INFO - [2022-10-05 15:31:23,539] {dag.py:2379} INFO - Sync 1 DAGs
[2022-10-05 15:31:23,606] {logging_mixin.py:115} INFO - [2022-10-05 15:31:23,605] {dag.py:2931} INFO - Setting next_dagrun for example_task_group_decorator to 2022-10-04T15:31:23.605398+00:00, run_after=2022-10-05T15:31:23.605398+00:00
[2022-10-05 15:31:23,735] {processor.py:161} INFO - Processing /home/airflow/.local/lib/python3.7/site-packages/airflow/example_dags/example_task_group_decorator.py took 0.931 seconds
[2022-10-05 15:31:54,918] {processor.py:153} INFO - Started process (PID=1566) to work on /home/airflow/.local/lib/python3.7/site-packages/airflow/example_dags/example_task_group_decorator.py
[2022-10-05 15:31:54,922] {processor.py:641} INFO - Processing file /home/airflow/.local/lib/python3.7/site-packages/airflow/example_dags/example_task_group_decorator.py for tasks to queue
[2022-10-05 15:31:54,926] {logging_mixin.py:115} INFO - [2022-10-05 15:31:54,925] {dagbag.py:507} INFO - Filling up the DagBag from /home/airflow/.local/lib/python3.7/site-packages/airflow/example_dags/example_task_group_decorator.py
[2022-10-05 15:31:55,107] {processor.py:651} INFO - DAG(s) dict_keys(['example_task_group_decorator']) retrieved from /home/airflow/.local/lib/python3.7/site-packages/airflow/example_dags/example_task_group_decorator.py
[2022-10-05 15:31:55,710] {logging_mixin.py:115} INFO - [2022-10-05 15:31:55,710] {dag.py:2379} INFO - Sync 1 DAGs
[2022-10-05 15:31:55,795] {logging_mixin.py:115} INFO - [2022-10-05 15:31:55,795] {dag.py:2931} INFO - Setting next_dagrun for example_task_group_decorator to 2022-10-04T15:31:55.794404+00:00, run_after=2022-10-05T15:31:55.794404+00:00
[2022-10-05 15:31:55,846] {processor.py:161} INFO - Processing /home/airflow/.local/lib/python3.7/site-packages/airflow/example_dags/example_task_group_decorator.py took 0.939 seconds
[2022-10-05 15:32:26,241] {processor.py:153} INFO - Started process (PID=1621) to work on /home/airflow/.local/lib/python3.7/site-packages/airflow/example_dags/example_task_group_decorator.py
[2022-10-05 15:32:26,243] {processor.py:641} INFO - Processing file /home/airflow/.local/lib/python3.7/site-packages/airflow/example_dags/example_task_group_decorator.py for tasks to queue
[2022-10-05 15:32:26,245] {logging_mixin.py:115} INFO - [2022-10-05 15:32:26,245] {dagbag.py:507} INFO - Filling up the DagBag from /home/airflow/.local/lib/python3.7/site-packages/airflow/example_dags/example_task_group_decorator.py
[2022-10-05 15:32:26,287] {processor.py:651} INFO - DAG(s) dict_keys(['example_task_group_decorator']) retrieved from /home/airflow/.local/lib/python3.7/site-packages/airflow/example_dags/example_task_group_decorator.py
[2022-10-05 15:32:26,558] {logging_mixin.py:115} INFO - [2022-10-05 15:32:26,557] {dag.py:2379} INFO - Sync 1 DAGs
[2022-10-05 15:32:26,586] {logging_mixin.py:115} INFO - [2022-10-05 15:32:26,586] {dag.py:2931} INFO - Setting next_dagrun for example_task_group_decorator to 2022-10-04T15:32:26.586175+00:00, run_after=2022-10-05T15:32:26.586175+00:00
[2022-10-05 15:32:26,605] {processor.py:161} INFO - Processing /home/airflow/.local/lib/python3.7/site-packages/airflow/example_dags/example_task_group_decorator.py took 0.369 seconds
[2022-10-05 15:32:56,801] {processor.py:153} INFO - Started process (PID=1687) to work on /home/airflow/.local/lib/python3.7/site-packages/airflow/example_dags/example_task_group_decorator.py
[2022-10-05 15:32:56,805] {processor.py:641} INFO - Processing file /home/airflow/.local/lib/python3.7/site-packages/airflow/example_dags/example_task_group_decorator.py for tasks to queue
[2022-10-05 15:32:56,808] {logging_mixin.py:115} INFO - [2022-10-05 15:32:56,807] {dagbag.py:507} INFO - Filling up the DagBag from /home/airflow/.local/lib/python3.7/site-packages/airflow/example_dags/example_task_group_decorator.py
[2022-10-05 15:32:56,847] {processor.py:651} INFO - DAG(s) dict_keys(['example_task_group_decorator']) retrieved from /home/airflow/.local/lib/python3.7/site-packages/airflow/example_dags/example_task_group_decorator.py
[2022-10-05 15:32:57,075] {logging_mixin.py:115} INFO - [2022-10-05 15:32:57,075] {dag.py:2379} INFO - Sync 1 DAGs
[2022-10-05 15:32:57,097] {logging_mixin.py:115} INFO - [2022-10-05 15:32:57,097] {dag.py:2931} INFO - Setting next_dagrun for example_task_group_decorator to 2022-10-04T15:32:57.097593+00:00, run_after=2022-10-05T15:32:57.097593+00:00
[2022-10-05 15:32:57,115] {processor.py:161} INFO - Processing /home/airflow/.local/lib/python3.7/site-packages/airflow/example_dags/example_task_group_decorator.py took 0.320 seconds
[2022-10-05 15:33:27,456] {processor.py:153} INFO - Started process (PID=1744) to work on /home/airflow/.local/lib/python3.7/site-packages/airflow/example_dags/example_task_group_decorator.py
[2022-10-05 15:33:27,458] {processor.py:641} INFO - Processing file /home/airflow/.local/lib/python3.7/site-packages/airflow/example_dags/example_task_group_decorator.py for tasks to queue
[2022-10-05 15:33:27,459] {logging_mixin.py:115} INFO - [2022-10-05 15:33:27,459] {dagbag.py:507} INFO - Filling up the DagBag from /home/airflow/.local/lib/python3.7/site-packages/airflow/example_dags/example_task_group_decorator.py
[2022-10-05 15:33:27,504] {processor.py:651} INFO - DAG(s) dict_keys(['example_task_group_decorator']) retrieved from /home/airflow/.local/lib/python3.7/site-packages/airflow/example_dags/example_task_group_decorator.py
[2022-10-05 15:33:27,713] {logging_mixin.py:115} INFO - [2022-10-05 15:33:27,713] {dag.py:2379} INFO - Sync 1 DAGs
[2022-10-05 15:33:27,742] {logging_mixin.py:115} INFO - [2022-10-05 15:33:27,742] {dag.py:2931} INFO - Setting next_dagrun for example_task_group_decorator to 2022-10-04T15:33:27.741994+00:00, run_after=2022-10-05T15:33:27.741994+00:00
[2022-10-05 15:33:27,760] {processor.py:161} INFO - Processing /home/airflow/.local/lib/python3.7/site-packages/airflow/example_dags/example_task_group_decorator.py took 0.310 seconds
[2022-10-05 15:33:58,153] {processor.py:153} INFO - Started process (PID=1809) to work on /home/airflow/.local/lib/python3.7/site-packages/airflow/example_dags/example_task_group_decorator.py
[2022-10-05 15:33:58,156] {processor.py:641} INFO - Processing file /home/airflow/.local/lib/python3.7/site-packages/airflow/example_dags/example_task_group_decorator.py for tasks to queue
[2022-10-05 15:33:58,158] {logging_mixin.py:115} INFO - [2022-10-05 15:33:58,158] {dagbag.py:507} INFO - Filling up the DagBag from /home/airflow/.local/lib/python3.7/site-packages/airflow/example_dags/example_task_group_decorator.py
[2022-10-05 15:33:58,199] {processor.py:651} INFO - DAG(s) dict_keys(['example_task_group_decorator']) retrieved from /home/airflow/.local/lib/python3.7/site-packages/airflow/example_dags/example_task_group_decorator.py
[2022-10-05 15:33:58,394] {logging_mixin.py:115} INFO - [2022-10-05 15:33:58,393] {dag.py:2379} INFO - Sync 1 DAGs
[2022-10-05 15:33:58,426] {logging_mixin.py:115} INFO - [2022-10-05 15:33:58,426] {dag.py:2931} INFO - Setting next_dagrun for example_task_group_decorator to 2022-10-04T15:33:58.426252+00:00, run_after=2022-10-05T15:33:58.426252+00:00
[2022-10-05 15:33:58,447] {processor.py:161} INFO - Processing /home/airflow/.local/lib/python3.7/site-packages/airflow/example_dags/example_task_group_decorator.py took 0.301 seconds
[2022-10-05 15:34:28,906] {processor.py:153} INFO - Started process (PID=1874) to work on /home/airflow/.local/lib/python3.7/site-packages/airflow/example_dags/example_task_group_decorator.py
[2022-10-05 15:34:28,908] {processor.py:641} INFO - Processing file /home/airflow/.local/lib/python3.7/site-packages/airflow/example_dags/example_task_group_decorator.py for tasks to queue
[2022-10-05 15:34:28,910] {logging_mixin.py:115} INFO - [2022-10-05 15:34:28,910] {dagbag.py:507} INFO - Filling up the DagBag from /home/airflow/.local/lib/python3.7/site-packages/airflow/example_dags/example_task_group_decorator.py
[2022-10-05 15:34:28,951] {processor.py:651} INFO - DAG(s) dict_keys(['example_task_group_decorator']) retrieved from /home/airflow/.local/lib/python3.7/site-packages/airflow/example_dags/example_task_group_decorator.py
[2022-10-05 15:34:29,156] {logging_mixin.py:115} INFO - [2022-10-05 15:34:29,156] {dag.py:2379} INFO - Sync 1 DAGs
[2022-10-05 15:34:29,184] {logging_mixin.py:115} INFO - [2022-10-05 15:34:29,184] {dag.py:2931} INFO - Setting next_dagrun for example_task_group_decorator to 2022-10-04T15:34:29.184275+00:00, run_after=2022-10-05T15:34:29.184275+00:00
[2022-10-05 15:34:29,202] {processor.py:161} INFO - Processing /home/airflow/.local/lib/python3.7/site-packages/airflow/example_dags/example_task_group_decorator.py took 0.301 seconds
[2022-10-05 15:34:59,257] {processor.py:153} INFO - Started process (PID=1929) to work on /home/airflow/.local/lib/python3.7/site-packages/airflow/example_dags/example_task_group_decorator.py
[2022-10-05 15:34:59,259] {processor.py:641} INFO - Processing file /home/airflow/.local/lib/python3.7/site-packages/airflow/example_dags/example_task_group_decorator.py for tasks to queue
[2022-10-05 15:34:59,261] {logging_mixin.py:115} INFO - [2022-10-05 15:34:59,260] {dagbag.py:507} INFO - Filling up the DagBag from /home/airflow/.local/lib/python3.7/site-packages/airflow/example_dags/example_task_group_decorator.py
[2022-10-05 15:34:59,299] {processor.py:651} INFO - DAG(s) dict_keys(['example_task_group_decorator']) retrieved from /home/airflow/.local/lib/python3.7/site-packages/airflow/example_dags/example_task_group_decorator.py
[2022-10-05 15:34:59,496] {logging_mixin.py:115} INFO - [2022-10-05 15:34:59,496] {dag.py:2379} INFO - Sync 1 DAGs
[2022-10-05 15:34:59,530] {logging_mixin.py:115} INFO - [2022-10-05 15:34:59,529] {dag.py:2931} INFO - Setting next_dagrun for example_task_group_decorator to 2022-10-04T15:34:59.529660+00:00, run_after=2022-10-05T15:34:59.529660+00:00
[2022-10-05 15:34:59,544] {processor.py:161} INFO - Processing /home/airflow/.local/lib/python3.7/site-packages/airflow/example_dags/example_task_group_decorator.py took 0.293 seconds
[2022-10-05 15:35:30,300] {processor.py:153} INFO - Started process (PID=1993) to work on /home/airflow/.local/lib/python3.7/site-packages/airflow/example_dags/example_task_group_decorator.py
[2022-10-05 15:35:30,302] {processor.py:641} INFO - Processing file /home/airflow/.local/lib/python3.7/site-packages/airflow/example_dags/example_task_group_decorator.py for tasks to queue
[2022-10-05 15:35:30,305] {logging_mixin.py:115} INFO - [2022-10-05 15:35:30,304] {dagbag.py:507} INFO - Filling up the DagBag from /home/airflow/.local/lib/python3.7/site-packages/airflow/example_dags/example_task_group_decorator.py
[2022-10-05 15:35:30,374] {processor.py:651} INFO - DAG(s) dict_keys(['example_task_group_decorator']) retrieved from /home/airflow/.local/lib/python3.7/site-packages/airflow/example_dags/example_task_group_decorator.py
[2022-10-05 15:35:30,669] {logging_mixin.py:115} INFO - [2022-10-05 15:35:30,669] {dag.py:2379} INFO - Sync 1 DAGs
[2022-10-05 15:35:30,717] {logging_mixin.py:115} INFO - [2022-10-05 15:35:30,716] {dag.py:2931} INFO - Setting next_dagrun for example_task_group_decorator to 2022-10-04T15:35:30.716559+00:00, run_after=2022-10-05T15:35:30.716559+00:00
[2022-10-05 15:35:30,748] {processor.py:161} INFO - Processing /home/airflow/.local/lib/python3.7/site-packages/airflow/example_dags/example_task_group_decorator.py took 0.461 seconds
[2022-10-05 15:51:23,605] {processor.py:153} INFO - Started process (PID=2054) to work on /home/airflow/.local/lib/python3.7/site-packages/airflow/example_dags/example_task_group_decorator.py
[2022-10-05 15:51:23,608] {processor.py:641} INFO - Processing file /home/airflow/.local/lib/python3.7/site-packages/airflow/example_dags/example_task_group_decorator.py for tasks to queue
[2022-10-05 15:51:23,610] {logging_mixin.py:115} INFO - [2022-10-05 15:51:23,610] {dagbag.py:507} INFO - Filling up the DagBag from /home/airflow/.local/lib/python3.7/site-packages/airflow/example_dags/example_task_group_decorator.py
[2022-10-05 15:51:23,692] {processor.py:651} INFO - DAG(s) dict_keys(['example_task_group_decorator']) retrieved from /home/airflow/.local/lib/python3.7/site-packages/airflow/example_dags/example_task_group_decorator.py
[2022-10-05 15:51:23,780] {logging_mixin.py:115} INFO - [2022-10-05 15:51:23,780] {dag.py:2379} INFO - Sync 1 DAGs
[2022-10-05 15:51:23,803] {logging_mixin.py:115} INFO - [2022-10-05 15:51:23,803] {dag.py:2931} INFO - Setting next_dagrun for example_task_group_decorator to 2022-10-04T15:51:23.802981+00:00, run_after=2022-10-05T15:51:23.802981+00:00
[2022-10-05 15:51:23,824] {processor.py:161} INFO - Processing /home/airflow/.local/lib/python3.7/site-packages/airflow/example_dags/example_task_group_decorator.py took 0.229 seconds
[2022-10-05 15:51:54,502] {processor.py:153} INFO - Started process (PID=2118) to work on /home/airflow/.local/lib/python3.7/site-packages/airflow/example_dags/example_task_group_decorator.py
[2022-10-05 15:51:54,504] {processor.py:641} INFO - Processing file /home/airflow/.local/lib/python3.7/site-packages/airflow/example_dags/example_task_group_decorator.py for tasks to queue
[2022-10-05 15:51:54,505] {logging_mixin.py:115} INFO - [2022-10-05 15:51:54,505] {dagbag.py:507} INFO - Filling up the DagBag from /home/airflow/.local/lib/python3.7/site-packages/airflow/example_dags/example_task_group_decorator.py
[2022-10-05 15:51:54,536] {processor.py:651} INFO - DAG(s) dict_keys(['example_task_group_decorator']) retrieved from /home/airflow/.local/lib/python3.7/site-packages/airflow/example_dags/example_task_group_decorator.py
[2022-10-05 15:51:54,634] {logging_mixin.py:115} INFO - [2022-10-05 15:51:54,634] {dag.py:2379} INFO - Sync 1 DAGs
[2022-10-05 15:51:54,657] {logging_mixin.py:115} INFO - [2022-10-05 15:51:54,656] {dag.py:2931} INFO - Setting next_dagrun for example_task_group_decorator to 2022-10-04T15:51:54.656627+00:00, run_after=2022-10-05T15:51:54.656627+00:00
[2022-10-05 15:51:54,677] {processor.py:161} INFO - Processing /home/airflow/.local/lib/python3.7/site-packages/airflow/example_dags/example_task_group_decorator.py took 0.180 seconds
[2022-10-05 15:52:24,940] {processor.py:153} INFO - Started process (PID=2183) to work on /home/airflow/.local/lib/python3.7/site-packages/airflow/example_dags/example_task_group_decorator.py
[2022-10-05 15:52:24,942] {processor.py:641} INFO - Processing file /home/airflow/.local/lib/python3.7/site-packages/airflow/example_dags/example_task_group_decorator.py for tasks to queue
[2022-10-05 15:52:24,944] {logging_mixin.py:115} INFO - [2022-10-05 15:52:24,944] {dagbag.py:507} INFO - Filling up the DagBag from /home/airflow/.local/lib/python3.7/site-packages/airflow/example_dags/example_task_group_decorator.py
[2022-10-05 15:52:24,978] {processor.py:651} INFO - DAG(s) dict_keys(['example_task_group_decorator']) retrieved from /home/airflow/.local/lib/python3.7/site-packages/airflow/example_dags/example_task_group_decorator.py
[2022-10-05 15:52:25,076] {logging_mixin.py:115} INFO - [2022-10-05 15:52:25,076] {dag.py:2379} INFO - Sync 1 DAGs
[2022-10-05 15:52:25,096] {logging_mixin.py:115} INFO - [2022-10-05 15:52:25,096] {dag.py:2931} INFO - Setting next_dagrun for example_task_group_decorator to 2022-10-04T15:52:25.095945+00:00, run_after=2022-10-05T15:52:25.095945+00:00
[2022-10-05 15:52:25,112] {processor.py:161} INFO - Processing /home/airflow/.local/lib/python3.7/site-packages/airflow/example_dags/example_task_group_decorator.py took 0.176 seconds
[2022-10-05 15:52:55,310] {processor.py:153} INFO - Started process (PID=2239) to work on /home/airflow/.local/lib/python3.7/site-packages/airflow/example_dags/example_task_group_decorator.py
[2022-10-05 15:52:55,311] {processor.py:641} INFO - Processing file /home/airflow/.local/lib/python3.7/site-packages/airflow/example_dags/example_task_group_decorator.py for tasks to queue
[2022-10-05 15:52:55,313] {logging_mixin.py:115} INFO - [2022-10-05 15:52:55,313] {dagbag.py:507} INFO - Filling up the DagBag from /home/airflow/.local/lib/python3.7/site-packages/airflow/example_dags/example_task_group_decorator.py
[2022-10-05 15:52:55,345] {processor.py:651} INFO - DAG(s) dict_keys(['example_task_group_decorator']) retrieved from /home/airflow/.local/lib/python3.7/site-packages/airflow/example_dags/example_task_group_decorator.py
[2022-10-05 15:52:55,429] {logging_mixin.py:115} INFO - [2022-10-05 15:52:55,429] {dag.py:2379} INFO - Sync 1 DAGs
[2022-10-05 15:52:55,449] {logging_mixin.py:115} INFO - [2022-10-05 15:52:55,449] {dag.py:2931} INFO - Setting next_dagrun for example_task_group_decorator to 2022-10-04T15:52:55.449178+00:00, run_after=2022-10-05T15:52:55.449178+00:00
[2022-10-05 15:52:55,466] {processor.py:161} INFO - Processing /home/airflow/.local/lib/python3.7/site-packages/airflow/example_dags/example_task_group_decorator.py took 0.159 seconds
[2022-10-05 15:53:25,642] {processor.py:153} INFO - Started process (PID=2304) to work on /home/airflow/.local/lib/python3.7/site-packages/airflow/example_dags/example_task_group_decorator.py
[2022-10-05 15:53:25,646] {processor.py:641} INFO - Processing file /home/airflow/.local/lib/python3.7/site-packages/airflow/example_dags/example_task_group_decorator.py for tasks to queue
[2022-10-05 15:53:25,648] {logging_mixin.py:115} INFO - [2022-10-05 15:53:25,648] {dagbag.py:507} INFO - Filling up the DagBag from /home/airflow/.local/lib/python3.7/site-packages/airflow/example_dags/example_task_group_decorator.py
[2022-10-05 15:53:25,680] {processor.py:651} INFO - DAG(s) dict_keys(['example_task_group_decorator']) retrieved from /home/airflow/.local/lib/python3.7/site-packages/airflow/example_dags/example_task_group_decorator.py
[2022-10-05 15:53:25,761] {logging_mixin.py:115} INFO - [2022-10-05 15:53:25,761] {dag.py:2379} INFO - Sync 1 DAGs
[2022-10-05 15:53:25,784] {logging_mixin.py:115} INFO - [2022-10-05 15:53:25,784] {dag.py:2931} INFO - Setting next_dagrun for example_task_group_decorator to 2022-10-04T15:53:25.784138+00:00, run_after=2022-10-05T15:53:25.784138+00:00
[2022-10-05 15:53:25,807] {processor.py:161} INFO - Processing /home/airflow/.local/lib/python3.7/site-packages/airflow/example_dags/example_task_group_decorator.py took 0.170 seconds
[2022-10-05 16:01:53,175] {processor.py:153} INFO - Started process (PID=2395) to work on /home/airflow/.local/lib/python3.7/site-packages/airflow/example_dags/example_task_group_decorator.py
[2022-10-05 16:01:53,176] {processor.py:641} INFO - Processing file /home/airflow/.local/lib/python3.7/site-packages/airflow/example_dags/example_task_group_decorator.py for tasks to queue
[2022-10-05 16:01:53,178] {logging_mixin.py:115} INFO - [2022-10-05 16:01:53,178] {dagbag.py:507} INFO - Filling up the DagBag from /home/airflow/.local/lib/python3.7/site-packages/airflow/example_dags/example_task_group_decorator.py
[2022-10-05 16:01:53,211] {processor.py:651} INFO - DAG(s) dict_keys(['example_task_group_decorator']) retrieved from /home/airflow/.local/lib/python3.7/site-packages/airflow/example_dags/example_task_group_decorator.py
[2022-10-05 16:01:53,330] {logging_mixin.py:115} INFO - [2022-10-05 16:01:53,330] {dag.py:2379} INFO - Sync 1 DAGs
[2022-10-05 16:01:53,349] {logging_mixin.py:115} INFO - [2022-10-05 16:01:53,349] {dag.py:2931} INFO - Setting next_dagrun for example_task_group_decorator to 2022-10-04T16:01:53.349341+00:00, run_after=2022-10-05T16:01:53.349341+00:00
[2022-10-05 16:01:53,366] {processor.py:161} INFO - Processing /home/airflow/.local/lib/python3.7/site-packages/airflow/example_dags/example_task_group_decorator.py took 0.196 seconds
[2022-10-05 16:03:22,533] {processor.py:153} INFO - Started process (PID=2441) to work on /home/airflow/.local/lib/python3.7/site-packages/airflow/example_dags/example_task_group_decorator.py
[2022-10-05 16:03:22,534] {processor.py:641} INFO - Processing file /home/airflow/.local/lib/python3.7/site-packages/airflow/example_dags/example_task_group_decorator.py for tasks to queue
[2022-10-05 16:03:22,536] {logging_mixin.py:115} INFO - [2022-10-05 16:03:22,536] {dagbag.py:507} INFO - Filling up the DagBag from /home/airflow/.local/lib/python3.7/site-packages/airflow/example_dags/example_task_group_decorator.py
[2022-10-05 16:03:22,568] {processor.py:651} INFO - DAG(s) dict_keys(['example_task_group_decorator']) retrieved from /home/airflow/.local/lib/python3.7/site-packages/airflow/example_dags/example_task_group_decorator.py
[2022-10-05 16:03:22,648] {logging_mixin.py:115} INFO - [2022-10-05 16:03:22,648] {dag.py:2379} INFO - Sync 1 DAGs
[2022-10-05 16:03:22,668] {logging_mixin.py:115} INFO - [2022-10-05 16:03:22,668] {dag.py:2931} INFO - Setting next_dagrun for example_task_group_decorator to 2022-10-04T16:03:22.668097+00:00, run_after=2022-10-05T16:03:22.668097+00:00
[2022-10-05 16:03:22,684] {processor.py:161} INFO - Processing /home/airflow/.local/lib/python3.7/site-packages/airflow/example_dags/example_task_group_decorator.py took 0.155 seconds
[2022-10-05 16:14:16,280] {processor.py:153} INFO - Started process (PID=2480) to work on /home/airflow/.local/lib/python3.7/site-packages/airflow/example_dags/example_task_group_decorator.py
[2022-10-05 16:14:16,282] {processor.py:641} INFO - Processing file /home/airflow/.local/lib/python3.7/site-packages/airflow/example_dags/example_task_group_decorator.py for tasks to queue
[2022-10-05 16:14:16,283] {logging_mixin.py:115} INFO - [2022-10-05 16:14:16,283] {dagbag.py:507} INFO - Filling up the DagBag from /home/airflow/.local/lib/python3.7/site-packages/airflow/example_dags/example_task_group_decorator.py
[2022-10-05 16:14:16,315] {processor.py:651} INFO - DAG(s) dict_keys(['example_task_group_decorator']) retrieved from /home/airflow/.local/lib/python3.7/site-packages/airflow/example_dags/example_task_group_decorator.py
[2022-10-05 16:14:16,398] {logging_mixin.py:115} INFO - [2022-10-05 16:14:16,398] {dag.py:2379} INFO - Sync 1 DAGs
[2022-10-05 16:14:16,418] {logging_mixin.py:115} INFO - [2022-10-05 16:14:16,418] {dag.py:2931} INFO - Setting next_dagrun for example_task_group_decorator to 2022-10-04T16:14:16.418237+00:00, run_after=2022-10-05T16:14:16.418237+00:00
[2022-10-05 16:14:16,436] {processor.py:161} INFO - Processing /home/airflow/.local/lib/python3.7/site-packages/airflow/example_dags/example_task_group_decorator.py took 0.160 seconds
[2022-10-05 16:15:20,302] {processor.py:153} INFO - Started process (PID=2527) to work on /home/airflow/.local/lib/python3.7/site-packages/airflow/example_dags/example_task_group_decorator.py
[2022-10-05 16:15:20,303] {processor.py:641} INFO - Processing file /home/airflow/.local/lib/python3.7/site-packages/airflow/example_dags/example_task_group_decorator.py for tasks to queue
[2022-10-05 16:15:20,304] {logging_mixin.py:115} INFO - [2022-10-05 16:15:20,304] {dagbag.py:507} INFO - Filling up the DagBag from /home/airflow/.local/lib/python3.7/site-packages/airflow/example_dags/example_task_group_decorator.py
[2022-10-05 16:15:20,333] {processor.py:651} INFO - DAG(s) dict_keys(['example_task_group_decorator']) retrieved from /home/airflow/.local/lib/python3.7/site-packages/airflow/example_dags/example_task_group_decorator.py
[2022-10-05 16:15:20,410] {logging_mixin.py:115} INFO - [2022-10-05 16:15:20,410] {dag.py:2379} INFO - Sync 1 DAGs
[2022-10-05 16:15:20,428] {logging_mixin.py:115} INFO - [2022-10-05 16:15:20,428] {dag.py:2931} INFO - Setting next_dagrun for example_task_group_decorator to 2022-10-04T16:15:20.428417+00:00, run_after=2022-10-05T16:15:20.428417+00:00
[2022-10-05 16:15:20,444] {processor.py:161} INFO - Processing /home/airflow/.local/lib/python3.7/site-packages/airflow/example_dags/example_task_group_decorator.py took 0.146 seconds
[2022-10-05 16:16:53,046] {processor.py:153} INFO - Started process (PID=2574) to work on /home/airflow/.local/lib/python3.7/site-packages/airflow/example_dags/example_task_group_decorator.py
[2022-10-05 16:16:53,047] {processor.py:641} INFO - Processing file /home/airflow/.local/lib/python3.7/site-packages/airflow/example_dags/example_task_group_decorator.py for tasks to queue
[2022-10-05 16:16:53,049] {logging_mixin.py:115} INFO - [2022-10-05 16:16:53,048] {dagbag.py:507} INFO - Filling up the DagBag from /home/airflow/.local/lib/python3.7/site-packages/airflow/example_dags/example_task_group_decorator.py
[2022-10-05 16:16:53,078] {processor.py:651} INFO - DAG(s) dict_keys(['example_task_group_decorator']) retrieved from /home/airflow/.local/lib/python3.7/site-packages/airflow/example_dags/example_task_group_decorator.py
[2022-10-05 16:16:53,153] {logging_mixin.py:115} INFO - [2022-10-05 16:16:53,152] {dag.py:2379} INFO - Sync 1 DAGs
[2022-10-05 16:16:53,171] {logging_mixin.py:115} INFO - [2022-10-05 16:16:53,171] {dag.py:2931} INFO - Setting next_dagrun for example_task_group_decorator to 2022-10-04T16:16:53.170903+00:00, run_after=2022-10-05T16:16:53.170903+00:00
[2022-10-05 16:16:53,188] {processor.py:161} INFO - Processing /home/airflow/.local/lib/python3.7/site-packages/airflow/example_dags/example_task_group_decorator.py took 0.146 seconds
[2022-10-05 16:18:35,727] {processor.py:153} INFO - Started process (PID=2621) to work on /home/airflow/.local/lib/python3.7/site-packages/airflow/example_dags/example_task_group_decorator.py
[2022-10-05 16:18:35,728] {processor.py:641} INFO - Processing file /home/airflow/.local/lib/python3.7/site-packages/airflow/example_dags/example_task_group_decorator.py for tasks to queue
[2022-10-05 16:18:35,729] {logging_mixin.py:115} INFO - [2022-10-05 16:18:35,729] {dagbag.py:507} INFO - Filling up the DagBag from /home/airflow/.local/lib/python3.7/site-packages/airflow/example_dags/example_task_group_decorator.py
[2022-10-05 16:18:35,760] {processor.py:651} INFO - DAG(s) dict_keys(['example_task_group_decorator']) retrieved from /home/airflow/.local/lib/python3.7/site-packages/airflow/example_dags/example_task_group_decorator.py
[2022-10-05 16:18:35,836] {logging_mixin.py:115} INFO - [2022-10-05 16:18:35,836] {dag.py:2379} INFO - Sync 1 DAGs
[2022-10-05 16:18:35,854] {logging_mixin.py:115} INFO - [2022-10-05 16:18:35,854] {dag.py:2931} INFO - Setting next_dagrun for example_task_group_decorator to 2022-10-04T16:18:35.854245+00:00, run_after=2022-10-05T16:18:35.854245+00:00
[2022-10-05 16:18:35,869] {processor.py:161} INFO - Processing /home/airflow/.local/lib/python3.7/site-packages/airflow/example_dags/example_task_group_decorator.py took 0.146 seconds
[2022-10-05 18:03:18,216] {processor.py:153} INFO - Started process (PID=2668) to work on /home/airflow/.local/lib/python3.7/site-packages/airflow/example_dags/example_task_group_decorator.py
[2022-10-05 18:03:18,228] {processor.py:641} INFO - Processing file /home/airflow/.local/lib/python3.7/site-packages/airflow/example_dags/example_task_group_decorator.py for tasks to queue
[2022-10-05 18:03:18,230] {logging_mixin.py:115} INFO - [2022-10-05 18:03:18,230] {dagbag.py:507} INFO - Filling up the DagBag from /home/airflow/.local/lib/python3.7/site-packages/airflow/example_dags/example_task_group_decorator.py
[2022-10-05 18:03:18,333] {processor.py:651} INFO - DAG(s) dict_keys(['example_task_group_decorator']) retrieved from /home/airflow/.local/lib/python3.7/site-packages/airflow/example_dags/example_task_group_decorator.py
[2022-10-05 18:03:18,617] {logging_mixin.py:115} INFO - [2022-10-05 18:03:18,617] {dag.py:2379} INFO - Sync 1 DAGs
[2022-10-05 20:03:05,772] {logging_mixin.py:115} INFO - [2022-10-05 20:03:05,771] {dag.py:2931} INFO - Setting next_dagrun for example_task_group_decorator to 2022-10-04T20:03:05.770986+00:00, run_after=2022-10-05T20:03:05.770986+00:00
[2022-10-05 20:03:05,844] {processor.py:161} INFO - Processing /home/airflow/.local/lib/python3.7/site-packages/airflow/example_dags/example_task_group_decorator.py took 0.544 seconds
