[2022-10-05 15:17:55,254] {processor.py:153} INFO - Started process (PID=120) to work on /home/airflow/.local/lib/python3.7/site-packages/airflow/example_dags/example_xcomargs.py
[2022-10-05 15:17:55,257] {processor.py:641} INFO - Processing file /home/airflow/.local/lib/python3.7/site-packages/airflow/example_dags/example_xcomargs.py for tasks to queue
[2022-10-05 15:17:55,263] {logging_mixin.py:115} INFO - [2022-10-05 15:17:55,263] {dagbag.py:507} INFO - Filling up the DagBag from /home/airflow/.local/lib/python3.7/site-packages/airflow/example_dags/example_xcomargs.py
[2022-10-05 15:17:55,610] {processor.py:651} INFO - DAG(s) dict_keys(['example_xcom_args', 'example_xcom_args_with_operators']) retrieved from /home/airflow/.local/lib/python3.7/site-packages/airflow/example_dags/example_xcomargs.py
[2022-10-05 15:17:58,182] {logging_mixin.py:115} INFO - [2022-10-05 15:17:58,182] {manager.py:508} INFO - Created Permission View: can delete on DAG:example_xcom_args
[2022-10-05 15:17:58,274] {logging_mixin.py:115} INFO - [2022-10-05 15:17:58,273] {manager.py:508} INFO - Created Permission View: can edit on DAG:example_xcom_args
[2022-10-05 15:17:58,353] {logging_mixin.py:115} INFO - [2022-10-05 15:17:58,352] {manager.py:508} INFO - Created Permission View: can read on DAG:example_xcom_args
[2022-10-05 15:17:58,515] {logging_mixin.py:115} INFO - [2022-10-05 15:17:58,515] {manager.py:508} INFO - Created Permission View: can delete on DAG:example_xcom_args_with_operators
[2022-10-05 15:17:58,689] {logging_mixin.py:115} INFO - [2022-10-05 15:17:58,689] {manager.py:508} INFO - Created Permission View: can edit on DAG:example_xcom_args_with_operators
[2022-10-05 15:17:58,759] {logging_mixin.py:115} INFO - [2022-10-05 15:17:58,758] {manager.py:508} INFO - Created Permission View: can read on DAG:example_xcom_args_with_operators
[2022-10-05 15:17:58,761] {logging_mixin.py:115} INFO - [2022-10-05 15:17:58,760] {dag.py:2379} INFO - Sync 2 DAGs
[2022-10-05 15:17:58,818] {logging_mixin.py:115} INFO - [2022-10-05 15:17:58,817] {dag.py:2398} INFO - Creating ORM DAG for example_xcom_args_with_operators
[2022-10-05 15:17:58,820] {logging_mixin.py:115} INFO - [2022-10-05 15:17:58,820] {dag.py:2398} INFO - Creating ORM DAG for example_xcom_args
[2022-10-05 15:17:58,979] {logging_mixin.py:115} INFO - [2022-10-05 15:17:58,979] {dag.py:2931} INFO - Setting next_dagrun for example_xcom_args to None, run_after=None
[2022-10-05 15:17:58,993] {logging_mixin.py:115} INFO - [2022-10-05 15:17:58,993] {dag.py:2931} INFO - Setting next_dagrun for example_xcom_args_with_operators to None, run_after=None
[2022-10-05 15:17:59,111] {processor.py:161} INFO - Processing /home/airflow/.local/lib/python3.7/site-packages/airflow/example_dags/example_xcomargs.py took 3.890 seconds
[2022-10-05 15:18:53,633] {processor.py:153} INFO - Started process (PID=183) to work on /home/airflow/.local/lib/python3.7/site-packages/airflow/example_dags/example_xcomargs.py
[2022-10-05 15:18:53,641] {processor.py:641} INFO - Processing file /home/airflow/.local/lib/python3.7/site-packages/airflow/example_dags/example_xcomargs.py for tasks to queue
[2022-10-05 15:18:53,647] {logging_mixin.py:115} INFO - [2022-10-05 15:18:53,647] {dagbag.py:507} INFO - Filling up the DagBag from /home/airflow/.local/lib/python3.7/site-packages/airflow/example_dags/example_xcomargs.py
[2022-10-05 15:18:53,805] {processor.py:651} INFO - DAG(s) dict_keys(['example_xcom_args', 'example_xcom_args_with_operators']) retrieved from /home/airflow/.local/lib/python3.7/site-packages/airflow/example_dags/example_xcomargs.py
[2022-10-05 15:18:55,099] {logging_mixin.py:115} INFO - [2022-10-05 15:18:55,099] {dag.py:2379} INFO - Sync 2 DAGs
[2022-10-05 15:18:55,211] {logging_mixin.py:115} INFO - [2022-10-05 15:18:55,210] {dag.py:2931} INFO - Setting next_dagrun for example_xcom_args to None, run_after=None
[2022-10-05 15:18:55,216] {logging_mixin.py:115} INFO - [2022-10-05 15:18:55,214] {dag.py:2931} INFO - Setting next_dagrun for example_xcom_args_with_operators to None, run_after=None
[2022-10-05 15:18:55,320] {processor.py:161} INFO - Processing /home/airflow/.local/lib/python3.7/site-packages/airflow/example_dags/example_xcomargs.py took 1.707 seconds
[2022-10-05 15:19:55,396] {processor.py:153} INFO - Started process (PID=246) to work on /home/airflow/.local/lib/python3.7/site-packages/airflow/example_dags/example_xcomargs.py
[2022-10-05 15:19:55,400] {processor.py:641} INFO - Processing file /home/airflow/.local/lib/python3.7/site-packages/airflow/example_dags/example_xcomargs.py for tasks to queue
[2022-10-05 15:19:55,405] {logging_mixin.py:115} INFO - [2022-10-05 15:19:55,405] {dagbag.py:507} INFO - Filling up the DagBag from /home/airflow/.local/lib/python3.7/site-packages/airflow/example_dags/example_xcomargs.py
[2022-10-05 15:19:55,537] {processor.py:651} INFO - DAG(s) dict_keys(['example_xcom_args', 'example_xcom_args_with_operators']) retrieved from /home/airflow/.local/lib/python3.7/site-packages/airflow/example_dags/example_xcomargs.py
[2022-10-05 15:19:56,925] {logging_mixin.py:115} INFO - [2022-10-05 15:19:56,925] {dag.py:2379} INFO - Sync 2 DAGs
[2022-10-05 15:19:57,032] {logging_mixin.py:115} INFO - [2022-10-05 15:19:57,032] {dag.py:2931} INFO - Setting next_dagrun for example_xcom_args to None, run_after=None
[2022-10-05 15:19:57,035] {logging_mixin.py:115} INFO - [2022-10-05 15:19:57,035] {dag.py:2931} INFO - Setting next_dagrun for example_xcom_args_with_operators to None, run_after=None
[2022-10-05 15:19:57,124] {processor.py:161} INFO - Processing /home/airflow/.local/lib/python3.7/site-packages/airflow/example_dags/example_xcomargs.py took 1.775 seconds
[2022-10-05 15:20:27,560] {processor.py:153} INFO - Started process (PID=300) to work on /home/airflow/.local/lib/python3.7/site-packages/airflow/example_dags/example_xcomargs.py
[2022-10-05 15:20:27,564] {processor.py:641} INFO - Processing file /home/airflow/.local/lib/python3.7/site-packages/airflow/example_dags/example_xcomargs.py for tasks to queue
[2022-10-05 15:20:27,568] {logging_mixin.py:115} INFO - [2022-10-05 15:20:27,567] {dagbag.py:507} INFO - Filling up the DagBag from /home/airflow/.local/lib/python3.7/site-packages/airflow/example_dags/example_xcomargs.py
[2022-10-05 15:20:27,632] {processor.py:651} INFO - DAG(s) dict_keys(['example_xcom_args', 'example_xcom_args_with_operators']) retrieved from /home/airflow/.local/lib/python3.7/site-packages/airflow/example_dags/example_xcomargs.py
[2022-10-05 15:20:27,729] {logging_mixin.py:115} INFO - [2022-10-05 15:20:27,729] {dag.py:2379} INFO - Sync 2 DAGs
[2022-10-05 15:20:28,119] {logging_mixin.py:115} INFO - [2022-10-05 15:20:28,119] {dag.py:2931} INFO - Setting next_dagrun for example_xcom_args to None, run_after=None
[2022-10-05 15:20:28,124] {logging_mixin.py:115} INFO - [2022-10-05 15:20:28,124] {dag.py:2931} INFO - Setting next_dagrun for example_xcom_args_with_operators to None, run_after=None
[2022-10-05 15:20:28,173] {processor.py:161} INFO - Processing /home/airflow/.local/lib/python3.7/site-packages/airflow/example_dags/example_xcomargs.py took 0.628 seconds
[2022-10-05 15:21:05,338] {processor.py:153} INFO - Started process (PID=345) to work on /home/airflow/.local/lib/python3.7/site-packages/airflow/example_dags/example_xcomargs.py
[2022-10-05 15:21:05,350] {processor.py:641} INFO - Processing file /home/airflow/.local/lib/python3.7/site-packages/airflow/example_dags/example_xcomargs.py for tasks to queue
[2022-10-05 15:21:05,356] {logging_mixin.py:115} INFO - [2022-10-05 15:21:05,355] {dagbag.py:507} INFO - Filling up the DagBag from /home/airflow/.local/lib/python3.7/site-packages/airflow/example_dags/example_xcomargs.py
[2022-10-05 15:21:05,533] {processor.py:651} INFO - DAG(s) dict_keys(['example_xcom_args', 'example_xcom_args_with_operators']) retrieved from /home/airflow/.local/lib/python3.7/site-packages/airflow/example_dags/example_xcomargs.py
[2022-10-05 15:21:06,692] {logging_mixin.py:115} INFO - [2022-10-05 15:21:06,692] {dag.py:2379} INFO - Sync 2 DAGs
[2022-10-05 15:21:06,759] {logging_mixin.py:115} INFO - [2022-10-05 15:21:06,759] {dag.py:2931} INFO - Setting next_dagrun for example_xcom_args to None, run_after=None
[2022-10-05 15:21:06,765] {logging_mixin.py:115} INFO - [2022-10-05 15:21:06,764] {dag.py:2931} INFO - Setting next_dagrun for example_xcom_args_with_operators to None, run_after=None
[2022-10-05 15:21:06,819] {processor.py:161} INFO - Processing /home/airflow/.local/lib/python3.7/site-packages/airflow/example_dags/example_xcomargs.py took 1.507 seconds
[2022-10-05 15:21:39,098] {processor.py:153} INFO - Started process (PID=399) to work on /home/airflow/.local/lib/python3.7/site-packages/airflow/example_dags/example_xcomargs.py
[2022-10-05 15:21:39,103] {processor.py:641} INFO - Processing file /home/airflow/.local/lib/python3.7/site-packages/airflow/example_dags/example_xcomargs.py for tasks to queue
[2022-10-05 15:21:39,108] {logging_mixin.py:115} INFO - [2022-10-05 15:21:39,108] {dagbag.py:507} INFO - Filling up the DagBag from /home/airflow/.local/lib/python3.7/site-packages/airflow/example_dags/example_xcomargs.py
[2022-10-05 15:21:39,213] {processor.py:651} INFO - DAG(s) dict_keys(['example_xcom_args', 'example_xcom_args_with_operators']) retrieved from /home/airflow/.local/lib/python3.7/site-packages/airflow/example_dags/example_xcomargs.py
[2022-10-05 15:21:40,173] {logging_mixin.py:115} INFO - [2022-10-05 15:21:40,173] {dag.py:2379} INFO - Sync 2 DAGs
[2022-10-05 15:21:40,245] {logging_mixin.py:115} INFO - [2022-10-05 15:21:40,245] {dag.py:2931} INFO - Setting next_dagrun for example_xcom_args to None, run_after=None
[2022-10-05 15:21:40,250] {logging_mixin.py:115} INFO - [2022-10-05 15:21:40,249] {dag.py:2931} INFO - Setting next_dagrun for example_xcom_args_with_operators to None, run_after=None
[2022-10-05 15:21:40,296] {processor.py:161} INFO - Processing /home/airflow/.local/lib/python3.7/site-packages/airflow/example_dags/example_xcomargs.py took 1.216 seconds
[2022-10-05 15:22:10,539] {processor.py:153} INFO - Started process (PID=454) to work on /home/airflow/.local/lib/python3.7/site-packages/airflow/example_dags/example_xcomargs.py
[2022-10-05 15:22:10,541] {processor.py:641} INFO - Processing file /home/airflow/.local/lib/python3.7/site-packages/airflow/example_dags/example_xcomargs.py for tasks to queue
[2022-10-05 15:22:10,542] {logging_mixin.py:115} INFO - [2022-10-05 15:22:10,542] {dagbag.py:507} INFO - Filling up the DagBag from /home/airflow/.local/lib/python3.7/site-packages/airflow/example_dags/example_xcomargs.py
[2022-10-05 15:22:10,577] {processor.py:651} INFO - DAG(s) dict_keys(['example_xcom_args', 'example_xcom_args_with_operators']) retrieved from /home/airflow/.local/lib/python3.7/site-packages/airflow/example_dags/example_xcomargs.py
[2022-10-05 15:22:10,888] {logging_mixin.py:115} INFO - [2022-10-05 15:22:10,888] {dag.py:2379} INFO - Sync 2 DAGs
[2022-10-05 15:22:10,918] {logging_mixin.py:115} INFO - [2022-10-05 15:22:10,918] {dag.py:2931} INFO - Setting next_dagrun for example_xcom_args to None, run_after=None
[2022-10-05 15:22:10,920] {logging_mixin.py:115} INFO - [2022-10-05 15:22:10,920] {dag.py:2931} INFO - Setting next_dagrun for example_xcom_args_with_operators to None, run_after=None
[2022-10-05 15:22:10,946] {processor.py:161} INFO - Processing /home/airflow/.local/lib/python3.7/site-packages/airflow/example_dags/example_xcomargs.py took 0.413 seconds
[2022-10-05 15:22:41,090] {processor.py:153} INFO - Started process (PID=510) to work on /home/airflow/.local/lib/python3.7/site-packages/airflow/example_dags/example_xcomargs.py
[2022-10-05 15:22:41,122] {processor.py:641} INFO - Processing file /home/airflow/.local/lib/python3.7/site-packages/airflow/example_dags/example_xcomargs.py for tasks to queue
[2022-10-05 15:22:41,125] {logging_mixin.py:115} INFO - [2022-10-05 15:22:41,124] {dagbag.py:507} INFO - Filling up the DagBag from /home/airflow/.local/lib/python3.7/site-packages/airflow/example_dags/example_xcomargs.py
[2022-10-05 15:22:41,164] {processor.py:651} INFO - DAG(s) dict_keys(['example_xcom_args', 'example_xcom_args_with_operators']) retrieved from /home/airflow/.local/lib/python3.7/site-packages/airflow/example_dags/example_xcomargs.py
[2022-10-05 15:22:41,490] {logging_mixin.py:115} INFO - [2022-10-05 15:22:41,490] {dag.py:2379} INFO - Sync 2 DAGs
[2022-10-05 15:22:41,519] {logging_mixin.py:115} INFO - [2022-10-05 15:22:41,519] {dag.py:2931} INFO - Setting next_dagrun for example_xcom_args to None, run_after=None
[2022-10-05 15:22:41,521] {logging_mixin.py:115} INFO - [2022-10-05 15:22:41,521] {dag.py:2931} INFO - Setting next_dagrun for example_xcom_args_with_operators to None, run_after=None
[2022-10-05 15:22:41,542] {processor.py:161} INFO - Processing /home/airflow/.local/lib/python3.7/site-packages/airflow/example_dags/example_xcomargs.py took 0.463 seconds
[2022-10-05 15:23:12,999] {processor.py:153} INFO - Started process (PID=573) to work on /home/airflow/.local/lib/python3.7/site-packages/airflow/example_dags/example_xcomargs.py
[2022-10-05 15:23:13,003] {processor.py:641} INFO - Processing file /home/airflow/.local/lib/python3.7/site-packages/airflow/example_dags/example_xcomargs.py for tasks to queue
[2022-10-05 15:23:13,009] {logging_mixin.py:115} INFO - [2022-10-05 15:23:13,008] {dagbag.py:507} INFO - Filling up the DagBag from /home/airflow/.local/lib/python3.7/site-packages/airflow/example_dags/example_xcomargs.py
[2022-10-05 15:23:13,123] {processor.py:651} INFO - DAG(s) dict_keys(['example_xcom_args', 'example_xcom_args_with_operators']) retrieved from /home/airflow/.local/lib/python3.7/site-packages/airflow/example_dags/example_xcomargs.py
[2022-10-05 15:23:13,700] {logging_mixin.py:115} INFO - [2022-10-05 15:23:13,700] {dag.py:2379} INFO - Sync 2 DAGs
[2022-10-05 15:23:13,748] {logging_mixin.py:115} INFO - [2022-10-05 15:23:13,748] {dag.py:2931} INFO - Setting next_dagrun for example_xcom_args to None, run_after=None
[2022-10-05 15:23:13,751] {logging_mixin.py:115} INFO - [2022-10-05 15:23:13,751] {dag.py:2931} INFO - Setting next_dagrun for example_xcom_args_with_operators to None, run_after=None
[2022-10-05 15:23:13,791] {processor.py:161} INFO - Processing /home/airflow/.local/lib/python3.7/site-packages/airflow/example_dags/example_xcomargs.py took 0.808 seconds
[2022-10-05 15:23:46,419] {processor.py:153} INFO - Started process (PID=632) to work on /home/airflow/.local/lib/python3.7/site-packages/airflow/example_dags/example_xcomargs.py
[2022-10-05 15:23:46,424] {processor.py:641} INFO - Processing file /home/airflow/.local/lib/python3.7/site-packages/airflow/example_dags/example_xcomargs.py for tasks to queue
[2022-10-05 15:23:46,427] {logging_mixin.py:115} INFO - [2022-10-05 15:23:46,426] {dagbag.py:507} INFO - Filling up the DagBag from /home/airflow/.local/lib/python3.7/site-packages/airflow/example_dags/example_xcomargs.py
[2022-10-05 15:23:46,479] {processor.py:651} INFO - DAG(s) dict_keys(['example_xcom_args', 'example_xcom_args_with_operators']) retrieved from /home/airflow/.local/lib/python3.7/site-packages/airflow/example_dags/example_xcomargs.py
[2022-10-05 15:23:47,039] {logging_mixin.py:115} INFO - [2022-10-05 15:23:47,039] {dag.py:2379} INFO - Sync 2 DAGs
[2022-10-05 15:23:47,087] {logging_mixin.py:115} INFO - [2022-10-05 15:23:47,087] {dag.py:2931} INFO - Setting next_dagrun for example_xcom_args to None, run_after=None
[2022-10-05 15:23:47,089] {logging_mixin.py:115} INFO - [2022-10-05 15:23:47,089] {dag.py:2931} INFO - Setting next_dagrun for example_xcom_args_with_operators to None, run_after=None
[2022-10-05 15:23:47,123] {processor.py:161} INFO - Processing /home/airflow/.local/lib/python3.7/site-packages/airflow/example_dags/example_xcomargs.py took 0.715 seconds
[2022-10-05 15:24:17,363] {processor.py:153} INFO - Started process (PID=688) to work on /home/airflow/.local/lib/python3.7/site-packages/airflow/example_dags/example_xcomargs.py
[2022-10-05 15:24:17,366] {processor.py:641} INFO - Processing file /home/airflow/.local/lib/python3.7/site-packages/airflow/example_dags/example_xcomargs.py for tasks to queue
[2022-10-05 15:24:17,368] {logging_mixin.py:115} INFO - [2022-10-05 15:24:17,368] {dagbag.py:507} INFO - Filling up the DagBag from /home/airflow/.local/lib/python3.7/site-packages/airflow/example_dags/example_xcomargs.py
[2022-10-05 15:24:17,414] {processor.py:651} INFO - DAG(s) dict_keys(['example_xcom_args', 'example_xcom_args_with_operators']) retrieved from /home/airflow/.local/lib/python3.7/site-packages/airflow/example_dags/example_xcomargs.py
[2022-10-05 15:24:17,759] {logging_mixin.py:115} INFO - [2022-10-05 15:24:17,759] {dag.py:2379} INFO - Sync 2 DAGs
[2022-10-05 15:24:17,799] {logging_mixin.py:115} INFO - [2022-10-05 15:24:17,798] {dag.py:2931} INFO - Setting next_dagrun for example_xcom_args to None, run_after=None
[2022-10-05 15:24:17,801] {logging_mixin.py:115} INFO - [2022-10-05 15:24:17,800] {dag.py:2931} INFO - Setting next_dagrun for example_xcom_args_with_operators to None, run_after=None
[2022-10-05 15:24:17,829] {processor.py:161} INFO - Processing /home/airflow/.local/lib/python3.7/site-packages/airflow/example_dags/example_xcomargs.py took 0.474 seconds
[2022-10-05 15:24:48,446] {processor.py:153} INFO - Started process (PID=753) to work on /home/airflow/.local/lib/python3.7/site-packages/airflow/example_dags/example_xcomargs.py
[2022-10-05 15:24:48,447] {processor.py:641} INFO - Processing file /home/airflow/.local/lib/python3.7/site-packages/airflow/example_dags/example_xcomargs.py for tasks to queue
[2022-10-05 15:24:48,449] {logging_mixin.py:115} INFO - [2022-10-05 15:24:48,448] {dagbag.py:507} INFO - Filling up the DagBag from /home/airflow/.local/lib/python3.7/site-packages/airflow/example_dags/example_xcomargs.py
[2022-10-05 15:24:48,477] {processor.py:651} INFO - DAG(s) dict_keys(['example_xcom_args', 'example_xcom_args_with_operators']) retrieved from /home/airflow/.local/lib/python3.7/site-packages/airflow/example_dags/example_xcomargs.py
[2022-10-05 15:24:48,743] {logging_mixin.py:115} INFO - [2022-10-05 15:24:48,743] {dag.py:2379} INFO - Sync 2 DAGs
[2022-10-05 15:24:48,771] {logging_mixin.py:115} INFO - [2022-10-05 15:24:48,771] {dag.py:2931} INFO - Setting next_dagrun for example_xcom_args to None, run_after=None
[2022-10-05 15:24:48,773] {logging_mixin.py:115} INFO - [2022-10-05 15:24:48,773] {dag.py:2931} INFO - Setting next_dagrun for example_xcom_args_with_operators to None, run_after=None
[2022-10-05 15:24:48,796] {processor.py:161} INFO - Processing /home/airflow/.local/lib/python3.7/site-packages/airflow/example_dags/example_xcomargs.py took 0.356 seconds
[2022-10-05 15:25:19,042] {processor.py:153} INFO - Started process (PID=807) to work on /home/airflow/.local/lib/python3.7/site-packages/airflow/example_dags/example_xcomargs.py
[2022-10-05 15:25:19,044] {processor.py:641} INFO - Processing file /home/airflow/.local/lib/python3.7/site-packages/airflow/example_dags/example_xcomargs.py for tasks to queue
[2022-10-05 15:25:19,046] {logging_mixin.py:115} INFO - [2022-10-05 15:25:19,046] {dagbag.py:507} INFO - Filling up the DagBag from /home/airflow/.local/lib/python3.7/site-packages/airflow/example_dags/example_xcomargs.py
[2022-10-05 15:25:19,081] {processor.py:651} INFO - DAG(s) dict_keys(['example_xcom_args', 'example_xcom_args_with_operators']) retrieved from /home/airflow/.local/lib/python3.7/site-packages/airflow/example_dags/example_xcomargs.py
[2022-10-05 15:25:19,395] {logging_mixin.py:115} INFO - [2022-10-05 15:25:19,395] {dag.py:2379} INFO - Sync 2 DAGs
[2022-10-05 15:25:19,428] {logging_mixin.py:115} INFO - [2022-10-05 15:25:19,428] {dag.py:2931} INFO - Setting next_dagrun for example_xcom_args to None, run_after=None
[2022-10-05 15:25:19,429] {logging_mixin.py:115} INFO - [2022-10-05 15:25:19,429] {dag.py:2931} INFO - Setting next_dagrun for example_xcom_args_with_operators to None, run_after=None
[2022-10-05 15:25:19,452] {processor.py:161} INFO - Processing /home/airflow/.local/lib/python3.7/site-packages/airflow/example_dags/example_xcomargs.py took 0.417 seconds
[2022-10-05 15:25:49,745] {processor.py:153} INFO - Started process (PID=871) to work on /home/airflow/.local/lib/python3.7/site-packages/airflow/example_dags/example_xcomargs.py
[2022-10-05 15:25:49,748] {processor.py:641} INFO - Processing file /home/airflow/.local/lib/python3.7/site-packages/airflow/example_dags/example_xcomargs.py for tasks to queue
[2022-10-05 15:25:49,753] {logging_mixin.py:115} INFO - [2022-10-05 15:25:49,753] {dagbag.py:507} INFO - Filling up the DagBag from /home/airflow/.local/lib/python3.7/site-packages/airflow/example_dags/example_xcomargs.py
[2022-10-05 15:25:49,807] {processor.py:651} INFO - DAG(s) dict_keys(['example_xcom_args', 'example_xcom_args_with_operators']) retrieved from /home/airflow/.local/lib/python3.7/site-packages/airflow/example_dags/example_xcomargs.py
[2022-10-05 15:25:50,291] {logging_mixin.py:115} INFO - [2022-10-05 15:25:50,291] {dag.py:2379} INFO - Sync 2 DAGs
[2022-10-05 15:25:50,330] {logging_mixin.py:115} INFO - [2022-10-05 15:25:50,330] {dag.py:2931} INFO - Setting next_dagrun for example_xcom_args to None, run_after=None
[2022-10-05 15:25:50,332] {logging_mixin.py:115} INFO - [2022-10-05 15:25:50,331] {dag.py:2931} INFO - Setting next_dagrun for example_xcom_args_with_operators to None, run_after=None
[2022-10-05 15:25:50,358] {processor.py:161} INFO - Processing /home/airflow/.local/lib/python3.7/site-packages/airflow/example_dags/example_xcomargs.py took 0.622 seconds
[2022-10-05 15:26:21,259] {processor.py:153} INFO - Started process (PID=926) to work on /home/airflow/.local/lib/python3.7/site-packages/airflow/example_dags/example_xcomargs.py
[2022-10-05 15:26:21,261] {processor.py:641} INFO - Processing file /home/airflow/.local/lib/python3.7/site-packages/airflow/example_dags/example_xcomargs.py for tasks to queue
[2022-10-05 15:26:21,263] {logging_mixin.py:115} INFO - [2022-10-05 15:26:21,263] {dagbag.py:507} INFO - Filling up the DagBag from /home/airflow/.local/lib/python3.7/site-packages/airflow/example_dags/example_xcomargs.py
[2022-10-05 15:26:21,294] {processor.py:651} INFO - DAG(s) dict_keys(['example_xcom_args', 'example_xcom_args_with_operators']) retrieved from /home/airflow/.local/lib/python3.7/site-packages/airflow/example_dags/example_xcomargs.py
[2022-10-05 15:26:21,585] {logging_mixin.py:115} INFO - [2022-10-05 15:26:21,584] {dag.py:2379} INFO - Sync 2 DAGs
[2022-10-05 15:26:21,616] {logging_mixin.py:115} INFO - [2022-10-05 15:26:21,616] {dag.py:2931} INFO - Setting next_dagrun for example_xcom_args to None, run_after=None
[2022-10-05 15:26:21,618] {logging_mixin.py:115} INFO - [2022-10-05 15:26:21,618] {dag.py:2931} INFO - Setting next_dagrun for example_xcom_args_with_operators to None, run_after=None
[2022-10-05 15:26:21,640] {processor.py:161} INFO - Processing /home/airflow/.local/lib/python3.7/site-packages/airflow/example_dags/example_xcomargs.py took 0.387 seconds
[2022-10-05 15:26:51,751] {processor.py:153} INFO - Started process (PID=991) to work on /home/airflow/.local/lib/python3.7/site-packages/airflow/example_dags/example_xcomargs.py
[2022-10-05 15:26:51,753] {processor.py:641} INFO - Processing file /home/airflow/.local/lib/python3.7/site-packages/airflow/example_dags/example_xcomargs.py for tasks to queue
[2022-10-05 15:26:51,755] {logging_mixin.py:115} INFO - [2022-10-05 15:26:51,755] {dagbag.py:507} INFO - Filling up the DagBag from /home/airflow/.local/lib/python3.7/site-packages/airflow/example_dags/example_xcomargs.py
[2022-10-05 15:26:51,787] {processor.py:651} INFO - DAG(s) dict_keys(['example_xcom_args', 'example_xcom_args_with_operators']) retrieved from /home/airflow/.local/lib/python3.7/site-packages/airflow/example_dags/example_xcomargs.py
[2022-10-05 15:26:52,086] {logging_mixin.py:115} INFO - [2022-10-05 15:26:52,086] {dag.py:2379} INFO - Sync 2 DAGs
[2022-10-05 15:26:52,114] {logging_mixin.py:115} INFO - [2022-10-05 15:26:52,114] {dag.py:2931} INFO - Setting next_dagrun for example_xcom_args to None, run_after=None
[2022-10-05 15:26:52,116] {logging_mixin.py:115} INFO - [2022-10-05 15:26:52,116] {dag.py:2931} INFO - Setting next_dagrun for example_xcom_args_with_operators to None, run_after=None
[2022-10-05 15:26:52,141] {processor.py:161} INFO - Processing /home/airflow/.local/lib/python3.7/site-packages/airflow/example_dags/example_xcomargs.py took 0.396 seconds
[2022-10-05 15:27:22,546] {processor.py:153} INFO - Started process (PID=1046) to work on /home/airflow/.local/lib/python3.7/site-packages/airflow/example_dags/example_xcomargs.py
[2022-10-05 15:27:22,549] {processor.py:641} INFO - Processing file /home/airflow/.local/lib/python3.7/site-packages/airflow/example_dags/example_xcomargs.py for tasks to queue
[2022-10-05 15:27:22,551] {logging_mixin.py:115} INFO - [2022-10-05 15:27:22,551] {dagbag.py:507} INFO - Filling up the DagBag from /home/airflow/.local/lib/python3.7/site-packages/airflow/example_dags/example_xcomargs.py
[2022-10-05 15:27:22,581] {processor.py:651} INFO - DAG(s) dict_keys(['example_xcom_args', 'example_xcom_args_with_operators']) retrieved from /home/airflow/.local/lib/python3.7/site-packages/airflow/example_dags/example_xcomargs.py
[2022-10-05 15:27:22,888] {logging_mixin.py:115} INFO - [2022-10-05 15:27:22,888] {dag.py:2379} INFO - Sync 2 DAGs
[2022-10-05 15:27:22,919] {logging_mixin.py:115} INFO - [2022-10-05 15:27:22,919] {dag.py:2931} INFO - Setting next_dagrun for example_xcom_args to None, run_after=None
[2022-10-05 15:27:22,920] {logging_mixin.py:115} INFO - [2022-10-05 15:27:22,920] {dag.py:2931} INFO - Setting next_dagrun for example_xcom_args_with_operators to None, run_after=None
[2022-10-05 15:27:22,943] {processor.py:161} INFO - Processing /home/airflow/.local/lib/python3.7/site-packages/airflow/example_dags/example_xcomargs.py took 0.402 seconds
[2022-10-05 15:27:53,447] {processor.py:153} INFO - Started process (PID=1112) to work on /home/airflow/.local/lib/python3.7/site-packages/airflow/example_dags/example_xcomargs.py
[2022-10-05 15:27:53,449] {processor.py:641} INFO - Processing file /home/airflow/.local/lib/python3.7/site-packages/airflow/example_dags/example_xcomargs.py for tasks to queue
[2022-10-05 15:27:53,451] {logging_mixin.py:115} INFO - [2022-10-05 15:27:53,451] {dagbag.py:507} INFO - Filling up the DagBag from /home/airflow/.local/lib/python3.7/site-packages/airflow/example_dags/example_xcomargs.py
[2022-10-05 15:27:53,487] {processor.py:651} INFO - DAG(s) dict_keys(['example_xcom_args', 'example_xcom_args_with_operators']) retrieved from /home/airflow/.local/lib/python3.7/site-packages/airflow/example_dags/example_xcomargs.py
[2022-10-05 15:27:53,772] {logging_mixin.py:115} INFO - [2022-10-05 15:27:53,772] {dag.py:2379} INFO - Sync 2 DAGs
[2022-10-05 15:27:53,800] {logging_mixin.py:115} INFO - [2022-10-05 15:27:53,800] {dag.py:2931} INFO - Setting next_dagrun for example_xcom_args to None, run_after=None
[2022-10-05 15:27:53,801] {logging_mixin.py:115} INFO - [2022-10-05 15:27:53,801] {dag.py:2931} INFO - Setting next_dagrun for example_xcom_args_with_operators to None, run_after=None
[2022-10-05 15:27:53,826] {processor.py:161} INFO - Processing /home/airflow/.local/lib/python3.7/site-packages/airflow/example_dags/example_xcomargs.py took 0.387 seconds
[2022-10-05 15:28:24,191] {processor.py:153} INFO - Started process (PID=1169) to work on /home/airflow/.local/lib/python3.7/site-packages/airflow/example_dags/example_xcomargs.py
[2022-10-05 15:28:24,194] {processor.py:641} INFO - Processing file /home/airflow/.local/lib/python3.7/site-packages/airflow/example_dags/example_xcomargs.py for tasks to queue
[2022-10-05 15:28:24,197] {logging_mixin.py:115} INFO - [2022-10-05 15:28:24,197] {dagbag.py:507} INFO - Filling up the DagBag from /home/airflow/.local/lib/python3.7/site-packages/airflow/example_dags/example_xcomargs.py
[2022-10-05 15:28:24,277] {processor.py:651} INFO - DAG(s) dict_keys(['example_xcom_args', 'example_xcom_args_with_operators']) retrieved from /home/airflow/.local/lib/python3.7/site-packages/airflow/example_dags/example_xcomargs.py
[2022-10-05 15:28:24,750] {logging_mixin.py:115} INFO - [2022-10-05 15:28:24,750] {dag.py:2379} INFO - Sync 2 DAGs
[2022-10-05 15:28:24,803] {logging_mixin.py:115} INFO - [2022-10-05 15:28:24,803] {dag.py:2931} INFO - Setting next_dagrun for example_xcom_args to None, run_after=None
[2022-10-05 15:28:24,806] {logging_mixin.py:115} INFO - [2022-10-05 15:28:24,805] {dag.py:2931} INFO - Setting next_dagrun for example_xcom_args_with_operators to None, run_after=None
[2022-10-05 15:28:24,844] {processor.py:161} INFO - Processing /home/airflow/.local/lib/python3.7/site-packages/airflow/example_dags/example_xcomargs.py took 0.663 seconds
[2022-10-05 15:28:55,841] {processor.py:153} INFO - Started process (PID=1233) to work on /home/airflow/.local/lib/python3.7/site-packages/airflow/example_dags/example_xcomargs.py
[2022-10-05 15:28:55,844] {processor.py:641} INFO - Processing file /home/airflow/.local/lib/python3.7/site-packages/airflow/example_dags/example_xcomargs.py for tasks to queue
[2022-10-05 15:28:55,846] {logging_mixin.py:115} INFO - [2022-10-05 15:28:55,846] {dagbag.py:507} INFO - Filling up the DagBag from /home/airflow/.local/lib/python3.7/site-packages/airflow/example_dags/example_xcomargs.py
[2022-10-05 15:28:55,903] {processor.py:651} INFO - DAG(s) dict_keys(['example_xcom_args', 'example_xcom_args_with_operators']) retrieved from /home/airflow/.local/lib/python3.7/site-packages/airflow/example_dags/example_xcomargs.py
[2022-10-05 15:28:56,295] {logging_mixin.py:115} INFO - [2022-10-05 15:28:56,295] {dag.py:2379} INFO - Sync 2 DAGs
[2022-10-05 15:28:56,343] {logging_mixin.py:115} INFO - [2022-10-05 15:28:56,342] {dag.py:2931} INFO - Setting next_dagrun for example_xcom_args to None, run_after=None
[2022-10-05 15:28:56,345] {logging_mixin.py:115} INFO - [2022-10-05 15:28:56,345] {dag.py:2931} INFO - Setting next_dagrun for example_xcom_args_with_operators to None, run_after=None
[2022-10-05 15:28:56,381] {processor.py:161} INFO - Processing /home/airflow/.local/lib/python3.7/site-packages/airflow/example_dags/example_xcomargs.py took 0.549 seconds
[2022-10-05 15:29:26,724] {processor.py:153} INFO - Started process (PID=1287) to work on /home/airflow/.local/lib/python3.7/site-packages/airflow/example_dags/example_xcomargs.py
[2022-10-05 15:29:26,727] {processor.py:641} INFO - Processing file /home/airflow/.local/lib/python3.7/site-packages/airflow/example_dags/example_xcomargs.py for tasks to queue
[2022-10-05 15:29:26,729] {logging_mixin.py:115} INFO - [2022-10-05 15:29:26,729] {dagbag.py:507} INFO - Filling up the DagBag from /home/airflow/.local/lib/python3.7/site-packages/airflow/example_dags/example_xcomargs.py
[2022-10-05 15:29:26,782] {processor.py:651} INFO - DAG(s) dict_keys(['example_xcom_args', 'example_xcom_args_with_operators']) retrieved from /home/airflow/.local/lib/python3.7/site-packages/airflow/example_dags/example_xcomargs.py
[2022-10-05 15:29:27,165] {logging_mixin.py:115} INFO - [2022-10-05 15:29:27,165] {dag.py:2379} INFO - Sync 2 DAGs
[2022-10-05 15:29:27,209] {logging_mixin.py:115} INFO - [2022-10-05 15:29:27,209] {dag.py:2931} INFO - Setting next_dagrun for example_xcom_args to None, run_after=None
[2022-10-05 15:29:27,213] {logging_mixin.py:115} INFO - [2022-10-05 15:29:27,213] {dag.py:2931} INFO - Setting next_dagrun for example_xcom_args_with_operators to None, run_after=None
[2022-10-05 15:29:27,239] {processor.py:161} INFO - Processing /home/airflow/.local/lib/python3.7/site-packages/airflow/example_dags/example_xcomargs.py took 0.531 seconds
[2022-10-05 15:29:57,681] {processor.py:153} INFO - Started process (PID=1352) to work on /home/airflow/.local/lib/python3.7/site-packages/airflow/example_dags/example_xcomargs.py
[2022-10-05 15:29:57,683] {processor.py:641} INFO - Processing file /home/airflow/.local/lib/python3.7/site-packages/airflow/example_dags/example_xcomargs.py for tasks to queue
[2022-10-05 15:29:57,686] {logging_mixin.py:115} INFO - [2022-10-05 15:29:57,686] {dagbag.py:507} INFO - Filling up the DagBag from /home/airflow/.local/lib/python3.7/site-packages/airflow/example_dags/example_xcomargs.py
[2022-10-05 15:29:57,722] {processor.py:651} INFO - DAG(s) dict_keys(['example_xcom_args', 'example_xcom_args_with_operators']) retrieved from /home/airflow/.local/lib/python3.7/site-packages/airflow/example_dags/example_xcomargs.py
[2022-10-05 15:29:57,986] {logging_mixin.py:115} INFO - [2022-10-05 15:29:57,986] {dag.py:2379} INFO - Sync 2 DAGs
[2022-10-05 15:29:58,011] {logging_mixin.py:115} INFO - [2022-10-05 15:29:58,011] {dag.py:2931} INFO - Setting next_dagrun for example_xcom_args to None, run_after=None
[2022-10-05 15:29:58,014] {logging_mixin.py:115} INFO - [2022-10-05 15:29:58,014] {dag.py:2931} INFO - Setting next_dagrun for example_xcom_args_with_operators to None, run_after=None
[2022-10-05 15:29:58,036] {processor.py:161} INFO - Processing /home/airflow/.local/lib/python3.7/site-packages/airflow/example_dags/example_xcomargs.py took 0.360 seconds
[2022-10-05 15:30:28,553] {processor.py:153} INFO - Started process (PID=1407) to work on /home/airflow/.local/lib/python3.7/site-packages/airflow/example_dags/example_xcomargs.py
[2022-10-05 15:30:28,555] {processor.py:641} INFO - Processing file /home/airflow/.local/lib/python3.7/site-packages/airflow/example_dags/example_xcomargs.py for tasks to queue
[2022-10-05 15:30:28,557] {logging_mixin.py:115} INFO - [2022-10-05 15:30:28,557] {dagbag.py:507} INFO - Filling up the DagBag from /home/airflow/.local/lib/python3.7/site-packages/airflow/example_dags/example_xcomargs.py
[2022-10-05 15:30:28,589] {processor.py:651} INFO - DAG(s) dict_keys(['example_xcom_args', 'example_xcom_args_with_operators']) retrieved from /home/airflow/.local/lib/python3.7/site-packages/airflow/example_dags/example_xcomargs.py
[2022-10-05 15:30:28,844] {logging_mixin.py:115} INFO - [2022-10-05 15:30:28,844] {dag.py:2379} INFO - Sync 2 DAGs
[2022-10-05 15:30:28,873] {logging_mixin.py:115} INFO - [2022-10-05 15:30:28,872] {dag.py:2931} INFO - Setting next_dagrun for example_xcom_args to None, run_after=None
[2022-10-05 15:30:28,884] {logging_mixin.py:115} INFO - [2022-10-05 15:30:28,884] {dag.py:2931} INFO - Setting next_dagrun for example_xcom_args_with_operators to None, run_after=None
[2022-10-05 15:30:28,941] {processor.py:161} INFO - Processing /home/airflow/.local/lib/python3.7/site-packages/airflow/example_dags/example_xcomargs.py took 0.394 seconds
[2022-10-05 15:30:59,366] {processor.py:153} INFO - Started process (PID=1471) to work on /home/airflow/.local/lib/python3.7/site-packages/airflow/example_dags/example_xcomargs.py
[2022-10-05 15:30:59,369] {processor.py:641} INFO - Processing file /home/airflow/.local/lib/python3.7/site-packages/airflow/example_dags/example_xcomargs.py for tasks to queue
[2022-10-05 15:30:59,371] {logging_mixin.py:115} INFO - [2022-10-05 15:30:59,371] {dagbag.py:507} INFO - Filling up the DagBag from /home/airflow/.local/lib/python3.7/site-packages/airflow/example_dags/example_xcomargs.py
[2022-10-05 15:30:59,418] {processor.py:651} INFO - DAG(s) dict_keys(['example_xcom_args', 'example_xcom_args_with_operators']) retrieved from /home/airflow/.local/lib/python3.7/site-packages/airflow/example_dags/example_xcomargs.py
[2022-10-05 15:30:59,697] {logging_mixin.py:115} INFO - [2022-10-05 15:30:59,696] {dag.py:2379} INFO - Sync 2 DAGs
[2022-10-05 15:30:59,726] {logging_mixin.py:115} INFO - [2022-10-05 15:30:59,726] {dag.py:2931} INFO - Setting next_dagrun for example_xcom_args to None, run_after=None
[2022-10-05 15:30:59,728] {logging_mixin.py:115} INFO - [2022-10-05 15:30:59,727] {dag.py:2931} INFO - Setting next_dagrun for example_xcom_args_with_operators to None, run_after=None
[2022-10-05 15:30:59,753] {processor.py:161} INFO - Processing /home/airflow/.local/lib/python3.7/site-packages/airflow/example_dags/example_xcomargs.py took 0.394 seconds
[2022-10-05 15:31:30,903] {processor.py:153} INFO - Started process (PID=1528) to work on /home/airflow/.local/lib/python3.7/site-packages/airflow/example_dags/example_xcomargs.py
[2022-10-05 15:31:30,909] {processor.py:641} INFO - Processing file /home/airflow/.local/lib/python3.7/site-packages/airflow/example_dags/example_xcomargs.py for tasks to queue
[2022-10-05 15:31:30,915] {logging_mixin.py:115} INFO - [2022-10-05 15:31:30,915] {dagbag.py:507} INFO - Filling up the DagBag from /home/airflow/.local/lib/python3.7/site-packages/airflow/example_dags/example_xcomargs.py
[2022-10-05 15:31:31,274] {processor.py:651} INFO - DAG(s) dict_keys(['example_xcom_args', 'example_xcom_args_with_operators']) retrieved from /home/airflow/.local/lib/python3.7/site-packages/airflow/example_dags/example_xcomargs.py
[2022-10-05 15:31:32,860] {logging_mixin.py:115} INFO - [2022-10-05 15:31:32,860] {dag.py:2379} INFO - Sync 2 DAGs
[2022-10-05 15:31:33,008] {logging_mixin.py:115} INFO - [2022-10-05 15:31:33,007] {dag.py:2931} INFO - Setting next_dagrun for example_xcom_args to None, run_after=None
[2022-10-05 15:31:33,011] {logging_mixin.py:115} INFO - [2022-10-05 15:31:33,011] {dag.py:2931} INFO - Setting next_dagrun for example_xcom_args_with_operators to None, run_after=None
[2022-10-05 15:31:33,208] {processor.py:161} INFO - Processing /home/airflow/.local/lib/python3.7/site-packages/airflow/example_dags/example_xcomargs.py took 2.357 seconds
[2022-10-05 15:32:03,742] {processor.py:153} INFO - Started process (PID=1583) to work on /home/airflow/.local/lib/python3.7/site-packages/airflow/example_dags/example_xcomargs.py
[2022-10-05 15:32:03,748] {processor.py:641} INFO - Processing file /home/airflow/.local/lib/python3.7/site-packages/airflow/example_dags/example_xcomargs.py for tasks to queue
[2022-10-05 15:32:03,751] {logging_mixin.py:115} INFO - [2022-10-05 15:32:03,751] {dagbag.py:507} INFO - Filling up the DagBag from /home/airflow/.local/lib/python3.7/site-packages/airflow/example_dags/example_xcomargs.py
[2022-10-05 15:32:03,846] {processor.py:651} INFO - DAG(s) dict_keys(['example_xcom_args', 'example_xcom_args_with_operators']) retrieved from /home/airflow/.local/lib/python3.7/site-packages/airflow/example_dags/example_xcomargs.py
[2022-10-05 15:32:04,384] {logging_mixin.py:115} INFO - [2022-10-05 15:32:04,384] {dag.py:2379} INFO - Sync 2 DAGs
[2022-10-05 15:32:04,437] {logging_mixin.py:115} INFO - [2022-10-05 15:32:04,437] {dag.py:2931} INFO - Setting next_dagrun for example_xcom_args to None, run_after=None
[2022-10-05 15:32:04,439] {logging_mixin.py:115} INFO - [2022-10-05 15:32:04,439] {dag.py:2931} INFO - Setting next_dagrun for example_xcom_args_with_operators to None, run_after=None
[2022-10-05 15:32:04,487] {processor.py:161} INFO - Processing /home/airflow/.local/lib/python3.7/site-packages/airflow/example_dags/example_xcomargs.py took 0.757 seconds
[2022-10-05 15:32:34,764] {processor.py:153} INFO - Started process (PID=1641) to work on /home/airflow/.local/lib/python3.7/site-packages/airflow/example_dags/example_xcomargs.py
[2022-10-05 15:32:34,766] {processor.py:641} INFO - Processing file /home/airflow/.local/lib/python3.7/site-packages/airflow/example_dags/example_xcomargs.py for tasks to queue
[2022-10-05 15:32:34,768] {logging_mixin.py:115} INFO - [2022-10-05 15:32:34,767] {dagbag.py:507} INFO - Filling up the DagBag from /home/airflow/.local/lib/python3.7/site-packages/airflow/example_dags/example_xcomargs.py
[2022-10-05 15:32:34,798] {processor.py:651} INFO - DAG(s) dict_keys(['example_xcom_args', 'example_xcom_args_with_operators']) retrieved from /home/airflow/.local/lib/python3.7/site-packages/airflow/example_dags/example_xcomargs.py
[2022-10-05 15:32:35,036] {logging_mixin.py:115} INFO - [2022-10-05 15:32:35,036] {dag.py:2379} INFO - Sync 2 DAGs
[2022-10-05 15:32:35,058] {logging_mixin.py:115} INFO - [2022-10-05 15:32:35,058] {dag.py:2931} INFO - Setting next_dagrun for example_xcom_args to None, run_after=None
[2022-10-05 15:32:35,060] {logging_mixin.py:115} INFO - [2022-10-05 15:32:35,060] {dag.py:2931} INFO - Setting next_dagrun for example_xcom_args_with_operators to None, run_after=None
[2022-10-05 15:32:35,080] {processor.py:161} INFO - Processing /home/airflow/.local/lib/python3.7/site-packages/airflow/example_dags/example_xcomargs.py took 0.320 seconds
[2022-10-05 15:33:05,352] {processor.py:153} INFO - Started process (PID=1706) to work on /home/airflow/.local/lib/python3.7/site-packages/airflow/example_dags/example_xcomargs.py
[2022-10-05 15:33:05,355] {processor.py:641} INFO - Processing file /home/airflow/.local/lib/python3.7/site-packages/airflow/example_dags/example_xcomargs.py for tasks to queue
[2022-10-05 15:33:05,356] {logging_mixin.py:115} INFO - [2022-10-05 15:33:05,356] {dagbag.py:507} INFO - Filling up the DagBag from /home/airflow/.local/lib/python3.7/site-packages/airflow/example_dags/example_xcomargs.py
[2022-10-05 15:33:05,390] {processor.py:651} INFO - DAG(s) dict_keys(['example_xcom_args', 'example_xcom_args_with_operators']) retrieved from /home/airflow/.local/lib/python3.7/site-packages/airflow/example_dags/example_xcomargs.py
[2022-10-05 15:33:05,590] {logging_mixin.py:115} INFO - [2022-10-05 15:33:05,590] {dag.py:2379} INFO - Sync 2 DAGs
[2022-10-05 15:33:05,618] {logging_mixin.py:115} INFO - [2022-10-05 15:33:05,618] {dag.py:2931} INFO - Setting next_dagrun for example_xcom_args to None, run_after=None
[2022-10-05 15:33:05,619] {logging_mixin.py:115} INFO - [2022-10-05 15:33:05,619] {dag.py:2931} INFO - Setting next_dagrun for example_xcom_args_with_operators to None, run_after=None
[2022-10-05 15:33:05,634] {processor.py:161} INFO - Processing /home/airflow/.local/lib/python3.7/site-packages/airflow/example_dags/example_xcomargs.py took 0.287 seconds
[2022-10-05 15:33:36,191] {processor.py:153} INFO - Started process (PID=1763) to work on /home/airflow/.local/lib/python3.7/site-packages/airflow/example_dags/example_xcomargs.py
[2022-10-05 15:33:36,193] {processor.py:641} INFO - Processing file /home/airflow/.local/lib/python3.7/site-packages/airflow/example_dags/example_xcomargs.py for tasks to queue
[2022-10-05 15:33:36,195] {logging_mixin.py:115} INFO - [2022-10-05 15:33:36,194] {dagbag.py:507} INFO - Filling up the DagBag from /home/airflow/.local/lib/python3.7/site-packages/airflow/example_dags/example_xcomargs.py
[2022-10-05 15:33:36,227] {processor.py:651} INFO - DAG(s) dict_keys(['example_xcom_args', 'example_xcom_args_with_operators']) retrieved from /home/airflow/.local/lib/python3.7/site-packages/airflow/example_dags/example_xcomargs.py
[2022-10-05 15:33:36,484] {logging_mixin.py:115} INFO - [2022-10-05 15:33:36,483] {dag.py:2379} INFO - Sync 2 DAGs
[2022-10-05 15:33:36,511] {logging_mixin.py:115} INFO - [2022-10-05 15:33:36,511] {dag.py:2931} INFO - Setting next_dagrun for example_xcom_args to None, run_after=None
[2022-10-05 15:33:36,513] {logging_mixin.py:115} INFO - [2022-10-05 15:33:36,513] {dag.py:2931} INFO - Setting next_dagrun for example_xcom_args_with_operators to None, run_after=None
[2022-10-05 15:33:36,530] {processor.py:161} INFO - Processing /home/airflow/.local/lib/python3.7/site-packages/airflow/example_dags/example_xcomargs.py took 0.345 seconds
[2022-10-05 15:34:06,889] {processor.py:153} INFO - Started process (PID=1829) to work on /home/airflow/.local/lib/python3.7/site-packages/airflow/example_dags/example_xcomargs.py
[2022-10-05 15:34:06,891] {processor.py:641} INFO - Processing file /home/airflow/.local/lib/python3.7/site-packages/airflow/example_dags/example_xcomargs.py for tasks to queue
[2022-10-05 15:34:06,893] {logging_mixin.py:115} INFO - [2022-10-05 15:34:06,893] {dagbag.py:507} INFO - Filling up the DagBag from /home/airflow/.local/lib/python3.7/site-packages/airflow/example_dags/example_xcomargs.py
[2022-10-05 15:34:06,923] {processor.py:651} INFO - DAG(s) dict_keys(['example_xcom_args', 'example_xcom_args_with_operators']) retrieved from /home/airflow/.local/lib/python3.7/site-packages/airflow/example_dags/example_xcomargs.py
[2022-10-05 15:34:07,165] {logging_mixin.py:115} INFO - [2022-10-05 15:34:07,165] {dag.py:2379} INFO - Sync 2 DAGs
[2022-10-05 15:34:07,190] {logging_mixin.py:115} INFO - [2022-10-05 15:34:07,190] {dag.py:2931} INFO - Setting next_dagrun for example_xcom_args to None, run_after=None
[2022-10-05 15:34:07,191] {logging_mixin.py:115} INFO - [2022-10-05 15:34:07,191] {dag.py:2931} INFO - Setting next_dagrun for example_xcom_args_with_operators to None, run_after=None
[2022-10-05 15:34:07,210] {processor.py:161} INFO - Processing /home/airflow/.local/lib/python3.7/site-packages/airflow/example_dags/example_xcomargs.py took 0.325 seconds
[2022-10-05 15:34:37,297] {processor.py:153} INFO - Started process (PID=1885) to work on /home/airflow/.local/lib/python3.7/site-packages/airflow/example_dags/example_xcomargs.py
[2022-10-05 15:34:37,299] {processor.py:641} INFO - Processing file /home/airflow/.local/lib/python3.7/site-packages/airflow/example_dags/example_xcomargs.py for tasks to queue
[2022-10-05 15:34:37,301] {logging_mixin.py:115} INFO - [2022-10-05 15:34:37,301] {dagbag.py:507} INFO - Filling up the DagBag from /home/airflow/.local/lib/python3.7/site-packages/airflow/example_dags/example_xcomargs.py
[2022-10-05 15:34:37,334] {processor.py:651} INFO - DAG(s) dict_keys(['example_xcom_args', 'example_xcom_args_with_operators']) retrieved from /home/airflow/.local/lib/python3.7/site-packages/airflow/example_dags/example_xcomargs.py
[2022-10-05 15:34:37,576] {logging_mixin.py:115} INFO - [2022-10-05 15:34:37,576] {dag.py:2379} INFO - Sync 2 DAGs
[2022-10-05 15:34:37,601] {logging_mixin.py:115} INFO - [2022-10-05 15:34:37,601] {dag.py:2931} INFO - Setting next_dagrun for example_xcom_args to None, run_after=None
[2022-10-05 15:34:37,602] {logging_mixin.py:115} INFO - [2022-10-05 15:34:37,602] {dag.py:2931} INFO - Setting next_dagrun for example_xcom_args_with_operators to None, run_after=None
[2022-10-05 15:34:37,619] {processor.py:161} INFO - Processing /home/airflow/.local/lib/python3.7/site-packages/airflow/example_dags/example_xcomargs.py took 0.328 seconds
[2022-10-05 15:35:07,702] {processor.py:153} INFO - Started process (PID=1947) to work on /home/airflow/.local/lib/python3.7/site-packages/airflow/example_dags/example_xcomargs.py
[2022-10-05 15:35:07,704] {processor.py:641} INFO - Processing file /home/airflow/.local/lib/python3.7/site-packages/airflow/example_dags/example_xcomargs.py for tasks to queue
[2022-10-05 15:35:07,706] {logging_mixin.py:115} INFO - [2022-10-05 15:35:07,706] {dagbag.py:507} INFO - Filling up the DagBag from /home/airflow/.local/lib/python3.7/site-packages/airflow/example_dags/example_xcomargs.py
[2022-10-05 15:35:07,739] {processor.py:651} INFO - DAG(s) dict_keys(['example_xcom_args', 'example_xcom_args_with_operators']) retrieved from /home/airflow/.local/lib/python3.7/site-packages/airflow/example_dags/example_xcomargs.py
[2022-10-05 15:35:07,990] {logging_mixin.py:115} INFO - [2022-10-05 15:35:07,989] {dag.py:2379} INFO - Sync 2 DAGs
[2022-10-05 15:35:08,022] {logging_mixin.py:115} INFO - [2022-10-05 15:35:08,022] {dag.py:2931} INFO - Setting next_dagrun for example_xcom_args to None, run_after=None
[2022-10-05 15:35:08,024] {logging_mixin.py:115} INFO - [2022-10-05 15:35:08,024] {dag.py:2931} INFO - Setting next_dagrun for example_xcom_args_with_operators to None, run_after=None
[2022-10-05 15:35:08,046] {processor.py:161} INFO - Processing /home/airflow/.local/lib/python3.7/site-packages/airflow/example_dags/example_xcomargs.py took 0.353 seconds
[2022-10-05 15:35:38,138] {processor.py:153} INFO - Started process (PID=2002) to work on /home/airflow/.local/lib/python3.7/site-packages/airflow/example_dags/example_xcomargs.py
[2022-10-05 15:35:38,140] {processor.py:641} INFO - Processing file /home/airflow/.local/lib/python3.7/site-packages/airflow/example_dags/example_xcomargs.py for tasks to queue
[2022-10-05 15:35:38,142] {logging_mixin.py:115} INFO - [2022-10-05 15:35:38,142] {dagbag.py:507} INFO - Filling up the DagBag from /home/airflow/.local/lib/python3.7/site-packages/airflow/example_dags/example_xcomargs.py
[2022-10-05 15:35:38,188] {processor.py:651} INFO - DAG(s) dict_keys(['example_xcom_args', 'example_xcom_args_with_operators']) retrieved from /home/airflow/.local/lib/python3.7/site-packages/airflow/example_dags/example_xcomargs.py
[2022-10-05 15:35:38,551] {logging_mixin.py:115} INFO - [2022-10-05 15:35:38,550] {dag.py:2379} INFO - Sync 2 DAGs
[2022-10-05 15:35:38,587] {logging_mixin.py:115} INFO - [2022-10-05 15:35:38,587] {dag.py:2931} INFO - Setting next_dagrun for example_xcom_args to None, run_after=None
[2022-10-05 15:35:38,589] {logging_mixin.py:115} INFO - [2022-10-05 15:35:38,589] {dag.py:2931} INFO - Setting next_dagrun for example_xcom_args_with_operators to None, run_after=None
[2022-10-05 15:35:38,616] {processor.py:161} INFO - Processing /home/airflow/.local/lib/python3.7/site-packages/airflow/example_dags/example_xcomargs.py took 0.485 seconds
[2022-10-05 15:51:19,602] {processor.py:153} INFO - Started process (PID=2045) to work on /home/airflow/.local/lib/python3.7/site-packages/airflow/example_dags/example_xcomargs.py
[2022-10-05 15:51:19,605] {processor.py:641} INFO - Processing file /home/airflow/.local/lib/python3.7/site-packages/airflow/example_dags/example_xcomargs.py for tasks to queue
[2022-10-05 15:51:19,609] {logging_mixin.py:115} INFO - [2022-10-05 15:51:19,609] {dagbag.py:507} INFO - Filling up the DagBag from /home/airflow/.local/lib/python3.7/site-packages/airflow/example_dags/example_xcomargs.py
[2022-10-05 15:51:19,679] {processor.py:651} INFO - DAG(s) dict_keys(['example_xcom_args', 'example_xcom_args_with_operators']) retrieved from /home/airflow/.local/lib/python3.7/site-packages/airflow/example_dags/example_xcomargs.py
[2022-10-05 15:51:19,920] {logging_mixin.py:115} INFO - [2022-10-05 15:51:19,920] {dag.py:2379} INFO - Sync 2 DAGs
[2022-10-05 15:51:19,952] {logging_mixin.py:115} INFO - [2022-10-05 15:51:19,952] {dag.py:2931} INFO - Setting next_dagrun for example_xcom_args to None, run_after=None
[2022-10-05 15:51:19,954] {logging_mixin.py:115} INFO - [2022-10-05 15:51:19,954] {dag.py:2931} INFO - Setting next_dagrun for example_xcom_args_with_operators to None, run_after=None
[2022-10-05 15:51:19,981] {processor.py:161} INFO - Processing /home/airflow/.local/lib/python3.7/site-packages/airflow/example_dags/example_xcomargs.py took 0.399 seconds
[2022-10-05 15:51:50,911] {processor.py:153} INFO - Started process (PID=2110) to work on /home/airflow/.local/lib/python3.7/site-packages/airflow/example_dags/example_xcomargs.py
[2022-10-05 15:51:50,914] {processor.py:641} INFO - Processing file /home/airflow/.local/lib/python3.7/site-packages/airflow/example_dags/example_xcomargs.py for tasks to queue
[2022-10-05 15:51:50,915] {logging_mixin.py:115} INFO - [2022-10-05 15:51:50,915] {dagbag.py:507} INFO - Filling up the DagBag from /home/airflow/.local/lib/python3.7/site-packages/airflow/example_dags/example_xcomargs.py
[2022-10-05 15:51:50,940] {processor.py:651} INFO - DAG(s) dict_keys(['example_xcom_args', 'example_xcom_args_with_operators']) retrieved from /home/airflow/.local/lib/python3.7/site-packages/airflow/example_dags/example_xcomargs.py
[2022-10-05 15:51:51,036] {logging_mixin.py:115} INFO - [2022-10-05 15:51:51,036] {dag.py:2379} INFO - Sync 2 DAGs
[2022-10-05 15:51:51,059] {logging_mixin.py:115} INFO - [2022-10-05 15:51:51,059] {dag.py:2931} INFO - Setting next_dagrun for example_xcom_args to None, run_after=None
[2022-10-05 15:51:51,060] {logging_mixin.py:115} INFO - [2022-10-05 15:51:51,060] {dag.py:2931} INFO - Setting next_dagrun for example_xcom_args_with_operators to None, run_after=None
[2022-10-05 15:51:51,077] {processor.py:161} INFO - Processing /home/airflow/.local/lib/python3.7/site-packages/airflow/example_dags/example_xcomargs.py took 0.170 seconds
[2022-10-05 15:52:21,456] {processor.py:153} INFO - Started process (PID=2166) to work on /home/airflow/.local/lib/python3.7/site-packages/airflow/example_dags/example_xcomargs.py
[2022-10-05 15:52:21,458] {processor.py:641} INFO - Processing file /home/airflow/.local/lib/python3.7/site-packages/airflow/example_dags/example_xcomargs.py for tasks to queue
[2022-10-05 15:52:21,459] {logging_mixin.py:115} INFO - [2022-10-05 15:52:21,459] {dagbag.py:507} INFO - Filling up the DagBag from /home/airflow/.local/lib/python3.7/site-packages/airflow/example_dags/example_xcomargs.py
[2022-10-05 15:52:21,485] {processor.py:651} INFO - DAG(s) dict_keys(['example_xcom_args', 'example_xcom_args_with_operators']) retrieved from /home/airflow/.local/lib/python3.7/site-packages/airflow/example_dags/example_xcomargs.py
[2022-10-05 15:52:21,561] {logging_mixin.py:115} INFO - [2022-10-05 15:52:21,560] {dag.py:2379} INFO - Sync 2 DAGs
[2022-10-05 15:52:21,585] {logging_mixin.py:115} INFO - [2022-10-05 15:52:21,585] {dag.py:2931} INFO - Setting next_dagrun for example_xcom_args to None, run_after=None
[2022-10-05 15:52:21,586] {logging_mixin.py:115} INFO - [2022-10-05 15:52:21,586] {dag.py:2931} INFO - Setting next_dagrun for example_xcom_args_with_operators to None, run_after=None
[2022-10-05 15:52:21,603] {processor.py:161} INFO - Processing /home/airflow/.local/lib/python3.7/site-packages/airflow/example_dags/example_xcomargs.py took 0.151 seconds
[2022-10-05 15:52:51,811] {processor.py:153} INFO - Started process (PID=2231) to work on /home/airflow/.local/lib/python3.7/site-packages/airflow/example_dags/example_xcomargs.py
[2022-10-05 15:52:51,813] {processor.py:641} INFO - Processing file /home/airflow/.local/lib/python3.7/site-packages/airflow/example_dags/example_xcomargs.py for tasks to queue
[2022-10-05 15:52:51,814] {logging_mixin.py:115} INFO - [2022-10-05 15:52:51,814] {dagbag.py:507} INFO - Filling up the DagBag from /home/airflow/.local/lib/python3.7/site-packages/airflow/example_dags/example_xcomargs.py
[2022-10-05 15:52:51,840] {processor.py:651} INFO - DAG(s) dict_keys(['example_xcom_args', 'example_xcom_args_with_operators']) retrieved from /home/airflow/.local/lib/python3.7/site-packages/airflow/example_dags/example_xcomargs.py
[2022-10-05 15:52:51,917] {logging_mixin.py:115} INFO - [2022-10-05 15:52:51,917] {dag.py:2379} INFO - Sync 2 DAGs
[2022-10-05 15:52:51,937] {logging_mixin.py:115} INFO - [2022-10-05 15:52:51,937] {dag.py:2931} INFO - Setting next_dagrun for example_xcom_args to None, run_after=None
[2022-10-05 15:52:51,938] {logging_mixin.py:115} INFO - [2022-10-05 15:52:51,938] {dag.py:2931} INFO - Setting next_dagrun for example_xcom_args_with_operators to None, run_after=None
[2022-10-05 15:52:51,961] {processor.py:161} INFO - Processing /home/airflow/.local/lib/python3.7/site-packages/airflow/example_dags/example_xcomargs.py took 0.155 seconds
[2022-10-05 15:53:22,172] {processor.py:153} INFO - Started process (PID=2296) to work on /home/airflow/.local/lib/python3.7/site-packages/airflow/example_dags/example_xcomargs.py
[2022-10-05 15:53:22,173] {processor.py:641} INFO - Processing file /home/airflow/.local/lib/python3.7/site-packages/airflow/example_dags/example_xcomargs.py for tasks to queue
[2022-10-05 15:53:22,175] {logging_mixin.py:115} INFO - [2022-10-05 15:53:22,175] {dagbag.py:507} INFO - Filling up the DagBag from /home/airflow/.local/lib/python3.7/site-packages/airflow/example_dags/example_xcomargs.py
[2022-10-05 15:53:22,201] {processor.py:651} INFO - DAG(s) dict_keys(['example_xcom_args', 'example_xcom_args_with_operators']) retrieved from /home/airflow/.local/lib/python3.7/site-packages/airflow/example_dags/example_xcomargs.py
[2022-10-05 15:53:22,234] {logging_mixin.py:115} INFO - [2022-10-05 15:53:22,234] {dag.py:2379} INFO - Sync 2 DAGs
[2022-10-05 15:53:22,255] {logging_mixin.py:115} INFO - [2022-10-05 15:53:22,255] {dag.py:2931} INFO - Setting next_dagrun for example_xcom_args to None, run_after=None
[2022-10-05 15:53:22,257] {logging_mixin.py:115} INFO - [2022-10-05 15:53:22,256] {dag.py:2931} INFO - Setting next_dagrun for example_xcom_args_with_operators to None, run_after=None
[2022-10-05 15:53:22,272] {processor.py:161} INFO - Processing /home/airflow/.local/lib/python3.7/site-packages/airflow/example_dags/example_xcomargs.py took 0.104 seconds
[2022-10-05 15:53:52,668] {processor.py:153} INFO - Started process (PID=2352) to work on /home/airflow/.local/lib/python3.7/site-packages/airflow/example_dags/example_xcomargs.py
[2022-10-05 15:53:52,671] {processor.py:641} INFO - Processing file /home/airflow/.local/lib/python3.7/site-packages/airflow/example_dags/example_xcomargs.py for tasks to queue
[2022-10-05 15:53:52,673] {logging_mixin.py:115} INFO - [2022-10-05 15:53:52,672] {dagbag.py:507} INFO - Filling up the DagBag from /home/airflow/.local/lib/python3.7/site-packages/airflow/example_dags/example_xcomargs.py
[2022-10-05 15:53:52,698] {processor.py:651} INFO - DAG(s) dict_keys(['example_xcom_args', 'example_xcom_args_with_operators']) retrieved from /home/airflow/.local/lib/python3.7/site-packages/airflow/example_dags/example_xcomargs.py
[2022-10-05 15:53:52,733] {logging_mixin.py:115} INFO - [2022-10-05 15:53:52,732] {dag.py:2379} INFO - Sync 2 DAGs
[2022-10-05 15:53:52,754] {logging_mixin.py:115} INFO - [2022-10-05 15:53:52,754] {dag.py:2931} INFO - Setting next_dagrun for example_xcom_args to None, run_after=None
[2022-10-05 15:53:52,755] {logging_mixin.py:115} INFO - [2022-10-05 15:53:52,755] {dag.py:2931} INFO - Setting next_dagrun for example_xcom_args_with_operators to None, run_after=None
[2022-10-05 15:53:52,770] {processor.py:161} INFO - Processing /home/airflow/.local/lib/python3.7/site-packages/airflow/example_dags/example_xcomargs.py took 0.107 seconds
[2022-10-05 16:01:52,010] {processor.py:153} INFO - Started process (PID=2385) to work on /home/airflow/.local/lib/python3.7/site-packages/airflow/example_dags/example_xcomargs.py
[2022-10-05 16:01:52,012] {processor.py:641} INFO - Processing file /home/airflow/.local/lib/python3.7/site-packages/airflow/example_dags/example_xcomargs.py for tasks to queue
[2022-10-05 16:01:52,014] {logging_mixin.py:115} INFO - [2022-10-05 16:01:52,014] {dagbag.py:507} INFO - Filling up the DagBag from /home/airflow/.local/lib/python3.7/site-packages/airflow/example_dags/example_xcomargs.py
[2022-10-05 16:01:52,041] {processor.py:651} INFO - DAG(s) dict_keys(['example_xcom_args', 'example_xcom_args_with_operators']) retrieved from /home/airflow/.local/lib/python3.7/site-packages/airflow/example_dags/example_xcomargs.py
[2022-10-05 16:01:52,145] {logging_mixin.py:115} INFO - [2022-10-05 16:01:52,145] {dag.py:2379} INFO - Sync 2 DAGs
[2022-10-05 16:01:52,165] {logging_mixin.py:115} INFO - [2022-10-05 16:01:52,165] {dag.py:2931} INFO - Setting next_dagrun for example_xcom_args to None, run_after=None
[2022-10-05 16:01:52,166] {logging_mixin.py:115} INFO - [2022-10-05 16:01:52,166] {dag.py:2931} INFO - Setting next_dagrun for example_xcom_args_with_operators to None, run_after=None
[2022-10-05 16:01:52,183] {processor.py:161} INFO - Processing /home/airflow/.local/lib/python3.7/site-packages/airflow/example_dags/example_xcomargs.py took 0.177 seconds
[2022-10-05 16:03:21,343] {processor.py:153} INFO - Started process (PID=2431) to work on /home/airflow/.local/lib/python3.7/site-packages/airflow/example_dags/example_xcomargs.py
[2022-10-05 16:03:21,345] {processor.py:641} INFO - Processing file /home/airflow/.local/lib/python3.7/site-packages/airflow/example_dags/example_xcomargs.py for tasks to queue
[2022-10-05 16:03:21,346] {logging_mixin.py:115} INFO - [2022-10-05 16:03:21,346] {dagbag.py:507} INFO - Filling up the DagBag from /home/airflow/.local/lib/python3.7/site-packages/airflow/example_dags/example_xcomargs.py
[2022-10-05 16:03:21,373] {processor.py:651} INFO - DAG(s) dict_keys(['example_xcom_args', 'example_xcom_args_with_operators']) retrieved from /home/airflow/.local/lib/python3.7/site-packages/airflow/example_dags/example_xcomargs.py
[2022-10-05 16:03:21,527] {logging_mixin.py:115} INFO - [2022-10-05 16:03:21,526] {dag.py:2379} INFO - Sync 2 DAGs
[2022-10-05 16:03:21,554] {logging_mixin.py:115} INFO - [2022-10-05 16:03:21,554] {dag.py:2931} INFO - Setting next_dagrun for example_xcom_args to None, run_after=None
[2022-10-05 16:03:21,555] {logging_mixin.py:115} INFO - [2022-10-05 16:03:21,555] {dag.py:2931} INFO - Setting next_dagrun for example_xcom_args_with_operators to None, run_after=None
[2022-10-05 16:03:21,575] {processor.py:161} INFO - Processing /home/airflow/.local/lib/python3.7/site-packages/airflow/example_dags/example_xcomargs.py took 0.238 seconds
[2022-10-05 16:14:14,876] {processor.py:153} INFO - Started process (PID=2470) to work on /home/airflow/.local/lib/python3.7/site-packages/airflow/example_dags/example_xcomargs.py
[2022-10-05 16:14:14,878] {processor.py:641} INFO - Processing file /home/airflow/.local/lib/python3.7/site-packages/airflow/example_dags/example_xcomargs.py for tasks to queue
[2022-10-05 16:14:14,880] {logging_mixin.py:115} INFO - [2022-10-05 16:14:14,880] {dagbag.py:507} INFO - Filling up the DagBag from /home/airflow/.local/lib/python3.7/site-packages/airflow/example_dags/example_xcomargs.py
[2022-10-05 16:14:14,914] {processor.py:651} INFO - DAG(s) dict_keys(['example_xcom_args', 'example_xcom_args_with_operators']) retrieved from /home/airflow/.local/lib/python3.7/site-packages/airflow/example_dags/example_xcomargs.py
[2022-10-05 16:14:15,105] {logging_mixin.py:115} INFO - [2022-10-05 16:14:15,104] {dag.py:2379} INFO - Sync 2 DAGs
[2022-10-05 16:14:15,138] {logging_mixin.py:115} INFO - [2022-10-05 16:14:15,138] {dag.py:2931} INFO - Setting next_dagrun for example_xcom_args to None, run_after=None
[2022-10-05 16:14:15,139] {logging_mixin.py:115} INFO - [2022-10-05 16:14:15,139] {dag.py:2931} INFO - Setting next_dagrun for example_xcom_args_with_operators to None, run_after=None
[2022-10-05 16:14:15,160] {processor.py:161} INFO - Processing /home/airflow/.local/lib/python3.7/site-packages/airflow/example_dags/example_xcomargs.py took 0.293 seconds
[2022-10-05 16:15:19,225] {processor.py:153} INFO - Started process (PID=2517) to work on /home/airflow/.local/lib/python3.7/site-packages/airflow/example_dags/example_xcomargs.py
[2022-10-05 16:15:19,227] {processor.py:641} INFO - Processing file /home/airflow/.local/lib/python3.7/site-packages/airflow/example_dags/example_xcomargs.py for tasks to queue
[2022-10-05 16:15:19,228] {logging_mixin.py:115} INFO - [2022-10-05 16:15:19,228] {dagbag.py:507} INFO - Filling up the DagBag from /home/airflow/.local/lib/python3.7/site-packages/airflow/example_dags/example_xcomargs.py
[2022-10-05 16:15:19,264] {processor.py:651} INFO - DAG(s) dict_keys(['example_xcom_args', 'example_xcom_args_with_operators']) retrieved from /home/airflow/.local/lib/python3.7/site-packages/airflow/example_dags/example_xcomargs.py
[2022-10-05 16:15:19,407] {logging_mixin.py:115} INFO - [2022-10-05 16:15:19,407] {dag.py:2379} INFO - Sync 2 DAGs
[2022-10-05 16:15:19,449] {logging_mixin.py:115} INFO - [2022-10-05 16:15:19,449] {dag.py:2931} INFO - Setting next_dagrun for example_xcom_args to None, run_after=None
[2022-10-05 16:15:19,452] {logging_mixin.py:115} INFO - [2022-10-05 16:15:19,452] {dag.py:2931} INFO - Setting next_dagrun for example_xcom_args_with_operators to None, run_after=None
[2022-10-05 16:15:19,477] {processor.py:161} INFO - Processing /home/airflow/.local/lib/python3.7/site-packages/airflow/example_dags/example_xcomargs.py took 0.263 seconds
[2022-10-05 16:16:51,727] {processor.py:153} INFO - Started process (PID=2564) to work on /home/airflow/.local/lib/python3.7/site-packages/airflow/example_dags/example_xcomargs.py
[2022-10-05 16:16:51,729] {processor.py:641} INFO - Processing file /home/airflow/.local/lib/python3.7/site-packages/airflow/example_dags/example_xcomargs.py for tasks to queue
[2022-10-05 16:16:51,731] {logging_mixin.py:115} INFO - [2022-10-05 16:16:51,731] {dagbag.py:507} INFO - Filling up the DagBag from /home/airflow/.local/lib/python3.7/site-packages/airflow/example_dags/example_xcomargs.py
[2022-10-05 16:16:51,759] {processor.py:651} INFO - DAG(s) dict_keys(['example_xcom_args', 'example_xcom_args_with_operators']) retrieved from /home/airflow/.local/lib/python3.7/site-packages/airflow/example_dags/example_xcomargs.py
[2022-10-05 16:16:51,927] {logging_mixin.py:115} INFO - [2022-10-05 16:16:51,927] {dag.py:2379} INFO - Sync 2 DAGs
[2022-10-05 16:16:51,964] {logging_mixin.py:115} INFO - [2022-10-05 16:16:51,964] {dag.py:2931} INFO - Setting next_dagrun for example_xcom_args to None, run_after=None
[2022-10-05 16:16:51,966] {logging_mixin.py:115} INFO - [2022-10-05 16:16:51,966] {dag.py:2931} INFO - Setting next_dagrun for example_xcom_args_with_operators to None, run_after=None
[2022-10-05 16:16:51,989] {processor.py:161} INFO - Processing /home/airflow/.local/lib/python3.7/site-packages/airflow/example_dags/example_xcomargs.py took 0.265 seconds
[2022-10-05 16:18:34,390] {processor.py:153} INFO - Started process (PID=2611) to work on /home/airflow/.local/lib/python3.7/site-packages/airflow/example_dags/example_xcomargs.py
[2022-10-05 16:18:34,394] {processor.py:641} INFO - Processing file /home/airflow/.local/lib/python3.7/site-packages/airflow/example_dags/example_xcomargs.py for tasks to queue
[2022-10-05 16:18:34,396] {logging_mixin.py:115} INFO - [2022-10-05 16:18:34,396] {dagbag.py:507} INFO - Filling up the DagBag from /home/airflow/.local/lib/python3.7/site-packages/airflow/example_dags/example_xcomargs.py
[2022-10-05 16:18:34,456] {processor.py:651} INFO - DAG(s) dict_keys(['example_xcom_args', 'example_xcom_args_with_operators']) retrieved from /home/airflow/.local/lib/python3.7/site-packages/airflow/example_dags/example_xcomargs.py
[2022-10-05 16:18:34,643] {logging_mixin.py:115} INFO - [2022-10-05 16:18:34,643] {dag.py:2379} INFO - Sync 2 DAGs
[2022-10-05 16:18:34,684] {logging_mixin.py:115} INFO - [2022-10-05 16:18:34,684] {dag.py:2931} INFO - Setting next_dagrun for example_xcom_args to None, run_after=None
[2022-10-05 16:18:34,689] {logging_mixin.py:115} INFO - [2022-10-05 16:18:34,689] {dag.py:2931} INFO - Setting next_dagrun for example_xcom_args_with_operators to None, run_after=None
[2022-10-05 16:18:34,723] {processor.py:161} INFO - Processing /home/airflow/.local/lib/python3.7/site-packages/airflow/example_dags/example_xcomargs.py took 0.337 seconds
[2022-10-05 18:03:15,090] {processor.py:153} INFO - Started process (PID=2659) to work on /home/airflow/.local/lib/python3.7/site-packages/airflow/example_dags/example_xcomargs.py
[2022-10-05 18:03:15,093] {processor.py:641} INFO - Processing file /home/airflow/.local/lib/python3.7/site-packages/airflow/example_dags/example_xcomargs.py for tasks to queue
[2022-10-05 18:03:15,099] {logging_mixin.py:115} INFO - [2022-10-05 18:03:15,095] {dagbag.py:507} INFO - Filling up the DagBag from /home/airflow/.local/lib/python3.7/site-packages/airflow/example_dags/example_xcomargs.py
[2022-10-05 18:03:15,205] {processor.py:651} INFO - DAG(s) dict_keys(['example_xcom_args', 'example_xcom_args_with_operators']) retrieved from /home/airflow/.local/lib/python3.7/site-packages/airflow/example_dags/example_xcomargs.py
[2022-10-05 18:03:15,436] {logging_mixin.py:115} INFO - [2022-10-05 18:03:15,436] {dag.py:2379} INFO - Sync 2 DAGs
[2022-10-05 18:03:15,505] {logging_mixin.py:115} INFO - [2022-10-05 18:03:15,505] {dag.py:2931} INFO - Setting next_dagrun for example_xcom_args to None, run_after=None
[2022-10-05 18:03:15,513] {logging_mixin.py:115} INFO - [2022-10-05 18:03:15,513] {dag.py:2931} INFO - Setting next_dagrun for example_xcom_args_with_operators to None, run_after=None
[2022-10-05 18:03:15,559] {processor.py:161} INFO - Processing /home/airflow/.local/lib/python3.7/site-packages/airflow/example_dags/example_xcomargs.py took 0.492 seconds
[2022-10-05 20:03:25,644] {processor.py:153} INFO - Started process (PID=2706) to work on /home/airflow/.local/lib/python3.7/site-packages/airflow/example_dags/example_xcomargs.py
[2022-10-05 20:03:25,646] {processor.py:641} INFO - Processing file /home/airflow/.local/lib/python3.7/site-packages/airflow/example_dags/example_xcomargs.py for tasks to queue
[2022-10-05 20:03:25,649] {logging_mixin.py:115} INFO - [2022-10-05 20:03:25,649] {dagbag.py:507} INFO - Filling up the DagBag from /home/airflow/.local/lib/python3.7/site-packages/airflow/example_dags/example_xcomargs.py
[2022-10-05 20:03:25,698] {processor.py:651} INFO - DAG(s) dict_keys(['example_xcom_args', 'example_xcom_args_with_operators']) retrieved from /home/airflow/.local/lib/python3.7/site-packages/airflow/example_dags/example_xcomargs.py
[2022-10-05 20:03:25,966] {logging_mixin.py:115} INFO - [2022-10-05 20:03:25,966] {dag.py:2379} INFO - Sync 2 DAGs
[2022-10-05 20:03:26,005] {logging_mixin.py:115} INFO - [2022-10-05 20:03:26,005] {dag.py:2931} INFO - Setting next_dagrun for example_xcom_args to None, run_after=None
[2022-10-05 20:03:26,007] {logging_mixin.py:115} INFO - [2022-10-05 20:03:26,006] {dag.py:2931} INFO - Setting next_dagrun for example_xcom_args_with_operators to None, run_after=None
[2022-10-05 20:03:26,035] {processor.py:161} INFO - Processing /home/airflow/.local/lib/python3.7/site-packages/airflow/example_dags/example_xcomargs.py took 0.398 seconds
