[2022-10-05 15:18:23,888] {processor.py:153} INFO - Started process (PID=154) to work on /home/airflow/.local/lib/python3.7/site-packages/airflow/example_dags/example_skip_dag.py
[2022-10-05 15:18:23,891] {processor.py:641} INFO - Processing file /home/airflow/.local/lib/python3.7/site-packages/airflow/example_dags/example_skip_dag.py for tasks to queue
[2022-10-05 15:18:23,894] {logging_mixin.py:115} INFO - [2022-10-05 15:18:23,894] {dagbag.py:507} INFO - Filling up the DagBag from /home/airflow/.local/lib/python3.7/site-packages/airflow/example_dags/example_skip_dag.py
[2022-10-05 15:18:24,006] {processor.py:651} INFO - DAG(s) dict_keys(['example_skip_dag']) retrieved from /home/airflow/.local/lib/python3.7/site-packages/airflow/example_dags/example_skip_dag.py
[2022-10-05 15:18:25,617] {logging_mixin.py:115} INFO - [2022-10-05 15:18:25,616] {manager.py:508} INFO - Created Permission View: can delete on DAG:example_skip_dag
[2022-10-05 15:18:25,645] {logging_mixin.py:115} INFO - [2022-10-05 15:18:25,645] {manager.py:508} INFO - Created Permission View: can edit on DAG:example_skip_dag
[2022-10-05 15:18:25,681] {logging_mixin.py:115} INFO - [2022-10-05 15:18:25,681] {manager.py:508} INFO - Created Permission View: can read on DAG:example_skip_dag
[2022-10-05 15:18:25,684] {logging_mixin.py:115} INFO - [2022-10-05 15:18:25,683] {dag.py:2379} INFO - Sync 1 DAGs
[2022-10-05 15:18:25,736] {logging_mixin.py:115} INFO - [2022-10-05 15:18:25,735] {dag.py:2398} INFO - Creating ORM DAG for example_skip_dag
[2022-10-05 15:18:25,805] {logging_mixin.py:115} INFO - [2022-10-05 15:18:25,804] {dag.py:2931} INFO - Setting next_dagrun for example_skip_dag to 2022-10-04T15:18:25.799599+00:00, run_after=2022-10-05T15:18:25.799599+00:00
[2022-10-05 15:18:25,934] {processor.py:161} INFO - Processing /home/airflow/.local/lib/python3.7/site-packages/airflow/example_dags/example_skip_dag.py took 2.076 seconds
[2022-10-05 15:19:35,536] {processor.py:153} INFO - Started process (PID=229) to work on /home/airflow/.local/lib/python3.7/site-packages/airflow/example_dags/example_skip_dag.py
[2022-10-05 15:19:35,542] {processor.py:641} INFO - Processing file /home/airflow/.local/lib/python3.7/site-packages/airflow/example_dags/example_skip_dag.py for tasks to queue
[2022-10-05 15:19:35,550] {logging_mixin.py:115} INFO - [2022-10-05 15:19:35,549] {dagbag.py:507} INFO - Filling up the DagBag from /home/airflow/.local/lib/python3.7/site-packages/airflow/example_dags/example_skip_dag.py
[2022-10-05 15:19:35,582] {processor.py:651} INFO - DAG(s) dict_keys(['example_skip_dag']) retrieved from /home/airflow/.local/lib/python3.7/site-packages/airflow/example_dags/example_skip_dag.py
[2022-10-05 15:19:37,102] {logging_mixin.py:115} INFO - [2022-10-05 15:19:37,086] {dag.py:2379} INFO - Sync 1 DAGs
[2022-10-05 15:19:41,075] {logging_mixin.py:115} INFO - [2022-10-05 15:19:41,075] {dag.py:2931} INFO - Setting next_dagrun for example_skip_dag to 2022-10-04T15:19:41.063973+00:00, run_after=2022-10-05T15:19:41.063973+00:00
[2022-10-05 15:19:41,619] {processor.py:161} INFO - Processing /home/airflow/.local/lib/python3.7/site-packages/airflow/example_dags/example_skip_dag.py took 6.096 seconds
[2022-10-05 15:20:18,349] {processor.py:153} INFO - Started process (PID=282) to work on /home/airflow/.local/lib/python3.7/site-packages/airflow/example_dags/example_skip_dag.py
[2022-10-05 15:20:18,352] {processor.py:641} INFO - Processing file /home/airflow/.local/lib/python3.7/site-packages/airflow/example_dags/example_skip_dag.py for tasks to queue
[2022-10-05 15:20:18,354] {logging_mixin.py:115} INFO - [2022-10-05 15:20:18,354] {dagbag.py:507} INFO - Filling up the DagBag from /home/airflow/.local/lib/python3.7/site-packages/airflow/example_dags/example_skip_dag.py
[2022-10-05 15:20:18,372] {processor.py:651} INFO - DAG(s) dict_keys(['example_skip_dag']) retrieved from /home/airflow/.local/lib/python3.7/site-packages/airflow/example_dags/example_skip_dag.py
[2022-10-05 15:20:18,440] {logging_mixin.py:115} INFO - [2022-10-05 15:20:18,440] {dag.py:2379} INFO - Sync 1 DAGs
[2022-10-05 15:20:18,750] {logging_mixin.py:115} INFO - [2022-10-05 15:20:18,750] {dag.py:2931} INFO - Setting next_dagrun for example_skip_dag to 2022-10-04T15:20:18.749428+00:00, run_after=2022-10-05T15:20:18.749428+00:00
[2022-10-05 15:20:18,797] {processor.py:161} INFO - Processing /home/airflow/.local/lib/python3.7/site-packages/airflow/example_dags/example_skip_dag.py took 0.465 seconds
[2022-10-05 15:20:59,646] {processor.py:153} INFO - Started process (PID=339) to work on /home/airflow/.local/lib/python3.7/site-packages/airflow/example_dags/example_skip_dag.py
[2022-10-05 15:20:59,650] {processor.py:641} INFO - Processing file /home/airflow/.local/lib/python3.7/site-packages/airflow/example_dags/example_skip_dag.py for tasks to queue
[2022-10-05 15:20:59,657] {logging_mixin.py:115} INFO - [2022-10-05 15:20:59,657] {dagbag.py:507} INFO - Filling up the DagBag from /home/airflow/.local/lib/python3.7/site-packages/airflow/example_dags/example_skip_dag.py
[2022-10-05 15:20:59,715] {processor.py:651} INFO - DAG(s) dict_keys(['example_skip_dag']) retrieved from /home/airflow/.local/lib/python3.7/site-packages/airflow/example_dags/example_skip_dag.py
[2022-10-05 15:21:00,003] {logging_mixin.py:115} INFO - [2022-10-05 15:21:00,003] {dag.py:2379} INFO - Sync 1 DAGs
[2022-10-05 15:21:01,303] {logging_mixin.py:115} INFO - [2022-10-05 15:21:01,303] {dag.py:2931} INFO - Setting next_dagrun for example_skip_dag to 2022-10-04T15:21:01.302542+00:00, run_after=2022-10-05T15:21:01.302542+00:00
[2022-10-05 15:21:01,491] {processor.py:161} INFO - Processing /home/airflow/.local/lib/python3.7/site-packages/airflow/example_dags/example_skip_dag.py took 1.898 seconds
[2022-10-05 15:21:40,423] {processor.py:153} INFO - Started process (PID=401) to work on /home/airflow/.local/lib/python3.7/site-packages/airflow/example_dags/example_skip_dag.py
[2022-10-05 15:21:40,430] {processor.py:641} INFO - Processing file /home/airflow/.local/lib/python3.7/site-packages/airflow/example_dags/example_skip_dag.py for tasks to queue
[2022-10-05 15:21:40,435] {logging_mixin.py:115} INFO - [2022-10-05 15:21:40,435] {dagbag.py:507} INFO - Filling up the DagBag from /home/airflow/.local/lib/python3.7/site-packages/airflow/example_dags/example_skip_dag.py
[2022-10-05 15:21:40,477] {processor.py:651} INFO - DAG(s) dict_keys(['example_skip_dag']) retrieved from /home/airflow/.local/lib/python3.7/site-packages/airflow/example_dags/example_skip_dag.py
[2022-10-05 15:21:40,627] {logging_mixin.py:115} INFO - [2022-10-05 15:21:40,627] {dag.py:2379} INFO - Sync 1 DAGs
[2022-10-05 15:21:41,055] {logging_mixin.py:115} INFO - [2022-10-05 15:21:41,054] {dag.py:2931} INFO - Setting next_dagrun for example_skip_dag to 2022-10-04T15:21:41.054246+00:00, run_after=2022-10-05T15:21:41.054246+00:00
[2022-10-05 15:21:41,095] {processor.py:161} INFO - Processing /home/airflow/.local/lib/python3.7/site-packages/airflow/example_dags/example_skip_dag.py took 0.690 seconds
[2022-10-05 15:22:11,392] {processor.py:153} INFO - Started process (PID=456) to work on /home/airflow/.local/lib/python3.7/site-packages/airflow/example_dags/example_skip_dag.py
[2022-10-05 15:22:11,394] {processor.py:641} INFO - Processing file /home/airflow/.local/lib/python3.7/site-packages/airflow/example_dags/example_skip_dag.py for tasks to queue
[2022-10-05 15:22:11,395] {logging_mixin.py:115} INFO - [2022-10-05 15:22:11,395] {dagbag.py:507} INFO - Filling up the DagBag from /home/airflow/.local/lib/python3.7/site-packages/airflow/example_dags/example_skip_dag.py
[2022-10-05 15:22:11,406] {processor.py:651} INFO - DAG(s) dict_keys(['example_skip_dag']) retrieved from /home/airflow/.local/lib/python3.7/site-packages/airflow/example_dags/example_skip_dag.py
[2022-10-05 15:22:11,454] {logging_mixin.py:115} INFO - [2022-10-05 15:22:11,454] {dag.py:2379} INFO - Sync 1 DAGs
[2022-10-05 15:22:11,682] {logging_mixin.py:115} INFO - [2022-10-05 15:22:11,681] {dag.py:2931} INFO - Setting next_dagrun for example_skip_dag to 2022-10-04T15:22:11.681622+00:00, run_after=2022-10-05T15:22:11.681622+00:00
[2022-10-05 15:22:11,716] {processor.py:161} INFO - Processing /home/airflow/.local/lib/python3.7/site-packages/airflow/example_dags/example_skip_dag.py took 0.330 seconds
[2022-10-05 15:22:41,956] {processor.py:153} INFO - Started process (PID=512) to work on /home/airflow/.local/lib/python3.7/site-packages/airflow/example_dags/example_skip_dag.py
[2022-10-05 15:22:41,958] {processor.py:641} INFO - Processing file /home/airflow/.local/lib/python3.7/site-packages/airflow/example_dags/example_skip_dag.py for tasks to queue
[2022-10-05 15:22:41,959] {logging_mixin.py:115} INFO - [2022-10-05 15:22:41,959] {dagbag.py:507} INFO - Filling up the DagBag from /home/airflow/.local/lib/python3.7/site-packages/airflow/example_dags/example_skip_dag.py
[2022-10-05 15:22:41,969] {processor.py:651} INFO - DAG(s) dict_keys(['example_skip_dag']) retrieved from /home/airflow/.local/lib/python3.7/site-packages/airflow/example_dags/example_skip_dag.py
[2022-10-05 15:22:42,017] {logging_mixin.py:115} INFO - [2022-10-05 15:22:42,017] {dag.py:2379} INFO - Sync 1 DAGs
[2022-10-05 15:22:42,232] {logging_mixin.py:115} INFO - [2022-10-05 15:22:42,232] {dag.py:2931} INFO - Setting next_dagrun for example_skip_dag to 2022-10-04T15:22:42.231917+00:00, run_after=2022-10-05T15:22:42.231917+00:00
[2022-10-05 15:22:42,254] {processor.py:161} INFO - Processing /home/airflow/.local/lib/python3.7/site-packages/airflow/example_dags/example_skip_dag.py took 0.304 seconds
[2022-10-05 15:23:13,873] {processor.py:153} INFO - Started process (PID=575) to work on /home/airflow/.local/lib/python3.7/site-packages/airflow/example_dags/example_skip_dag.py
[2022-10-05 15:23:13,878] {processor.py:641} INFO - Processing file /home/airflow/.local/lib/python3.7/site-packages/airflow/example_dags/example_skip_dag.py for tasks to queue
[2022-10-05 15:23:13,881] {logging_mixin.py:115} INFO - [2022-10-05 15:23:13,881] {dagbag.py:507} INFO - Filling up the DagBag from /home/airflow/.local/lib/python3.7/site-packages/airflow/example_dags/example_skip_dag.py
[2022-10-05 15:23:13,897] {processor.py:651} INFO - DAG(s) dict_keys(['example_skip_dag']) retrieved from /home/airflow/.local/lib/python3.7/site-packages/airflow/example_dags/example_skip_dag.py
[2022-10-05 15:23:13,970] {logging_mixin.py:115} INFO - [2022-10-05 15:23:13,970] {dag.py:2379} INFO - Sync 1 DAGs
[2022-10-05 15:23:14,385] {logging_mixin.py:115} INFO - [2022-10-05 15:23:14,385] {dag.py:2931} INFO - Setting next_dagrun for example_skip_dag to 2022-10-04T15:23:14.384563+00:00, run_after=2022-10-05T15:23:14.384563+00:00
[2022-10-05 15:23:14,428] {processor.py:161} INFO - Processing /home/airflow/.local/lib/python3.7/site-packages/airflow/example_dags/example_skip_dag.py took 0.566 seconds
[2022-10-05 15:23:47,197] {processor.py:153} INFO - Started process (PID=634) to work on /home/airflow/.local/lib/python3.7/site-packages/airflow/example_dags/example_skip_dag.py
[2022-10-05 15:23:47,200] {processor.py:641} INFO - Processing file /home/airflow/.local/lib/python3.7/site-packages/airflow/example_dags/example_skip_dag.py for tasks to queue
[2022-10-05 15:23:47,203] {logging_mixin.py:115} INFO - [2022-10-05 15:23:47,203] {dagbag.py:507} INFO - Filling up the DagBag from /home/airflow/.local/lib/python3.7/site-packages/airflow/example_dags/example_skip_dag.py
[2022-10-05 15:23:47,220] {processor.py:651} INFO - DAG(s) dict_keys(['example_skip_dag']) retrieved from /home/airflow/.local/lib/python3.7/site-packages/airflow/example_dags/example_skip_dag.py
[2022-10-05 15:23:47,301] {logging_mixin.py:115} INFO - [2022-10-05 15:23:47,301] {dag.py:2379} INFO - Sync 1 DAGs
[2022-10-05 15:23:47,633] {logging_mixin.py:115} INFO - [2022-10-05 15:23:47,633] {dag.py:2931} INFO - Setting next_dagrun for example_skip_dag to 2022-10-04T15:23:47.633095+00:00, run_after=2022-10-05T15:23:47.633095+00:00
[2022-10-05 15:23:47,665] {processor.py:161} INFO - Processing /home/airflow/.local/lib/python3.7/site-packages/airflow/example_dags/example_skip_dag.py took 0.477 seconds
[2022-10-05 15:24:17,893] {processor.py:153} INFO - Started process (PID=690) to work on /home/airflow/.local/lib/python3.7/site-packages/airflow/example_dags/example_skip_dag.py
[2022-10-05 15:24:17,897] {processor.py:641} INFO - Processing file /home/airflow/.local/lib/python3.7/site-packages/airflow/example_dags/example_skip_dag.py for tasks to queue
[2022-10-05 15:24:17,899] {logging_mixin.py:115} INFO - [2022-10-05 15:24:17,899] {dagbag.py:507} INFO - Filling up the DagBag from /home/airflow/.local/lib/python3.7/site-packages/airflow/example_dags/example_skip_dag.py
[2022-10-05 15:24:17,914] {processor.py:651} INFO - DAG(s) dict_keys(['example_skip_dag']) retrieved from /home/airflow/.local/lib/python3.7/site-packages/airflow/example_dags/example_skip_dag.py
[2022-10-05 15:24:17,972] {logging_mixin.py:115} INFO - [2022-10-05 15:24:17,971] {dag.py:2379} INFO - Sync 1 DAGs
[2022-10-05 15:24:18,206] {logging_mixin.py:115} INFO - [2022-10-05 15:24:18,206] {dag.py:2931} INFO - Setting next_dagrun for example_skip_dag to 2022-10-04T15:24:18.205817+00:00, run_after=2022-10-05T15:24:18.205817+00:00
[2022-10-05 15:24:18,227] {processor.py:161} INFO - Processing /home/airflow/.local/lib/python3.7/site-packages/airflow/example_dags/example_skip_dag.py took 0.341 seconds
[2022-10-05 15:24:48,910] {processor.py:153} INFO - Started process (PID=755) to work on /home/airflow/.local/lib/python3.7/site-packages/airflow/example_dags/example_skip_dag.py
[2022-10-05 15:24:48,912] {processor.py:641} INFO - Processing file /home/airflow/.local/lib/python3.7/site-packages/airflow/example_dags/example_skip_dag.py for tasks to queue
[2022-10-05 15:24:48,913] {logging_mixin.py:115} INFO - [2022-10-05 15:24:48,913] {dagbag.py:507} INFO - Filling up the DagBag from /home/airflow/.local/lib/python3.7/site-packages/airflow/example_dags/example_skip_dag.py
[2022-10-05 15:24:48,922] {processor.py:651} INFO - DAG(s) dict_keys(['example_skip_dag']) retrieved from /home/airflow/.local/lib/python3.7/site-packages/airflow/example_dags/example_skip_dag.py
[2022-10-05 15:24:48,967] {logging_mixin.py:115} INFO - [2022-10-05 15:24:48,966] {dag.py:2379} INFO - Sync 1 DAGs
[2022-10-05 15:24:49,166] {logging_mixin.py:115} INFO - [2022-10-05 15:24:49,166] {dag.py:2931} INFO - Setting next_dagrun for example_skip_dag to 2022-10-04T15:24:49.165842+00:00, run_after=2022-10-05T15:24:49.165842+00:00
[2022-10-05 15:24:49,189] {processor.py:161} INFO - Processing /home/airflow/.local/lib/python3.7/site-packages/airflow/example_dags/example_skip_dag.py took 0.284 seconds
[2022-10-05 15:25:19,942] {processor.py:153} INFO - Started process (PID=810) to work on /home/airflow/.local/lib/python3.7/site-packages/airflow/example_dags/example_skip_dag.py
[2022-10-05 15:25:19,945] {processor.py:641} INFO - Processing file /home/airflow/.local/lib/python3.7/site-packages/airflow/example_dags/example_skip_dag.py for tasks to queue
[2022-10-05 15:25:19,948] {logging_mixin.py:115} INFO - [2022-10-05 15:25:19,947] {dagbag.py:507} INFO - Filling up the DagBag from /home/airflow/.local/lib/python3.7/site-packages/airflow/example_dags/example_skip_dag.py
[2022-10-05 15:25:19,961] {processor.py:651} INFO - DAG(s) dict_keys(['example_skip_dag']) retrieved from /home/airflow/.local/lib/python3.7/site-packages/airflow/example_dags/example_skip_dag.py
[2022-10-05 15:25:20,035] {logging_mixin.py:115} INFO - [2022-10-05 15:25:20,035] {dag.py:2379} INFO - Sync 1 DAGs
[2022-10-05 15:25:20,311] {logging_mixin.py:115} INFO - [2022-10-05 15:25:20,310] {dag.py:2931} INFO - Setting next_dagrun for example_skip_dag to 2022-10-04T15:25:20.310547+00:00, run_after=2022-10-05T15:25:20.310547+00:00
[2022-10-05 15:25:20,351] {processor.py:161} INFO - Processing /home/airflow/.local/lib/python3.7/site-packages/airflow/example_dags/example_skip_dag.py took 0.416 seconds
[2022-10-05 15:25:50,865] {processor.py:153} INFO - Started process (PID=873) to work on /home/airflow/.local/lib/python3.7/site-packages/airflow/example_dags/example_skip_dag.py
[2022-10-05 15:25:50,868] {processor.py:641} INFO - Processing file /home/airflow/.local/lib/python3.7/site-packages/airflow/example_dags/example_skip_dag.py for tasks to queue
[2022-10-05 15:25:50,870] {logging_mixin.py:115} INFO - [2022-10-05 15:25:50,870] {dagbag.py:507} INFO - Filling up the DagBag from /home/airflow/.local/lib/python3.7/site-packages/airflow/example_dags/example_skip_dag.py
[2022-10-05 15:25:50,882] {processor.py:651} INFO - DAG(s) dict_keys(['example_skip_dag']) retrieved from /home/airflow/.local/lib/python3.7/site-packages/airflow/example_dags/example_skip_dag.py
[2022-10-05 15:25:50,941] {logging_mixin.py:115} INFO - [2022-10-05 15:25:50,940] {dag.py:2379} INFO - Sync 1 DAGs
[2022-10-05 15:25:51,221] {logging_mixin.py:115} INFO - [2022-10-05 15:25:51,221] {dag.py:2931} INFO - Setting next_dagrun for example_skip_dag to 2022-10-04T15:25:51.220097+00:00, run_after=2022-10-05T15:25:51.220097+00:00
[2022-10-05 15:25:51,250] {processor.py:161} INFO - Processing /home/airflow/.local/lib/python3.7/site-packages/airflow/example_dags/example_skip_dag.py took 0.392 seconds
[2022-10-05 15:26:21,643] {processor.py:153} INFO - Started process (PID=928) to work on /home/airflow/.local/lib/python3.7/site-packages/airflow/example_dags/example_skip_dag.py
[2022-10-05 15:26:21,645] {processor.py:641} INFO - Processing file /home/airflow/.local/lib/python3.7/site-packages/airflow/example_dags/example_skip_dag.py for tasks to queue
[2022-10-05 15:26:21,647] {logging_mixin.py:115} INFO - [2022-10-05 15:26:21,647] {dagbag.py:507} INFO - Filling up the DagBag from /home/airflow/.local/lib/python3.7/site-packages/airflow/example_dags/example_skip_dag.py
[2022-10-05 15:26:21,658] {processor.py:651} INFO - DAG(s) dict_keys(['example_skip_dag']) retrieved from /home/airflow/.local/lib/python3.7/site-packages/airflow/example_dags/example_skip_dag.py
[2022-10-05 15:26:21,702] {logging_mixin.py:115} INFO - [2022-10-05 15:26:21,702] {dag.py:2379} INFO - Sync 1 DAGs
[2022-10-05 15:26:21,909] {logging_mixin.py:115} INFO - [2022-10-05 15:26:21,909] {dag.py:2931} INFO - Setting next_dagrun for example_skip_dag to 2022-10-04T15:26:21.909507+00:00, run_after=2022-10-05T15:26:21.909507+00:00
[2022-10-05 15:26:21,926] {processor.py:161} INFO - Processing /home/airflow/.local/lib/python3.7/site-packages/airflow/example_dags/example_skip_dag.py took 0.288 seconds
[2022-10-05 15:26:52,174] {processor.py:153} INFO - Started process (PID=993) to work on /home/airflow/.local/lib/python3.7/site-packages/airflow/example_dags/example_skip_dag.py
[2022-10-05 15:26:52,176] {processor.py:641} INFO - Processing file /home/airflow/.local/lib/python3.7/site-packages/airflow/example_dags/example_skip_dag.py for tasks to queue
[2022-10-05 15:26:52,177] {logging_mixin.py:115} INFO - [2022-10-05 15:26:52,177] {dagbag.py:507} INFO - Filling up the DagBag from /home/airflow/.local/lib/python3.7/site-packages/airflow/example_dags/example_skip_dag.py
[2022-10-05 15:26:52,186] {processor.py:651} INFO - DAG(s) dict_keys(['example_skip_dag']) retrieved from /home/airflow/.local/lib/python3.7/site-packages/airflow/example_dags/example_skip_dag.py
[2022-10-05 15:26:52,230] {logging_mixin.py:115} INFO - [2022-10-05 15:26:52,230] {dag.py:2379} INFO - Sync 1 DAGs
[2022-10-05 15:26:52,459] {logging_mixin.py:115} INFO - [2022-10-05 15:26:52,459] {dag.py:2931} INFO - Setting next_dagrun for example_skip_dag to 2022-10-04T15:26:52.459225+00:00, run_after=2022-10-05T15:26:52.459225+00:00
[2022-10-05 15:26:52,481] {processor.py:161} INFO - Processing /home/airflow/.local/lib/python3.7/site-packages/airflow/example_dags/example_skip_dag.py took 0.312 seconds
[2022-10-05 15:27:22,943] {processor.py:153} INFO - Started process (PID=1048) to work on /home/airflow/.local/lib/python3.7/site-packages/airflow/example_dags/example_skip_dag.py
[2022-10-05 15:27:22,947] {processor.py:641} INFO - Processing file /home/airflow/.local/lib/python3.7/site-packages/airflow/example_dags/example_skip_dag.py for tasks to queue
[2022-10-05 15:27:22,950] {logging_mixin.py:115} INFO - [2022-10-05 15:27:22,950] {dagbag.py:507} INFO - Filling up the DagBag from /home/airflow/.local/lib/python3.7/site-packages/airflow/example_dags/example_skip_dag.py
[2022-10-05 15:27:22,961] {processor.py:651} INFO - DAG(s) dict_keys(['example_skip_dag']) retrieved from /home/airflow/.local/lib/python3.7/site-packages/airflow/example_dags/example_skip_dag.py
[2022-10-05 15:27:23,006] {logging_mixin.py:115} INFO - [2022-10-05 15:27:23,006] {dag.py:2379} INFO - Sync 1 DAGs
[2022-10-05 15:27:23,219] {logging_mixin.py:115} INFO - [2022-10-05 15:27:23,219] {dag.py:2931} INFO - Setting next_dagrun for example_skip_dag to 2022-10-04T15:27:23.218984+00:00, run_after=2022-10-05T15:27:23.218984+00:00
[2022-10-05 15:27:23,237] {processor.py:161} INFO - Processing /home/airflow/.local/lib/python3.7/site-packages/airflow/example_dags/example_skip_dag.py took 0.300 seconds
[2022-10-05 15:27:53,862] {processor.py:153} INFO - Started process (PID=1114) to work on /home/airflow/.local/lib/python3.7/site-packages/airflow/example_dags/example_skip_dag.py
[2022-10-05 15:27:53,864] {processor.py:641} INFO - Processing file /home/airflow/.local/lib/python3.7/site-packages/airflow/example_dags/example_skip_dag.py for tasks to queue
[2022-10-05 15:27:53,866] {logging_mixin.py:115} INFO - [2022-10-05 15:27:53,866] {dagbag.py:507} INFO - Filling up the DagBag from /home/airflow/.local/lib/python3.7/site-packages/airflow/example_dags/example_skip_dag.py
[2022-10-05 15:27:53,881] {processor.py:651} INFO - DAG(s) dict_keys(['example_skip_dag']) retrieved from /home/airflow/.local/lib/python3.7/site-packages/airflow/example_dags/example_skip_dag.py
[2022-10-05 15:27:53,934] {logging_mixin.py:115} INFO - [2022-10-05 15:27:53,933] {dag.py:2379} INFO - Sync 1 DAGs
[2022-10-05 15:27:54,218] {logging_mixin.py:115} INFO - [2022-10-05 15:27:54,218] {dag.py:2931} INFO - Setting next_dagrun for example_skip_dag to 2022-10-04T15:27:54.218381+00:00, run_after=2022-10-05T15:27:54.218381+00:00
[2022-10-05 15:27:54,244] {processor.py:161} INFO - Processing /home/airflow/.local/lib/python3.7/site-packages/airflow/example_dags/example_skip_dag.py took 0.389 seconds
[2022-10-05 15:28:24,929] {processor.py:153} INFO - Started process (PID=1171) to work on /home/airflow/.local/lib/python3.7/site-packages/airflow/example_dags/example_skip_dag.py
[2022-10-05 15:28:24,935] {processor.py:641} INFO - Processing file /home/airflow/.local/lib/python3.7/site-packages/airflow/example_dags/example_skip_dag.py for tasks to queue
[2022-10-05 15:28:24,938] {logging_mixin.py:115} INFO - [2022-10-05 15:28:24,937] {dagbag.py:507} INFO - Filling up the DagBag from /home/airflow/.local/lib/python3.7/site-packages/airflow/example_dags/example_skip_dag.py
[2022-10-05 15:28:24,954] {processor.py:651} INFO - DAG(s) dict_keys(['example_skip_dag']) retrieved from /home/airflow/.local/lib/python3.7/site-packages/airflow/example_dags/example_skip_dag.py
[2022-10-05 15:28:25,057] {logging_mixin.py:115} INFO - [2022-10-05 15:28:25,057] {dag.py:2379} INFO - Sync 1 DAGs
[2022-10-05 15:28:25,393] {logging_mixin.py:115} INFO - [2022-10-05 15:28:25,393] {dag.py:2931} INFO - Setting next_dagrun for example_skip_dag to 2022-10-04T15:28:25.392897+00:00, run_after=2022-10-05T15:28:25.392897+00:00
[2022-10-05 15:28:25,419] {processor.py:161} INFO - Processing /home/airflow/.local/lib/python3.7/site-packages/airflow/example_dags/example_skip_dag.py took 0.498 seconds
[2022-10-05 15:28:57,183] {processor.py:153} INFO - Started process (PID=1236) to work on /home/airflow/.local/lib/python3.7/site-packages/airflow/example_dags/example_skip_dag.py
[2022-10-05 15:28:57,186] {processor.py:641} INFO - Processing file /home/airflow/.local/lib/python3.7/site-packages/airflow/example_dags/example_skip_dag.py for tasks to queue
[2022-10-05 15:28:57,188] {logging_mixin.py:115} INFO - [2022-10-05 15:28:57,188] {dagbag.py:507} INFO - Filling up the DagBag from /home/airflow/.local/lib/python3.7/site-packages/airflow/example_dags/example_skip_dag.py
[2022-10-05 15:28:57,202] {processor.py:651} INFO - DAG(s) dict_keys(['example_skip_dag']) retrieved from /home/airflow/.local/lib/python3.7/site-packages/airflow/example_dags/example_skip_dag.py
[2022-10-05 15:28:57,261] {logging_mixin.py:115} INFO - [2022-10-05 15:28:57,261] {dag.py:2379} INFO - Sync 1 DAGs
[2022-10-05 15:28:57,550] {logging_mixin.py:115} INFO - [2022-10-05 15:28:57,550] {dag.py:2931} INFO - Setting next_dagrun for example_skip_dag to 2022-10-04T15:28:57.549675+00:00, run_after=2022-10-05T15:28:57.549675+00:00
[2022-10-05 15:28:57,574] {processor.py:161} INFO - Processing /home/airflow/.local/lib/python3.7/site-packages/airflow/example_dags/example_skip_dag.py took 0.398 seconds
[2022-10-05 15:29:27,715] {processor.py:153} INFO - Started process (PID=1291) to work on /home/airflow/.local/lib/python3.7/site-packages/airflow/example_dags/example_skip_dag.py
[2022-10-05 15:29:27,717] {processor.py:641} INFO - Processing file /home/airflow/.local/lib/python3.7/site-packages/airflow/example_dags/example_skip_dag.py for tasks to queue
[2022-10-05 15:29:27,720] {logging_mixin.py:115} INFO - [2022-10-05 15:29:27,719] {dagbag.py:507} INFO - Filling up the DagBag from /home/airflow/.local/lib/python3.7/site-packages/airflow/example_dags/example_skip_dag.py
[2022-10-05 15:29:27,736] {processor.py:651} INFO - DAG(s) dict_keys(['example_skip_dag']) retrieved from /home/airflow/.local/lib/python3.7/site-packages/airflow/example_dags/example_skip_dag.py
[2022-10-05 15:29:27,800] {logging_mixin.py:115} INFO - [2022-10-05 15:29:27,800] {dag.py:2379} INFO - Sync 1 DAGs
[2022-10-05 15:29:28,064] {logging_mixin.py:115} INFO - [2022-10-05 15:29:28,064] {dag.py:2931} INFO - Setting next_dagrun for example_skip_dag to 2022-10-04T15:29:28.064101+00:00, run_after=2022-10-05T15:29:28.064101+00:00
[2022-10-05 15:29:28,087] {processor.py:161} INFO - Processing /home/airflow/.local/lib/python3.7/site-packages/airflow/example_dags/example_skip_dag.py took 0.378 seconds
[2022-10-05 15:29:58,440] {processor.py:153} INFO - Started process (PID=1355) to work on /home/airflow/.local/lib/python3.7/site-packages/airflow/example_dags/example_skip_dag.py
[2022-10-05 15:29:58,442] {processor.py:641} INFO - Processing file /home/airflow/.local/lib/python3.7/site-packages/airflow/example_dags/example_skip_dag.py for tasks to queue
[2022-10-05 15:29:58,443] {logging_mixin.py:115} INFO - [2022-10-05 15:29:58,443] {dagbag.py:507} INFO - Filling up the DagBag from /home/airflow/.local/lib/python3.7/site-packages/airflow/example_dags/example_skip_dag.py
[2022-10-05 15:29:58,454] {processor.py:651} INFO - DAG(s) dict_keys(['example_skip_dag']) retrieved from /home/airflow/.local/lib/python3.7/site-packages/airflow/example_dags/example_skip_dag.py
[2022-10-05 15:29:58,497] {logging_mixin.py:115} INFO - [2022-10-05 15:29:58,496] {dag.py:2379} INFO - Sync 1 DAGs
[2022-10-05 15:29:58,699] {logging_mixin.py:115} INFO - [2022-10-05 15:29:58,699] {dag.py:2931} INFO - Setting next_dagrun for example_skip_dag to 2022-10-04T15:29:58.698795+00:00, run_after=2022-10-05T15:29:58.698795+00:00
[2022-10-05 15:29:58,720] {processor.py:161} INFO - Processing /home/airflow/.local/lib/python3.7/site-packages/airflow/example_dags/example_skip_dag.py took 0.285 seconds
[2022-10-05 15:30:29,450] {processor.py:153} INFO - Started process (PID=1411) to work on /home/airflow/.local/lib/python3.7/site-packages/airflow/example_dags/example_skip_dag.py
[2022-10-05 15:30:29,452] {processor.py:641} INFO - Processing file /home/airflow/.local/lib/python3.7/site-packages/airflow/example_dags/example_skip_dag.py for tasks to queue
[2022-10-05 15:30:29,455] {logging_mixin.py:115} INFO - [2022-10-05 15:30:29,454] {dagbag.py:507} INFO - Filling up the DagBag from /home/airflow/.local/lib/python3.7/site-packages/airflow/example_dags/example_skip_dag.py
[2022-10-05 15:30:29,466] {processor.py:651} INFO - DAG(s) dict_keys(['example_skip_dag']) retrieved from /home/airflow/.local/lib/python3.7/site-packages/airflow/example_dags/example_skip_dag.py
[2022-10-05 15:30:29,510] {logging_mixin.py:115} INFO - [2022-10-05 15:30:29,509] {dag.py:2379} INFO - Sync 1 DAGs
[2022-10-05 15:30:29,719] {logging_mixin.py:115} INFO - [2022-10-05 15:30:29,719] {dag.py:2931} INFO - Setting next_dagrun for example_skip_dag to 2022-10-04T15:30:29.719108+00:00, run_after=2022-10-05T15:30:29.719108+00:00
[2022-10-05 15:30:29,739] {processor.py:161} INFO - Processing /home/airflow/.local/lib/python3.7/site-packages/airflow/example_dags/example_skip_dag.py took 0.297 seconds
[2022-10-05 15:31:00,237] {processor.py:153} INFO - Started process (PID=1475) to work on /home/airflow/.local/lib/python3.7/site-packages/airflow/example_dags/example_skip_dag.py
[2022-10-05 15:31:00,240] {processor.py:641} INFO - Processing file /home/airflow/.local/lib/python3.7/site-packages/airflow/example_dags/example_skip_dag.py for tasks to queue
[2022-10-05 15:31:00,241] {logging_mixin.py:115} INFO - [2022-10-05 15:31:00,241] {dagbag.py:507} INFO - Filling up the DagBag from /home/airflow/.local/lib/python3.7/site-packages/airflow/example_dags/example_skip_dag.py
[2022-10-05 15:31:00,252] {processor.py:651} INFO - DAG(s) dict_keys(['example_skip_dag']) retrieved from /home/airflow/.local/lib/python3.7/site-packages/airflow/example_dags/example_skip_dag.py
[2022-10-05 15:31:00,297] {logging_mixin.py:115} INFO - [2022-10-05 15:31:00,297] {dag.py:2379} INFO - Sync 1 DAGs
[2022-10-05 15:31:00,516] {logging_mixin.py:115} INFO - [2022-10-05 15:31:00,516] {dag.py:2931} INFO - Setting next_dagrun for example_skip_dag to 2022-10-04T15:31:00.516021+00:00, run_after=2022-10-05T15:31:00.516021+00:00
[2022-10-05 15:31:00,535] {processor.py:161} INFO - Processing /home/airflow/.local/lib/python3.7/site-packages/airflow/example_dags/example_skip_dag.py took 0.303 seconds
[2022-10-05 15:31:34,280] {processor.py:153} INFO - Started process (PID=1532) to work on /home/airflow/.local/lib/python3.7/site-packages/airflow/example_dags/example_skip_dag.py
[2022-10-05 15:31:34,284] {processor.py:641} INFO - Processing file /home/airflow/.local/lib/python3.7/site-packages/airflow/example_dags/example_skip_dag.py for tasks to queue
[2022-10-05 15:31:34,288] {logging_mixin.py:115} INFO - [2022-10-05 15:31:34,288] {dagbag.py:507} INFO - Filling up the DagBag from /home/airflow/.local/lib/python3.7/site-packages/airflow/example_dags/example_skip_dag.py
[2022-10-05 15:31:34,311] {processor.py:651} INFO - DAG(s) dict_keys(['example_skip_dag']) retrieved from /home/airflow/.local/lib/python3.7/site-packages/airflow/example_dags/example_skip_dag.py
[2022-10-05 15:31:34,430] {logging_mixin.py:115} INFO - [2022-10-05 15:31:34,429] {dag.py:2379} INFO - Sync 1 DAGs
[2022-10-05 15:31:34,974] {logging_mixin.py:115} INFO - [2022-10-05 15:31:34,974] {dag.py:2931} INFO - Setting next_dagrun for example_skip_dag to 2022-10-04T15:31:34.973377+00:00, run_after=2022-10-05T15:31:34.973377+00:00
[2022-10-05 15:31:35,082] {processor.py:161} INFO - Processing /home/airflow/.local/lib/python3.7/site-packages/airflow/example_dags/example_skip_dag.py took 0.819 seconds
[2022-10-05 15:32:05,384] {processor.py:153} INFO - Started process (PID=1587) to work on /home/airflow/.local/lib/python3.7/site-packages/airflow/example_dags/example_skip_dag.py
[2022-10-05 15:32:05,388] {processor.py:641} INFO - Processing file /home/airflow/.local/lib/python3.7/site-packages/airflow/example_dags/example_skip_dag.py for tasks to queue
[2022-10-05 15:32:05,391] {logging_mixin.py:115} INFO - [2022-10-05 15:32:05,391] {dagbag.py:507} INFO - Filling up the DagBag from /home/airflow/.local/lib/python3.7/site-packages/airflow/example_dags/example_skip_dag.py
[2022-10-05 15:32:05,412] {processor.py:651} INFO - DAG(s) dict_keys(['example_skip_dag']) retrieved from /home/airflow/.local/lib/python3.7/site-packages/airflow/example_dags/example_skip_dag.py
[2022-10-05 15:32:05,498] {logging_mixin.py:115} INFO - [2022-10-05 15:32:05,498] {dag.py:2379} INFO - Sync 1 DAGs
[2022-10-05 15:32:05,860] {logging_mixin.py:115} INFO - [2022-10-05 15:32:05,859] {dag.py:2931} INFO - Setting next_dagrun for example_skip_dag to 2022-10-04T15:32:05.859200+00:00, run_after=2022-10-05T15:32:05.859200+00:00
[2022-10-05 15:32:05,892] {processor.py:161} INFO - Processing /home/airflow/.local/lib/python3.7/site-packages/airflow/example_dags/example_skip_dag.py took 0.518 seconds
[2022-10-05 15:32:36,116] {processor.py:153} INFO - Started process (PID=1644) to work on /home/airflow/.local/lib/python3.7/site-packages/airflow/example_dags/example_skip_dag.py
[2022-10-05 15:32:36,118] {processor.py:641} INFO - Processing file /home/airflow/.local/lib/python3.7/site-packages/airflow/example_dags/example_skip_dag.py for tasks to queue
[2022-10-05 15:32:36,119] {logging_mixin.py:115} INFO - [2022-10-05 15:32:36,119] {dagbag.py:507} INFO - Filling up the DagBag from /home/airflow/.local/lib/python3.7/site-packages/airflow/example_dags/example_skip_dag.py
[2022-10-05 15:32:36,127] {processor.py:651} INFO - DAG(s) dict_keys(['example_skip_dag']) retrieved from /home/airflow/.local/lib/python3.7/site-packages/airflow/example_dags/example_skip_dag.py
[2022-10-05 15:32:36,171] {logging_mixin.py:115} INFO - [2022-10-05 15:32:36,171] {dag.py:2379} INFO - Sync 1 DAGs
[2022-10-05 15:32:36,351] {logging_mixin.py:115} INFO - [2022-10-05 15:32:36,350] {dag.py:2931} INFO - Setting next_dagrun for example_skip_dag to 2022-10-04T15:32:36.350624+00:00, run_after=2022-10-05T15:32:36.350624+00:00
[2022-10-05 15:32:36,368] {processor.py:161} INFO - Processing /home/airflow/.local/lib/python3.7/site-packages/airflow/example_dags/example_skip_dag.py took 0.256 seconds
[2022-10-05 15:33:06,686] {processor.py:153} INFO - Started process (PID=1709) to work on /home/airflow/.local/lib/python3.7/site-packages/airflow/example_dags/example_skip_dag.py
[2022-10-05 15:33:06,688] {processor.py:641} INFO - Processing file /home/airflow/.local/lib/python3.7/site-packages/airflow/example_dags/example_skip_dag.py for tasks to queue
[2022-10-05 15:33:06,690] {logging_mixin.py:115} INFO - [2022-10-05 15:33:06,690] {dagbag.py:507} INFO - Filling up the DagBag from /home/airflow/.local/lib/python3.7/site-packages/airflow/example_dags/example_skip_dag.py
[2022-10-05 15:33:06,706] {processor.py:651} INFO - DAG(s) dict_keys(['example_skip_dag']) retrieved from /home/airflow/.local/lib/python3.7/site-packages/airflow/example_dags/example_skip_dag.py
[2022-10-05 15:33:06,752] {logging_mixin.py:115} INFO - [2022-10-05 15:33:06,752] {dag.py:2379} INFO - Sync 1 DAGs
[2022-10-05 15:33:06,967] {logging_mixin.py:115} INFO - [2022-10-05 15:33:06,967] {dag.py:2931} INFO - Setting next_dagrun for example_skip_dag to 2022-10-04T15:33:06.967041+00:00, run_after=2022-10-05T15:33:06.967041+00:00
[2022-10-05 15:33:06,986] {processor.py:161} INFO - Processing /home/airflow/.local/lib/python3.7/site-packages/airflow/example_dags/example_skip_dag.py took 0.306 seconds
[2022-10-05 15:33:37,541] {processor.py:153} INFO - Started process (PID=1766) to work on /home/airflow/.local/lib/python3.7/site-packages/airflow/example_dags/example_skip_dag.py
[2022-10-05 15:33:37,543] {processor.py:641} INFO - Processing file /home/airflow/.local/lib/python3.7/site-packages/airflow/example_dags/example_skip_dag.py for tasks to queue
[2022-10-05 15:33:37,545] {logging_mixin.py:115} INFO - [2022-10-05 15:33:37,544] {dagbag.py:507} INFO - Filling up the DagBag from /home/airflow/.local/lib/python3.7/site-packages/airflow/example_dags/example_skip_dag.py
[2022-10-05 15:33:37,553] {processor.py:651} INFO - DAG(s) dict_keys(['example_skip_dag']) retrieved from /home/airflow/.local/lib/python3.7/site-packages/airflow/example_dags/example_skip_dag.py
[2022-10-05 15:33:37,595] {logging_mixin.py:115} INFO - [2022-10-05 15:33:37,595] {dag.py:2379} INFO - Sync 1 DAGs
[2022-10-05 15:33:37,782] {logging_mixin.py:115} INFO - [2022-10-05 15:33:37,782] {dag.py:2931} INFO - Setting next_dagrun for example_skip_dag to 2022-10-04T15:33:37.782153+00:00, run_after=2022-10-05T15:33:37.782153+00:00
[2022-10-05 15:33:37,800] {processor.py:161} INFO - Processing /home/airflow/.local/lib/python3.7/site-packages/airflow/example_dags/example_skip_dag.py took 0.264 seconds
[2022-10-05 15:34:07,913] {processor.py:153} INFO - Started process (PID=1831) to work on /home/airflow/.local/lib/python3.7/site-packages/airflow/example_dags/example_skip_dag.py
[2022-10-05 15:34:07,915] {processor.py:641} INFO - Processing file /home/airflow/.local/lib/python3.7/site-packages/airflow/example_dags/example_skip_dag.py for tasks to queue
[2022-10-05 15:34:07,918] {logging_mixin.py:115} INFO - [2022-10-05 15:34:07,918] {dagbag.py:507} INFO - Filling up the DagBag from /home/airflow/.local/lib/python3.7/site-packages/airflow/example_dags/example_skip_dag.py
[2022-10-05 15:34:07,931] {processor.py:651} INFO - DAG(s) dict_keys(['example_skip_dag']) retrieved from /home/airflow/.local/lib/python3.7/site-packages/airflow/example_dags/example_skip_dag.py
[2022-10-05 15:34:08,003] {logging_mixin.py:115} INFO - [2022-10-05 15:34:08,003] {dag.py:2379} INFO - Sync 1 DAGs
[2022-10-05 15:34:08,203] {logging_mixin.py:115} INFO - [2022-10-05 15:34:08,202] {dag.py:2931} INFO - Setting next_dagrun for example_skip_dag to 2022-10-04T15:34:08.202690+00:00, run_after=2022-10-05T15:34:08.202690+00:00
[2022-10-05 15:34:08,228] {processor.py:161} INFO - Processing /home/airflow/.local/lib/python3.7/site-packages/airflow/example_dags/example_skip_dag.py took 0.322 seconds
[2022-10-05 15:34:38,315] {processor.py:153} INFO - Started process (PID=1887) to work on /home/airflow/.local/lib/python3.7/site-packages/airflow/example_dags/example_skip_dag.py
[2022-10-05 15:34:38,317] {processor.py:641} INFO - Processing file /home/airflow/.local/lib/python3.7/site-packages/airflow/example_dags/example_skip_dag.py for tasks to queue
[2022-10-05 15:34:38,319] {logging_mixin.py:115} INFO - [2022-10-05 15:34:38,318] {dagbag.py:507} INFO - Filling up the DagBag from /home/airflow/.local/lib/python3.7/site-packages/airflow/example_dags/example_skip_dag.py
[2022-10-05 15:34:38,327] {processor.py:651} INFO - DAG(s) dict_keys(['example_skip_dag']) retrieved from /home/airflow/.local/lib/python3.7/site-packages/airflow/example_dags/example_skip_dag.py
[2022-10-05 15:34:38,376] {logging_mixin.py:115} INFO - [2022-10-05 15:34:38,376] {dag.py:2379} INFO - Sync 1 DAGs
[2022-10-05 15:34:38,569] {logging_mixin.py:115} INFO - [2022-10-05 15:34:38,569] {dag.py:2931} INFO - Setting next_dagrun for example_skip_dag to 2022-10-04T15:34:38.569531+00:00, run_after=2022-10-05T15:34:38.569531+00:00
[2022-10-05 15:34:38,587] {processor.py:161} INFO - Processing /home/airflow/.local/lib/python3.7/site-packages/airflow/example_dags/example_skip_dag.py took 0.278 seconds
[2022-10-05 15:35:09,006] {processor.py:153} INFO - Started process (PID=1950) to work on /home/airflow/.local/lib/python3.7/site-packages/airflow/example_dags/example_skip_dag.py
[2022-10-05 15:35:09,008] {processor.py:641} INFO - Processing file /home/airflow/.local/lib/python3.7/site-packages/airflow/example_dags/example_skip_dag.py for tasks to queue
[2022-10-05 15:35:09,010] {logging_mixin.py:115} INFO - [2022-10-05 15:35:09,009] {dagbag.py:507} INFO - Filling up the DagBag from /home/airflow/.local/lib/python3.7/site-packages/airflow/example_dags/example_skip_dag.py
[2022-10-05 15:35:09,018] {processor.py:651} INFO - DAG(s) dict_keys(['example_skip_dag']) retrieved from /home/airflow/.local/lib/python3.7/site-packages/airflow/example_dags/example_skip_dag.py
[2022-10-05 15:35:09,066] {logging_mixin.py:115} INFO - [2022-10-05 15:35:09,065] {dag.py:2379} INFO - Sync 1 DAGs
[2022-10-05 15:35:09,268] {logging_mixin.py:115} INFO - [2022-10-05 15:35:09,268] {dag.py:2931} INFO - Setting next_dagrun for example_skip_dag to 2022-10-04T15:35:09.268201+00:00, run_after=2022-10-05T15:35:09.268201+00:00
[2022-10-05 15:35:09,284] {processor.py:161} INFO - Processing /home/airflow/.local/lib/python3.7/site-packages/airflow/example_dags/example_skip_dag.py took 0.283 seconds
[2022-10-05 15:35:39,620] {processor.py:153} INFO - Started process (PID=2005) to work on /home/airflow/.local/lib/python3.7/site-packages/airflow/example_dags/example_skip_dag.py
[2022-10-05 15:35:39,622] {processor.py:641} INFO - Processing file /home/airflow/.local/lib/python3.7/site-packages/airflow/example_dags/example_skip_dag.py for tasks to queue
[2022-10-05 15:35:39,624] {logging_mixin.py:115} INFO - [2022-10-05 15:35:39,624] {dagbag.py:507} INFO - Filling up the DagBag from /home/airflow/.local/lib/python3.7/site-packages/airflow/example_dags/example_skip_dag.py
[2022-10-05 15:35:39,637] {processor.py:651} INFO - DAG(s) dict_keys(['example_skip_dag']) retrieved from /home/airflow/.local/lib/python3.7/site-packages/airflow/example_dags/example_skip_dag.py
[2022-10-05 15:35:39,702] {logging_mixin.py:115} INFO - [2022-10-05 15:35:39,702] {dag.py:2379} INFO - Sync 1 DAGs
[2022-10-05 15:35:39,966] {logging_mixin.py:115} INFO - [2022-10-05 15:35:39,966] {dag.py:2931} INFO - Setting next_dagrun for example_skip_dag to 2022-10-04T15:35:39.966067+00:00, run_after=2022-10-05T15:35:39.966067+00:00
[2022-10-05 15:35:39,989] {processor.py:161} INFO - Processing /home/airflow/.local/lib/python3.7/site-packages/airflow/example_dags/example_skip_dag.py took 0.376 seconds
[2022-10-05 15:51:26,017] {processor.py:153} INFO - Started process (PID=2064) to work on /home/airflow/.local/lib/python3.7/site-packages/airflow/example_dags/example_skip_dag.py
[2022-10-05 15:51:26,019] {processor.py:641} INFO - Processing file /home/airflow/.local/lib/python3.7/site-packages/airflow/example_dags/example_skip_dag.py for tasks to queue
[2022-10-05 15:51:26,020] {logging_mixin.py:115} INFO - [2022-10-05 15:51:26,020] {dagbag.py:507} INFO - Filling up the DagBag from /home/airflow/.local/lib/python3.7/site-packages/airflow/example_dags/example_skip_dag.py
[2022-10-05 15:51:26,027] {processor.py:651} INFO - DAG(s) dict_keys(['example_skip_dag']) retrieved from /home/airflow/.local/lib/python3.7/site-packages/airflow/example_dags/example_skip_dag.py
[2022-10-05 15:51:26,073] {logging_mixin.py:115} INFO - [2022-10-05 15:51:26,072] {dag.py:2379} INFO - Sync 1 DAGs
[2022-10-05 15:51:26,104] {logging_mixin.py:115} INFO - [2022-10-05 15:51:26,104] {dag.py:2931} INFO - Setting next_dagrun for example_skip_dag to 2022-10-04T15:51:26.103399+00:00, run_after=2022-10-05T15:51:26.103399+00:00
[2022-10-05 15:51:26,119] {processor.py:161} INFO - Processing /home/airflow/.local/lib/python3.7/site-packages/airflow/example_dags/example_skip_dag.py took 0.105 seconds
[2022-10-05 15:51:57,533] {processor.py:153} INFO - Started process (PID=2128) to work on /home/airflow/.local/lib/python3.7/site-packages/airflow/example_dags/example_skip_dag.py
[2022-10-05 15:51:57,535] {processor.py:641} INFO - Processing file /home/airflow/.local/lib/python3.7/site-packages/airflow/example_dags/example_skip_dag.py for tasks to queue
[2022-10-05 15:51:57,536] {logging_mixin.py:115} INFO - [2022-10-05 15:51:57,536] {dagbag.py:507} INFO - Filling up the DagBag from /home/airflow/.local/lib/python3.7/site-packages/airflow/example_dags/example_skip_dag.py
[2022-10-05 15:51:57,544] {processor.py:651} INFO - DAG(s) dict_keys(['example_skip_dag']) retrieved from /home/airflow/.local/lib/python3.7/site-packages/airflow/example_dags/example_skip_dag.py
[2022-10-05 15:51:57,580] {logging_mixin.py:115} INFO - [2022-10-05 15:51:57,580] {dag.py:2379} INFO - Sync 1 DAGs
[2022-10-05 15:51:57,615] {logging_mixin.py:115} INFO - [2022-10-05 15:51:57,615] {dag.py:2931} INFO - Setting next_dagrun for example_skip_dag to 2022-10-04T15:51:57.614716+00:00, run_after=2022-10-05T15:51:57.614716+00:00
[2022-10-05 15:51:57,631] {processor.py:161} INFO - Processing /home/airflow/.local/lib/python3.7/site-packages/airflow/example_dags/example_skip_dag.py took 0.102 seconds
[2022-10-05 15:52:28,557] {processor.py:153} INFO - Started process (PID=2192) to work on /home/airflow/.local/lib/python3.7/site-packages/airflow/example_dags/example_skip_dag.py
[2022-10-05 15:52:28,559] {processor.py:641} INFO - Processing file /home/airflow/.local/lib/python3.7/site-packages/airflow/example_dags/example_skip_dag.py for tasks to queue
[2022-10-05 15:52:28,560] {logging_mixin.py:115} INFO - [2022-10-05 15:52:28,560] {dagbag.py:507} INFO - Filling up the DagBag from /home/airflow/.local/lib/python3.7/site-packages/airflow/example_dags/example_skip_dag.py
[2022-10-05 15:52:28,566] {processor.py:651} INFO - DAG(s) dict_keys(['example_skip_dag']) retrieved from /home/airflow/.local/lib/python3.7/site-packages/airflow/example_dags/example_skip_dag.py
[2022-10-05 15:52:28,599] {logging_mixin.py:115} INFO - [2022-10-05 15:52:28,599] {dag.py:2379} INFO - Sync 1 DAGs
[2022-10-05 15:52:28,619] {logging_mixin.py:115} INFO - [2022-10-05 15:52:28,619] {dag.py:2931} INFO - Setting next_dagrun for example_skip_dag to 2022-10-04T15:52:28.619372+00:00, run_after=2022-10-05T15:52:28.619372+00:00
[2022-10-05 15:52:28,632] {processor.py:161} INFO - Processing /home/airflow/.local/lib/python3.7/site-packages/airflow/example_dags/example_skip_dag.py took 0.079 seconds
[2022-10-05 15:52:59,909] {processor.py:153} INFO - Started process (PID=2257) to work on /home/airflow/.local/lib/python3.7/site-packages/airflow/example_dags/example_skip_dag.py
[2022-10-05 15:52:59,910] {processor.py:641} INFO - Processing file /home/airflow/.local/lib/python3.7/site-packages/airflow/example_dags/example_skip_dag.py for tasks to queue
[2022-10-05 15:52:59,912] {logging_mixin.py:115} INFO - [2022-10-05 15:52:59,911] {dagbag.py:507} INFO - Filling up the DagBag from /home/airflow/.local/lib/python3.7/site-packages/airflow/example_dags/example_skip_dag.py
[2022-10-05 15:52:59,919] {processor.py:651} INFO - DAG(s) dict_keys(['example_skip_dag']) retrieved from /home/airflow/.local/lib/python3.7/site-packages/airflow/example_dags/example_skip_dag.py
[2022-10-05 15:52:59,959] {logging_mixin.py:115} INFO - [2022-10-05 15:52:59,959] {dag.py:2379} INFO - Sync 1 DAGs
[2022-10-05 15:52:59,991] {logging_mixin.py:115} INFO - [2022-10-05 15:52:59,991] {dag.py:2931} INFO - Setting next_dagrun for example_skip_dag to 2022-10-04T15:52:59.990996+00:00, run_after=2022-10-05T15:52:59.990996+00:00
[2022-10-05 15:53:00,005] {processor.py:161} INFO - Processing /home/airflow/.local/lib/python3.7/site-packages/airflow/example_dags/example_skip_dag.py took 0.101 seconds
[2022-10-05 15:53:31,329] {processor.py:153} INFO - Started process (PID=2313) to work on /home/airflow/.local/lib/python3.7/site-packages/airflow/example_dags/example_skip_dag.py
[2022-10-05 15:53:31,331] {processor.py:641} INFO - Processing file /home/airflow/.local/lib/python3.7/site-packages/airflow/example_dags/example_skip_dag.py for tasks to queue
[2022-10-05 15:53:31,332] {logging_mixin.py:115} INFO - [2022-10-05 15:53:31,332] {dagbag.py:507} INFO - Filling up the DagBag from /home/airflow/.local/lib/python3.7/site-packages/airflow/example_dags/example_skip_dag.py
[2022-10-05 15:53:31,339] {processor.py:651} INFO - DAG(s) dict_keys(['example_skip_dag']) retrieved from /home/airflow/.local/lib/python3.7/site-packages/airflow/example_dags/example_skip_dag.py
[2022-10-05 15:53:31,374] {logging_mixin.py:115} INFO - [2022-10-05 15:53:31,374] {dag.py:2379} INFO - Sync 1 DAGs
[2022-10-05 15:53:31,396] {logging_mixin.py:115} INFO - [2022-10-05 15:53:31,396] {dag.py:2931} INFO - Setting next_dagrun for example_skip_dag to 2022-10-04T15:53:31.395904+00:00, run_after=2022-10-05T15:53:31.395904+00:00
[2022-10-05 15:53:31,410] {processor.py:161} INFO - Processing /home/airflow/.local/lib/python3.7/site-packages/airflow/example_dags/example_skip_dag.py took 0.084 seconds
[2022-10-05 16:03:19,098] {processor.py:153} INFO - Started process (PID=2410) to work on /home/airflow/.local/lib/python3.7/site-packages/airflow/example_dags/example_skip_dag.py
[2022-10-05 16:03:19,103] {processor.py:641} INFO - Processing file /home/airflow/.local/lib/python3.7/site-packages/airflow/example_dags/example_skip_dag.py for tasks to queue
[2022-10-05 16:03:19,107] {logging_mixin.py:115} INFO - [2022-10-05 16:03:19,106] {dagbag.py:507} INFO - Filling up the DagBag from /home/airflow/.local/lib/python3.7/site-packages/airflow/example_dags/example_skip_dag.py
[2022-10-05 16:03:19,114] {processor.py:651} INFO - DAG(s) dict_keys(['example_skip_dag']) retrieved from /home/airflow/.local/lib/python3.7/site-packages/airflow/example_dags/example_skip_dag.py
[2022-10-05 16:03:19,174] {logging_mixin.py:115} INFO - [2022-10-05 16:03:19,174] {dag.py:2379} INFO - Sync 1 DAGs
[2022-10-05 16:03:19,215] {logging_mixin.py:115} INFO - [2022-10-05 16:03:19,215] {dag.py:2931} INFO - Setting next_dagrun for example_skip_dag to 2022-10-04T16:03:19.214914+00:00, run_after=2022-10-05T16:03:19.214914+00:00
[2022-10-05 16:03:19,241] {processor.py:161} INFO - Processing /home/airflow/.local/lib/python3.7/site-packages/airflow/example_dags/example_skip_dag.py took 0.149 seconds
[2022-10-05 16:14:18,135] {processor.py:153} INFO - Started process (PID=2489) to work on /home/airflow/.local/lib/python3.7/site-packages/airflow/example_dags/example_skip_dag.py
[2022-10-05 16:14:18,136] {processor.py:641} INFO - Processing file /home/airflow/.local/lib/python3.7/site-packages/airflow/example_dags/example_skip_dag.py for tasks to queue
[2022-10-05 16:14:18,137] {logging_mixin.py:115} INFO - [2022-10-05 16:14:18,137] {dagbag.py:507} INFO - Filling up the DagBag from /home/airflow/.local/lib/python3.7/site-packages/airflow/example_dags/example_skip_dag.py
[2022-10-05 16:14:18,144] {processor.py:651} INFO - DAG(s) dict_keys(['example_skip_dag']) retrieved from /home/airflow/.local/lib/python3.7/site-packages/airflow/example_dags/example_skip_dag.py
[2022-10-05 16:14:18,174] {logging_mixin.py:115} INFO - [2022-10-05 16:14:18,174] {dag.py:2379} INFO - Sync 1 DAGs
[2022-10-05 16:14:18,204] {logging_mixin.py:115} INFO - [2022-10-05 16:14:18,204] {dag.py:2931} INFO - Setting next_dagrun for example_skip_dag to 2022-10-04T16:14:18.203892+00:00, run_after=2022-10-05T16:14:18.203892+00:00
[2022-10-05 16:14:18,221] {processor.py:161} INFO - Processing /home/airflow/.local/lib/python3.7/site-packages/airflow/example_dags/example_skip_dag.py took 0.090 seconds
[2022-10-05 16:15:22,097] {processor.py:153} INFO - Started process (PID=2536) to work on /home/airflow/.local/lib/python3.7/site-packages/airflow/example_dags/example_skip_dag.py
[2022-10-05 16:15:22,098] {processor.py:641} INFO - Processing file /home/airflow/.local/lib/python3.7/site-packages/airflow/example_dags/example_skip_dag.py for tasks to queue
[2022-10-05 16:15:22,100] {logging_mixin.py:115} INFO - [2022-10-05 16:15:22,100] {dagbag.py:507} INFO - Filling up the DagBag from /home/airflow/.local/lib/python3.7/site-packages/airflow/example_dags/example_skip_dag.py
[2022-10-05 16:15:22,110] {processor.py:651} INFO - DAG(s) dict_keys(['example_skip_dag']) retrieved from /home/airflow/.local/lib/python3.7/site-packages/airflow/example_dags/example_skip_dag.py
[2022-10-05 16:15:22,144] {logging_mixin.py:115} INFO - [2022-10-05 16:15:22,144] {dag.py:2379} INFO - Sync 1 DAGs
[2022-10-05 16:15:22,166] {logging_mixin.py:115} INFO - [2022-10-05 16:15:22,166] {dag.py:2931} INFO - Setting next_dagrun for example_skip_dag to 2022-10-04T16:15:22.165843+00:00, run_after=2022-10-05T16:15:22.165843+00:00
[2022-10-05 16:15:22,178] {processor.py:161} INFO - Processing /home/airflow/.local/lib/python3.7/site-packages/airflow/example_dags/example_skip_dag.py took 0.086 seconds
[2022-10-05 16:16:54,749] {processor.py:153} INFO - Started process (PID=2583) to work on /home/airflow/.local/lib/python3.7/site-packages/airflow/example_dags/example_skip_dag.py
[2022-10-05 16:16:54,750] {processor.py:641} INFO - Processing file /home/airflow/.local/lib/python3.7/site-packages/airflow/example_dags/example_skip_dag.py for tasks to queue
[2022-10-05 16:16:54,751] {logging_mixin.py:115} INFO - [2022-10-05 16:16:54,751] {dagbag.py:507} INFO - Filling up the DagBag from /home/airflow/.local/lib/python3.7/site-packages/airflow/example_dags/example_skip_dag.py
[2022-10-05 16:16:54,757] {processor.py:651} INFO - DAG(s) dict_keys(['example_skip_dag']) retrieved from /home/airflow/.local/lib/python3.7/site-packages/airflow/example_dags/example_skip_dag.py
[2022-10-05 16:16:54,788] {logging_mixin.py:115} INFO - [2022-10-05 16:16:54,788] {dag.py:2379} INFO - Sync 1 DAGs
[2022-10-05 16:16:54,808] {logging_mixin.py:115} INFO - [2022-10-05 16:16:54,808] {dag.py:2931} INFO - Setting next_dagrun for example_skip_dag to 2022-10-04T16:16:54.808476+00:00, run_after=2022-10-05T16:16:54.808476+00:00
[2022-10-05 16:16:54,821] {processor.py:161} INFO - Processing /home/airflow/.local/lib/python3.7/site-packages/airflow/example_dags/example_skip_dag.py took 0.077 seconds
[2022-10-05 16:18:37,533] {processor.py:153} INFO - Started process (PID=2630) to work on /home/airflow/.local/lib/python3.7/site-packages/airflow/example_dags/example_skip_dag.py
[2022-10-05 16:18:37,534] {processor.py:641} INFO - Processing file /home/airflow/.local/lib/python3.7/site-packages/airflow/example_dags/example_skip_dag.py for tasks to queue
[2022-10-05 16:18:37,535] {logging_mixin.py:115} INFO - [2022-10-05 16:18:37,535] {dagbag.py:507} INFO - Filling up the DagBag from /home/airflow/.local/lib/python3.7/site-packages/airflow/example_dags/example_skip_dag.py
[2022-10-05 16:18:37,542] {processor.py:651} INFO - DAG(s) dict_keys(['example_skip_dag']) retrieved from /home/airflow/.local/lib/python3.7/site-packages/airflow/example_dags/example_skip_dag.py
[2022-10-05 16:18:37,582] {logging_mixin.py:115} INFO - [2022-10-05 16:18:37,582] {dag.py:2379} INFO - Sync 1 DAGs
[2022-10-05 16:18:37,608] {logging_mixin.py:115} INFO - [2022-10-05 16:18:37,607] {dag.py:2931} INFO - Setting next_dagrun for example_skip_dag to 2022-10-04T16:18:37.607557+00:00, run_after=2022-10-05T16:18:37.607557+00:00
[2022-10-05 16:18:37,625] {processor.py:161} INFO - Processing /home/airflow/.local/lib/python3.7/site-packages/airflow/example_dags/example_skip_dag.py took 0.096 seconds
[2022-10-05 20:03:09,925] {processor.py:153} INFO - Started process (PID=2685) to work on /home/airflow/.local/lib/python3.7/site-packages/airflow/example_dags/example_skip_dag.py
[2022-10-05 20:03:09,928] {processor.py:641} INFO - Processing file /home/airflow/.local/lib/python3.7/site-packages/airflow/example_dags/example_skip_dag.py for tasks to queue
[2022-10-05 20:03:09,931] {logging_mixin.py:115} INFO - [2022-10-05 20:03:09,931] {dagbag.py:507} INFO - Filling up the DagBag from /home/airflow/.local/lib/python3.7/site-packages/airflow/example_dags/example_skip_dag.py
[2022-10-05 20:03:09,948] {processor.py:651} INFO - DAG(s) dict_keys(['example_skip_dag']) retrieved from /home/airflow/.local/lib/python3.7/site-packages/airflow/example_dags/example_skip_dag.py
[2022-10-05 20:03:10,083] {logging_mixin.py:115} INFO - [2022-10-05 20:03:10,083] {dag.py:2379} INFO - Sync 1 DAGs
[2022-10-05 20:03:10,193] {logging_mixin.py:115} INFO - [2022-10-05 20:03:10,192] {dag.py:2931} INFO - Setting next_dagrun for example_skip_dag to 2022-10-04T20:03:10.192400+00:00, run_after=2022-10-05T20:03:10.192400+00:00
[2022-10-05 20:03:10,274] {processor.py:161} INFO - Processing /home/airflow/.local/lib/python3.7/site-packages/airflow/example_dags/example_skip_dag.py took 0.358 seconds
