[2022-10-05 15:17:41,559] {processor.py:153} INFO - Started process (PID=104) to work on /home/airflow/.local/lib/python3.7/site-packages/airflow/example_dags/example_latest_only_with_trigger.py
[2022-10-05 15:17:41,563] {processor.py:641} INFO - Processing file /home/airflow/.local/lib/python3.7/site-packages/airflow/example_dags/example_latest_only_with_trigger.py for tasks to queue
[2022-10-05 15:17:41,569] {logging_mixin.py:115} INFO - [2022-10-05 15:17:41,568] {dagbag.py:507} INFO - Filling up the DagBag from /home/airflow/.local/lib/python3.7/site-packages/airflow/example_dags/example_latest_only_with_trigger.py
[2022-10-05 15:17:41,651] {processor.py:651} INFO - DAG(s) dict_keys(['latest_only_with_trigger']) retrieved from /home/airflow/.local/lib/python3.7/site-packages/airflow/example_dags/example_latest_only_with_trigger.py
[2022-10-05 15:17:45,413] {logging_mixin.py:115} INFO - [2022-10-05 15:17:45,413] {manager.py:508} INFO - Created Permission View: can delete on DAG:latest_only_with_trigger
[2022-10-05 15:17:45,482] {logging_mixin.py:115} INFO - [2022-10-05 15:17:45,482] {manager.py:508} INFO - Created Permission View: can edit on DAG:latest_only_with_trigger
[2022-10-05 15:17:45,536] {logging_mixin.py:115} INFO - [2022-10-05 15:17:45,536] {manager.py:508} INFO - Created Permission View: can read on DAG:latest_only_with_trigger
[2022-10-05 15:17:45,541] {logging_mixin.py:115} INFO - [2022-10-05 15:17:45,539] {dag.py:2379} INFO - Sync 1 DAGs
[2022-10-05 15:17:45,637] {logging_mixin.py:115} INFO - [2022-10-05 15:17:45,636] {dag.py:2398} INFO - Creating ORM DAG for latest_only_with_trigger
[2022-10-05 15:17:45,781] {logging_mixin.py:115} INFO - [2022-10-05 15:17:45,780] {dag.py:2931} INFO - Setting next_dagrun for latest_only_with_trigger to 2022-10-05T11:17:45.779115+00:00, run_after=2022-10-05T15:17:45.779115+00:00
[2022-10-05 15:17:45,920] {processor.py:161} INFO - Processing /home/airflow/.local/lib/python3.7/site-packages/airflow/example_dags/example_latest_only_with_trigger.py took 4.583 seconds
[2022-10-05 15:18:47,883] {processor.py:153} INFO - Started process (PID=174) to work on /home/airflow/.local/lib/python3.7/site-packages/airflow/example_dags/example_latest_only_with_trigger.py
[2022-10-05 15:18:47,890] {processor.py:641} INFO - Processing file /home/airflow/.local/lib/python3.7/site-packages/airflow/example_dags/example_latest_only_with_trigger.py for tasks to queue
[2022-10-05 15:18:47,894] {logging_mixin.py:115} INFO - [2022-10-05 15:18:47,894] {dagbag.py:507} INFO - Filling up the DagBag from /home/airflow/.local/lib/python3.7/site-packages/airflow/example_dags/example_latest_only_with_trigger.py
[2022-10-05 15:18:47,918] {processor.py:651} INFO - DAG(s) dict_keys(['latest_only_with_trigger']) retrieved from /home/airflow/.local/lib/python3.7/site-packages/airflow/example_dags/example_latest_only_with_trigger.py
[2022-10-05 15:18:48,105] {logging_mixin.py:115} INFO - [2022-10-05 15:18:48,104] {dag.py:2379} INFO - Sync 1 DAGs
[2022-10-05 15:18:49,615] {logging_mixin.py:115} INFO - [2022-10-05 15:18:49,614] {dag.py:2931} INFO - Setting next_dagrun for latest_only_with_trigger to 2022-10-05T11:18:49.613294+00:00, run_after=2022-10-05T15:18:49.613294+00:00
[2022-10-05 15:18:49,791] {processor.py:161} INFO - Processing /home/airflow/.local/lib/python3.7/site-packages/airflow/example_dags/example_latest_only_with_trigger.py took 1.919 seconds
[2022-10-05 15:19:29,819] {processor.py:153} INFO - Started process (PID=223) to work on /home/airflow/.local/lib/python3.7/site-packages/airflow/example_dags/example_latest_only_with_trigger.py
[2022-10-05 15:19:29,831] {processor.py:641} INFO - Processing file /home/airflow/.local/lib/python3.7/site-packages/airflow/example_dags/example_latest_only_with_trigger.py for tasks to queue
[2022-10-05 15:19:29,846] {logging_mixin.py:115} INFO - [2022-10-05 15:19:29,845] {dagbag.py:507} INFO - Filling up the DagBag from /home/airflow/.local/lib/python3.7/site-packages/airflow/example_dags/example_latest_only_with_trigger.py
[2022-10-05 15:19:29,903] {processor.py:651} INFO - DAG(s) dict_keys(['latest_only_with_trigger']) retrieved from /home/airflow/.local/lib/python3.7/site-packages/airflow/example_dags/example_latest_only_with_trigger.py
[2022-10-05 15:19:30,097] {logging_mixin.py:115} INFO - [2022-10-05 15:19:30,097] {dag.py:2379} INFO - Sync 1 DAGs
[2022-10-05 15:19:30,565] {logging_mixin.py:115} INFO - [2022-10-05 15:19:30,565] {dag.py:2931} INFO - Setting next_dagrun for latest_only_with_trigger to 2022-10-05T11:19:30.564466+00:00, run_after=2022-10-05T15:19:30.564466+00:00
[2022-10-05 15:19:30,608] {processor.py:161} INFO - Processing /home/airflow/.local/lib/python3.7/site-packages/airflow/example_dags/example_latest_only_with_trigger.py took 0.819 seconds
[2022-10-05 15:20:09,959] {processor.py:153} INFO - Started process (PID=271) to work on /home/airflow/.local/lib/python3.7/site-packages/airflow/example_dags/example_latest_only_with_trigger.py
[2022-10-05 15:20:09,962] {processor.py:641} INFO - Processing file /home/airflow/.local/lib/python3.7/site-packages/airflow/example_dags/example_latest_only_with_trigger.py for tasks to queue
[2022-10-05 15:20:09,968] {logging_mixin.py:115} INFO - [2022-10-05 15:20:09,964] {dagbag.py:507} INFO - Filling up the DagBag from /home/airflow/.local/lib/python3.7/site-packages/airflow/example_dags/example_latest_only_with_trigger.py
[2022-10-05 15:20:10,002] {processor.py:651} INFO - DAG(s) dict_keys(['latest_only_with_trigger']) retrieved from /home/airflow/.local/lib/python3.7/site-packages/airflow/example_dags/example_latest_only_with_trigger.py
[2022-10-05 15:20:10,090] {logging_mixin.py:115} INFO - [2022-10-05 15:20:10,090] {dag.py:2379} INFO - Sync 1 DAGs
[2022-10-05 15:20:10,768] {logging_mixin.py:115} INFO - [2022-10-05 15:20:10,768] {dag.py:2931} INFO - Setting next_dagrun for latest_only_with_trigger to 2022-10-05T11:20:10.767651+00:00, run_after=2022-10-05T15:20:10.767651+00:00
[2022-10-05 15:20:10,867] {processor.py:161} INFO - Processing /home/airflow/.local/lib/python3.7/site-packages/airflow/example_dags/example_latest_only_with_trigger.py took 0.924 seconds
[2022-10-05 15:20:48,427] {processor.py:153} INFO - Started process (PID=324) to work on /home/airflow/.local/lib/python3.7/site-packages/airflow/example_dags/example_latest_only_with_trigger.py
[2022-10-05 15:20:48,434] {processor.py:641} INFO - Processing file /home/airflow/.local/lib/python3.7/site-packages/airflow/example_dags/example_latest_only_with_trigger.py for tasks to queue
[2022-10-05 15:20:48,437] {logging_mixin.py:115} INFO - [2022-10-05 15:20:48,436] {dagbag.py:507} INFO - Filling up the DagBag from /home/airflow/.local/lib/python3.7/site-packages/airflow/example_dags/example_latest_only_with_trigger.py
[2022-10-05 15:20:48,464] {processor.py:651} INFO - DAG(s) dict_keys(['latest_only_with_trigger']) retrieved from /home/airflow/.local/lib/python3.7/site-packages/airflow/example_dags/example_latest_only_with_trigger.py
[2022-10-05 15:20:48,581] {logging_mixin.py:115} INFO - [2022-10-05 15:20:48,581] {dag.py:2379} INFO - Sync 1 DAGs
[2022-10-05 15:20:49,246] {logging_mixin.py:115} INFO - [2022-10-05 15:20:49,245] {dag.py:2931} INFO - Setting next_dagrun for latest_only_with_trigger to 2022-10-05T11:20:49.244966+00:00, run_after=2022-10-05T15:20:49.244966+00:00
[2022-10-05 15:20:49,702] {processor.py:161} INFO - Processing /home/airflow/.local/lib/python3.7/site-packages/airflow/example_dags/example_latest_only_with_trigger.py took 1.285 seconds
[2022-10-05 15:21:32,836] {processor.py:153} INFO - Started process (PID=378) to work on /home/airflow/.local/lib/python3.7/site-packages/airflow/example_dags/example_latest_only_with_trigger.py
[2022-10-05 15:21:32,843] {processor.py:641} INFO - Processing file /home/airflow/.local/lib/python3.7/site-packages/airflow/example_dags/example_latest_only_with_trigger.py for tasks to queue
[2022-10-05 15:21:32,849] {logging_mixin.py:115} INFO - [2022-10-05 15:21:32,848] {dagbag.py:507} INFO - Filling up the DagBag from /home/airflow/.local/lib/python3.7/site-packages/airflow/example_dags/example_latest_only_with_trigger.py
[2022-10-05 15:21:32,910] {processor.py:651} INFO - DAG(s) dict_keys(['latest_only_with_trigger']) retrieved from /home/airflow/.local/lib/python3.7/site-packages/airflow/example_dags/example_latest_only_with_trigger.py
[2022-10-05 15:21:33,098] {logging_mixin.py:115} INFO - [2022-10-05 15:21:33,098] {dag.py:2379} INFO - Sync 1 DAGs
[2022-10-05 15:21:33,790] {logging_mixin.py:115} INFO - [2022-10-05 15:21:33,790] {dag.py:2931} INFO - Setting next_dagrun for latest_only_with_trigger to 2022-10-05T11:21:33.789083+00:00, run_after=2022-10-05T15:21:33.789083+00:00
[2022-10-05 15:21:33,840] {processor.py:161} INFO - Processing /home/airflow/.local/lib/python3.7/site-packages/airflow/example_dags/example_latest_only_with_trigger.py took 1.050 seconds
[2022-10-05 15:22:04,379] {processor.py:153} INFO - Started process (PID=433) to work on /home/airflow/.local/lib/python3.7/site-packages/airflow/example_dags/example_latest_only_with_trigger.py
[2022-10-05 15:22:04,383] {processor.py:641} INFO - Processing file /home/airflow/.local/lib/python3.7/site-packages/airflow/example_dags/example_latest_only_with_trigger.py for tasks to queue
[2022-10-05 15:22:04,386] {logging_mixin.py:115} INFO - [2022-10-05 15:22:04,385] {dagbag.py:507} INFO - Filling up the DagBag from /home/airflow/.local/lib/python3.7/site-packages/airflow/example_dags/example_latest_only_with_trigger.py
[2022-10-05 15:22:04,404] {processor.py:651} INFO - DAG(s) dict_keys(['latest_only_with_trigger']) retrieved from /home/airflow/.local/lib/python3.7/site-packages/airflow/example_dags/example_latest_only_with_trigger.py
[2022-10-05 15:22:04,461] {logging_mixin.py:115} INFO - [2022-10-05 15:22:04,461] {dag.py:2379} INFO - Sync 1 DAGs
[2022-10-05 15:22:04,694] {logging_mixin.py:115} INFO - [2022-10-05 15:22:04,693] {dag.py:2931} INFO - Setting next_dagrun for latest_only_with_trigger to 2022-10-05T11:22:04.693541+00:00, run_after=2022-10-05T15:22:04.693541+00:00
[2022-10-05 15:22:04,711] {processor.py:161} INFO - Processing /home/airflow/.local/lib/python3.7/site-packages/airflow/example_dags/example_latest_only_with_trigger.py took 0.343 seconds
[2022-10-05 15:22:34,865] {processor.py:153} INFO - Started process (PID=498) to work on /home/airflow/.local/lib/python3.7/site-packages/airflow/example_dags/example_latest_only_with_trigger.py
[2022-10-05 15:22:34,867] {processor.py:641} INFO - Processing file /home/airflow/.local/lib/python3.7/site-packages/airflow/example_dags/example_latest_only_with_trigger.py for tasks to queue
[2022-10-05 15:22:34,869] {logging_mixin.py:115} INFO - [2022-10-05 15:22:34,868] {dagbag.py:507} INFO - Filling up the DagBag from /home/airflow/.local/lib/python3.7/site-packages/airflow/example_dags/example_latest_only_with_trigger.py
[2022-10-05 15:22:34,879] {processor.py:651} INFO - DAG(s) dict_keys(['latest_only_with_trigger']) retrieved from /home/airflow/.local/lib/python3.7/site-packages/airflow/example_dags/example_latest_only_with_trigger.py
[2022-10-05 15:22:34,926] {logging_mixin.py:115} INFO - [2022-10-05 15:22:34,925] {dag.py:2379} INFO - Sync 1 DAGs
[2022-10-05 15:22:35,135] {logging_mixin.py:115} INFO - [2022-10-05 15:22:35,135] {dag.py:2931} INFO - Setting next_dagrun for latest_only_with_trigger to 2022-10-05T11:22:35.135222+00:00, run_after=2022-10-05T15:22:35.135222+00:00
[2022-10-05 15:22:35,153] {processor.py:161} INFO - Processing /home/airflow/.local/lib/python3.7/site-packages/airflow/example_dags/example_latest_only_with_trigger.py took 0.294 seconds
[2022-10-05 15:23:05,269] {processor.py:153} INFO - Started process (PID=551) to work on /home/airflow/.local/lib/python3.7/site-packages/airflow/example_dags/example_latest_only_with_trigger.py
[2022-10-05 15:23:05,274] {processor.py:641} INFO - Processing file /home/airflow/.local/lib/python3.7/site-packages/airflow/example_dags/example_latest_only_with_trigger.py for tasks to queue
[2022-10-05 15:23:05,280] {logging_mixin.py:115} INFO - [2022-10-05 15:23:05,280] {dagbag.py:507} INFO - Filling up the DagBag from /home/airflow/.local/lib/python3.7/site-packages/airflow/example_dags/example_latest_only_with_trigger.py
[2022-10-05 15:23:05,308] {processor.py:651} INFO - DAG(s) dict_keys(['latest_only_with_trigger']) retrieved from /home/airflow/.local/lib/python3.7/site-packages/airflow/example_dags/example_latest_only_with_trigger.py
[2022-10-05 15:23:05,390] {logging_mixin.py:115} INFO - [2022-10-05 15:23:05,390] {dag.py:2379} INFO - Sync 1 DAGs
[2022-10-05 15:23:05,664] {logging_mixin.py:115} INFO - [2022-10-05 15:23:05,664] {dag.py:2931} INFO - Setting next_dagrun for latest_only_with_trigger to 2022-10-05T11:23:05.663676+00:00, run_after=2022-10-05T15:23:05.663676+00:00
[2022-10-05 15:23:05,687] {processor.py:161} INFO - Processing /home/airflow/.local/lib/python3.7/site-packages/airflow/example_dags/example_latest_only_with_trigger.py took 0.438 seconds
[2022-10-05 15:23:35,878] {processor.py:153} INFO - Started process (PID=607) to work on /home/airflow/.local/lib/python3.7/site-packages/airflow/example_dags/example_latest_only_with_trigger.py
[2022-10-05 15:23:35,882] {processor.py:641} INFO - Processing file /home/airflow/.local/lib/python3.7/site-packages/airflow/example_dags/example_latest_only_with_trigger.py for tasks to queue
[2022-10-05 15:23:35,886] {logging_mixin.py:115} INFO - [2022-10-05 15:23:35,885] {dagbag.py:507} INFO - Filling up the DagBag from /home/airflow/.local/lib/python3.7/site-packages/airflow/example_dags/example_latest_only_with_trigger.py
[2022-10-05 15:23:35,907] {processor.py:651} INFO - DAG(s) dict_keys(['latest_only_with_trigger']) retrieved from /home/airflow/.local/lib/python3.7/site-packages/airflow/example_dags/example_latest_only_with_trigger.py
[2022-10-05 15:23:36,028] {logging_mixin.py:115} INFO - [2022-10-05 15:23:36,028] {dag.py:2379} INFO - Sync 1 DAGs
[2022-10-05 15:23:36,463] {logging_mixin.py:115} INFO - [2022-10-05 15:23:36,463] {dag.py:2931} INFO - Setting next_dagrun for latest_only_with_trigger to 2022-10-05T11:23:36.462575+00:00, run_after=2022-10-05T15:23:36.462575+00:00
[2022-10-05 15:23:36,500] {processor.py:161} INFO - Processing /home/airflow/.local/lib/python3.7/site-packages/airflow/example_dags/example_latest_only_with_trigger.py took 0.633 seconds
[2022-10-05 15:24:06,724] {processor.py:153} INFO - Started process (PID=665) to work on /home/airflow/.local/lib/python3.7/site-packages/airflow/example_dags/example_latest_only_with_trigger.py
[2022-10-05 15:24:06,726] {processor.py:641} INFO - Processing file /home/airflow/.local/lib/python3.7/site-packages/airflow/example_dags/example_latest_only_with_trigger.py for tasks to queue
[2022-10-05 15:24:06,728] {logging_mixin.py:115} INFO - [2022-10-05 15:24:06,728] {dagbag.py:507} INFO - Filling up the DagBag from /home/airflow/.local/lib/python3.7/site-packages/airflow/example_dags/example_latest_only_with_trigger.py
[2022-10-05 15:24:06,742] {processor.py:651} INFO - DAG(s) dict_keys(['latest_only_with_trigger']) retrieved from /home/airflow/.local/lib/python3.7/site-packages/airflow/example_dags/example_latest_only_with_trigger.py
[2022-10-05 15:24:06,796] {logging_mixin.py:115} INFO - [2022-10-05 15:24:06,796] {dag.py:2379} INFO - Sync 1 DAGs
[2022-10-05 15:24:07,053] {logging_mixin.py:115} INFO - [2022-10-05 15:24:07,053] {dag.py:2931} INFO - Setting next_dagrun for latest_only_with_trigger to 2022-10-05T11:24:07.053197+00:00, run_after=2022-10-05T15:24:07.053197+00:00
[2022-10-05 15:24:07,079] {processor.py:161} INFO - Processing /home/airflow/.local/lib/python3.7/site-packages/airflow/example_dags/example_latest_only_with_trigger.py took 0.362 seconds
[2022-10-05 15:24:37,400] {processor.py:153} INFO - Started process (PID=729) to work on /home/airflow/.local/lib/python3.7/site-packages/airflow/example_dags/example_latest_only_with_trigger.py
[2022-10-05 15:24:37,402] {processor.py:641} INFO - Processing file /home/airflow/.local/lib/python3.7/site-packages/airflow/example_dags/example_latest_only_with_trigger.py for tasks to queue
[2022-10-05 15:24:37,404] {logging_mixin.py:115} INFO - [2022-10-05 15:24:37,403] {dagbag.py:507} INFO - Filling up the DagBag from /home/airflow/.local/lib/python3.7/site-packages/airflow/example_dags/example_latest_only_with_trigger.py
[2022-10-05 15:24:37,415] {processor.py:651} INFO - DAG(s) dict_keys(['latest_only_with_trigger']) retrieved from /home/airflow/.local/lib/python3.7/site-packages/airflow/example_dags/example_latest_only_with_trigger.py
[2022-10-05 15:24:37,461] {logging_mixin.py:115} INFO - [2022-10-05 15:24:37,461] {dag.py:2379} INFO - Sync 1 DAGs
[2022-10-05 15:24:37,674] {logging_mixin.py:115} INFO - [2022-10-05 15:24:37,673] {dag.py:2931} INFO - Setting next_dagrun for latest_only_with_trigger to 2022-10-05T11:24:37.673498+00:00, run_after=2022-10-05T15:24:37.673498+00:00
[2022-10-05 15:24:37,699] {processor.py:161} INFO - Processing /home/airflow/.local/lib/python3.7/site-packages/airflow/example_dags/example_latest_only_with_trigger.py took 0.304 seconds
[2022-10-05 15:25:08,182] {processor.py:153} INFO - Started process (PID=785) to work on /home/airflow/.local/lib/python3.7/site-packages/airflow/example_dags/example_latest_only_with_trigger.py
[2022-10-05 15:25:08,185] {processor.py:641} INFO - Processing file /home/airflow/.local/lib/python3.7/site-packages/airflow/example_dags/example_latest_only_with_trigger.py for tasks to queue
[2022-10-05 15:25:08,187] {logging_mixin.py:115} INFO - [2022-10-05 15:25:08,186] {dagbag.py:507} INFO - Filling up the DagBag from /home/airflow/.local/lib/python3.7/site-packages/airflow/example_dags/example_latest_only_with_trigger.py
[2022-10-05 15:25:08,203] {processor.py:651} INFO - DAG(s) dict_keys(['latest_only_with_trigger']) retrieved from /home/airflow/.local/lib/python3.7/site-packages/airflow/example_dags/example_latest_only_with_trigger.py
[2022-10-05 15:25:08,253] {logging_mixin.py:115} INFO - [2022-10-05 15:25:08,253] {dag.py:2379} INFO - Sync 1 DAGs
[2022-10-05 15:25:08,478] {logging_mixin.py:115} INFO - [2022-10-05 15:25:08,478] {dag.py:2931} INFO - Setting next_dagrun for latest_only_with_trigger to 2022-10-05T11:25:08.478238+00:00, run_after=2022-10-05T15:25:08.478238+00:00
[2022-10-05 15:25:08,495] {processor.py:161} INFO - Processing /home/airflow/.local/lib/python3.7/site-packages/airflow/example_dags/example_latest_only_with_trigger.py took 0.323 seconds
[2022-10-05 15:25:39,148] {processor.py:153} INFO - Started process (PID=848) to work on /home/airflow/.local/lib/python3.7/site-packages/airflow/example_dags/example_latest_only_with_trigger.py
[2022-10-05 15:25:39,156] {processor.py:641} INFO - Processing file /home/airflow/.local/lib/python3.7/site-packages/airflow/example_dags/example_latest_only_with_trigger.py for tasks to queue
[2022-10-05 15:25:39,161] {logging_mixin.py:115} INFO - [2022-10-05 15:25:39,160] {dagbag.py:507} INFO - Filling up the DagBag from /home/airflow/.local/lib/python3.7/site-packages/airflow/example_dags/example_latest_only_with_trigger.py
[2022-10-05 15:25:39,202] {processor.py:651} INFO - DAG(s) dict_keys(['latest_only_with_trigger']) retrieved from /home/airflow/.local/lib/python3.7/site-packages/airflow/example_dags/example_latest_only_with_trigger.py
[2022-10-05 15:25:39,281] {logging_mixin.py:115} INFO - [2022-10-05 15:25:39,281] {dag.py:2379} INFO - Sync 1 DAGs
[2022-10-05 15:25:39,578] {logging_mixin.py:115} INFO - [2022-10-05 15:25:39,578] {dag.py:2931} INFO - Setting next_dagrun for latest_only_with_trigger to 2022-10-05T11:25:39.578080+00:00, run_after=2022-10-05T15:25:39.578080+00:00
[2022-10-05 15:25:39,607] {processor.py:161} INFO - Processing /home/airflow/.local/lib/python3.7/site-packages/airflow/example_dags/example_latest_only_with_trigger.py took 0.474 seconds
[2022-10-05 15:26:10,253] {processor.py:153} INFO - Started process (PID=902) to work on /home/airflow/.local/lib/python3.7/site-packages/airflow/example_dags/example_latest_only_with_trigger.py
[2022-10-05 15:26:10,256] {processor.py:641} INFO - Processing file /home/airflow/.local/lib/python3.7/site-packages/airflow/example_dags/example_latest_only_with_trigger.py for tasks to queue
[2022-10-05 15:26:10,258] {logging_mixin.py:115} INFO - [2022-10-05 15:26:10,258] {dagbag.py:507} INFO - Filling up the DagBag from /home/airflow/.local/lib/python3.7/site-packages/airflow/example_dags/example_latest_only_with_trigger.py
[2022-10-05 15:26:10,269] {processor.py:651} INFO - DAG(s) dict_keys(['latest_only_with_trigger']) retrieved from /home/airflow/.local/lib/python3.7/site-packages/airflow/example_dags/example_latest_only_with_trigger.py
[2022-10-05 15:26:10,382] {logging_mixin.py:115} INFO - [2022-10-05 15:26:10,382] {dag.py:2379} INFO - Sync 1 DAGs
[2022-10-05 15:26:10,587] {logging_mixin.py:115} INFO - [2022-10-05 15:26:10,587] {dag.py:2931} INFO - Setting next_dagrun for latest_only_with_trigger to 2022-10-05T11:26:10.587423+00:00, run_after=2022-10-05T15:26:10.587423+00:00
[2022-10-05 15:26:10,603] {processor.py:161} INFO - Processing /home/airflow/.local/lib/python3.7/site-packages/airflow/example_dags/example_latest_only_with_trigger.py took 0.356 seconds
[2022-10-05 15:26:41,087] {processor.py:153} INFO - Started process (PID=965) to work on /home/airflow/.local/lib/python3.7/site-packages/airflow/example_dags/example_latest_only_with_trigger.py
[2022-10-05 15:26:41,090] {processor.py:641} INFO - Processing file /home/airflow/.local/lib/python3.7/site-packages/airflow/example_dags/example_latest_only_with_trigger.py for tasks to queue
[2022-10-05 15:26:41,091] {logging_mixin.py:115} INFO - [2022-10-05 15:26:41,091] {dagbag.py:507} INFO - Filling up the DagBag from /home/airflow/.local/lib/python3.7/site-packages/airflow/example_dags/example_latest_only_with_trigger.py
[2022-10-05 15:26:41,101] {processor.py:651} INFO - DAG(s) dict_keys(['latest_only_with_trigger']) retrieved from /home/airflow/.local/lib/python3.7/site-packages/airflow/example_dags/example_latest_only_with_trigger.py
[2022-10-05 15:26:41,142] {logging_mixin.py:115} INFO - [2022-10-05 15:26:41,141] {dag.py:2379} INFO - Sync 1 DAGs
[2022-10-05 15:26:41,335] {logging_mixin.py:115} INFO - [2022-10-05 15:26:41,335] {dag.py:2931} INFO - Setting next_dagrun for latest_only_with_trigger to 2022-10-05T11:26:41.334966+00:00, run_after=2022-10-05T15:26:41.334966+00:00
[2022-10-05 15:26:41,352] {processor.py:161} INFO - Processing /home/airflow/.local/lib/python3.7/site-packages/airflow/example_dags/example_latest_only_with_trigger.py took 0.270 seconds
[2022-10-05 15:27:11,917] {processor.py:153} INFO - Started process (PID=1021) to work on /home/airflow/.local/lib/python3.7/site-packages/airflow/example_dags/example_latest_only_with_trigger.py
[2022-10-05 15:27:11,919] {processor.py:641} INFO - Processing file /home/airflow/.local/lib/python3.7/site-packages/airflow/example_dags/example_latest_only_with_trigger.py for tasks to queue
[2022-10-05 15:27:11,921] {logging_mixin.py:115} INFO - [2022-10-05 15:27:11,920] {dagbag.py:507} INFO - Filling up the DagBag from /home/airflow/.local/lib/python3.7/site-packages/airflow/example_dags/example_latest_only_with_trigger.py
[2022-10-05 15:27:11,930] {processor.py:651} INFO - DAG(s) dict_keys(['latest_only_with_trigger']) retrieved from /home/airflow/.local/lib/python3.7/site-packages/airflow/example_dags/example_latest_only_with_trigger.py
[2022-10-05 15:27:11,972] {logging_mixin.py:115} INFO - [2022-10-05 15:27:11,972] {dag.py:2379} INFO - Sync 1 DAGs
[2022-10-05 15:27:12,188] {logging_mixin.py:115} INFO - [2022-10-05 15:27:12,188] {dag.py:2931} INFO - Setting next_dagrun for latest_only_with_trigger to 2022-10-05T11:27:12.188300+00:00, run_after=2022-10-05T15:27:12.188300+00:00
[2022-10-05 15:27:12,205] {processor.py:161} INFO - Processing /home/airflow/.local/lib/python3.7/site-packages/airflow/example_dags/example_latest_only_with_trigger.py took 0.292 seconds
[2022-10-05 15:27:42,380] {processor.py:153} INFO - Started process (PID=1086) to work on /home/airflow/.local/lib/python3.7/site-packages/airflow/example_dags/example_latest_only_with_trigger.py
[2022-10-05 15:27:42,382] {processor.py:641} INFO - Processing file /home/airflow/.local/lib/python3.7/site-packages/airflow/example_dags/example_latest_only_with_trigger.py for tasks to queue
[2022-10-05 15:27:42,384] {logging_mixin.py:115} INFO - [2022-10-05 15:27:42,384] {dagbag.py:507} INFO - Filling up the DagBag from /home/airflow/.local/lib/python3.7/site-packages/airflow/example_dags/example_latest_only_with_trigger.py
[2022-10-05 15:27:42,399] {processor.py:651} INFO - DAG(s) dict_keys(['latest_only_with_trigger']) retrieved from /home/airflow/.local/lib/python3.7/site-packages/airflow/example_dags/example_latest_only_with_trigger.py
[2022-10-05 15:27:42,452] {logging_mixin.py:115} INFO - [2022-10-05 15:27:42,452] {dag.py:2379} INFO - Sync 1 DAGs
[2022-10-05 15:27:42,644] {logging_mixin.py:115} INFO - [2022-10-05 15:27:42,644] {dag.py:2931} INFO - Setting next_dagrun for latest_only_with_trigger to 2022-10-05T11:27:42.644449+00:00, run_after=2022-10-05T15:27:42.644449+00:00
[2022-10-05 15:27:42,663] {processor.py:161} INFO - Processing /home/airflow/.local/lib/python3.7/site-packages/airflow/example_dags/example_latest_only_with_trigger.py took 0.289 seconds
[2022-10-05 15:28:12,957] {processor.py:153} INFO - Started process (PID=1143) to work on /home/airflow/.local/lib/python3.7/site-packages/airflow/example_dags/example_latest_only_with_trigger.py
[2022-10-05 15:28:12,960] {processor.py:641} INFO - Processing file /home/airflow/.local/lib/python3.7/site-packages/airflow/example_dags/example_latest_only_with_trigger.py for tasks to queue
[2022-10-05 15:28:12,963] {logging_mixin.py:115} INFO - [2022-10-05 15:28:12,962] {dagbag.py:507} INFO - Filling up the DagBag from /home/airflow/.local/lib/python3.7/site-packages/airflow/example_dags/example_latest_only_with_trigger.py
[2022-10-05 15:28:12,979] {processor.py:651} INFO - DAG(s) dict_keys(['latest_only_with_trigger']) retrieved from /home/airflow/.local/lib/python3.7/site-packages/airflow/example_dags/example_latest_only_with_trigger.py
[2022-10-05 15:28:13,041] {logging_mixin.py:115} INFO - [2022-10-05 15:28:13,041] {dag.py:2379} INFO - Sync 1 DAGs
[2022-10-05 15:28:13,336] {logging_mixin.py:115} INFO - [2022-10-05 15:28:13,336] {dag.py:2931} INFO - Setting next_dagrun for latest_only_with_trigger to 2022-10-05T11:28:13.335567+00:00, run_after=2022-10-05T15:28:13.335567+00:00
[2022-10-05 15:28:13,374] {processor.py:161} INFO - Processing /home/airflow/.local/lib/python3.7/site-packages/airflow/example_dags/example_latest_only_with_trigger.py took 0.425 seconds
[2022-10-05 15:28:43,545] {processor.py:153} INFO - Started process (PID=1208) to work on /home/airflow/.local/lib/python3.7/site-packages/airflow/example_dags/example_latest_only_with_trigger.py
[2022-10-05 15:28:43,548] {processor.py:641} INFO - Processing file /home/airflow/.local/lib/python3.7/site-packages/airflow/example_dags/example_latest_only_with_trigger.py for tasks to queue
[2022-10-05 15:28:43,552] {logging_mixin.py:115} INFO - [2022-10-05 15:28:43,551] {dagbag.py:507} INFO - Filling up the DagBag from /home/airflow/.local/lib/python3.7/site-packages/airflow/example_dags/example_latest_only_with_trigger.py
[2022-10-05 15:28:43,566] {processor.py:651} INFO - DAG(s) dict_keys(['latest_only_with_trigger']) retrieved from /home/airflow/.local/lib/python3.7/site-packages/airflow/example_dags/example_latest_only_with_trigger.py
[2022-10-05 15:28:43,703] {logging_mixin.py:115} INFO - [2022-10-05 15:28:43,703] {dag.py:2379} INFO - Sync 1 DAGs
[2022-10-05 15:28:44,127] {logging_mixin.py:115} INFO - [2022-10-05 15:28:44,126] {dag.py:2931} INFO - Setting next_dagrun for latest_only_with_trigger to 2022-10-05T11:28:44.126455+00:00, run_after=2022-10-05T15:28:44.126455+00:00
[2022-10-05 15:28:44,180] {processor.py:161} INFO - Processing /home/airflow/.local/lib/python3.7/site-packages/airflow/example_dags/example_latest_only_with_trigger.py took 0.642 seconds
[2022-10-05 15:29:14,689] {processor.py:153} INFO - Started process (PID=1264) to work on /home/airflow/.local/lib/python3.7/site-packages/airflow/example_dags/example_latest_only_with_trigger.py
[2022-10-05 15:29:14,691] {processor.py:641} INFO - Processing file /home/airflow/.local/lib/python3.7/site-packages/airflow/example_dags/example_latest_only_with_trigger.py for tasks to queue
[2022-10-05 15:29:14,695] {logging_mixin.py:115} INFO - [2022-10-05 15:29:14,695] {dagbag.py:507} INFO - Filling up the DagBag from /home/airflow/.local/lib/python3.7/site-packages/airflow/example_dags/example_latest_only_with_trigger.py
[2022-10-05 15:29:14,710] {processor.py:651} INFO - DAG(s) dict_keys(['latest_only_with_trigger']) retrieved from /home/airflow/.local/lib/python3.7/site-packages/airflow/example_dags/example_latest_only_with_trigger.py
[2022-10-05 15:29:14,769] {logging_mixin.py:115} INFO - [2022-10-05 15:29:14,769] {dag.py:2379} INFO - Sync 1 DAGs
[2022-10-05 15:29:15,037] {logging_mixin.py:115} INFO - [2022-10-05 15:29:15,037] {dag.py:2931} INFO - Setting next_dagrun for latest_only_with_trigger to 2022-10-05T11:29:15.037069+00:00, run_after=2022-10-05T15:29:15.037069+00:00
[2022-10-05 15:29:15,060] {processor.py:161} INFO - Processing /home/airflow/.local/lib/python3.7/site-packages/airflow/example_dags/example_latest_only_with_trigger.py took 0.378 seconds
[2022-10-05 15:29:45,723] {processor.py:153} INFO - Started process (PID=1329) to work on /home/airflow/.local/lib/python3.7/site-packages/airflow/example_dags/example_latest_only_with_trigger.py
[2022-10-05 15:29:45,726] {processor.py:641} INFO - Processing file /home/airflow/.local/lib/python3.7/site-packages/airflow/example_dags/example_latest_only_with_trigger.py for tasks to queue
[2022-10-05 15:29:45,729] {logging_mixin.py:115} INFO - [2022-10-05 15:29:45,728] {dagbag.py:507} INFO - Filling up the DagBag from /home/airflow/.local/lib/python3.7/site-packages/airflow/example_dags/example_latest_only_with_trigger.py
[2022-10-05 15:29:45,743] {processor.py:651} INFO - DAG(s) dict_keys(['latest_only_with_trigger']) retrieved from /home/airflow/.local/lib/python3.7/site-packages/airflow/example_dags/example_latest_only_with_trigger.py
[2022-10-05 15:29:45,789] {logging_mixin.py:115} INFO - [2022-10-05 15:29:45,789] {dag.py:2379} INFO - Sync 1 DAGs
[2022-10-05 15:29:45,999] {logging_mixin.py:115} INFO - [2022-10-05 15:29:45,999] {dag.py:2931} INFO - Setting next_dagrun for latest_only_with_trigger to 2022-10-05T11:29:45.999272+00:00, run_after=2022-10-05T15:29:45.999272+00:00
[2022-10-05 15:29:46,015] {processor.py:161} INFO - Processing /home/airflow/.local/lib/python3.7/site-packages/airflow/example_dags/example_latest_only_with_trigger.py took 0.300 seconds
[2022-10-05 15:30:16,590] {processor.py:153} INFO - Started process (PID=1385) to work on /home/airflow/.local/lib/python3.7/site-packages/airflow/example_dags/example_latest_only_with_trigger.py
[2022-10-05 15:30:16,592] {processor.py:641} INFO - Processing file /home/airflow/.local/lib/python3.7/site-packages/airflow/example_dags/example_latest_only_with_trigger.py for tasks to queue
[2022-10-05 15:30:16,594] {logging_mixin.py:115} INFO - [2022-10-05 15:30:16,594] {dagbag.py:507} INFO - Filling up the DagBag from /home/airflow/.local/lib/python3.7/site-packages/airflow/example_dags/example_latest_only_with_trigger.py
[2022-10-05 15:30:16,604] {processor.py:651} INFO - DAG(s) dict_keys(['latest_only_with_trigger']) retrieved from /home/airflow/.local/lib/python3.7/site-packages/airflow/example_dags/example_latest_only_with_trigger.py
[2022-10-05 15:30:16,677] {logging_mixin.py:115} INFO - [2022-10-05 15:30:16,677] {dag.py:2379} INFO - Sync 1 DAGs
[2022-10-05 15:30:16,887] {logging_mixin.py:115} INFO - [2022-10-05 15:30:16,887] {dag.py:2931} INFO - Setting next_dagrun for latest_only_with_trigger to 2022-10-05T11:30:16.887486+00:00, run_after=2022-10-05T15:30:16.887486+00:00
[2022-10-05 15:30:16,903] {processor.py:161} INFO - Processing /home/airflow/.local/lib/python3.7/site-packages/airflow/example_dags/example_latest_only_with_trigger.py took 0.318 seconds
[2022-10-05 15:30:47,471] {processor.py:153} INFO - Started process (PID=1450) to work on /home/airflow/.local/lib/python3.7/site-packages/airflow/example_dags/example_latest_only_with_trigger.py
[2022-10-05 15:30:47,473] {processor.py:641} INFO - Processing file /home/airflow/.local/lib/python3.7/site-packages/airflow/example_dags/example_latest_only_with_trigger.py for tasks to queue
[2022-10-05 15:30:47,475] {logging_mixin.py:115} INFO - [2022-10-05 15:30:47,475] {dagbag.py:507} INFO - Filling up the DagBag from /home/airflow/.local/lib/python3.7/site-packages/airflow/example_dags/example_latest_only_with_trigger.py
[2022-10-05 15:30:47,485] {processor.py:651} INFO - DAG(s) dict_keys(['latest_only_with_trigger']) retrieved from /home/airflow/.local/lib/python3.7/site-packages/airflow/example_dags/example_latest_only_with_trigger.py
[2022-10-05 15:30:47,526] {logging_mixin.py:115} INFO - [2022-10-05 15:30:47,525] {dag.py:2379} INFO - Sync 1 DAGs
[2022-10-05 15:30:47,722] {logging_mixin.py:115} INFO - [2022-10-05 15:30:47,722] {dag.py:2931} INFO - Setting next_dagrun for latest_only_with_trigger to 2022-10-05T11:30:47.722181+00:00, run_after=2022-10-05T15:30:47.722181+00:00
[2022-10-05 15:30:47,738] {processor.py:161} INFO - Processing /home/airflow/.local/lib/python3.7/site-packages/airflow/example_dags/example_latest_only_with_trigger.py took 0.273 seconds
[2022-10-05 15:31:17,971] {processor.py:153} INFO - Started process (PID=1505) to work on /home/airflow/.local/lib/python3.7/site-packages/airflow/example_dags/example_latest_only_with_trigger.py
[2022-10-05 15:31:17,976] {processor.py:641} INFO - Processing file /home/airflow/.local/lib/python3.7/site-packages/airflow/example_dags/example_latest_only_with_trigger.py for tasks to queue
[2022-10-05 15:31:17,981] {logging_mixin.py:115} INFO - [2022-10-05 15:31:17,980] {dagbag.py:507} INFO - Filling up the DagBag from /home/airflow/.local/lib/python3.7/site-packages/airflow/example_dags/example_latest_only_with_trigger.py
[2022-10-05 15:31:18,006] {processor.py:651} INFO - DAG(s) dict_keys(['latest_only_with_trigger']) retrieved from /home/airflow/.local/lib/python3.7/site-packages/airflow/example_dags/example_latest_only_with_trigger.py
[2022-10-05 15:31:18,154] {logging_mixin.py:115} INFO - [2022-10-05 15:31:18,153] {dag.py:2379} INFO - Sync 1 DAGs
[2022-10-05 15:31:18,709] {logging_mixin.py:115} INFO - [2022-10-05 15:31:18,709] {dag.py:2931} INFO - Setting next_dagrun for latest_only_with_trigger to 2022-10-05T11:31:18.708480+00:00, run_after=2022-10-05T15:31:18.708480+00:00
[2022-10-05 15:31:18,757] {processor.py:161} INFO - Processing /home/airflow/.local/lib/python3.7/site-packages/airflow/example_dags/example_latest_only_with_trigger.py took 0.803 seconds
[2022-10-05 15:31:51,431] {processor.py:153} INFO - Started process (PID=1561) to work on /home/airflow/.local/lib/python3.7/site-packages/airflow/example_dags/example_latest_only_with_trigger.py
[2022-10-05 15:31:51,436] {processor.py:641} INFO - Processing file /home/airflow/.local/lib/python3.7/site-packages/airflow/example_dags/example_latest_only_with_trigger.py for tasks to queue
[2022-10-05 15:31:51,442] {logging_mixin.py:115} INFO - [2022-10-05 15:31:51,442] {dagbag.py:507} INFO - Filling up the DagBag from /home/airflow/.local/lib/python3.7/site-packages/airflow/example_dags/example_latest_only_with_trigger.py
[2022-10-05 15:31:51,494] {processor.py:651} INFO - DAG(s) dict_keys(['latest_only_with_trigger']) retrieved from /home/airflow/.local/lib/python3.7/site-packages/airflow/example_dags/example_latest_only_with_trigger.py
[2022-10-05 15:31:51,721] {logging_mixin.py:115} INFO - [2022-10-05 15:31:51,721] {dag.py:2379} INFO - Sync 1 DAGs
[2022-10-05 15:31:52,402] {logging_mixin.py:115} INFO - [2022-10-05 15:31:52,402] {dag.py:2931} INFO - Setting next_dagrun for latest_only_with_trigger to 2022-10-05T11:31:52.401540+00:00, run_after=2022-10-05T15:31:52.401540+00:00
[2022-10-05 15:31:52,454] {processor.py:161} INFO - Processing /home/airflow/.local/lib/python3.7/site-packages/airflow/example_dags/example_latest_only_with_trigger.py took 1.045 seconds
[2022-10-05 15:32:23,232] {processor.py:153} INFO - Started process (PID=1617) to work on /home/airflow/.local/lib/python3.7/site-packages/airflow/example_dags/example_latest_only_with_trigger.py
[2022-10-05 15:32:23,234] {processor.py:641} INFO - Processing file /home/airflow/.local/lib/python3.7/site-packages/airflow/example_dags/example_latest_only_with_trigger.py for tasks to queue
[2022-10-05 15:32:23,237] {logging_mixin.py:115} INFO - [2022-10-05 15:32:23,237] {dagbag.py:507} INFO - Filling up the DagBag from /home/airflow/.local/lib/python3.7/site-packages/airflow/example_dags/example_latest_only_with_trigger.py
[2022-10-05 15:32:23,251] {processor.py:651} INFO - DAG(s) dict_keys(['latest_only_with_trigger']) retrieved from /home/airflow/.local/lib/python3.7/site-packages/airflow/example_dags/example_latest_only_with_trigger.py
[2022-10-05 15:32:23,310] {logging_mixin.py:115} INFO - [2022-10-05 15:32:23,309] {dag.py:2379} INFO - Sync 1 DAGs
[2022-10-05 15:32:23,531] {logging_mixin.py:115} INFO - [2022-10-05 15:32:23,531] {dag.py:2931} INFO - Setting next_dagrun for latest_only_with_trigger to 2022-10-05T11:32:23.530759+00:00, run_after=2022-10-05T15:32:23.530759+00:00
[2022-10-05 15:32:23,551] {processor.py:161} INFO - Processing /home/airflow/.local/lib/python3.7/site-packages/airflow/example_dags/example_latest_only_with_trigger.py took 0.325 seconds
[2022-10-05 15:32:54,180] {processor.py:153} INFO - Started process (PID=1683) to work on /home/airflow/.local/lib/python3.7/site-packages/airflow/example_dags/example_latest_only_with_trigger.py
[2022-10-05 15:32:54,182] {processor.py:641} INFO - Processing file /home/airflow/.local/lib/python3.7/site-packages/airflow/example_dags/example_latest_only_with_trigger.py for tasks to queue
[2022-10-05 15:32:54,184] {logging_mixin.py:115} INFO - [2022-10-05 15:32:54,184] {dagbag.py:507} INFO - Filling up the DagBag from /home/airflow/.local/lib/python3.7/site-packages/airflow/example_dags/example_latest_only_with_trigger.py
[2022-10-05 15:32:54,192] {processor.py:651} INFO - DAG(s) dict_keys(['latest_only_with_trigger']) retrieved from /home/airflow/.local/lib/python3.7/site-packages/airflow/example_dags/example_latest_only_with_trigger.py
[2022-10-05 15:32:54,248] {logging_mixin.py:115} INFO - [2022-10-05 15:32:54,248] {dag.py:2379} INFO - Sync 1 DAGs
[2022-10-05 15:32:54,428] {logging_mixin.py:115} INFO - [2022-10-05 15:32:54,428] {dag.py:2931} INFO - Setting next_dagrun for latest_only_with_trigger to 2022-10-05T11:32:54.427896+00:00, run_after=2022-10-05T15:32:54.427896+00:00
[2022-10-05 15:32:54,450] {processor.py:161} INFO - Processing /home/airflow/.local/lib/python3.7/site-packages/airflow/example_dags/example_latest_only_with_trigger.py took 0.274 seconds
[2022-10-05 15:33:24,790] {processor.py:153} INFO - Started process (PID=1740) to work on /home/airflow/.local/lib/python3.7/site-packages/airflow/example_dags/example_latest_only_with_trigger.py
[2022-10-05 15:33:24,792] {processor.py:641} INFO - Processing file /home/airflow/.local/lib/python3.7/site-packages/airflow/example_dags/example_latest_only_with_trigger.py for tasks to queue
[2022-10-05 15:33:24,794] {logging_mixin.py:115} INFO - [2022-10-05 15:33:24,794] {dagbag.py:507} INFO - Filling up the DagBag from /home/airflow/.local/lib/python3.7/site-packages/airflow/example_dags/example_latest_only_with_trigger.py
[2022-10-05 15:33:24,804] {processor.py:651} INFO - DAG(s) dict_keys(['latest_only_with_trigger']) retrieved from /home/airflow/.local/lib/python3.7/site-packages/airflow/example_dags/example_latest_only_with_trigger.py
[2022-10-05 15:33:24,852] {logging_mixin.py:115} INFO - [2022-10-05 15:33:24,852] {dag.py:2379} INFO - Sync 1 DAGs
[2022-10-05 15:33:25,054] {logging_mixin.py:115} INFO - [2022-10-05 15:33:25,054] {dag.py:2931} INFO - Setting next_dagrun for latest_only_with_trigger to 2022-10-05T11:33:25.054332+00:00, run_after=2022-10-05T15:33:25.054332+00:00
[2022-10-05 15:33:25,072] {processor.py:161} INFO - Processing /home/airflow/.local/lib/python3.7/site-packages/airflow/example_dags/example_latest_only_with_trigger.py took 0.288 seconds
[2022-10-05 15:33:55,484] {processor.py:153} INFO - Started process (PID=1805) to work on /home/airflow/.local/lib/python3.7/site-packages/airflow/example_dags/example_latest_only_with_trigger.py
[2022-10-05 15:33:55,488] {processor.py:641} INFO - Processing file /home/airflow/.local/lib/python3.7/site-packages/airflow/example_dags/example_latest_only_with_trigger.py for tasks to queue
[2022-10-05 15:33:55,491] {logging_mixin.py:115} INFO - [2022-10-05 15:33:55,490] {dagbag.py:507} INFO - Filling up the DagBag from /home/airflow/.local/lib/python3.7/site-packages/airflow/example_dags/example_latest_only_with_trigger.py
[2022-10-05 15:33:55,500] {processor.py:651} INFO - DAG(s) dict_keys(['latest_only_with_trigger']) retrieved from /home/airflow/.local/lib/python3.7/site-packages/airflow/example_dags/example_latest_only_with_trigger.py
[2022-10-05 15:33:55,545] {logging_mixin.py:115} INFO - [2022-10-05 15:33:55,544] {dag.py:2379} INFO - Sync 1 DAGs
[2022-10-05 15:33:55,762] {logging_mixin.py:115} INFO - [2022-10-05 15:33:55,762] {dag.py:2931} INFO - Setting next_dagrun for latest_only_with_trigger to 2022-10-05T11:33:55.762311+00:00, run_after=2022-10-05T15:33:55.762311+00:00
[2022-10-05 15:33:55,778] {processor.py:161} INFO - Processing /home/airflow/.local/lib/python3.7/site-packages/airflow/example_dags/example_latest_only_with_trigger.py took 0.300 seconds
[2022-10-05 15:34:26,168] {processor.py:153} INFO - Started process (PID=1861) to work on /home/airflow/.local/lib/python3.7/site-packages/airflow/example_dags/example_latest_only_with_trigger.py
[2022-10-05 15:34:26,171] {processor.py:641} INFO - Processing file /home/airflow/.local/lib/python3.7/site-packages/airflow/example_dags/example_latest_only_with_trigger.py for tasks to queue
[2022-10-05 15:34:26,172] {logging_mixin.py:115} INFO - [2022-10-05 15:34:26,172] {dagbag.py:507} INFO - Filling up the DagBag from /home/airflow/.local/lib/python3.7/site-packages/airflow/example_dags/example_latest_only_with_trigger.py
[2022-10-05 15:34:26,190] {processor.py:651} INFO - DAG(s) dict_keys(['latest_only_with_trigger']) retrieved from /home/airflow/.local/lib/python3.7/site-packages/airflow/example_dags/example_latest_only_with_trigger.py
[2022-10-05 15:34:26,259] {logging_mixin.py:115} INFO - [2022-10-05 15:34:26,259] {dag.py:2379} INFO - Sync 1 DAGs
[2022-10-05 15:34:26,461] {logging_mixin.py:115} INFO - [2022-10-05 15:34:26,461] {dag.py:2931} INFO - Setting next_dagrun for latest_only_with_trigger to 2022-10-05T11:34:26.460778+00:00, run_after=2022-10-05T15:34:26.460778+00:00
[2022-10-05 15:34:26,481] {processor.py:161} INFO - Processing /home/airflow/.local/lib/python3.7/site-packages/airflow/example_dags/example_latest_only_with_trigger.py took 0.323 seconds
[2022-10-05 15:34:56,694] {processor.py:153} INFO - Started process (PID=1925) to work on /home/airflow/.local/lib/python3.7/site-packages/airflow/example_dags/example_latest_only_with_trigger.py
[2022-10-05 15:34:56,697] {processor.py:641} INFO - Processing file /home/airflow/.local/lib/python3.7/site-packages/airflow/example_dags/example_latest_only_with_trigger.py for tasks to queue
[2022-10-05 15:34:56,698] {logging_mixin.py:115} INFO - [2022-10-05 15:34:56,698] {dagbag.py:507} INFO - Filling up the DagBag from /home/airflow/.local/lib/python3.7/site-packages/airflow/example_dags/example_latest_only_with_trigger.py
[2022-10-05 15:34:56,708] {processor.py:651} INFO - DAG(s) dict_keys(['latest_only_with_trigger']) retrieved from /home/airflow/.local/lib/python3.7/site-packages/airflow/example_dags/example_latest_only_with_trigger.py
[2022-10-05 15:34:56,765] {logging_mixin.py:115} INFO - [2022-10-05 15:34:56,764] {dag.py:2379} INFO - Sync 1 DAGs
[2022-10-05 15:34:56,954] {logging_mixin.py:115} INFO - [2022-10-05 15:34:56,954] {dag.py:2931} INFO - Setting next_dagrun for latest_only_with_trigger to 2022-10-05T11:34:56.954384+00:00, run_after=2022-10-05T15:34:56.954384+00:00
[2022-10-05 15:34:56,970] {processor.py:161} INFO - Processing /home/airflow/.local/lib/python3.7/site-packages/airflow/example_dags/example_latest_only_with_trigger.py took 0.282 seconds
[2022-10-05 15:35:27,352] {processor.py:153} INFO - Started process (PID=1985) to work on /home/airflow/.local/lib/python3.7/site-packages/airflow/example_dags/example_latest_only_with_trigger.py
[2022-10-05 15:35:27,355] {processor.py:641} INFO - Processing file /home/airflow/.local/lib/python3.7/site-packages/airflow/example_dags/example_latest_only_with_trigger.py for tasks to queue
[2022-10-05 15:35:27,357] {logging_mixin.py:115} INFO - [2022-10-05 15:35:27,357] {dagbag.py:507} INFO - Filling up the DagBag from /home/airflow/.local/lib/python3.7/site-packages/airflow/example_dags/example_latest_only_with_trigger.py
[2022-10-05 15:35:27,376] {processor.py:651} INFO - DAG(s) dict_keys(['latest_only_with_trigger']) retrieved from /home/airflow/.local/lib/python3.7/site-packages/airflow/example_dags/example_latest_only_with_trigger.py
[2022-10-05 15:35:27,451] {logging_mixin.py:115} INFO - [2022-10-05 15:35:27,451] {dag.py:2379} INFO - Sync 1 DAGs
[2022-10-05 15:35:27,677] {logging_mixin.py:115} INFO - [2022-10-05 15:35:27,677] {dag.py:2931} INFO - Setting next_dagrun for latest_only_with_trigger to 2022-10-05T11:35:27.676651+00:00, run_after=2022-10-05T15:35:27.676651+00:00
[2022-10-05 15:35:27,701] {processor.py:161} INFO - Processing /home/airflow/.local/lib/python3.7/site-packages/airflow/example_dags/example_latest_only_with_trigger.py took 0.362 seconds
[2022-10-05 15:51:17,874] {processor.py:153} INFO - Started process (PID=2038) to work on /home/airflow/.local/lib/python3.7/site-packages/airflow/example_dags/example_latest_only_with_trigger.py
[2022-10-05 15:51:17,876] {processor.py:641} INFO - Processing file /home/airflow/.local/lib/python3.7/site-packages/airflow/example_dags/example_latest_only_with_trigger.py for tasks to queue
[2022-10-05 15:51:17,879] {logging_mixin.py:115} INFO - [2022-10-05 15:51:17,879] {dagbag.py:507} INFO - Filling up the DagBag from /home/airflow/.local/lib/python3.7/site-packages/airflow/example_dags/example_latest_only_with_trigger.py
[2022-10-05 15:51:17,892] {processor.py:651} INFO - DAG(s) dict_keys(['latest_only_with_trigger']) retrieved from /home/airflow/.local/lib/python3.7/site-packages/airflow/example_dags/example_latest_only_with_trigger.py
[2022-10-05 15:51:17,961] {logging_mixin.py:115} INFO - [2022-10-05 15:51:17,961] {dag.py:2379} INFO - Sync 1 DAGs
[2022-10-05 15:51:17,997] {logging_mixin.py:115} INFO - [2022-10-05 15:51:17,997] {dag.py:2931} INFO - Setting next_dagrun for latest_only_with_trigger to 2022-10-05T11:51:17.996725+00:00, run_after=2022-10-05T15:51:17.996725+00:00
[2022-10-05 15:51:18,026] {processor.py:161} INFO - Processing /home/airflow/.local/lib/python3.7/site-packages/airflow/example_dags/example_latest_only_with_trigger.py took 0.162 seconds
[2022-10-05 15:51:48,454] {processor.py:153} INFO - Started process (PID=2094) to work on /home/airflow/.local/lib/python3.7/site-packages/airflow/example_dags/example_latest_only_with_trigger.py
[2022-10-05 15:51:48,455] {processor.py:641} INFO - Processing file /home/airflow/.local/lib/python3.7/site-packages/airflow/example_dags/example_latest_only_with_trigger.py for tasks to queue
[2022-10-05 15:51:48,456] {logging_mixin.py:115} INFO - [2022-10-05 15:51:48,456] {dagbag.py:507} INFO - Filling up the DagBag from /home/airflow/.local/lib/python3.7/site-packages/airflow/example_dags/example_latest_only_with_trigger.py
[2022-10-05 15:51:48,464] {processor.py:651} INFO - DAG(s) dict_keys(['latest_only_with_trigger']) retrieved from /home/airflow/.local/lib/python3.7/site-packages/airflow/example_dags/example_latest_only_with_trigger.py
[2022-10-05 15:51:48,495] {logging_mixin.py:115} INFO - [2022-10-05 15:51:48,495] {dag.py:2379} INFO - Sync 1 DAGs
[2022-10-05 15:51:48,517] {logging_mixin.py:115} INFO - [2022-10-05 15:51:48,517] {dag.py:2931} INFO - Setting next_dagrun for latest_only_with_trigger to 2022-10-05T11:51:48.517208+00:00, run_after=2022-10-05T15:51:48.517208+00:00
[2022-10-05 15:51:48,541] {processor.py:161} INFO - Processing /home/airflow/.local/lib/python3.7/site-packages/airflow/example_dags/example_latest_only_with_trigger.py took 0.092 seconds
[2022-10-05 15:52:18,949] {processor.py:153} INFO - Started process (PID=2159) to work on /home/airflow/.local/lib/python3.7/site-packages/airflow/example_dags/example_latest_only_with_trigger.py
[2022-10-05 15:52:18,951] {processor.py:641} INFO - Processing file /home/airflow/.local/lib/python3.7/site-packages/airflow/example_dags/example_latest_only_with_trigger.py for tasks to queue
[2022-10-05 15:52:18,953] {logging_mixin.py:115} INFO - [2022-10-05 15:52:18,953] {dagbag.py:507} INFO - Filling up the DagBag from /home/airflow/.local/lib/python3.7/site-packages/airflow/example_dags/example_latest_only_with_trigger.py
[2022-10-05 15:52:18,961] {processor.py:651} INFO - DAG(s) dict_keys(['latest_only_with_trigger']) retrieved from /home/airflow/.local/lib/python3.7/site-packages/airflow/example_dags/example_latest_only_with_trigger.py
[2022-10-05 15:52:18,994] {logging_mixin.py:115} INFO - [2022-10-05 15:52:18,994] {dag.py:2379} INFO - Sync 1 DAGs
[2022-10-05 15:52:19,017] {logging_mixin.py:115} INFO - [2022-10-05 15:52:19,017] {dag.py:2931} INFO - Setting next_dagrun for latest_only_with_trigger to 2022-10-05T11:52:19.016901+00:00, run_after=2022-10-05T15:52:19.016901+00:00
[2022-10-05 15:52:19,037] {processor.py:161} INFO - Processing /home/airflow/.local/lib/python3.7/site-packages/airflow/example_dags/example_latest_only_with_trigger.py took 0.092 seconds
[2022-10-05 15:52:49,316] {processor.py:153} INFO - Started process (PID=2224) to work on /home/airflow/.local/lib/python3.7/site-packages/airflow/example_dags/example_latest_only_with_trigger.py
[2022-10-05 15:52:49,317] {processor.py:641} INFO - Processing file /home/airflow/.local/lib/python3.7/site-packages/airflow/example_dags/example_latest_only_with_trigger.py for tasks to queue
[2022-10-05 15:52:49,318] {logging_mixin.py:115} INFO - [2022-10-05 15:52:49,318] {dagbag.py:507} INFO - Filling up the DagBag from /home/airflow/.local/lib/python3.7/site-packages/airflow/example_dags/example_latest_only_with_trigger.py
[2022-10-05 15:52:49,326] {processor.py:651} INFO - DAG(s) dict_keys(['latest_only_with_trigger']) retrieved from /home/airflow/.local/lib/python3.7/site-packages/airflow/example_dags/example_latest_only_with_trigger.py
[2022-10-05 15:52:49,358] {logging_mixin.py:115} INFO - [2022-10-05 15:52:49,358] {dag.py:2379} INFO - Sync 1 DAGs
[2022-10-05 15:52:49,381] {logging_mixin.py:115} INFO - [2022-10-05 15:52:49,381] {dag.py:2931} INFO - Setting next_dagrun for latest_only_with_trigger to 2022-10-05T11:52:49.381157+00:00, run_after=2022-10-05T15:52:49.381157+00:00
[2022-10-05 15:52:49,400] {processor.py:161} INFO - Processing /home/airflow/.local/lib/python3.7/site-packages/airflow/example_dags/example_latest_only_with_trigger.py took 0.089 seconds
[2022-10-05 15:53:19,712] {processor.py:153} INFO - Started process (PID=2280) to work on /home/airflow/.local/lib/python3.7/site-packages/airflow/example_dags/example_latest_only_with_trigger.py
[2022-10-05 15:53:19,717] {processor.py:641} INFO - Processing file /home/airflow/.local/lib/python3.7/site-packages/airflow/example_dags/example_latest_only_with_trigger.py for tasks to queue
[2022-10-05 15:53:19,723] {logging_mixin.py:115} INFO - [2022-10-05 15:53:19,723] {dagbag.py:507} INFO - Filling up the DagBag from /home/airflow/.local/lib/python3.7/site-packages/airflow/example_dags/example_latest_only_with_trigger.py
[2022-10-05 15:53:19,733] {processor.py:651} INFO - DAG(s) dict_keys(['latest_only_with_trigger']) retrieved from /home/airflow/.local/lib/python3.7/site-packages/airflow/example_dags/example_latest_only_with_trigger.py
[2022-10-05 15:53:19,772] {logging_mixin.py:115} INFO - [2022-10-05 15:53:19,772] {dag.py:2379} INFO - Sync 1 DAGs
[2022-10-05 15:53:19,800] {logging_mixin.py:115} INFO - [2022-10-05 15:53:19,800] {dag.py:2931} INFO - Setting next_dagrun for latest_only_with_trigger to 2022-10-05T11:53:19.800463+00:00, run_after=2022-10-05T15:53:19.800463+00:00
[2022-10-05 15:53:19,816] {processor.py:161} INFO - Processing /home/airflow/.local/lib/python3.7/site-packages/airflow/example_dags/example_latest_only_with_trigger.py took 0.110 seconds
[2022-10-05 15:53:50,194] {processor.py:153} INFO - Started process (PID=2345) to work on /home/airflow/.local/lib/python3.7/site-packages/airflow/example_dags/example_latest_only_with_trigger.py
[2022-10-05 15:53:50,197] {processor.py:641} INFO - Processing file /home/airflow/.local/lib/python3.7/site-packages/airflow/example_dags/example_latest_only_with_trigger.py for tasks to queue
[2022-10-05 15:53:50,198] {logging_mixin.py:115} INFO - [2022-10-05 15:53:50,198] {dagbag.py:507} INFO - Filling up the DagBag from /home/airflow/.local/lib/python3.7/site-packages/airflow/example_dags/example_latest_only_with_trigger.py
[2022-10-05 15:53:50,207] {processor.py:651} INFO - DAG(s) dict_keys(['latest_only_with_trigger']) retrieved from /home/airflow/.local/lib/python3.7/site-packages/airflow/example_dags/example_latest_only_with_trigger.py
[2022-10-05 15:53:50,240] {logging_mixin.py:115} INFO - [2022-10-05 15:53:50,240] {dag.py:2379} INFO - Sync 1 DAGs
[2022-10-05 15:53:50,262] {logging_mixin.py:115} INFO - [2022-10-05 15:53:50,262] {dag.py:2931} INFO - Setting next_dagrun for latest_only_with_trigger to 2022-10-05T11:53:50.262291+00:00, run_after=2022-10-05T15:53:50.262291+00:00
[2022-10-05 15:53:50,280] {processor.py:161} INFO - Processing /home/airflow/.local/lib/python3.7/site-packages/airflow/example_dags/example_latest_only_with_trigger.py took 0.091 seconds
[2022-10-05 16:01:51,235] {processor.py:153} INFO - Started process (PID=2378) to work on /home/airflow/.local/lib/python3.7/site-packages/airflow/example_dags/example_latest_only_with_trigger.py
[2022-10-05 16:01:51,237] {processor.py:641} INFO - Processing file /home/airflow/.local/lib/python3.7/site-packages/airflow/example_dags/example_latest_only_with_trigger.py for tasks to queue
[2022-10-05 16:01:51,239] {logging_mixin.py:115} INFO - [2022-10-05 16:01:51,238] {dagbag.py:507} INFO - Filling up the DagBag from /home/airflow/.local/lib/python3.7/site-packages/airflow/example_dags/example_latest_only_with_trigger.py
[2022-10-05 16:01:51,250] {processor.py:651} INFO - DAG(s) dict_keys(['latest_only_with_trigger']) retrieved from /home/airflow/.local/lib/python3.7/site-packages/airflow/example_dags/example_latest_only_with_trigger.py
[2022-10-05 16:01:51,298] {logging_mixin.py:115} INFO - [2022-10-05 16:01:51,298] {dag.py:2379} INFO - Sync 1 DAGs
[2022-10-05 16:01:51,337] {logging_mixin.py:115} INFO - [2022-10-05 16:01:51,336] {dag.py:2931} INFO - Setting next_dagrun for latest_only_with_trigger to 2022-10-05T12:01:51.336472+00:00, run_after=2022-10-05T16:01:51.336472+00:00
[2022-10-05 16:01:51,374] {processor.py:161} INFO - Processing /home/airflow/.local/lib/python3.7/site-packages/airflow/example_dags/example_latest_only_with_trigger.py took 0.146 seconds
[2022-10-05 16:03:20,500] {processor.py:153} INFO - Started process (PID=2424) to work on /home/airflow/.local/lib/python3.7/site-packages/airflow/example_dags/example_latest_only_with_trigger.py
[2022-10-05 16:03:20,501] {processor.py:641} INFO - Processing file /home/airflow/.local/lib/python3.7/site-packages/airflow/example_dags/example_latest_only_with_trigger.py for tasks to queue
[2022-10-05 16:03:20,503] {logging_mixin.py:115} INFO - [2022-10-05 16:03:20,503] {dagbag.py:507} INFO - Filling up the DagBag from /home/airflow/.local/lib/python3.7/site-packages/airflow/example_dags/example_latest_only_with_trigger.py
[2022-10-05 16:03:20,534] {processor.py:651} INFO - DAG(s) dict_keys(['latest_only_with_trigger']) retrieved from /home/airflow/.local/lib/python3.7/site-packages/airflow/example_dags/example_latest_only_with_trigger.py
[2022-10-05 16:03:20,623] {logging_mixin.py:115} INFO - [2022-10-05 16:03:20,622] {dag.py:2379} INFO - Sync 1 DAGs
[2022-10-05 16:03:20,703] {logging_mixin.py:115} INFO - [2022-10-05 16:03:20,703] {dag.py:2931} INFO - Setting next_dagrun for latest_only_with_trigger to 2022-10-05T12:03:20.702995+00:00, run_after=2022-10-05T16:03:20.702995+00:00
[2022-10-05 16:03:20,793] {processor.py:161} INFO - Processing /home/airflow/.local/lib/python3.7/site-packages/airflow/example_dags/example_latest_only_with_trigger.py took 0.303 seconds
[2022-10-05 16:14:14,037] {processor.py:153} INFO - Started process (PID=2463) to work on /home/airflow/.local/lib/python3.7/site-packages/airflow/example_dags/example_latest_only_with_trigger.py
[2022-10-05 16:14:14,040] {processor.py:641} INFO - Processing file /home/airflow/.local/lib/python3.7/site-packages/airflow/example_dags/example_latest_only_with_trigger.py for tasks to queue
[2022-10-05 16:14:14,042] {logging_mixin.py:115} INFO - [2022-10-05 16:14:14,042] {dagbag.py:507} INFO - Filling up the DagBag from /home/airflow/.local/lib/python3.7/site-packages/airflow/example_dags/example_latest_only_with_trigger.py
[2022-10-05 16:14:14,064] {processor.py:651} INFO - DAG(s) dict_keys(['latest_only_with_trigger']) retrieved from /home/airflow/.local/lib/python3.7/site-packages/airflow/example_dags/example_latest_only_with_trigger.py
[2022-10-05 16:14:14,123] {logging_mixin.py:115} INFO - [2022-10-05 16:14:14,122] {dag.py:2379} INFO - Sync 1 DAGs
[2022-10-05 16:14:14,180] {logging_mixin.py:115} INFO - [2022-10-05 16:14:14,180] {dag.py:2931} INFO - Setting next_dagrun for latest_only_with_trigger to 2022-10-05T12:14:14.172195+00:00, run_after=2022-10-05T16:14:14.172195+00:00
[2022-10-05 16:14:14,249] {processor.py:161} INFO - Processing /home/airflow/.local/lib/python3.7/site-packages/airflow/example_dags/example_latest_only_with_trigger.py took 0.221 seconds
[2022-10-05 16:15:18,480] {processor.py:153} INFO - Started process (PID=2510) to work on /home/airflow/.local/lib/python3.7/site-packages/airflow/example_dags/example_latest_only_with_trigger.py
[2022-10-05 16:15:18,482] {processor.py:641} INFO - Processing file /home/airflow/.local/lib/python3.7/site-packages/airflow/example_dags/example_latest_only_with_trigger.py for tasks to queue
[2022-10-05 16:15:18,483] {logging_mixin.py:115} INFO - [2022-10-05 16:15:18,483] {dagbag.py:507} INFO - Filling up the DagBag from /home/airflow/.local/lib/python3.7/site-packages/airflow/example_dags/example_latest_only_with_trigger.py
[2022-10-05 16:15:18,503] {processor.py:651} INFO - DAG(s) dict_keys(['latest_only_with_trigger']) retrieved from /home/airflow/.local/lib/python3.7/site-packages/airflow/example_dags/example_latest_only_with_trigger.py
[2022-10-05 16:15:18,562] {logging_mixin.py:115} INFO - [2022-10-05 16:15:18,562] {dag.py:2379} INFO - Sync 1 DAGs
[2022-10-05 16:15:18,602] {logging_mixin.py:115} INFO - [2022-10-05 16:15:18,602] {dag.py:2931} INFO - Setting next_dagrun for latest_only_with_trigger to 2022-10-05T12:15:18.601710+00:00, run_after=2022-10-05T16:15:18.601710+00:00
[2022-10-05 16:15:18,623] {processor.py:161} INFO - Processing /home/airflow/.local/lib/python3.7/site-packages/airflow/example_dags/example_latest_only_with_trigger.py took 0.147 seconds
[2022-10-05 16:16:51,066] {processor.py:153} INFO - Started process (PID=2555) to work on /home/airflow/.local/lib/python3.7/site-packages/airflow/example_dags/example_latest_only_with_trigger.py
[2022-10-05 16:16:51,067] {processor.py:641} INFO - Processing file /home/airflow/.local/lib/python3.7/site-packages/airflow/example_dags/example_latest_only_with_trigger.py for tasks to queue
[2022-10-05 16:16:51,068] {logging_mixin.py:115} INFO - [2022-10-05 16:16:51,068] {dagbag.py:507} INFO - Filling up the DagBag from /home/airflow/.local/lib/python3.7/site-packages/airflow/example_dags/example_latest_only_with_trigger.py
[2022-10-05 16:16:51,082] {processor.py:651} INFO - DAG(s) dict_keys(['latest_only_with_trigger']) retrieved from /home/airflow/.local/lib/python3.7/site-packages/airflow/example_dags/example_latest_only_with_trigger.py
[2022-10-05 16:16:51,134] {logging_mixin.py:115} INFO - [2022-10-05 16:16:51,134] {dag.py:2379} INFO - Sync 1 DAGs
[2022-10-05 16:16:51,168] {logging_mixin.py:115} INFO - [2022-10-05 16:16:51,168] {dag.py:2931} INFO - Setting next_dagrun for latest_only_with_trigger to 2022-10-05T12:16:51.167707+00:00, run_after=2022-10-05T16:16:51.167707+00:00
[2022-10-05 16:16:51,204] {processor.py:161} INFO - Processing /home/airflow/.local/lib/python3.7/site-packages/airflow/example_dags/example_latest_only_with_trigger.py took 0.142 seconds
[2022-10-05 16:18:33,629] {processor.py:153} INFO - Started process (PID=2604) to work on /home/airflow/.local/lib/python3.7/site-packages/airflow/example_dags/example_latest_only_with_trigger.py
[2022-10-05 16:18:33,631] {processor.py:641} INFO - Processing file /home/airflow/.local/lib/python3.7/site-packages/airflow/example_dags/example_latest_only_with_trigger.py for tasks to queue
[2022-10-05 16:18:33,634] {logging_mixin.py:115} INFO - [2022-10-05 16:18:33,634] {dagbag.py:507} INFO - Filling up the DagBag from /home/airflow/.local/lib/python3.7/site-packages/airflow/example_dags/example_latest_only_with_trigger.py
[2022-10-05 16:18:33,650] {processor.py:651} INFO - DAG(s) dict_keys(['latest_only_with_trigger']) retrieved from /home/airflow/.local/lib/python3.7/site-packages/airflow/example_dags/example_latest_only_with_trigger.py
[2022-10-05 16:18:33,724] {logging_mixin.py:115} INFO - [2022-10-05 16:18:33,724] {dag.py:2379} INFO - Sync 1 DAGs
[2022-10-05 16:18:33,778] {logging_mixin.py:115} INFO - [2022-10-05 16:18:33,778] {dag.py:2931} INFO - Setting next_dagrun for latest_only_with_trigger to 2022-10-05T12:18:33.778468+00:00, run_after=2022-10-05T16:18:33.778468+00:00
[2022-10-05 16:18:33,811] {processor.py:161} INFO - Processing /home/airflow/.local/lib/python3.7/site-packages/airflow/example_dags/example_latest_only_with_trigger.py took 0.193 seconds
[2022-10-05 18:02:51,931] {processor.py:153} INFO - Started process (PID=2652) to work on /home/airflow/.local/lib/python3.7/site-packages/airflow/example_dags/example_latest_only_with_trigger.py
[2022-10-05 18:02:51,948] {processor.py:641} INFO - Processing file /home/airflow/.local/lib/python3.7/site-packages/airflow/example_dags/example_latest_only_with_trigger.py for tasks to queue
[2022-10-05 18:02:51,955] {logging_mixin.py:115} INFO - [2022-10-05 18:02:51,955] {dagbag.py:507} INFO - Filling up the DagBag from /home/airflow/.local/lib/python3.7/site-packages/airflow/example_dags/example_latest_only_with_trigger.py
[2022-10-05 18:02:51,991] {processor.py:651} INFO - DAG(s) dict_keys(['latest_only_with_trigger']) retrieved from /home/airflow/.local/lib/python3.7/site-packages/airflow/example_dags/example_latest_only_with_trigger.py
[2022-10-05 18:02:52,056] {logging_mixin.py:115} INFO - [2022-10-05 18:02:52,055] {dag.py:2379} INFO - Sync 1 DAGs
[2022-10-05 18:02:52,099] {logging_mixin.py:115} INFO - [2022-10-05 18:02:52,098] {dag.py:2931} INFO - Setting next_dagrun for latest_only_with_trigger to 2022-10-05T14:02:52.098192+00:00, run_after=2022-10-05T18:02:52.098192+00:00
[2022-10-05 18:02:52,135] {processor.py:161} INFO - Processing /home/airflow/.local/lib/python3.7/site-packages/airflow/example_dags/example_latest_only_with_trigger.py took 0.225 seconds
[2022-10-05 20:03:24,072] {processor.py:153} INFO - Started process (PID=2699) to work on /home/airflow/.local/lib/python3.7/site-packages/airflow/example_dags/example_latest_only_with_trigger.py
[2022-10-05 20:03:24,079] {processor.py:641} INFO - Processing file /home/airflow/.local/lib/python3.7/site-packages/airflow/example_dags/example_latest_only_with_trigger.py for tasks to queue
[2022-10-05 20:03:24,081] {logging_mixin.py:115} INFO - [2022-10-05 20:03:24,081] {dagbag.py:507} INFO - Filling up the DagBag from /home/airflow/.local/lib/python3.7/site-packages/airflow/example_dags/example_latest_only_with_trigger.py
[2022-10-05 20:03:24,099] {processor.py:651} INFO - DAG(s) dict_keys(['latest_only_with_trigger']) retrieved from /home/airflow/.local/lib/python3.7/site-packages/airflow/example_dags/example_latest_only_with_trigger.py
[2022-10-05 20:03:24,185] {logging_mixin.py:115} INFO - [2022-10-05 20:03:24,185] {dag.py:2379} INFO - Sync 1 DAGs
[2022-10-05 20:03:24,260] {logging_mixin.py:115} INFO - [2022-10-05 20:03:24,260] {dag.py:2931} INFO - Setting next_dagrun for latest_only_with_trigger to 2022-10-05T16:03:24.259461+00:00, run_after=2022-10-05T20:03:24.259461+00:00
[2022-10-05 20:03:24,287] {processor.py:161} INFO - Processing /home/airflow/.local/lib/python3.7/site-packages/airflow/example_dags/example_latest_only_with_trigger.py took 0.223 seconds
