[2022-10-05 15:17:59,277] {processor.py:153} INFO - Started process (PID=122) to work on /home/airflow/.local/lib/python3.7/site-packages/airflow/example_dags/example_time_delta_sensor_async.py
[2022-10-05 15:17:59,286] {processor.py:641} INFO - Processing file /home/airflow/.local/lib/python3.7/site-packages/airflow/example_dags/example_time_delta_sensor_async.py for tasks to queue
[2022-10-05 15:17:59,293] {logging_mixin.py:115} INFO - [2022-10-05 15:17:59,293] {dagbag.py:507} INFO - Filling up the DagBag from /home/airflow/.local/lib/python3.7/site-packages/airflow/example_dags/example_time_delta_sensor_async.py
[2022-10-05 15:17:59,349] {processor.py:651} INFO - DAG(s) dict_keys(['example_time_delta_sensor_async']) retrieved from /home/airflow/.local/lib/python3.7/site-packages/airflow/example_dags/example_time_delta_sensor_async.py
[2022-10-05 15:18:08,788] {logging_mixin.py:115} INFO - [2022-10-05 15:18:08,781] {native_type_compatibility.py:250} INFO - Using Any for unsupported type: typing.Sequence[~T]
[2022-10-05 15:18:16,015] {logging_mixin.py:115} INFO - [2022-10-05 15:18:16,015] {manager.py:508} INFO - Created Permission View: can delete on DAG:example_time_delta_sensor_async
[2022-10-05 15:18:16,043] {logging_mixin.py:115} INFO - [2022-10-05 15:18:16,042] {manager.py:508} INFO - Created Permission View: can edit on DAG:example_time_delta_sensor_async
[2022-10-05 15:18:16,075] {logging_mixin.py:115} INFO - [2022-10-05 15:18:16,074] {manager.py:508} INFO - Created Permission View: can read on DAG:example_time_delta_sensor_async
[2022-10-05 15:18:16,077] {logging_mixin.py:115} INFO - [2022-10-05 15:18:16,076] {dag.py:2379} INFO - Sync 1 DAGs
[2022-10-05 15:18:16,108] {logging_mixin.py:115} INFO - [2022-10-05 15:18:16,107] {dag.py:2398} INFO - Creating ORM DAG for example_time_delta_sensor_async
[2022-10-05 15:18:16,140] {logging_mixin.py:115} INFO - [2022-10-05 15:18:16,140] {dag.py:2931} INFO - Setting next_dagrun for example_time_delta_sensor_async to None, run_after=None
[2022-10-05 15:18:16,185] {processor.py:161} INFO - Processing /home/airflow/.local/lib/python3.7/site-packages/airflow/example_dags/example_time_delta_sensor_async.py took 16.967 seconds
[2022-10-05 15:18:55,801] {processor.py:153} INFO - Started process (PID=185) to work on /home/airflow/.local/lib/python3.7/site-packages/airflow/example_dags/example_time_delta_sensor_async.py
[2022-10-05 15:18:55,815] {processor.py:641} INFO - Processing file /home/airflow/.local/lib/python3.7/site-packages/airflow/example_dags/example_time_delta_sensor_async.py for tasks to queue
[2022-10-05 15:18:55,823] {logging_mixin.py:115} INFO - [2022-10-05 15:18:55,822] {dagbag.py:507} INFO - Filling up the DagBag from /home/airflow/.local/lib/python3.7/site-packages/airflow/example_dags/example_time_delta_sensor_async.py
[2022-10-05 15:18:55,925] {processor.py:651} INFO - DAG(s) dict_keys(['example_time_delta_sensor_async']) retrieved from /home/airflow/.local/lib/python3.7/site-packages/airflow/example_dags/example_time_delta_sensor_async.py
[2022-10-05 15:19:07,401] {logging_mixin.py:115} INFO - [2022-10-05 15:19:07,399] {native_type_compatibility.py:250} INFO - Using Any for unsupported type: typing.Sequence[~T]
[2022-10-05 15:19:12,841] {logging_mixin.py:115} INFO - [2022-10-05 15:19:12,840] {dag.py:2379} INFO - Sync 1 DAGs
[2022-10-05 15:19:13,030] {logging_mixin.py:115} INFO - [2022-10-05 15:19:13,029] {dag.py:2931} INFO - Setting next_dagrun for example_time_delta_sensor_async to None, run_after=None
[2022-10-05 15:19:13,123] {processor.py:161} INFO - Processing /home/airflow/.local/lib/python3.7/site-packages/airflow/example_dags/example_time_delta_sensor_async.py took 17.375 seconds
[2022-10-05 15:19:57,095] {processor.py:153} INFO - Started process (PID=248) to work on /home/airflow/.local/lib/python3.7/site-packages/airflow/example_dags/example_time_delta_sensor_async.py
[2022-10-05 15:19:57,102] {processor.py:641} INFO - Processing file /home/airflow/.local/lib/python3.7/site-packages/airflow/example_dags/example_time_delta_sensor_async.py for tasks to queue
[2022-10-05 15:19:57,110] {logging_mixin.py:115} INFO - [2022-10-05 15:19:57,109] {dagbag.py:507} INFO - Filling up the DagBag from /home/airflow/.local/lib/python3.7/site-packages/airflow/example_dags/example_time_delta_sensor_async.py
[2022-10-05 15:19:57,163] {processor.py:651} INFO - DAG(s) dict_keys(['example_time_delta_sensor_async']) retrieved from /home/airflow/.local/lib/python3.7/site-packages/airflow/example_dags/example_time_delta_sensor_async.py
[2022-10-05 15:20:01,643] {logging_mixin.py:115} INFO - [2022-10-05 15:20:01,642] {native_type_compatibility.py:250} INFO - Using Any for unsupported type: typing.Sequence[~T]
[2022-10-05 15:20:05,957] {logging_mixin.py:115} INFO - [2022-10-05 15:20:05,956] {dag.py:2379} INFO - Sync 1 DAGs
[2022-10-05 15:20:06,105] {logging_mixin.py:115} INFO - [2022-10-05 15:20:06,104] {dag.py:2931} INFO - Setting next_dagrun for example_time_delta_sensor_async to None, run_after=None
[2022-10-05 15:20:06,217] {processor.py:161} INFO - Processing /home/airflow/.local/lib/python3.7/site-packages/airflow/example_dags/example_time_delta_sensor_async.py took 9.168 seconds
[2022-10-05 15:20:36,957] {processor.py:153} INFO - Started process (PID=306) to work on /home/airflow/.local/lib/python3.7/site-packages/airflow/example_dags/example_time_delta_sensor_async.py
[2022-10-05 15:20:36,963] {processor.py:641} INFO - Processing file /home/airflow/.local/lib/python3.7/site-packages/airflow/example_dags/example_time_delta_sensor_async.py for tasks to queue
[2022-10-05 15:20:36,978] {logging_mixin.py:115} INFO - [2022-10-05 15:20:36,977] {dagbag.py:507} INFO - Filling up the DagBag from /home/airflow/.local/lib/python3.7/site-packages/airflow/example_dags/example_time_delta_sensor_async.py
[2022-10-05 15:20:37,011] {processor.py:651} INFO - DAG(s) dict_keys(['example_time_delta_sensor_async']) retrieved from /home/airflow/.local/lib/python3.7/site-packages/airflow/example_dags/example_time_delta_sensor_async.py
[2022-10-05 15:20:41,262] {logging_mixin.py:115} INFO - [2022-10-05 15:20:41,261] {native_type_compatibility.py:250} INFO - Using Any for unsupported type: typing.Sequence[~T]
[2022-10-05 15:20:47,182] {logging_mixin.py:115} INFO - [2022-10-05 15:20:47,176] {dag.py:2379} INFO - Sync 1 DAGs
[2022-10-05 15:20:47,285] {logging_mixin.py:115} INFO - [2022-10-05 15:20:47,284] {dag.py:2931} INFO - Setting next_dagrun for example_time_delta_sensor_async to None, run_after=None
[2022-10-05 15:20:47,333] {processor.py:161} INFO - Processing /home/airflow/.local/lib/python3.7/site-packages/airflow/example_dags/example_time_delta_sensor_async.py took 10.400 seconds
[2022-10-05 15:21:21,099] {processor.py:153} INFO - Started process (PID=368) to work on /home/airflow/.local/lib/python3.7/site-packages/airflow/example_dags/example_time_delta_sensor_async.py
[2022-10-05 15:21:21,117] {processor.py:641} INFO - Processing file /home/airflow/.local/lib/python3.7/site-packages/airflow/example_dags/example_time_delta_sensor_async.py for tasks to queue
[2022-10-05 15:21:21,126] {logging_mixin.py:115} INFO - [2022-10-05 15:21:21,125] {dagbag.py:507} INFO - Filling up the DagBag from /home/airflow/.local/lib/python3.7/site-packages/airflow/example_dags/example_time_delta_sensor_async.py
[2022-10-05 15:21:21,188] {processor.py:651} INFO - DAG(s) dict_keys(['example_time_delta_sensor_async']) retrieved from /home/airflow/.local/lib/python3.7/site-packages/airflow/example_dags/example_time_delta_sensor_async.py
[2022-10-05 15:21:27,038] {logging_mixin.py:115} INFO - [2022-10-05 15:21:27,037] {native_type_compatibility.py:250} INFO - Using Any for unsupported type: typing.Sequence[~T]
[2022-10-05 15:21:30,226] {logging_mixin.py:115} INFO - [2022-10-05 15:21:30,225] {dag.py:2379} INFO - Sync 1 DAGs
[2022-10-05 15:21:30,363] {logging_mixin.py:115} INFO - [2022-10-05 15:21:30,362] {dag.py:2931} INFO - Setting next_dagrun for example_time_delta_sensor_async to None, run_after=None
[2022-10-05 15:21:30,431] {processor.py:161} INFO - Processing /home/airflow/.local/lib/python3.7/site-packages/airflow/example_dags/example_time_delta_sensor_async.py took 9.353 seconds
[2022-10-05 15:22:01,024] {processor.py:153} INFO - Started process (PID=427) to work on /home/airflow/.local/lib/python3.7/site-packages/airflow/example_dags/example_time_delta_sensor_async.py
[2022-10-05 15:22:01,026] {processor.py:641} INFO - Processing file /home/airflow/.local/lib/python3.7/site-packages/airflow/example_dags/example_time_delta_sensor_async.py for tasks to queue
[2022-10-05 15:22:01,029] {logging_mixin.py:115} INFO - [2022-10-05 15:22:01,029] {dagbag.py:507} INFO - Filling up the DagBag from /home/airflow/.local/lib/python3.7/site-packages/airflow/example_dags/example_time_delta_sensor_async.py
[2022-10-05 15:22:01,039] {processor.py:651} INFO - DAG(s) dict_keys(['example_time_delta_sensor_async']) retrieved from /home/airflow/.local/lib/python3.7/site-packages/airflow/example_dags/example_time_delta_sensor_async.py
[2022-10-05 15:22:02,098] {logging_mixin.py:115} INFO - [2022-10-05 15:22:02,098] {native_type_compatibility.py:250} INFO - Using Any for unsupported type: typing.Sequence[~T]
[2022-10-05 15:22:02,834] {logging_mixin.py:115} INFO - [2022-10-05 15:22:02,834] {dag.py:2379} INFO - Sync 1 DAGs
[2022-10-05 15:22:02,876] {logging_mixin.py:115} INFO - [2022-10-05 15:22:02,876] {dag.py:2931} INFO - Setting next_dagrun for example_time_delta_sensor_async to None, run_after=None
[2022-10-05 15:22:02,900] {processor.py:161} INFO - Processing /home/airflow/.local/lib/python3.7/site-packages/airflow/example_dags/example_time_delta_sensor_async.py took 1.881 seconds
[2022-10-05 15:22:33,055] {processor.py:153} INFO - Started process (PID=494) to work on /home/airflow/.local/lib/python3.7/site-packages/airflow/example_dags/example_time_delta_sensor_async.py
[2022-10-05 15:22:33,058] {processor.py:641} INFO - Processing file /home/airflow/.local/lib/python3.7/site-packages/airflow/example_dags/example_time_delta_sensor_async.py for tasks to queue
[2022-10-05 15:22:33,062] {logging_mixin.py:115} INFO - [2022-10-05 15:22:33,061] {dagbag.py:507} INFO - Filling up the DagBag from /home/airflow/.local/lib/python3.7/site-packages/airflow/example_dags/example_time_delta_sensor_async.py
[2022-10-05 15:22:33,074] {processor.py:651} INFO - DAG(s) dict_keys(['example_time_delta_sensor_async']) retrieved from /home/airflow/.local/lib/python3.7/site-packages/airflow/example_dags/example_time_delta_sensor_async.py
[2022-10-05 15:22:33,996] {logging_mixin.py:115} INFO - [2022-10-05 15:22:33,996] {native_type_compatibility.py:250} INFO - Using Any for unsupported type: typing.Sequence[~T]
[2022-10-05 15:22:34,625] {logging_mixin.py:115} INFO - [2022-10-05 15:22:34,625] {dag.py:2379} INFO - Sync 1 DAGs
[2022-10-05 15:22:34,781] {logging_mixin.py:115} INFO - [2022-10-05 15:22:34,781] {dag.py:2931} INFO - Setting next_dagrun for example_time_delta_sensor_async to None, run_after=None
[2022-10-05 15:22:34,799] {processor.py:161} INFO - Processing /home/airflow/.local/lib/python3.7/site-packages/airflow/example_dags/example_time_delta_sensor_async.py took 1.779 seconds
[2022-10-05 15:23:05,278] {processor.py:153} INFO - Started process (PID=552) to work on /home/airflow/.local/lib/python3.7/site-packages/airflow/example_dags/example_time_delta_sensor_async.py
[2022-10-05 15:23:05,286] {processor.py:641} INFO - Processing file /home/airflow/.local/lib/python3.7/site-packages/airflow/example_dags/example_time_delta_sensor_async.py for tasks to queue
[2022-10-05 15:23:05,289] {logging_mixin.py:115} INFO - [2022-10-05 15:23:05,289] {dagbag.py:507} INFO - Filling up the DagBag from /home/airflow/.local/lib/python3.7/site-packages/airflow/example_dags/example_time_delta_sensor_async.py
[2022-10-05 15:23:05,316] {processor.py:651} INFO - DAG(s) dict_keys(['example_time_delta_sensor_async']) retrieved from /home/airflow/.local/lib/python3.7/site-packages/airflow/example_dags/example_time_delta_sensor_async.py
[2022-10-05 15:23:06,592] {logging_mixin.py:115} INFO - [2022-10-05 15:23:06,591] {native_type_compatibility.py:250} INFO - Using Any for unsupported type: typing.Sequence[~T]
[2022-10-05 15:23:08,157] {logging_mixin.py:115} INFO - [2022-10-05 15:23:08,157] {dag.py:2379} INFO - Sync 1 DAGs
[2022-10-05 15:23:08,515] {logging_mixin.py:115} INFO - [2022-10-05 15:23:08,515] {dag.py:2931} INFO - Setting next_dagrun for example_time_delta_sensor_async to None, run_after=None
[2022-10-05 15:23:08,573] {processor.py:161} INFO - Processing /home/airflow/.local/lib/python3.7/site-packages/airflow/example_dags/example_time_delta_sensor_async.py took 3.315 seconds
[2022-10-05 15:23:39,279] {processor.py:153} INFO - Started process (PID=617) to work on /home/airflow/.local/lib/python3.7/site-packages/airflow/example_dags/example_time_delta_sensor_async.py
[2022-10-05 15:23:39,283] {processor.py:641} INFO - Processing file /home/airflow/.local/lib/python3.7/site-packages/airflow/example_dags/example_time_delta_sensor_async.py for tasks to queue
[2022-10-05 15:23:39,287] {logging_mixin.py:115} INFO - [2022-10-05 15:23:39,287] {dagbag.py:507} INFO - Filling up the DagBag from /home/airflow/.local/lib/python3.7/site-packages/airflow/example_dags/example_time_delta_sensor_async.py
[2022-10-05 15:23:39,305] {processor.py:651} INFO - DAG(s) dict_keys(['example_time_delta_sensor_async']) retrieved from /home/airflow/.local/lib/python3.7/site-packages/airflow/example_dags/example_time_delta_sensor_async.py
[2022-10-05 15:23:42,265] {logging_mixin.py:115} INFO - [2022-10-05 15:23:42,259] {native_type_compatibility.py:250} INFO - Using Any for unsupported type: typing.Sequence[~T]
[2022-10-05 15:23:44,534] {logging_mixin.py:115} INFO - [2022-10-05 15:23:44,533] {dag.py:2379} INFO - Sync 1 DAGs
[2022-10-05 15:23:44,860] {logging_mixin.py:115} INFO - [2022-10-05 15:23:44,860] {dag.py:2931} INFO - Setting next_dagrun for example_time_delta_sensor_async to None, run_after=None
[2022-10-05 15:23:44,899] {processor.py:161} INFO - Processing /home/airflow/.local/lib/python3.7/site-packages/airflow/example_dags/example_time_delta_sensor_async.py took 5.630 seconds
[2022-10-05 15:24:15,087] {processor.py:153} INFO - Started process (PID=681) to work on /home/airflow/.local/lib/python3.7/site-packages/airflow/example_dags/example_time_delta_sensor_async.py
[2022-10-05 15:24:15,090] {processor.py:641} INFO - Processing file /home/airflow/.local/lib/python3.7/site-packages/airflow/example_dags/example_time_delta_sensor_async.py for tasks to queue
[2022-10-05 15:24:15,091] {logging_mixin.py:115} INFO - [2022-10-05 15:24:15,091] {dagbag.py:507} INFO - Filling up the DagBag from /home/airflow/.local/lib/python3.7/site-packages/airflow/example_dags/example_time_delta_sensor_async.py
[2022-10-05 15:24:15,102] {processor.py:651} INFO - DAG(s) dict_keys(['example_time_delta_sensor_async']) retrieved from /home/airflow/.local/lib/python3.7/site-packages/airflow/example_dags/example_time_delta_sensor_async.py
[2022-10-05 15:24:16,098] {logging_mixin.py:115} INFO - [2022-10-05 15:24:16,098] {native_type_compatibility.py:250} INFO - Using Any for unsupported type: typing.Sequence[~T]
[2022-10-05 15:24:16,824] {logging_mixin.py:115} INFO - [2022-10-05 15:24:16,824] {dag.py:2379} INFO - Sync 1 DAGs
[2022-10-05 15:24:16,996] {logging_mixin.py:115} INFO - [2022-10-05 15:24:16,996] {dag.py:2931} INFO - Setting next_dagrun for example_time_delta_sensor_async to None, run_after=None
[2022-10-05 15:24:17,019] {processor.py:161} INFO - Processing /home/airflow/.local/lib/python3.7/site-packages/airflow/example_dags/example_time_delta_sensor_async.py took 1.938 seconds
[2022-10-05 15:24:47,217] {processor.py:153} INFO - Started process (PID=748) to work on /home/airflow/.local/lib/python3.7/site-packages/airflow/example_dags/example_time_delta_sensor_async.py
[2022-10-05 15:24:47,219] {processor.py:641} INFO - Processing file /home/airflow/.local/lib/python3.7/site-packages/airflow/example_dags/example_time_delta_sensor_async.py for tasks to queue
[2022-10-05 15:24:47,222] {logging_mixin.py:115} INFO - [2022-10-05 15:24:47,221] {dagbag.py:507} INFO - Filling up the DagBag from /home/airflow/.local/lib/python3.7/site-packages/airflow/example_dags/example_time_delta_sensor_async.py
[2022-10-05 15:24:47,235] {processor.py:651} INFO - DAG(s) dict_keys(['example_time_delta_sensor_async']) retrieved from /home/airflow/.local/lib/python3.7/site-packages/airflow/example_dags/example_time_delta_sensor_async.py
[2022-10-05 15:24:48,107] {logging_mixin.py:115} INFO - [2022-10-05 15:24:48,107] {native_type_compatibility.py:250} INFO - Using Any for unsupported type: typing.Sequence[~T]
[2022-10-05 15:24:48,678] {logging_mixin.py:115} INFO - [2022-10-05 15:24:48,678] {dag.py:2379} INFO - Sync 1 DAGs
[2022-10-05 15:24:48,830] {logging_mixin.py:115} INFO - [2022-10-05 15:24:48,830] {dag.py:2931} INFO - Setting next_dagrun for example_time_delta_sensor_async to None, run_after=None
[2022-10-05 15:24:48,848] {processor.py:161} INFO - Processing /home/airflow/.local/lib/python3.7/site-packages/airflow/example_dags/example_time_delta_sensor_async.py took 1.639 seconds
[2022-10-05 15:25:19,052] {processor.py:153} INFO - Started process (PID=808) to work on /home/airflow/.local/lib/python3.7/site-packages/airflow/example_dags/example_time_delta_sensor_async.py
[2022-10-05 15:25:19,054] {processor.py:641} INFO - Processing file /home/airflow/.local/lib/python3.7/site-packages/airflow/example_dags/example_time_delta_sensor_async.py for tasks to queue
[2022-10-05 15:25:19,056] {logging_mixin.py:115} INFO - [2022-10-05 15:25:19,055] {dagbag.py:507} INFO - Filling up the DagBag from /home/airflow/.local/lib/python3.7/site-packages/airflow/example_dags/example_time_delta_sensor_async.py
[2022-10-05 15:25:19,066] {processor.py:651} INFO - DAG(s) dict_keys(['example_time_delta_sensor_async']) retrieved from /home/airflow/.local/lib/python3.7/site-packages/airflow/example_dags/example_time_delta_sensor_async.py
[2022-10-05 15:25:20,234] {logging_mixin.py:115} INFO - [2022-10-05 15:25:20,233] {native_type_compatibility.py:250} INFO - Using Any for unsupported type: typing.Sequence[~T]
[2022-10-05 15:25:21,285] {logging_mixin.py:115} INFO - [2022-10-05 15:25:21,284] {dag.py:2379} INFO - Sync 1 DAGs
[2022-10-05 15:25:21,485] {logging_mixin.py:115} INFO - [2022-10-05 15:25:21,485] {dag.py:2931} INFO - Setting next_dagrun for example_time_delta_sensor_async to None, run_after=None
[2022-10-05 15:25:21,511] {processor.py:161} INFO - Processing /home/airflow/.local/lib/python3.7/site-packages/airflow/example_dags/example_time_delta_sensor_async.py took 2.466 seconds
[2022-10-05 15:25:51,881] {processor.py:153} INFO - Started process (PID=874) to work on /home/airflow/.local/lib/python3.7/site-packages/airflow/example_dags/example_time_delta_sensor_async.py
[2022-10-05 15:25:51,884] {processor.py:641} INFO - Processing file /home/airflow/.local/lib/python3.7/site-packages/airflow/example_dags/example_time_delta_sensor_async.py for tasks to queue
[2022-10-05 15:25:51,886] {logging_mixin.py:115} INFO - [2022-10-05 15:25:51,886] {dagbag.py:507} INFO - Filling up the DagBag from /home/airflow/.local/lib/python3.7/site-packages/airflow/example_dags/example_time_delta_sensor_async.py
[2022-10-05 15:25:51,898] {processor.py:651} INFO - DAG(s) dict_keys(['example_time_delta_sensor_async']) retrieved from /home/airflow/.local/lib/python3.7/site-packages/airflow/example_dags/example_time_delta_sensor_async.py
[2022-10-05 15:25:53,055] {logging_mixin.py:115} INFO - [2022-10-05 15:25:53,054] {native_type_compatibility.py:250} INFO - Using Any for unsupported type: typing.Sequence[~T]
[2022-10-05 15:25:53,829] {logging_mixin.py:115} INFO - [2022-10-05 15:25:53,829] {dag.py:2379} INFO - Sync 1 DAGs
[2022-10-05 15:25:54,013] {logging_mixin.py:115} INFO - [2022-10-05 15:25:54,012] {dag.py:2931} INFO - Setting next_dagrun for example_time_delta_sensor_async to None, run_after=None
[2022-10-05 15:25:54,033] {processor.py:161} INFO - Processing /home/airflow/.local/lib/python3.7/site-packages/airflow/example_dags/example_time_delta_sensor_async.py took 2.159 seconds
[2022-10-05 15:26:24,699] {processor.py:153} INFO - Started process (PID=929) to work on /home/airflow/.local/lib/python3.7/site-packages/airflow/example_dags/example_time_delta_sensor_async.py
[2022-10-05 15:26:24,702] {processor.py:641} INFO - Processing file /home/airflow/.local/lib/python3.7/site-packages/airflow/example_dags/example_time_delta_sensor_async.py for tasks to queue
[2022-10-05 15:26:24,703] {logging_mixin.py:115} INFO - [2022-10-05 15:26:24,703] {dagbag.py:507} INFO - Filling up the DagBag from /home/airflow/.local/lib/python3.7/site-packages/airflow/example_dags/example_time_delta_sensor_async.py
[2022-10-05 15:26:24,712] {processor.py:651} INFO - DAG(s) dict_keys(['example_time_delta_sensor_async']) retrieved from /home/airflow/.local/lib/python3.7/site-packages/airflow/example_dags/example_time_delta_sensor_async.py
[2022-10-05 15:26:25,764] {logging_mixin.py:115} INFO - [2022-10-05 15:26:25,764] {native_type_compatibility.py:250} INFO - Using Any for unsupported type: typing.Sequence[~T]
[2022-10-05 15:26:26,463] {logging_mixin.py:115} INFO - [2022-10-05 15:26:26,462] {dag.py:2379} INFO - Sync 1 DAGs
[2022-10-05 15:26:26,626] {logging_mixin.py:115} INFO - [2022-10-05 15:26:26,626] {dag.py:2931} INFO - Setting next_dagrun for example_time_delta_sensor_async to None, run_after=None
[2022-10-05 15:26:26,646] {processor.py:161} INFO - Processing /home/airflow/.local/lib/python3.7/site-packages/airflow/example_dags/example_time_delta_sensor_async.py took 1.952 seconds
[2022-10-05 15:26:57,238] {processor.py:153} INFO - Started process (PID=995) to work on /home/airflow/.local/lib/python3.7/site-packages/airflow/example_dags/example_time_delta_sensor_async.py
[2022-10-05 15:26:57,241] {processor.py:641} INFO - Processing file /home/airflow/.local/lib/python3.7/site-packages/airflow/example_dags/example_time_delta_sensor_async.py for tasks to queue
[2022-10-05 15:26:57,243] {logging_mixin.py:115} INFO - [2022-10-05 15:26:57,243] {dagbag.py:507} INFO - Filling up the DagBag from /home/airflow/.local/lib/python3.7/site-packages/airflow/example_dags/example_time_delta_sensor_async.py
[2022-10-05 15:26:57,252] {processor.py:651} INFO - DAG(s) dict_keys(['example_time_delta_sensor_async']) retrieved from /home/airflow/.local/lib/python3.7/site-packages/airflow/example_dags/example_time_delta_sensor_async.py
[2022-10-05 15:26:58,141] {logging_mixin.py:115} INFO - [2022-10-05 15:26:58,140] {native_type_compatibility.py:250} INFO - Using Any for unsupported type: typing.Sequence[~T]
[2022-10-05 15:26:58,715] {logging_mixin.py:115} INFO - [2022-10-05 15:26:58,715] {dag.py:2379} INFO - Sync 1 DAGs
[2022-10-05 15:26:58,861] {logging_mixin.py:115} INFO - [2022-10-05 15:26:58,861] {dag.py:2931} INFO - Setting next_dagrun for example_time_delta_sensor_async to None, run_after=None
[2022-10-05 15:26:58,877] {processor.py:161} INFO - Processing /home/airflow/.local/lib/python3.7/site-packages/airflow/example_dags/example_time_delta_sensor_async.py took 1.646 seconds
[2022-10-05 15:27:29,303] {processor.py:153} INFO - Started process (PID=1059) to work on /home/airflow/.local/lib/python3.7/site-packages/airflow/example_dags/example_time_delta_sensor_async.py
[2022-10-05 15:27:29,305] {processor.py:641} INFO - Processing file /home/airflow/.local/lib/python3.7/site-packages/airflow/example_dags/example_time_delta_sensor_async.py for tasks to queue
[2022-10-05 15:27:29,306] {logging_mixin.py:115} INFO - [2022-10-05 15:27:29,306] {dagbag.py:507} INFO - Filling up the DagBag from /home/airflow/.local/lib/python3.7/site-packages/airflow/example_dags/example_time_delta_sensor_async.py
[2022-10-05 15:27:29,316] {processor.py:651} INFO - DAG(s) dict_keys(['example_time_delta_sensor_async']) retrieved from /home/airflow/.local/lib/python3.7/site-packages/airflow/example_dags/example_time_delta_sensor_async.py
[2022-10-05 15:27:30,247] {logging_mixin.py:115} INFO - [2022-10-05 15:27:30,246] {native_type_compatibility.py:250} INFO - Using Any for unsupported type: typing.Sequence[~T]
[2022-10-05 15:27:30,863] {logging_mixin.py:115} INFO - [2022-10-05 15:27:30,863] {dag.py:2379} INFO - Sync 1 DAGs
[2022-10-05 15:27:31,042] {logging_mixin.py:115} INFO - [2022-10-05 15:27:31,042] {dag.py:2931} INFO - Setting next_dagrun for example_time_delta_sensor_async to None, run_after=None
[2022-10-05 15:27:31,061] {processor.py:161} INFO - Processing /home/airflow/.local/lib/python3.7/site-packages/airflow/example_dags/example_time_delta_sensor_async.py took 1.764 seconds
[2022-10-05 15:28:01,367] {processor.py:153} INFO - Started process (PID=1128) to work on /home/airflow/.local/lib/python3.7/site-packages/airflow/example_dags/example_time_delta_sensor_async.py
[2022-10-05 15:28:01,370] {processor.py:641} INFO - Processing file /home/airflow/.local/lib/python3.7/site-packages/airflow/example_dags/example_time_delta_sensor_async.py for tasks to queue
[2022-10-05 15:28:01,371] {logging_mixin.py:115} INFO - [2022-10-05 15:28:01,371] {dagbag.py:507} INFO - Filling up the DagBag from /home/airflow/.local/lib/python3.7/site-packages/airflow/example_dags/example_time_delta_sensor_async.py
[2022-10-05 15:28:01,384] {processor.py:651} INFO - DAG(s) dict_keys(['example_time_delta_sensor_async']) retrieved from /home/airflow/.local/lib/python3.7/site-packages/airflow/example_dags/example_time_delta_sensor_async.py
[2022-10-05 15:28:02,556] {logging_mixin.py:115} INFO - [2022-10-05 15:28:02,555] {native_type_compatibility.py:250} INFO - Using Any for unsupported type: typing.Sequence[~T]
[2022-10-05 15:28:03,323] {logging_mixin.py:115} INFO - [2022-10-05 15:28:03,322] {dag.py:2379} INFO - Sync 1 DAGs
[2022-10-05 15:28:03,537] {logging_mixin.py:115} INFO - [2022-10-05 15:28:03,536] {dag.py:2931} INFO - Setting next_dagrun for example_time_delta_sensor_async to None, run_after=None
[2022-10-05 15:28:03,558] {processor.py:161} INFO - Processing /home/airflow/.local/lib/python3.7/site-packages/airflow/example_dags/example_time_delta_sensor_async.py took 2.221 seconds
[2022-10-05 15:28:34,056] {processor.py:153} INFO - Started process (PID=1189) to work on /home/airflow/.local/lib/python3.7/site-packages/airflow/example_dags/example_time_delta_sensor_async.py
[2022-10-05 15:28:34,062] {processor.py:641} INFO - Processing file /home/airflow/.local/lib/python3.7/site-packages/airflow/example_dags/example_time_delta_sensor_async.py for tasks to queue
[2022-10-05 15:28:34,067] {logging_mixin.py:115} INFO - [2022-10-05 15:28:34,067] {dagbag.py:507} INFO - Filling up the DagBag from /home/airflow/.local/lib/python3.7/site-packages/airflow/example_dags/example_time_delta_sensor_async.py
[2022-10-05 15:28:34,105] {processor.py:651} INFO - DAG(s) dict_keys(['example_time_delta_sensor_async']) retrieved from /home/airflow/.local/lib/python3.7/site-packages/airflow/example_dags/example_time_delta_sensor_async.py
[2022-10-05 15:28:35,817] {logging_mixin.py:115} INFO - [2022-10-05 15:28:35,817] {native_type_compatibility.py:250} INFO - Using Any for unsupported type: typing.Sequence[~T]
[2022-10-05 15:28:36,928] {logging_mixin.py:115} INFO - [2022-10-05 15:28:36,927] {dag.py:2379} INFO - Sync 1 DAGs
[2022-10-05 15:28:37,155] {logging_mixin.py:115} INFO - [2022-10-05 15:28:37,154] {dag.py:2931} INFO - Setting next_dagrun for example_time_delta_sensor_async to None, run_after=None
[2022-10-05 15:28:37,182] {processor.py:161} INFO - Processing /home/airflow/.local/lib/python3.7/site-packages/airflow/example_dags/example_time_delta_sensor_async.py took 3.143 seconds
[2022-10-05 15:29:07,572] {processor.py:153} INFO - Started process (PID=1253) to work on /home/airflow/.local/lib/python3.7/site-packages/airflow/example_dags/example_time_delta_sensor_async.py
[2022-10-05 15:29:07,574] {processor.py:641} INFO - Processing file /home/airflow/.local/lib/python3.7/site-packages/airflow/example_dags/example_time_delta_sensor_async.py for tasks to queue
[2022-10-05 15:29:07,578] {logging_mixin.py:115} INFO - [2022-10-05 15:29:07,578] {dagbag.py:507} INFO - Filling up the DagBag from /home/airflow/.local/lib/python3.7/site-packages/airflow/example_dags/example_time_delta_sensor_async.py
[2022-10-05 15:29:07,591] {processor.py:651} INFO - DAG(s) dict_keys(['example_time_delta_sensor_async']) retrieved from /home/airflow/.local/lib/python3.7/site-packages/airflow/example_dags/example_time_delta_sensor_async.py
[2022-10-05 15:29:08,956] {logging_mixin.py:115} INFO - [2022-10-05 15:29:08,956] {native_type_compatibility.py:250} INFO - Using Any for unsupported type: typing.Sequence[~T]
[2022-10-05 15:29:10,158] {logging_mixin.py:115} INFO - [2022-10-05 15:29:10,158] {dag.py:2379} INFO - Sync 1 DAGs
[2022-10-05 15:29:10,371] {logging_mixin.py:115} INFO - [2022-10-05 15:29:10,371] {dag.py:2931} INFO - Setting next_dagrun for example_time_delta_sensor_async to None, run_after=None
[2022-10-05 15:29:10,395] {processor.py:161} INFO - Processing /home/airflow/.local/lib/python3.7/site-packages/airflow/example_dags/example_time_delta_sensor_async.py took 2.829 seconds
[2022-10-05 15:29:40,677] {processor.py:153} INFO - Started process (PID=1312) to work on /home/airflow/.local/lib/python3.7/site-packages/airflow/example_dags/example_time_delta_sensor_async.py
[2022-10-05 15:29:40,680] {processor.py:641} INFO - Processing file /home/airflow/.local/lib/python3.7/site-packages/airflow/example_dags/example_time_delta_sensor_async.py for tasks to queue
[2022-10-05 15:29:40,682] {logging_mixin.py:115} INFO - [2022-10-05 15:29:40,682] {dagbag.py:507} INFO - Filling up the DagBag from /home/airflow/.local/lib/python3.7/site-packages/airflow/example_dags/example_time_delta_sensor_async.py
[2022-10-05 15:29:40,695] {processor.py:651} INFO - DAG(s) dict_keys(['example_time_delta_sensor_async']) retrieved from /home/airflow/.local/lib/python3.7/site-packages/airflow/example_dags/example_time_delta_sensor_async.py
[2022-10-05 15:29:41,557] {logging_mixin.py:115} INFO - [2022-10-05 15:29:41,557] {native_type_compatibility.py:250} INFO - Using Any for unsupported type: typing.Sequence[~T]
[2022-10-05 15:29:42,124] {logging_mixin.py:115} INFO - [2022-10-05 15:29:42,124] {dag.py:2379} INFO - Sync 1 DAGs
[2022-10-05 15:29:42,269] {logging_mixin.py:115} INFO - [2022-10-05 15:29:42,269] {dag.py:2931} INFO - Setting next_dagrun for example_time_delta_sensor_async to None, run_after=None
[2022-10-05 15:29:42,289] {processor.py:161} INFO - Processing /home/airflow/.local/lib/python3.7/site-packages/airflow/example_dags/example_time_delta_sensor_async.py took 1.621 seconds
[2022-10-05 15:30:12,536] {processor.py:153} INFO - Started process (PID=1378) to work on /home/airflow/.local/lib/python3.7/site-packages/airflow/example_dags/example_time_delta_sensor_async.py
[2022-10-05 15:30:12,538] {processor.py:641} INFO - Processing file /home/airflow/.local/lib/python3.7/site-packages/airflow/example_dags/example_time_delta_sensor_async.py for tasks to queue
[2022-10-05 15:30:12,540] {logging_mixin.py:115} INFO - [2022-10-05 15:30:12,539] {dagbag.py:507} INFO - Filling up the DagBag from /home/airflow/.local/lib/python3.7/site-packages/airflow/example_dags/example_time_delta_sensor_async.py
[2022-10-05 15:30:12,549] {processor.py:651} INFO - DAG(s) dict_keys(['example_time_delta_sensor_async']) retrieved from /home/airflow/.local/lib/python3.7/site-packages/airflow/example_dags/example_time_delta_sensor_async.py
[2022-10-05 15:30:13,375] {logging_mixin.py:115} INFO - [2022-10-05 15:30:13,374] {native_type_compatibility.py:250} INFO - Using Any for unsupported type: typing.Sequence[~T]
[2022-10-05 15:30:13,993] {logging_mixin.py:115} INFO - [2022-10-05 15:30:13,993] {dag.py:2379} INFO - Sync 1 DAGs
[2022-10-05 15:30:14,142] {logging_mixin.py:115} INFO - [2022-10-05 15:30:14,142] {dag.py:2931} INFO - Setting next_dagrun for example_time_delta_sensor_async to None, run_after=None
[2022-10-05 15:30:14,160] {processor.py:161} INFO - Processing /home/airflow/.local/lib/python3.7/site-packages/airflow/example_dags/example_time_delta_sensor_async.py took 1.629 seconds
[2022-10-05 15:30:44,461] {processor.py:153} INFO - Started process (PID=1435) to work on /home/airflow/.local/lib/python3.7/site-packages/airflow/example_dags/example_time_delta_sensor_async.py
[2022-10-05 15:30:44,463] {processor.py:641} INFO - Processing file /home/airflow/.local/lib/python3.7/site-packages/airflow/example_dags/example_time_delta_sensor_async.py for tasks to queue
[2022-10-05 15:30:44,466] {logging_mixin.py:115} INFO - [2022-10-05 15:30:44,466] {dagbag.py:507} INFO - Filling up the DagBag from /home/airflow/.local/lib/python3.7/site-packages/airflow/example_dags/example_time_delta_sensor_async.py
[2022-10-05 15:30:44,476] {processor.py:651} INFO - DAG(s) dict_keys(['example_time_delta_sensor_async']) retrieved from /home/airflow/.local/lib/python3.7/site-packages/airflow/example_dags/example_time_delta_sensor_async.py
[2022-10-05 15:30:45,310] {logging_mixin.py:115} INFO - [2022-10-05 15:30:45,310] {native_type_compatibility.py:250} INFO - Using Any for unsupported type: typing.Sequence[~T]
[2022-10-05 15:30:45,864] {logging_mixin.py:115} INFO - [2022-10-05 15:30:45,863] {dag.py:2379} INFO - Sync 1 DAGs
[2022-10-05 15:30:46,021] {logging_mixin.py:115} INFO - [2022-10-05 15:30:46,021] {dag.py:2931} INFO - Setting next_dagrun for example_time_delta_sensor_async to None, run_after=None
[2022-10-05 15:30:46,041] {processor.py:161} INFO - Processing /home/airflow/.local/lib/python3.7/site-packages/airflow/example_dags/example_time_delta_sensor_async.py took 1.591 seconds
[2022-10-05 15:31:17,350] {processor.py:153} INFO - Started process (PID=1503) to work on /home/airflow/.local/lib/python3.7/site-packages/airflow/example_dags/example_time_delta_sensor_async.py
[2022-10-05 15:31:17,353] {processor.py:641} INFO - Processing file /home/airflow/.local/lib/python3.7/site-packages/airflow/example_dags/example_time_delta_sensor_async.py for tasks to queue
[2022-10-05 15:31:17,356] {logging_mixin.py:115} INFO - [2022-10-05 15:31:17,356] {dagbag.py:507} INFO - Filling up the DagBag from /home/airflow/.local/lib/python3.7/site-packages/airflow/example_dags/example_time_delta_sensor_async.py
[2022-10-05 15:31:17,381] {processor.py:651} INFO - DAG(s) dict_keys(['example_time_delta_sensor_async']) retrieved from /home/airflow/.local/lib/python3.7/site-packages/airflow/example_dags/example_time_delta_sensor_async.py
[2022-10-05 15:31:19,334] {logging_mixin.py:115} INFO - [2022-10-05 15:31:19,333] {native_type_compatibility.py:250} INFO - Using Any for unsupported type: typing.Sequence[~T]
[2022-10-05 15:31:20,515] {logging_mixin.py:115} INFO - [2022-10-05 15:31:20,514] {dag.py:2379} INFO - Sync 1 DAGs
[2022-10-05 15:31:20,843] {logging_mixin.py:115} INFO - [2022-10-05 15:31:20,843] {dag.py:2931} INFO - Setting next_dagrun for example_time_delta_sensor_async to None, run_after=None
[2022-10-05 15:31:20,989] {processor.py:161} INFO - Processing /home/airflow/.local/lib/python3.7/site-packages/airflow/example_dags/example_time_delta_sensor_async.py took 3.652 seconds
[2022-10-05 15:31:52,669] {processor.py:153} INFO - Started process (PID=1564) to work on /home/airflow/.local/lib/python3.7/site-packages/airflow/example_dags/example_time_delta_sensor_async.py
[2022-10-05 15:31:52,676] {processor.py:641} INFO - Processing file /home/airflow/.local/lib/python3.7/site-packages/airflow/example_dags/example_time_delta_sensor_async.py for tasks to queue
[2022-10-05 15:31:52,683] {logging_mixin.py:115} INFO - [2022-10-05 15:31:52,683] {dagbag.py:507} INFO - Filling up the DagBag from /home/airflow/.local/lib/python3.7/site-packages/airflow/example_dags/example_time_delta_sensor_async.py
[2022-10-05 15:31:52,713] {processor.py:651} INFO - DAG(s) dict_keys(['example_time_delta_sensor_async']) retrieved from /home/airflow/.local/lib/python3.7/site-packages/airflow/example_dags/example_time_delta_sensor_async.py
[2022-10-05 15:31:55,593] {logging_mixin.py:115} INFO - [2022-10-05 15:31:55,592] {native_type_compatibility.py:250} INFO - Using Any for unsupported type: typing.Sequence[~T]
[2022-10-05 15:31:57,827] {logging_mixin.py:115} INFO - [2022-10-05 15:31:57,826] {dag.py:2379} INFO - Sync 1 DAGs
[2022-10-05 15:31:58,225] {logging_mixin.py:115} INFO - [2022-10-05 15:31:58,224] {dag.py:2931} INFO - Setting next_dagrun for example_time_delta_sensor_async to None, run_after=None
[2022-10-05 15:31:58,267] {processor.py:161} INFO - Processing /home/airflow/.local/lib/python3.7/site-packages/airflow/example_dags/example_time_delta_sensor_async.py took 5.620 seconds
[2022-10-05 15:32:28,714] {processor.py:153} INFO - Started process (PID=1623) to work on /home/airflow/.local/lib/python3.7/site-packages/airflow/example_dags/example_time_delta_sensor_async.py
[2022-10-05 15:32:28,716] {processor.py:641} INFO - Processing file /home/airflow/.local/lib/python3.7/site-packages/airflow/example_dags/example_time_delta_sensor_async.py for tasks to queue
[2022-10-05 15:32:28,718] {logging_mixin.py:115} INFO - [2022-10-05 15:32:28,717] {dagbag.py:507} INFO - Filling up the DagBag from /home/airflow/.local/lib/python3.7/site-packages/airflow/example_dags/example_time_delta_sensor_async.py
[2022-10-05 15:32:28,726] {processor.py:651} INFO - DAG(s) dict_keys(['example_time_delta_sensor_async']) retrieved from /home/airflow/.local/lib/python3.7/site-packages/airflow/example_dags/example_time_delta_sensor_async.py
[2022-10-05 15:32:29,514] {logging_mixin.py:115} INFO - [2022-10-05 15:32:29,513] {native_type_compatibility.py:250} INFO - Using Any for unsupported type: typing.Sequence[~T]
[2022-10-05 15:32:30,048] {logging_mixin.py:115} INFO - [2022-10-05 15:32:30,048] {dag.py:2379} INFO - Sync 1 DAGs
[2022-10-05 15:32:30,202] {logging_mixin.py:115} INFO - [2022-10-05 15:32:30,202] {dag.py:2931} INFO - Setting next_dagrun for example_time_delta_sensor_async to None, run_after=None
[2022-10-05 15:32:30,217] {processor.py:161} INFO - Processing /home/airflow/.local/lib/python3.7/site-packages/airflow/example_dags/example_time_delta_sensor_async.py took 1.508 seconds
[2022-10-05 15:33:00,481] {processor.py:153} INFO - Started process (PID=1691) to work on /home/airflow/.local/lib/python3.7/site-packages/airflow/example_dags/example_time_delta_sensor_async.py
[2022-10-05 15:33:00,482] {processor.py:641} INFO - Processing file /home/airflow/.local/lib/python3.7/site-packages/airflow/example_dags/example_time_delta_sensor_async.py for tasks to queue
[2022-10-05 15:33:00,484] {logging_mixin.py:115} INFO - [2022-10-05 15:33:00,483] {dagbag.py:507} INFO - Filling up the DagBag from /home/airflow/.local/lib/python3.7/site-packages/airflow/example_dags/example_time_delta_sensor_async.py
[2022-10-05 15:33:00,491] {processor.py:651} INFO - DAG(s) dict_keys(['example_time_delta_sensor_async']) retrieved from /home/airflow/.local/lib/python3.7/site-packages/airflow/example_dags/example_time_delta_sensor_async.py
[2022-10-05 15:33:01,249] {logging_mixin.py:115} INFO - [2022-10-05 15:33:01,248] {native_type_compatibility.py:250} INFO - Using Any for unsupported type: typing.Sequence[~T]
[2022-10-05 15:33:01,764] {logging_mixin.py:115} INFO - [2022-10-05 15:33:01,764] {dag.py:2379} INFO - Sync 1 DAGs
[2022-10-05 15:33:01,913] {logging_mixin.py:115} INFO - [2022-10-05 15:33:01,913] {dag.py:2931} INFO - Setting next_dagrun for example_time_delta_sensor_async to None, run_after=None
[2022-10-05 15:33:01,927] {processor.py:161} INFO - Processing /home/airflow/.local/lib/python3.7/site-packages/airflow/example_dags/example_time_delta_sensor_async.py took 1.451 seconds
[2022-10-05 15:33:32,178] {processor.py:153} INFO - Started process (PID=1758) to work on /home/airflow/.local/lib/python3.7/site-packages/airflow/example_dags/example_time_delta_sensor_async.py
[2022-10-05 15:33:32,179] {processor.py:641} INFO - Processing file /home/airflow/.local/lib/python3.7/site-packages/airflow/example_dags/example_time_delta_sensor_async.py for tasks to queue
[2022-10-05 15:33:32,181] {logging_mixin.py:115} INFO - [2022-10-05 15:33:32,181] {dagbag.py:507} INFO - Filling up the DagBag from /home/airflow/.local/lib/python3.7/site-packages/airflow/example_dags/example_time_delta_sensor_async.py
[2022-10-05 15:33:32,191] {processor.py:651} INFO - DAG(s) dict_keys(['example_time_delta_sensor_async']) retrieved from /home/airflow/.local/lib/python3.7/site-packages/airflow/example_dags/example_time_delta_sensor_async.py
[2022-10-05 15:33:33,073] {logging_mixin.py:115} INFO - [2022-10-05 15:33:33,072] {native_type_compatibility.py:250} INFO - Using Any for unsupported type: typing.Sequence[~T]
[2022-10-05 15:33:33,617] {logging_mixin.py:115} INFO - [2022-10-05 15:33:33,616] {dag.py:2379} INFO - Sync 1 DAGs
[2022-10-05 15:33:33,760] {logging_mixin.py:115} INFO - [2022-10-05 15:33:33,760] {dag.py:2931} INFO - Setting next_dagrun for example_time_delta_sensor_async to None, run_after=None
[2022-10-05 15:33:33,775] {processor.py:161} INFO - Processing /home/airflow/.local/lib/python3.7/site-packages/airflow/example_dags/example_time_delta_sensor_async.py took 1.627 seconds
[2022-10-05 15:34:03,933] {processor.py:153} INFO - Started process (PID=1822) to work on /home/airflow/.local/lib/python3.7/site-packages/airflow/example_dags/example_time_delta_sensor_async.py
[2022-10-05 15:34:03,935] {processor.py:641} INFO - Processing file /home/airflow/.local/lib/python3.7/site-packages/airflow/example_dags/example_time_delta_sensor_async.py for tasks to queue
[2022-10-05 15:34:03,937] {logging_mixin.py:115} INFO - [2022-10-05 15:34:03,937] {dagbag.py:507} INFO - Filling up the DagBag from /home/airflow/.local/lib/python3.7/site-packages/airflow/example_dags/example_time_delta_sensor_async.py
[2022-10-05 15:34:03,945] {processor.py:651} INFO - DAG(s) dict_keys(['example_time_delta_sensor_async']) retrieved from /home/airflow/.local/lib/python3.7/site-packages/airflow/example_dags/example_time_delta_sensor_async.py
[2022-10-05 15:34:04,759] {logging_mixin.py:115} INFO - [2022-10-05 15:34:04,758] {native_type_compatibility.py:250} INFO - Using Any for unsupported type: typing.Sequence[~T]
[2022-10-05 15:34:05,323] {logging_mixin.py:115} INFO - [2022-10-05 15:34:05,322] {dag.py:2379} INFO - Sync 1 DAGs
[2022-10-05 15:34:05,476] {logging_mixin.py:115} INFO - [2022-10-05 15:34:05,476] {dag.py:2931} INFO - Setting next_dagrun for example_time_delta_sensor_async to None, run_after=None
[2022-10-05 15:34:05,491] {processor.py:161} INFO - Processing /home/airflow/.local/lib/python3.7/site-packages/airflow/example_dags/example_time_delta_sensor_async.py took 1.563 seconds
[2022-10-05 15:34:35,621] {processor.py:153} INFO - Started process (PID=1880) to work on /home/airflow/.local/lib/python3.7/site-packages/airflow/example_dags/example_time_delta_sensor_async.py
[2022-10-05 15:34:35,623] {processor.py:641} INFO - Processing file /home/airflow/.local/lib/python3.7/site-packages/airflow/example_dags/example_time_delta_sensor_async.py for tasks to queue
[2022-10-05 15:34:35,625] {logging_mixin.py:115} INFO - [2022-10-05 15:34:35,625] {dagbag.py:507} INFO - Filling up the DagBag from /home/airflow/.local/lib/python3.7/site-packages/airflow/example_dags/example_time_delta_sensor_async.py
[2022-10-05 15:34:35,635] {processor.py:651} INFO - DAG(s) dict_keys(['example_time_delta_sensor_async']) retrieved from /home/airflow/.local/lib/python3.7/site-packages/airflow/example_dags/example_time_delta_sensor_async.py
[2022-10-05 15:34:36,468] {logging_mixin.py:115} INFO - [2022-10-05 15:34:36,468] {native_type_compatibility.py:250} INFO - Using Any for unsupported type: typing.Sequence[~T]
[2022-10-05 15:34:36,988] {logging_mixin.py:115} INFO - [2022-10-05 15:34:36,988] {dag.py:2379} INFO - Sync 1 DAGs
[2022-10-05 15:34:37,141] {logging_mixin.py:115} INFO - [2022-10-05 15:34:37,140] {dag.py:2931} INFO - Setting next_dagrun for example_time_delta_sensor_async to None, run_after=None
[2022-10-05 15:34:37,158] {processor.py:161} INFO - Processing /home/airflow/.local/lib/python3.7/site-packages/airflow/example_dags/example_time_delta_sensor_async.py took 1.543 seconds
[2022-10-05 15:35:07,363] {processor.py:153} INFO - Started process (PID=1946) to work on /home/airflow/.local/lib/python3.7/site-packages/airflow/example_dags/example_time_delta_sensor_async.py
[2022-10-05 15:35:07,365] {processor.py:641} INFO - Processing file /home/airflow/.local/lib/python3.7/site-packages/airflow/example_dags/example_time_delta_sensor_async.py for tasks to queue
[2022-10-05 15:35:07,367] {logging_mixin.py:115} INFO - [2022-10-05 15:35:07,367] {dagbag.py:507} INFO - Filling up the DagBag from /home/airflow/.local/lib/python3.7/site-packages/airflow/example_dags/example_time_delta_sensor_async.py
[2022-10-05 15:35:07,377] {processor.py:651} INFO - DAG(s) dict_keys(['example_time_delta_sensor_async']) retrieved from /home/airflow/.local/lib/python3.7/site-packages/airflow/example_dags/example_time_delta_sensor_async.py
[2022-10-05 15:35:08,230] {logging_mixin.py:115} INFO - [2022-10-05 15:35:08,230] {native_type_compatibility.py:250} INFO - Using Any for unsupported type: typing.Sequence[~T]
[2022-10-05 15:35:08,775] {logging_mixin.py:115} INFO - [2022-10-05 15:35:08,774] {dag.py:2379} INFO - Sync 1 DAGs
[2022-10-05 15:35:08,925] {logging_mixin.py:115} INFO - [2022-10-05 15:35:08,924] {dag.py:2931} INFO - Setting next_dagrun for example_time_delta_sensor_async to None, run_after=None
[2022-10-05 15:35:08,945] {processor.py:161} INFO - Processing /home/airflow/.local/lib/python3.7/site-packages/airflow/example_dags/example_time_delta_sensor_async.py took 1.586 seconds
[2022-10-05 15:35:39,159] {processor.py:153} INFO - Started process (PID=2003) to work on /home/airflow/.local/lib/python3.7/site-packages/airflow/example_dags/example_time_delta_sensor_async.py
[2022-10-05 15:35:39,162] {processor.py:641} INFO - Processing file /home/airflow/.local/lib/python3.7/site-packages/airflow/example_dags/example_time_delta_sensor_async.py for tasks to queue
[2022-10-05 15:35:39,164] {logging_mixin.py:115} INFO - [2022-10-05 15:35:39,164] {dagbag.py:507} INFO - Filling up the DagBag from /home/airflow/.local/lib/python3.7/site-packages/airflow/example_dags/example_time_delta_sensor_async.py
[2022-10-05 15:35:39,182] {processor.py:651} INFO - DAG(s) dict_keys(['example_time_delta_sensor_async']) retrieved from /home/airflow/.local/lib/python3.7/site-packages/airflow/example_dags/example_time_delta_sensor_async.py
[2022-10-05 15:35:40,476] {logging_mixin.py:115} INFO - [2022-10-05 15:35:40,475] {native_type_compatibility.py:250} INFO - Using Any for unsupported type: typing.Sequence[~T]
[2022-10-05 15:35:41,367] {logging_mixin.py:115} INFO - [2022-10-05 15:35:41,367] {dag.py:2379} INFO - Sync 1 DAGs
[2022-10-05 15:35:41,563] {logging_mixin.py:115} INFO - [2022-10-05 15:35:41,563] {dag.py:2931} INFO - Setting next_dagrun for example_time_delta_sensor_async to None, run_after=None
[2022-10-05 15:35:41,586] {processor.py:161} INFO - Processing /home/airflow/.local/lib/python3.7/site-packages/airflow/example_dags/example_time_delta_sensor_async.py took 2.439 seconds
[2022-10-05 15:51:20,052] {processor.py:153} INFO - Started process (PID=2047) to work on /home/airflow/.local/lib/python3.7/site-packages/airflow/example_dags/example_time_delta_sensor_async.py
[2022-10-05 15:51:20,054] {processor.py:641} INFO - Processing file /home/airflow/.local/lib/python3.7/site-packages/airflow/example_dags/example_time_delta_sensor_async.py for tasks to queue
[2022-10-05 15:51:20,056] {logging_mixin.py:115} INFO - [2022-10-05 15:51:20,056] {dagbag.py:507} INFO - Filling up the DagBag from /home/airflow/.local/lib/python3.7/site-packages/airflow/example_dags/example_time_delta_sensor_async.py
[2022-10-05 15:51:20,082] {processor.py:651} INFO - DAG(s) dict_keys(['example_time_delta_sensor_async']) retrieved from /home/airflow/.local/lib/python3.7/site-packages/airflow/example_dags/example_time_delta_sensor_async.py
[2022-10-05 15:51:24,008] {logging_mixin.py:115} INFO - [2022-10-05 15:51:24,007] {native_type_compatibility.py:250} INFO - Using Any for unsupported type: typing.Sequence[~T]
[2022-10-05 15:51:24,741] {logging_mixin.py:115} INFO - [2022-10-05 15:51:24,741] {dag.py:2379} INFO - Sync 1 DAGs
[2022-10-05 15:51:24,771] {logging_mixin.py:115} INFO - [2022-10-05 15:51:24,770] {dag.py:2931} INFO - Setting next_dagrun for example_time_delta_sensor_async to None, run_after=None
[2022-10-05 15:51:24,786] {processor.py:161} INFO - Processing /home/airflow/.local/lib/python3.7/site-packages/airflow/example_dags/example_time_delta_sensor_async.py took 4.753 seconds
[2022-10-05 15:51:55,712] {processor.py:153} INFO - Started process (PID=2120) to work on /home/airflow/.local/lib/python3.7/site-packages/airflow/example_dags/example_time_delta_sensor_async.py
[2022-10-05 15:51:55,715] {processor.py:641} INFO - Processing file /home/airflow/.local/lib/python3.7/site-packages/airflow/example_dags/example_time_delta_sensor_async.py for tasks to queue
[2022-10-05 15:51:55,716] {logging_mixin.py:115} INFO - [2022-10-05 15:51:55,716] {dagbag.py:507} INFO - Filling up the DagBag from /home/airflow/.local/lib/python3.7/site-packages/airflow/example_dags/example_time_delta_sensor_async.py
[2022-10-05 15:51:55,725] {processor.py:651} INFO - DAG(s) dict_keys(['example_time_delta_sensor_async']) retrieved from /home/airflow/.local/lib/python3.7/site-packages/airflow/example_dags/example_time_delta_sensor_async.py
[2022-10-05 15:51:56,361] {logging_mixin.py:115} INFO - [2022-10-05 15:51:56,361] {native_type_compatibility.py:250} INFO - Using Any for unsupported type: typing.Sequence[~T]
[2022-10-05 15:51:57,029] {logging_mixin.py:115} INFO - [2022-10-05 15:51:57,028] {dag.py:2379} INFO - Sync 1 DAGs
[2022-10-05 15:51:57,064] {logging_mixin.py:115} INFO - [2022-10-05 15:51:57,064] {dag.py:2931} INFO - Setting next_dagrun for example_time_delta_sensor_async to None, run_after=None
[2022-10-05 15:51:57,079] {processor.py:161} INFO - Processing /home/airflow/.local/lib/python3.7/site-packages/airflow/example_dags/example_time_delta_sensor_async.py took 1.371 seconds
[2022-10-05 15:52:27,207] {processor.py:153} INFO - Started process (PID=2186) to work on /home/airflow/.local/lib/python3.7/site-packages/airflow/example_dags/example_time_delta_sensor_async.py
[2022-10-05 15:52:27,210] {processor.py:641} INFO - Processing file /home/airflow/.local/lib/python3.7/site-packages/airflow/example_dags/example_time_delta_sensor_async.py for tasks to queue
[2022-10-05 15:52:27,211] {logging_mixin.py:115} INFO - [2022-10-05 15:52:27,211] {dagbag.py:507} INFO - Filling up the DagBag from /home/airflow/.local/lib/python3.7/site-packages/airflow/example_dags/example_time_delta_sensor_async.py
[2022-10-05 15:52:27,220] {processor.py:651} INFO - DAG(s) dict_keys(['example_time_delta_sensor_async']) retrieved from /home/airflow/.local/lib/python3.7/site-packages/airflow/example_dags/example_time_delta_sensor_async.py
[2022-10-05 15:52:27,821] {logging_mixin.py:115} INFO - [2022-10-05 15:52:27,821] {native_type_compatibility.py:250} INFO - Using Any for unsupported type: typing.Sequence[~T]
[2022-10-05 15:52:28,355] {logging_mixin.py:115} INFO - [2022-10-05 15:52:28,355] {dag.py:2379} INFO - Sync 1 DAGs
[2022-10-05 15:52:28,372] {logging_mixin.py:115} INFO - [2022-10-05 15:52:28,372] {dag.py:2931} INFO - Setting next_dagrun for example_time_delta_sensor_async to None, run_after=None
[2022-10-05 15:52:28,383] {processor.py:161} INFO - Processing /home/airflow/.local/lib/python3.7/site-packages/airflow/example_dags/example_time_delta_sensor_async.py took 1.183 seconds
[2022-10-05 15:52:58,534] {processor.py:153} INFO - Started process (PID=2249) to work on /home/airflow/.local/lib/python3.7/site-packages/airflow/example_dags/example_time_delta_sensor_async.py
[2022-10-05 15:52:58,536] {processor.py:641} INFO - Processing file /home/airflow/.local/lib/python3.7/site-packages/airflow/example_dags/example_time_delta_sensor_async.py for tasks to queue
[2022-10-05 15:52:58,537] {logging_mixin.py:115} INFO - [2022-10-05 15:52:58,537] {dagbag.py:507} INFO - Filling up the DagBag from /home/airflow/.local/lib/python3.7/site-packages/airflow/example_dags/example_time_delta_sensor_async.py
[2022-10-05 15:52:58,546] {processor.py:651} INFO - DAG(s) dict_keys(['example_time_delta_sensor_async']) retrieved from /home/airflow/.local/lib/python3.7/site-packages/airflow/example_dags/example_time_delta_sensor_async.py
[2022-10-05 15:52:59,132] {logging_mixin.py:115} INFO - [2022-10-05 15:52:59,131] {native_type_compatibility.py:250} INFO - Using Any for unsupported type: typing.Sequence[~T]
[2022-10-05 15:52:59,694] {logging_mixin.py:115} INFO - [2022-10-05 15:52:59,694] {dag.py:2379} INFO - Sync 1 DAGs
[2022-10-05 15:52:59,713] {logging_mixin.py:115} INFO - [2022-10-05 15:52:59,713] {dag.py:2931} INFO - Setting next_dagrun for example_time_delta_sensor_async to None, run_after=None
[2022-10-05 15:52:59,728] {processor.py:161} INFO - Processing /home/airflow/.local/lib/python3.7/site-packages/airflow/example_dags/example_time_delta_sensor_async.py took 1.198 seconds
[2022-10-05 15:53:29,925] {processor.py:153} INFO - Started process (PID=2307) to work on /home/airflow/.local/lib/python3.7/site-packages/airflow/example_dags/example_time_delta_sensor_async.py
[2022-10-05 15:53:29,927] {processor.py:641} INFO - Processing file /home/airflow/.local/lib/python3.7/site-packages/airflow/example_dags/example_time_delta_sensor_async.py for tasks to queue
[2022-10-05 15:53:29,928] {logging_mixin.py:115} INFO - [2022-10-05 15:53:29,928] {dagbag.py:507} INFO - Filling up the DagBag from /home/airflow/.local/lib/python3.7/site-packages/airflow/example_dags/example_time_delta_sensor_async.py
[2022-10-05 15:53:29,936] {processor.py:651} INFO - DAG(s) dict_keys(['example_time_delta_sensor_async']) retrieved from /home/airflow/.local/lib/python3.7/site-packages/airflow/example_dags/example_time_delta_sensor_async.py
[2022-10-05 15:53:30,532] {logging_mixin.py:115} INFO - [2022-10-05 15:53:30,532] {native_type_compatibility.py:250} INFO - Using Any for unsupported type: typing.Sequence[~T]
[2022-10-05 15:53:31,075] {logging_mixin.py:115} INFO - [2022-10-05 15:53:31,075] {dag.py:2379} INFO - Sync 1 DAGs
[2022-10-05 15:53:31,095] {logging_mixin.py:115} INFO - [2022-10-05 15:53:31,095] {dag.py:2931} INFO - Setting next_dagrun for example_time_delta_sensor_async to None, run_after=None
[2022-10-05 15:53:31,107] {processor.py:161} INFO - Processing /home/airflow/.local/lib/python3.7/site-packages/airflow/example_dags/example_time_delta_sensor_async.py took 1.187 seconds
[2022-10-05 16:01:52,214] {processor.py:153} INFO - Started process (PID=2387) to work on /home/airflow/.local/lib/python3.7/site-packages/airflow/example_dags/example_time_delta_sensor_async.py
[2022-10-05 16:01:52,216] {processor.py:641} INFO - Processing file /home/airflow/.local/lib/python3.7/site-packages/airflow/example_dags/example_time_delta_sensor_async.py for tasks to queue
[2022-10-05 16:01:52,217] {logging_mixin.py:115} INFO - [2022-10-05 16:01:52,217] {dagbag.py:507} INFO - Filling up the DagBag from /home/airflow/.local/lib/python3.7/site-packages/airflow/example_dags/example_time_delta_sensor_async.py
[2022-10-05 16:01:52,228] {processor.py:651} INFO - DAG(s) dict_keys(['example_time_delta_sensor_async']) retrieved from /home/airflow/.local/lib/python3.7/site-packages/airflow/example_dags/example_time_delta_sensor_async.py
[2022-10-05 16:01:52,962] {logging_mixin.py:115} INFO - [2022-10-05 16:01:52,962] {native_type_compatibility.py:250} INFO - Using Any for unsupported type: typing.Sequence[~T]
[2022-10-05 16:01:53,627] {logging_mixin.py:115} INFO - [2022-10-05 16:01:53,627] {dag.py:2379} INFO - Sync 1 DAGs
[2022-10-05 16:01:53,646] {logging_mixin.py:115} INFO - [2022-10-05 16:01:53,645] {dag.py:2931} INFO - Setting next_dagrun for example_time_delta_sensor_async to None, run_after=None
[2022-10-05 16:01:53,658] {processor.py:161} INFO - Processing /home/airflow/.local/lib/python3.7/site-packages/airflow/example_dags/example_time_delta_sensor_async.py took 1.448 seconds
[2022-10-05 16:03:21,620] {processor.py:153} INFO - Started process (PID=2433) to work on /home/airflow/.local/lib/python3.7/site-packages/airflow/example_dags/example_time_delta_sensor_async.py
[2022-10-05 16:03:21,623] {processor.py:641} INFO - Processing file /home/airflow/.local/lib/python3.7/site-packages/airflow/example_dags/example_time_delta_sensor_async.py for tasks to queue
[2022-10-05 16:03:21,625] {logging_mixin.py:115} INFO - [2022-10-05 16:03:21,625] {dagbag.py:507} INFO - Filling up the DagBag from /home/airflow/.local/lib/python3.7/site-packages/airflow/example_dags/example_time_delta_sensor_async.py
[2022-10-05 16:03:21,642] {processor.py:651} INFO - DAG(s) dict_keys(['example_time_delta_sensor_async']) retrieved from /home/airflow/.local/lib/python3.7/site-packages/airflow/example_dags/example_time_delta_sensor_async.py
[2022-10-05 16:03:22,342] {logging_mixin.py:115} INFO - [2022-10-05 16:03:22,342] {native_type_compatibility.py:250} INFO - Using Any for unsupported type: typing.Sequence[~T]
[2022-10-05 16:03:22,948] {logging_mixin.py:115} INFO - [2022-10-05 16:03:22,948] {dag.py:2379} INFO - Sync 1 DAGs
[2022-10-05 16:03:22,970] {logging_mixin.py:115} INFO - [2022-10-05 16:03:22,969] {dag.py:2931} INFO - Setting next_dagrun for example_time_delta_sensor_async to None, run_after=None
[2022-10-05 16:03:22,985] {processor.py:161} INFO - Processing /home/airflow/.local/lib/python3.7/site-packages/airflow/example_dags/example_time_delta_sensor_async.py took 1.373 seconds
[2022-10-05 16:14:15,203] {processor.py:153} INFO - Started process (PID=2472) to work on /home/airflow/.local/lib/python3.7/site-packages/airflow/example_dags/example_time_delta_sensor_async.py
[2022-10-05 16:14:15,204] {processor.py:641} INFO - Processing file /home/airflow/.local/lib/python3.7/site-packages/airflow/example_dags/example_time_delta_sensor_async.py for tasks to queue
[2022-10-05 16:14:15,207] {logging_mixin.py:115} INFO - [2022-10-05 16:14:15,206] {dagbag.py:507} INFO - Filling up the DagBag from /home/airflow/.local/lib/python3.7/site-packages/airflow/example_dags/example_time_delta_sensor_async.py
[2022-10-05 16:14:15,218] {processor.py:651} INFO - DAG(s) dict_keys(['example_time_delta_sensor_async']) retrieved from /home/airflow/.local/lib/python3.7/site-packages/airflow/example_dags/example_time_delta_sensor_async.py
[2022-10-05 16:14:15,988] {logging_mixin.py:115} INFO - [2022-10-05 16:14:15,987] {native_type_compatibility.py:250} INFO - Using Any for unsupported type: typing.Sequence[~T]
[2022-10-05 16:14:16,564] {logging_mixin.py:115} INFO - [2022-10-05 16:14:16,564] {dag.py:2379} INFO - Sync 1 DAGs
[2022-10-05 16:14:16,587] {logging_mixin.py:115} INFO - [2022-10-05 16:14:16,587] {dag.py:2931} INFO - Setting next_dagrun for example_time_delta_sensor_async to None, run_after=None
[2022-10-05 16:14:16,603] {processor.py:161} INFO - Processing /home/airflow/.local/lib/python3.7/site-packages/airflow/example_dags/example_time_delta_sensor_async.py took 1.408 seconds
[2022-10-05 16:15:19,497] {processor.py:153} INFO - Started process (PID=2519) to work on /home/airflow/.local/lib/python3.7/site-packages/airflow/example_dags/example_time_delta_sensor_async.py
[2022-10-05 16:15:19,498] {processor.py:641} INFO - Processing file /home/airflow/.local/lib/python3.7/site-packages/airflow/example_dags/example_time_delta_sensor_async.py for tasks to queue
[2022-10-05 16:15:19,499] {logging_mixin.py:115} INFO - [2022-10-05 16:15:19,499] {dagbag.py:507} INFO - Filling up the DagBag from /home/airflow/.local/lib/python3.7/site-packages/airflow/example_dags/example_time_delta_sensor_async.py
[2022-10-05 16:15:19,509] {processor.py:651} INFO - DAG(s) dict_keys(['example_time_delta_sensor_async']) retrieved from /home/airflow/.local/lib/python3.7/site-packages/airflow/example_dags/example_time_delta_sensor_async.py
[2022-10-05 16:15:20,135] {logging_mixin.py:115} INFO - [2022-10-05 16:15:20,135] {native_type_compatibility.py:250} INFO - Using Any for unsupported type: typing.Sequence[~T]
[2022-10-05 16:15:20,689] {logging_mixin.py:115} INFO - [2022-10-05 16:15:20,689] {dag.py:2379} INFO - Sync 1 DAGs
[2022-10-05 16:15:20,706] {logging_mixin.py:115} INFO - [2022-10-05 16:15:20,706] {dag.py:2931} INFO - Setting next_dagrun for example_time_delta_sensor_async to None, run_after=None
[2022-10-05 16:15:20,718] {processor.py:161} INFO - Processing /home/airflow/.local/lib/python3.7/site-packages/airflow/example_dags/example_time_delta_sensor_async.py took 1.225 seconds
[2022-10-05 16:16:52,030] {processor.py:153} INFO - Started process (PID=2566) to work on /home/airflow/.local/lib/python3.7/site-packages/airflow/example_dags/example_time_delta_sensor_async.py
[2022-10-05 16:16:52,032] {processor.py:641} INFO - Processing file /home/airflow/.local/lib/python3.7/site-packages/airflow/example_dags/example_time_delta_sensor_async.py for tasks to queue
[2022-10-05 16:16:52,034] {logging_mixin.py:115} INFO - [2022-10-05 16:16:52,034] {dagbag.py:507} INFO - Filling up the DagBag from /home/airflow/.local/lib/python3.7/site-packages/airflow/example_dags/example_time_delta_sensor_async.py
[2022-10-05 16:16:52,044] {processor.py:651} INFO - DAG(s) dict_keys(['example_time_delta_sensor_async']) retrieved from /home/airflow/.local/lib/python3.7/site-packages/airflow/example_dags/example_time_delta_sensor_async.py
[2022-10-05 16:16:52,807] {logging_mixin.py:115} INFO - [2022-10-05 16:16:52,807] {native_type_compatibility.py:250} INFO - Using Any for unsupported type: typing.Sequence[~T]
[2022-10-05 16:16:53,345] {logging_mixin.py:115} INFO - [2022-10-05 16:16:53,345] {dag.py:2379} INFO - Sync 1 DAGs
[2022-10-05 16:16:53,362] {logging_mixin.py:115} INFO - [2022-10-05 16:16:53,362] {dag.py:2931} INFO - Setting next_dagrun for example_time_delta_sensor_async to None, run_after=None
[2022-10-05 16:16:53,372] {processor.py:161} INFO - Processing /home/airflow/.local/lib/python3.7/site-packages/airflow/example_dags/example_time_delta_sensor_async.py took 1.349 seconds
[2022-10-05 16:18:34,788] {processor.py:153} INFO - Started process (PID=2613) to work on /home/airflow/.local/lib/python3.7/site-packages/airflow/example_dags/example_time_delta_sensor_async.py
[2022-10-05 16:18:34,795] {processor.py:641} INFO - Processing file /home/airflow/.local/lib/python3.7/site-packages/airflow/example_dags/example_time_delta_sensor_async.py for tasks to queue
[2022-10-05 16:18:34,797] {logging_mixin.py:115} INFO - [2022-10-05 16:18:34,797] {dagbag.py:507} INFO - Filling up the DagBag from /home/airflow/.local/lib/python3.7/site-packages/airflow/example_dags/example_time_delta_sensor_async.py
[2022-10-05 16:18:34,818] {processor.py:651} INFO - DAG(s) dict_keys(['example_time_delta_sensor_async']) retrieved from /home/airflow/.local/lib/python3.7/site-packages/airflow/example_dags/example_time_delta_sensor_async.py
[2022-10-05 16:18:35,546] {logging_mixin.py:115} INFO - [2022-10-05 16:18:35,546] {native_type_compatibility.py:250} INFO - Using Any for unsupported type: typing.Sequence[~T]
[2022-10-05 16:18:36,118] {logging_mixin.py:115} INFO - [2022-10-05 16:18:36,118] {dag.py:2379} INFO - Sync 1 DAGs
[2022-10-05 16:18:36,135] {logging_mixin.py:115} INFO - [2022-10-05 16:18:36,135] {dag.py:2931} INFO - Setting next_dagrun for example_time_delta_sensor_async to None, run_after=None
[2022-10-05 16:18:36,147] {processor.py:161} INFO - Processing /home/airflow/.local/lib/python3.7/site-packages/airflow/example_dags/example_time_delta_sensor_async.py took 1.365 seconds
[2022-10-05 18:03:15,771] {processor.py:153} INFO - Started process (PID=2661) to work on /home/airflow/.local/lib/python3.7/site-packages/airflow/example_dags/example_time_delta_sensor_async.py
[2022-10-05 18:03:15,779] {processor.py:641} INFO - Processing file /home/airflow/.local/lib/python3.7/site-packages/airflow/example_dags/example_time_delta_sensor_async.py for tasks to queue
[2022-10-05 18:03:15,782] {logging_mixin.py:115} INFO - [2022-10-05 18:03:15,782] {dagbag.py:507} INFO - Filling up the DagBag from /home/airflow/.local/lib/python3.7/site-packages/airflow/example_dags/example_time_delta_sensor_async.py
[2022-10-05 18:03:15,805] {processor.py:651} INFO - DAG(s) dict_keys(['example_time_delta_sensor_async']) retrieved from /home/airflow/.local/lib/python3.7/site-packages/airflow/example_dags/example_time_delta_sensor_async.py
[2022-10-05 18:03:18,265] {logging_mixin.py:115} INFO - [2022-10-05 18:03:18,264] {native_type_compatibility.py:250} INFO - Using Any for unsupported type: typing.Sequence[~T]
[2022-10-05 20:03:26,103] {processor.py:153} INFO - Started process (PID=2708) to work on /home/airflow/.local/lib/python3.7/site-packages/airflow/example_dags/example_time_delta_sensor_async.py
[2022-10-05 20:03:26,106] {processor.py:641} INFO - Processing file /home/airflow/.local/lib/python3.7/site-packages/airflow/example_dags/example_time_delta_sensor_async.py for tasks to queue
[2022-10-05 20:03:26,108] {logging_mixin.py:115} INFO - [2022-10-05 20:03:26,108] {dagbag.py:507} INFO - Filling up the DagBag from /home/airflow/.local/lib/python3.7/site-packages/airflow/example_dags/example_time_delta_sensor_async.py
[2022-10-05 20:03:26,119] {processor.py:651} INFO - DAG(s) dict_keys(['example_time_delta_sensor_async']) retrieved from /home/airflow/.local/lib/python3.7/site-packages/airflow/example_dags/example_time_delta_sensor_async.py
[2022-10-05 20:03:27,792] {logging_mixin.py:115} INFO - [2022-10-05 20:03:27,792] {native_type_compatibility.py:250} INFO - Using Any for unsupported type: typing.Sequence[~T]
[2022-10-05 20:03:28,751] {logging_mixin.py:115} INFO - [2022-10-05 20:03:28,751] {dag.py:2379} INFO - Sync 1 DAGs
[2022-10-05 20:03:28,787] {logging_mixin.py:115} INFO - [2022-10-05 20:03:28,787] {dag.py:2931} INFO - Setting next_dagrun for example_time_delta_sensor_async to None, run_after=None
[2022-10-05 20:03:28,805] {processor.py:161} INFO - Processing /home/airflow/.local/lib/python3.7/site-packages/airflow/example_dags/example_time_delta_sensor_async.py took 2.711 seconds
