[2022-10-05 15:17:52,448] {processor.py:153} INFO - Started process (PID=118) to work on /home/airflow/.local/lib/python3.7/site-packages/airflow/example_dags/example_branch_python_dop_operator_3.py
[2022-10-05 15:17:52,468] {processor.py:641} INFO - Processing file /home/airflow/.local/lib/python3.7/site-packages/airflow/example_dags/example_branch_python_dop_operator_3.py for tasks to queue
[2022-10-05 15:17:52,482] {logging_mixin.py:115} INFO - [2022-10-05 15:17:52,481] {dagbag.py:507} INFO - Filling up the DagBag from /home/airflow/.local/lib/python3.7/site-packages/airflow/example_dags/example_branch_python_dop_operator_3.py
[2022-10-05 15:17:52,631] {processor.py:651} INFO - DAG(s) dict_keys(['example_branch_dop_operator_v3']) retrieved from /home/airflow/.local/lib/python3.7/site-packages/airflow/example_dags/example_branch_python_dop_operator_3.py
[2022-10-05 15:17:54,628] {logging_mixin.py:115} INFO - [2022-10-05 15:17:54,627] {manager.py:508} INFO - Created Permission View: can delete on DAG:example_branch_dop_operator_v3
[2022-10-05 15:17:54,714] {logging_mixin.py:115} INFO - [2022-10-05 15:17:54,713] {manager.py:508} INFO - Created Permission View: can edit on DAG:example_branch_dop_operator_v3
[2022-10-05 15:17:54,747] {logging_mixin.py:115} INFO - [2022-10-05 15:17:54,747] {manager.py:508} INFO - Created Permission View: can read on DAG:example_branch_dop_operator_v3
[2022-10-05 15:17:54,749] {logging_mixin.py:115} INFO - [2022-10-05 15:17:54,749] {dag.py:2379} INFO - Sync 1 DAGs
[2022-10-05 15:17:54,784] {logging_mixin.py:115} INFO - [2022-10-05 15:17:54,784] {dag.py:2398} INFO - Creating ORM DAG for example_branch_dop_operator_v3
[2022-10-05 15:17:54,872] {logging_mixin.py:115} INFO - [2022-10-05 15:17:54,872] {dag.py:2931} INFO - Setting next_dagrun for example_branch_dop_operator_v3 to 2022-10-05T15:16:00+00:00, run_after=2022-10-05T15:17:00+00:00
[2022-10-05 15:17:54,984] {processor.py:161} INFO - Processing /home/airflow/.local/lib/python3.7/site-packages/airflow/example_dags/example_branch_python_dop_operator_3.py took 2.606 seconds
[2022-10-05 15:18:52,012] {processor.py:153} INFO - Started process (PID=181) to work on /home/airflow/.local/lib/python3.7/site-packages/airflow/example_dags/example_branch_python_dop_operator_3.py
[2022-10-05 15:18:52,025] {processor.py:641} INFO - Processing file /home/airflow/.local/lib/python3.7/site-packages/airflow/example_dags/example_branch_python_dop_operator_3.py for tasks to queue
[2022-10-05 15:18:52,032] {logging_mixin.py:115} INFO - [2022-10-05 15:18:52,031] {dagbag.py:507} INFO - Filling up the DagBag from /home/airflow/.local/lib/python3.7/site-packages/airflow/example_dags/example_branch_python_dop_operator_3.py
[2022-10-05 15:18:52,145] {processor.py:651} INFO - DAG(s) dict_keys(['example_branch_dop_operator_v3']) retrieved from /home/airflow/.local/lib/python3.7/site-packages/airflow/example_dags/example_branch_python_dop_operator_3.py
[2022-10-05 15:18:52,244] {logging_mixin.py:115} INFO - [2022-10-05 15:18:52,244] {dag.py:2379} INFO - Sync 1 DAGs
[2022-10-05 15:18:52,993] {logging_mixin.py:115} INFO - [2022-10-05 15:18:52,992] {dag.py:2931} INFO - Setting next_dagrun for example_branch_dop_operator_v3 to 2022-10-05T15:17:00+00:00, run_after=2022-10-05T15:18:00+00:00
[2022-10-05 15:18:53,145] {processor.py:161} INFO - Processing /home/airflow/.local/lib/python3.7/site-packages/airflow/example_dags/example_branch_python_dop_operator_3.py took 1.166 seconds
[2022-10-05 15:19:52,602] {processor.py:153} INFO - Started process (PID=244) to work on /home/airflow/.local/lib/python3.7/site-packages/airflow/example_dags/example_branch_python_dop_operator_3.py
[2022-10-05 15:19:52,624] {processor.py:641} INFO - Processing file /home/airflow/.local/lib/python3.7/site-packages/airflow/example_dags/example_branch_python_dop_operator_3.py for tasks to queue
[2022-10-05 15:19:52,646] {logging_mixin.py:115} INFO - [2022-10-05 15:19:52,637] {dagbag.py:507} INFO - Filling up the DagBag from /home/airflow/.local/lib/python3.7/site-packages/airflow/example_dags/example_branch_python_dop_operator_3.py
[2022-10-05 15:19:52,879] {processor.py:651} INFO - DAG(s) dict_keys(['example_branch_dop_operator_v3']) retrieved from /home/airflow/.local/lib/python3.7/site-packages/airflow/example_dags/example_branch_python_dop_operator_3.py
[2022-10-05 15:19:53,243] {logging_mixin.py:115} INFO - [2022-10-05 15:19:53,243] {dag.py:2379} INFO - Sync 1 DAGs
[2022-10-05 15:19:55,049] {logging_mixin.py:115} INFO - [2022-10-05 15:19:55,048] {dag.py:2931} INFO - Setting next_dagrun for example_branch_dop_operator_v3 to 2022-10-05T15:18:00+00:00, run_after=2022-10-05T15:19:00+00:00
[2022-10-05 15:19:55,142] {processor.py:161} INFO - Processing /home/airflow/.local/lib/python3.7/site-packages/airflow/example_dags/example_branch_python_dop_operator_3.py took 2.621 seconds
[2022-10-05 15:20:25,691] {processor.py:153} INFO - Started process (PID=297) to work on /home/airflow/.local/lib/python3.7/site-packages/airflow/example_dags/example_branch_python_dop_operator_3.py
[2022-10-05 15:20:25,710] {processor.py:641} INFO - Processing file /home/airflow/.local/lib/python3.7/site-packages/airflow/example_dags/example_branch_python_dop_operator_3.py for tasks to queue
[2022-10-05 15:20:25,713] {logging_mixin.py:115} INFO - [2022-10-05 15:20:25,713] {dagbag.py:507} INFO - Filling up the DagBag from /home/airflow/.local/lib/python3.7/site-packages/airflow/example_dags/example_branch_python_dop_operator_3.py
[2022-10-05 15:20:25,841] {processor.py:651} INFO - DAG(s) dict_keys(['example_branch_dop_operator_v3']) retrieved from /home/airflow/.local/lib/python3.7/site-packages/airflow/example_dags/example_branch_python_dop_operator_3.py
[2022-10-05 15:20:26,124] {logging_mixin.py:115} INFO - [2022-10-05 15:20:26,123] {dag.py:2379} INFO - Sync 1 DAGs
[2022-10-05 15:20:26,651] {logging_mixin.py:115} INFO - [2022-10-05 15:20:26,651] {dag.py:2931} INFO - Setting next_dagrun for example_branch_dop_operator_v3 to 2022-10-05T15:19:00+00:00, run_after=2022-10-05T15:20:00+00:00
[2022-10-05 15:20:26,678] {processor.py:161} INFO - Processing /home/airflow/.local/lib/python3.7/site-packages/airflow/example_dags/example_branch_python_dop_operator_3.py took 1.014 seconds
[2022-10-05 15:21:02,115] {processor.py:153} INFO - Started process (PID=343) to work on /home/airflow/.local/lib/python3.7/site-packages/airflow/example_dags/example_branch_python_dop_operator_3.py
[2022-10-05 15:21:02,120] {processor.py:641} INFO - Processing file /home/airflow/.local/lib/python3.7/site-packages/airflow/example_dags/example_branch_python_dop_operator_3.py for tasks to queue
[2022-10-05 15:21:02,130] {logging_mixin.py:115} INFO - [2022-10-05 15:21:02,130] {dagbag.py:507} INFO - Filling up the DagBag from /home/airflow/.local/lib/python3.7/site-packages/airflow/example_dags/example_branch_python_dop_operator_3.py
[2022-10-05 15:21:02,299] {processor.py:651} INFO - DAG(s) dict_keys(['example_branch_dop_operator_v3']) retrieved from /home/airflow/.local/lib/python3.7/site-packages/airflow/example_dags/example_branch_python_dop_operator_3.py
[2022-10-05 15:21:02,858] {logging_mixin.py:115} INFO - [2022-10-05 15:21:02,855] {dag.py:2379} INFO - Sync 1 DAGs
[2022-10-05 15:21:04,947] {logging_mixin.py:115} INFO - [2022-10-05 15:21:04,946] {dag.py:2931} INFO - Setting next_dagrun for example_branch_dop_operator_v3 to 2022-10-05T15:20:00+00:00, run_after=2022-10-05T15:21:00+00:00
[2022-10-05 15:21:05,020] {processor.py:161} INFO - Processing /home/airflow/.local/lib/python3.7/site-packages/airflow/example_dags/example_branch_python_dop_operator_3.py took 3.140 seconds
[2022-10-05 15:21:38,176] {processor.py:153} INFO - Started process (PID=395) to work on /home/airflow/.local/lib/python3.7/site-packages/airflow/example_dags/example_branch_python_dop_operator_3.py
[2022-10-05 15:21:38,183] {processor.py:641} INFO - Processing file /home/airflow/.local/lib/python3.7/site-packages/airflow/example_dags/example_branch_python_dop_operator_3.py for tasks to queue
[2022-10-05 15:21:38,189] {logging_mixin.py:115} INFO - [2022-10-05 15:21:38,189] {dagbag.py:507} INFO - Filling up the DagBag from /home/airflow/.local/lib/python3.7/site-packages/airflow/example_dags/example_branch_python_dop_operator_3.py
[2022-10-05 15:21:38,270] {processor.py:651} INFO - DAG(s) dict_keys(['example_branch_dop_operator_v3']) retrieved from /home/airflow/.local/lib/python3.7/site-packages/airflow/example_dags/example_branch_python_dop_operator_3.py
[2022-10-05 15:21:38,395] {logging_mixin.py:115} INFO - [2022-10-05 15:21:38,395] {dag.py:2379} INFO - Sync 1 DAGs
[2022-10-05 15:21:38,877] {logging_mixin.py:115} INFO - [2022-10-05 15:21:38,877] {dag.py:2931} INFO - Setting next_dagrun for example_branch_dop_operator_v3 to 2022-10-05T15:20:00+00:00, run_after=2022-10-05T15:21:00+00:00
[2022-10-05 15:21:38,922] {processor.py:161} INFO - Processing /home/airflow/.local/lib/python3.7/site-packages/airflow/example_dags/example_branch_python_dop_operator_3.py took 0.766 seconds
[2022-10-05 15:22:09,123] {processor.py:153} INFO - Started process (PID=452) to work on /home/airflow/.local/lib/python3.7/site-packages/airflow/example_dags/example_branch_python_dop_operator_3.py
[2022-10-05 15:22:09,127] {processor.py:641} INFO - Processing file /home/airflow/.local/lib/python3.7/site-packages/airflow/example_dags/example_branch_python_dop_operator_3.py for tasks to queue
[2022-10-05 15:22:09,131] {logging_mixin.py:115} INFO - [2022-10-05 15:22:09,130] {dagbag.py:507} INFO - Filling up the DagBag from /home/airflow/.local/lib/python3.7/site-packages/airflow/example_dags/example_branch_python_dop_operator_3.py
[2022-10-05 15:22:09,190] {processor.py:651} INFO - DAG(s) dict_keys(['example_branch_dop_operator_v3']) retrieved from /home/airflow/.local/lib/python3.7/site-packages/airflow/example_dags/example_branch_python_dop_operator_3.py
[2022-10-05 15:22:09,244] {logging_mixin.py:115} INFO - [2022-10-05 15:22:09,244] {dag.py:2379} INFO - Sync 1 DAGs
[2022-10-05 15:22:09,496] {logging_mixin.py:115} INFO - [2022-10-05 15:22:09,495] {dag.py:2931} INFO - Setting next_dagrun for example_branch_dop_operator_v3 to 2022-10-05T15:21:00+00:00, run_after=2022-10-05T15:22:00+00:00
[2022-10-05 15:22:09,515] {processor.py:161} INFO - Processing /home/airflow/.local/lib/python3.7/site-packages/airflow/example_dags/example_branch_python_dop_operator_3.py took 0.410 seconds
[2022-10-05 15:22:39,671] {processor.py:153} INFO - Started process (PID=508) to work on /home/airflow/.local/lib/python3.7/site-packages/airflow/example_dags/example_branch_python_dop_operator_3.py
[2022-10-05 15:22:39,673] {processor.py:641} INFO - Processing file /home/airflow/.local/lib/python3.7/site-packages/airflow/example_dags/example_branch_python_dop_operator_3.py for tasks to queue
[2022-10-05 15:22:39,675] {logging_mixin.py:115} INFO - [2022-10-05 15:22:39,675] {dagbag.py:507} INFO - Filling up the DagBag from /home/airflow/.local/lib/python3.7/site-packages/airflow/example_dags/example_branch_python_dop_operator_3.py
[2022-10-05 15:22:39,696] {processor.py:651} INFO - DAG(s) dict_keys(['example_branch_dop_operator_v3']) retrieved from /home/airflow/.local/lib/python3.7/site-packages/airflow/example_dags/example_branch_python_dop_operator_3.py
[2022-10-05 15:22:39,743] {logging_mixin.py:115} INFO - [2022-10-05 15:22:39,743] {dag.py:2379} INFO - Sync 1 DAGs
[2022-10-05 15:22:39,982] {logging_mixin.py:115} INFO - [2022-10-05 15:22:39,982] {dag.py:2931} INFO - Setting next_dagrun for example_branch_dop_operator_v3 to 2022-10-05T15:21:00+00:00, run_after=2022-10-05T15:22:00+00:00
[2022-10-05 15:22:39,998] {processor.py:161} INFO - Processing /home/airflow/.local/lib/python3.7/site-packages/airflow/example_dags/example_branch_python_dop_operator_3.py took 0.333 seconds
[2022-10-05 15:23:11,969] {processor.py:153} INFO - Started process (PID=571) to work on /home/airflow/.local/lib/python3.7/site-packages/airflow/example_dags/example_branch_python_dop_operator_3.py
[2022-10-05 15:23:11,985] {processor.py:641} INFO - Processing file /home/airflow/.local/lib/python3.7/site-packages/airflow/example_dags/example_branch_python_dop_operator_3.py for tasks to queue
[2022-10-05 15:23:12,000] {logging_mixin.py:115} INFO - [2022-10-05 15:23:12,000] {dagbag.py:507} INFO - Filling up the DagBag from /home/airflow/.local/lib/python3.7/site-packages/airflow/example_dags/example_branch_python_dop_operator_3.py
[2022-10-05 15:23:12,125] {processor.py:651} INFO - DAG(s) dict_keys(['example_branch_dop_operator_v3']) retrieved from /home/airflow/.local/lib/python3.7/site-packages/airflow/example_dags/example_branch_python_dop_operator_3.py
[2022-10-05 15:23:12,374] {logging_mixin.py:115} INFO - [2022-10-05 15:23:12,374] {dag.py:2379} INFO - Sync 1 DAGs
[2022-10-05 15:23:12,843] {logging_mixin.py:115} INFO - [2022-10-05 15:23:12,842] {dag.py:2931} INFO - Setting next_dagrun for example_branch_dop_operator_v3 to 2022-10-05T15:22:00+00:00, run_after=2022-10-05T15:23:00+00:00
[2022-10-05 15:23:12,876] {processor.py:161} INFO - Processing /home/airflow/.local/lib/python3.7/site-packages/airflow/example_dags/example_branch_python_dop_operator_3.py took 0.920 seconds
[2022-10-05 15:23:45,733] {processor.py:153} INFO - Started process (PID=630) to work on /home/airflow/.local/lib/python3.7/site-packages/airflow/example_dags/example_branch_python_dop_operator_3.py
[2022-10-05 15:23:45,739] {processor.py:641} INFO - Processing file /home/airflow/.local/lib/python3.7/site-packages/airflow/example_dags/example_branch_python_dop_operator_3.py for tasks to queue
[2022-10-05 15:23:45,745] {logging_mixin.py:115} INFO - [2022-10-05 15:23:45,744] {dagbag.py:507} INFO - Filling up the DagBag from /home/airflow/.local/lib/python3.7/site-packages/airflow/example_dags/example_branch_python_dop_operator_3.py
[2022-10-05 15:23:45,789] {processor.py:651} INFO - DAG(s) dict_keys(['example_branch_dop_operator_v3']) retrieved from /home/airflow/.local/lib/python3.7/site-packages/airflow/example_dags/example_branch_python_dop_operator_3.py
[2022-10-05 15:23:45,868] {logging_mixin.py:115} INFO - [2022-10-05 15:23:45,868] {dag.py:2379} INFO - Sync 1 DAGs
[2022-10-05 15:23:46,311] {logging_mixin.py:115} INFO - [2022-10-05 15:23:46,310] {dag.py:2931} INFO - Setting next_dagrun for example_branch_dop_operator_v3 to 2022-10-05T15:22:00+00:00, run_after=2022-10-05T15:23:00+00:00
[2022-10-05 15:23:46,341] {processor.py:161} INFO - Processing /home/airflow/.local/lib/python3.7/site-packages/airflow/example_dags/example_branch_python_dop_operator_3.py took 0.625 seconds
[2022-10-05 15:24:16,533] {processor.py:153} INFO - Started process (PID=685) to work on /home/airflow/.local/lib/python3.7/site-packages/airflow/example_dags/example_branch_python_dop_operator_3.py
[2022-10-05 15:24:16,536] {processor.py:641} INFO - Processing file /home/airflow/.local/lib/python3.7/site-packages/airflow/example_dags/example_branch_python_dop_operator_3.py for tasks to queue
[2022-10-05 15:24:16,538] {logging_mixin.py:115} INFO - [2022-10-05 15:24:16,537] {dagbag.py:507} INFO - Filling up the DagBag from /home/airflow/.local/lib/python3.7/site-packages/airflow/example_dags/example_branch_python_dop_operator_3.py
[2022-10-05 15:24:16,557] {processor.py:651} INFO - DAG(s) dict_keys(['example_branch_dop_operator_v3']) retrieved from /home/airflow/.local/lib/python3.7/site-packages/airflow/example_dags/example_branch_python_dop_operator_3.py
[2022-10-05 15:24:16,603] {logging_mixin.py:115} INFO - [2022-10-05 15:24:16,603] {dag.py:2379} INFO - Sync 1 DAGs
[2022-10-05 15:24:16,833] {logging_mixin.py:115} INFO - [2022-10-05 15:24:16,833] {dag.py:2931} INFO - Setting next_dagrun for example_branch_dop_operator_v3 to 2022-10-05T15:23:00+00:00, run_after=2022-10-05T15:24:00+00:00
[2022-10-05 15:24:16,852] {processor.py:161} INFO - Processing /home/airflow/.local/lib/python3.7/site-packages/airflow/example_dags/example_branch_python_dop_operator_3.py took 0.325 seconds
[2022-10-05 15:24:47,202] {processor.py:153} INFO - Started process (PID=747) to work on /home/airflow/.local/lib/python3.7/site-packages/airflow/example_dags/example_branch_python_dop_operator_3.py
[2022-10-05 15:24:47,203] {processor.py:641} INFO - Processing file /home/airflow/.local/lib/python3.7/site-packages/airflow/example_dags/example_branch_python_dop_operator_3.py for tasks to queue
[2022-10-05 15:24:47,205] {logging_mixin.py:115} INFO - [2022-10-05 15:24:47,205] {dagbag.py:507} INFO - Filling up the DagBag from /home/airflow/.local/lib/python3.7/site-packages/airflow/example_dags/example_branch_python_dop_operator_3.py
[2022-10-05 15:24:47,221] {processor.py:651} INFO - DAG(s) dict_keys(['example_branch_dop_operator_v3']) retrieved from /home/airflow/.local/lib/python3.7/site-packages/airflow/example_dags/example_branch_python_dop_operator_3.py
[2022-10-05 15:24:47,261] {logging_mixin.py:115} INFO - [2022-10-05 15:24:47,261] {dag.py:2379} INFO - Sync 1 DAGs
[2022-10-05 15:24:47,463] {logging_mixin.py:115} INFO - [2022-10-05 15:24:47,463] {dag.py:2931} INFO - Setting next_dagrun for example_branch_dop_operator_v3 to 2022-10-05T15:23:00+00:00, run_after=2022-10-05T15:24:00+00:00
[2022-10-05 15:24:47,478] {processor.py:161} INFO - Processing /home/airflow/.local/lib/python3.7/site-packages/airflow/example_dags/example_branch_python_dop_operator_3.py took 0.281 seconds
[2022-10-05 15:25:17,857] {processor.py:153} INFO - Started process (PID=803) to work on /home/airflow/.local/lib/python3.7/site-packages/airflow/example_dags/example_branch_python_dop_operator_3.py
[2022-10-05 15:25:17,860] {processor.py:641} INFO - Processing file /home/airflow/.local/lib/python3.7/site-packages/airflow/example_dags/example_branch_python_dop_operator_3.py for tasks to queue
[2022-10-05 15:25:17,862] {logging_mixin.py:115} INFO - [2022-10-05 15:25:17,862] {dagbag.py:507} INFO - Filling up the DagBag from /home/airflow/.local/lib/python3.7/site-packages/airflow/example_dags/example_branch_python_dop_operator_3.py
[2022-10-05 15:25:17,885] {processor.py:651} INFO - DAG(s) dict_keys(['example_branch_dop_operator_v3']) retrieved from /home/airflow/.local/lib/python3.7/site-packages/airflow/example_dags/example_branch_python_dop_operator_3.py
[2022-10-05 15:25:17,934] {logging_mixin.py:115} INFO - [2022-10-05 15:25:17,934] {dag.py:2379} INFO - Sync 1 DAGs
[2022-10-05 15:25:18,181] {logging_mixin.py:115} INFO - [2022-10-05 15:25:18,181] {dag.py:2931} INFO - Setting next_dagrun for example_branch_dop_operator_v3 to 2022-10-05T15:24:00+00:00, run_after=2022-10-05T15:25:00+00:00
[2022-10-05 15:25:18,203] {processor.py:161} INFO - Processing /home/airflow/.local/lib/python3.7/site-packages/airflow/example_dags/example_branch_python_dop_operator_3.py took 0.352 seconds
[2022-10-05 15:25:48,441] {processor.py:153} INFO - Started process (PID=867) to work on /home/airflow/.local/lib/python3.7/site-packages/airflow/example_dags/example_branch_python_dop_operator_3.py
[2022-10-05 15:25:48,453] {processor.py:641} INFO - Processing file /home/airflow/.local/lib/python3.7/site-packages/airflow/example_dags/example_branch_python_dop_operator_3.py for tasks to queue
[2022-10-05 15:25:48,456] {logging_mixin.py:115} INFO - [2022-10-05 15:25:48,456] {dagbag.py:507} INFO - Filling up the DagBag from /home/airflow/.local/lib/python3.7/site-packages/airflow/example_dags/example_branch_python_dop_operator_3.py
[2022-10-05 15:25:48,522] {processor.py:651} INFO - DAG(s) dict_keys(['example_branch_dop_operator_v3']) retrieved from /home/airflow/.local/lib/python3.7/site-packages/airflow/example_dags/example_branch_python_dop_operator_3.py
[2022-10-05 15:25:48,633] {logging_mixin.py:115} INFO - [2022-10-05 15:25:48,633] {dag.py:2379} INFO - Sync 1 DAGs
[2022-10-05 15:25:49,123] {logging_mixin.py:115} INFO - [2022-10-05 15:25:49,123] {dag.py:2931} INFO - Setting next_dagrun for example_branch_dop_operator_v3 to 2022-10-05T15:24:00+00:00, run_after=2022-10-05T15:25:00+00:00
[2022-10-05 15:25:49,155] {processor.py:161} INFO - Processing /home/airflow/.local/lib/python3.7/site-packages/airflow/example_dags/example_branch_python_dop_operator_3.py took 0.728 seconds
[2022-10-05 15:26:19,563] {processor.py:153} INFO - Started process (PID=922) to work on /home/airflow/.local/lib/python3.7/site-packages/airflow/example_dags/example_branch_python_dop_operator_3.py
[2022-10-05 15:26:19,566] {processor.py:641} INFO - Processing file /home/airflow/.local/lib/python3.7/site-packages/airflow/example_dags/example_branch_python_dop_operator_3.py for tasks to queue
[2022-10-05 15:26:19,569] {logging_mixin.py:115} INFO - [2022-10-05 15:26:19,569] {dagbag.py:507} INFO - Filling up the DagBag from /home/airflow/.local/lib/python3.7/site-packages/airflow/example_dags/example_branch_python_dop_operator_3.py
[2022-10-05 15:26:19,587] {processor.py:651} INFO - DAG(s) dict_keys(['example_branch_dop_operator_v3']) retrieved from /home/airflow/.local/lib/python3.7/site-packages/airflow/example_dags/example_branch_python_dop_operator_3.py
[2022-10-05 15:26:19,631] {logging_mixin.py:115} INFO - [2022-10-05 15:26:19,630] {dag.py:2379} INFO - Sync 1 DAGs
[2022-10-05 15:26:19,855] {logging_mixin.py:115} INFO - [2022-10-05 15:26:19,855] {dag.py:2931} INFO - Setting next_dagrun for example_branch_dop_operator_v3 to 2022-10-05T15:25:00+00:00, run_after=2022-10-05T15:26:00+00:00
[2022-10-05 15:26:19,879] {processor.py:161} INFO - Processing /home/airflow/.local/lib/python3.7/site-packages/airflow/example_dags/example_branch_python_dop_operator_3.py took 0.321 seconds
[2022-10-05 15:26:49,985] {processor.py:153} INFO - Started process (PID=987) to work on /home/airflow/.local/lib/python3.7/site-packages/airflow/example_dags/example_branch_python_dop_operator_3.py
[2022-10-05 15:26:49,987] {processor.py:641} INFO - Processing file /home/airflow/.local/lib/python3.7/site-packages/airflow/example_dags/example_branch_python_dop_operator_3.py for tasks to queue
[2022-10-05 15:26:49,989] {logging_mixin.py:115} INFO - [2022-10-05 15:26:49,989] {dagbag.py:507} INFO - Filling up the DagBag from /home/airflow/.local/lib/python3.7/site-packages/airflow/example_dags/example_branch_python_dop_operator_3.py
[2022-10-05 15:26:50,005] {processor.py:651} INFO - DAG(s) dict_keys(['example_branch_dop_operator_v3']) retrieved from /home/airflow/.local/lib/python3.7/site-packages/airflow/example_dags/example_branch_python_dop_operator_3.py
[2022-10-05 15:26:50,055] {logging_mixin.py:115} INFO - [2022-10-05 15:26:50,055] {dag.py:2379} INFO - Sync 1 DAGs
[2022-10-05 15:26:50,278] {logging_mixin.py:115} INFO - [2022-10-05 15:26:50,278] {dag.py:2931} INFO - Setting next_dagrun for example_branch_dop_operator_v3 to 2022-10-05T15:25:00+00:00, run_after=2022-10-05T15:26:00+00:00
[2022-10-05 15:26:50,325] {processor.py:161} INFO - Processing /home/airflow/.local/lib/python3.7/site-packages/airflow/example_dags/example_branch_python_dop_operator_3.py took 0.344 seconds
[2022-10-05 15:27:20,795] {processor.py:153} INFO - Started process (PID=1042) to work on /home/airflow/.local/lib/python3.7/site-packages/airflow/example_dags/example_branch_python_dop_operator_3.py
[2022-10-05 15:27:20,798] {processor.py:641} INFO - Processing file /home/airflow/.local/lib/python3.7/site-packages/airflow/example_dags/example_branch_python_dop_operator_3.py for tasks to queue
[2022-10-05 15:27:20,800] {logging_mixin.py:115} INFO - [2022-10-05 15:27:20,800] {dagbag.py:507} INFO - Filling up the DagBag from /home/airflow/.local/lib/python3.7/site-packages/airflow/example_dags/example_branch_python_dop_operator_3.py
[2022-10-05 15:27:20,819] {processor.py:651} INFO - DAG(s) dict_keys(['example_branch_dop_operator_v3']) retrieved from /home/airflow/.local/lib/python3.7/site-packages/airflow/example_dags/example_branch_python_dop_operator_3.py
[2022-10-05 15:27:20,867] {logging_mixin.py:115} INFO - [2022-10-05 15:27:20,867] {dag.py:2379} INFO - Sync 1 DAGs
[2022-10-05 15:27:21,100] {logging_mixin.py:115} INFO - [2022-10-05 15:27:21,100] {dag.py:2931} INFO - Setting next_dagrun for example_branch_dop_operator_v3 to 2022-10-05T15:26:00+00:00, run_after=2022-10-05T15:27:00+00:00
[2022-10-05 15:27:21,124] {processor.py:161} INFO - Processing /home/airflow/.local/lib/python3.7/site-packages/airflow/example_dags/example_branch_python_dop_operator_3.py took 0.336 seconds
[2022-10-05 15:27:51,541] {processor.py:153} INFO - Started process (PID=1108) to work on /home/airflow/.local/lib/python3.7/site-packages/airflow/example_dags/example_branch_python_dop_operator_3.py
[2022-10-05 15:27:51,545] {processor.py:641} INFO - Processing file /home/airflow/.local/lib/python3.7/site-packages/airflow/example_dags/example_branch_python_dop_operator_3.py for tasks to queue
[2022-10-05 15:27:51,549] {logging_mixin.py:115} INFO - [2022-10-05 15:27:51,549] {dagbag.py:507} INFO - Filling up the DagBag from /home/airflow/.local/lib/python3.7/site-packages/airflow/example_dags/example_branch_python_dop_operator_3.py
[2022-10-05 15:27:51,597] {processor.py:651} INFO - DAG(s) dict_keys(['example_branch_dop_operator_v3']) retrieved from /home/airflow/.local/lib/python3.7/site-packages/airflow/example_dags/example_branch_python_dop_operator_3.py
[2022-10-05 15:27:51,761] {logging_mixin.py:115} INFO - [2022-10-05 15:27:51,761] {dag.py:2379} INFO - Sync 1 DAGs
[2022-10-05 15:27:52,056] {logging_mixin.py:115} INFO - [2022-10-05 15:27:52,056] {dag.py:2931} INFO - Setting next_dagrun for example_branch_dop_operator_v3 to 2022-10-05T15:26:00+00:00, run_after=2022-10-05T15:27:00+00:00
[2022-10-05 15:27:52,073] {processor.py:161} INFO - Processing /home/airflow/.local/lib/python3.7/site-packages/airflow/example_dags/example_branch_python_dop_operator_3.py took 0.544 seconds
[2022-10-05 15:28:22,332] {processor.py:153} INFO - Started process (PID=1165) to work on /home/airflow/.local/lib/python3.7/site-packages/airflow/example_dags/example_branch_python_dop_operator_3.py
[2022-10-05 15:28:22,336] {processor.py:641} INFO - Processing file /home/airflow/.local/lib/python3.7/site-packages/airflow/example_dags/example_branch_python_dop_operator_3.py for tasks to queue
[2022-10-05 15:28:22,342] {logging_mixin.py:115} INFO - [2022-10-05 15:28:22,341] {dagbag.py:507} INFO - Filling up the DagBag from /home/airflow/.local/lib/python3.7/site-packages/airflow/example_dags/example_branch_python_dop_operator_3.py
[2022-10-05 15:28:22,373] {processor.py:651} INFO - DAG(s) dict_keys(['example_branch_dop_operator_v3']) retrieved from /home/airflow/.local/lib/python3.7/site-packages/airflow/example_dags/example_branch_python_dop_operator_3.py
[2022-10-05 15:28:22,458] {logging_mixin.py:115} INFO - [2022-10-05 15:28:22,457] {dag.py:2379} INFO - Sync 1 DAGs
[2022-10-05 15:28:22,876] {logging_mixin.py:115} INFO - [2022-10-05 15:28:22,876] {dag.py:2931} INFO - Setting next_dagrun for example_branch_dop_operator_v3 to 2022-10-05T15:27:00+00:00, run_after=2022-10-05T15:28:00+00:00
[2022-10-05 15:28:22,908] {processor.py:161} INFO - Processing /home/airflow/.local/lib/python3.7/site-packages/airflow/example_dags/example_branch_python_dop_operator_3.py took 0.587 seconds
[2022-10-05 15:28:53,092] {processor.py:153} INFO - Started process (PID=1219) to work on /home/airflow/.local/lib/python3.7/site-packages/airflow/example_dags/example_branch_python_dop_operator_3.py
[2022-10-05 15:28:53,095] {processor.py:641} INFO - Processing file /home/airflow/.local/lib/python3.7/site-packages/airflow/example_dags/example_branch_python_dop_operator_3.py for tasks to queue
[2022-10-05 15:28:53,098] {logging_mixin.py:115} INFO - [2022-10-05 15:28:53,098] {dagbag.py:507} INFO - Filling up the DagBag from /home/airflow/.local/lib/python3.7/site-packages/airflow/example_dags/example_branch_python_dop_operator_3.py
[2022-10-05 15:28:53,120] {processor.py:651} INFO - DAG(s) dict_keys(['example_branch_dop_operator_v3']) retrieved from /home/airflow/.local/lib/python3.7/site-packages/airflow/example_dags/example_branch_python_dop_operator_3.py
[2022-10-05 15:28:53,213] {logging_mixin.py:115} INFO - [2022-10-05 15:28:53,213] {dag.py:2379} INFO - Sync 1 DAGs
[2022-10-05 15:28:53,655] {logging_mixin.py:115} INFO - [2022-10-05 15:28:53,655] {dag.py:2931} INFO - Setting next_dagrun for example_branch_dop_operator_v3 to 2022-10-05T15:27:00+00:00, run_after=2022-10-05T15:28:00+00:00
[2022-10-05 15:28:53,681] {processor.py:161} INFO - Processing /home/airflow/.local/lib/python3.7/site-packages/airflow/example_dags/example_branch_python_dop_operator_3.py took 0.599 seconds
[2022-10-05 15:29:24,465] {processor.py:153} INFO - Started process (PID=1283) to work on /home/airflow/.local/lib/python3.7/site-packages/airflow/example_dags/example_branch_python_dop_operator_3.py
[2022-10-05 15:29:24,468] {processor.py:641} INFO - Processing file /home/airflow/.local/lib/python3.7/site-packages/airflow/example_dags/example_branch_python_dop_operator_3.py for tasks to queue
[2022-10-05 15:29:24,470] {logging_mixin.py:115} INFO - [2022-10-05 15:29:24,470] {dagbag.py:507} INFO - Filling up the DagBag from /home/airflow/.local/lib/python3.7/site-packages/airflow/example_dags/example_branch_python_dop_operator_3.py
[2022-10-05 15:29:24,490] {processor.py:651} INFO - DAG(s) dict_keys(['example_branch_dop_operator_v3']) retrieved from /home/airflow/.local/lib/python3.7/site-packages/airflow/example_dags/example_branch_python_dop_operator_3.py
[2022-10-05 15:29:24,547] {logging_mixin.py:115} INFO - [2022-10-05 15:29:24,547] {dag.py:2379} INFO - Sync 1 DAGs
[2022-10-05 15:29:24,829] {logging_mixin.py:115} INFO - [2022-10-05 15:29:24,829] {dag.py:2931} INFO - Setting next_dagrun for example_branch_dop_operator_v3 to 2022-10-05T15:28:00+00:00, run_after=2022-10-05T15:29:00+00:00
[2022-10-05 15:29:24,855] {processor.py:161} INFO - Processing /home/airflow/.local/lib/python3.7/site-packages/airflow/example_dags/example_branch_python_dop_operator_3.py took 0.396 seconds
[2022-10-05 15:29:55,079] {processor.py:153} INFO - Started process (PID=1337) to work on /home/airflow/.local/lib/python3.7/site-packages/airflow/example_dags/example_branch_python_dop_operator_3.py
[2022-10-05 15:29:55,082] {processor.py:641} INFO - Processing file /home/airflow/.local/lib/python3.7/site-packages/airflow/example_dags/example_branch_python_dop_operator_3.py for tasks to queue
[2022-10-05 15:29:55,084] {logging_mixin.py:115} INFO - [2022-10-05 15:29:55,084] {dagbag.py:507} INFO - Filling up the DagBag from /home/airflow/.local/lib/python3.7/site-packages/airflow/example_dags/example_branch_python_dop_operator_3.py
[2022-10-05 15:29:55,100] {processor.py:651} INFO - DAG(s) dict_keys(['example_branch_dop_operator_v3']) retrieved from /home/airflow/.local/lib/python3.7/site-packages/airflow/example_dags/example_branch_python_dop_operator_3.py
[2022-10-05 15:29:55,143] {logging_mixin.py:115} INFO - [2022-10-05 15:29:55,143] {dag.py:2379} INFO - Sync 1 DAGs
[2022-10-05 15:29:55,339] {logging_mixin.py:115} INFO - [2022-10-05 15:29:55,339] {dag.py:2931} INFO - Setting next_dagrun for example_branch_dop_operator_v3 to 2022-10-05T15:28:00+00:00, run_after=2022-10-05T15:29:00+00:00
[2022-10-05 15:29:55,355] {processor.py:161} INFO - Processing /home/airflow/.local/lib/python3.7/site-packages/airflow/example_dags/example_branch_python_dop_operator_3.py took 0.281 seconds
[2022-10-05 15:30:25,870] {processor.py:153} INFO - Started process (PID=1402) to work on /home/airflow/.local/lib/python3.7/site-packages/airflow/example_dags/example_branch_python_dop_operator_3.py
[2022-10-05 15:30:25,873] {processor.py:641} INFO - Processing file /home/airflow/.local/lib/python3.7/site-packages/airflow/example_dags/example_branch_python_dop_operator_3.py for tasks to queue
[2022-10-05 15:30:25,874] {logging_mixin.py:115} INFO - [2022-10-05 15:30:25,874] {dagbag.py:507} INFO - Filling up the DagBag from /home/airflow/.local/lib/python3.7/site-packages/airflow/example_dags/example_branch_python_dop_operator_3.py
[2022-10-05 15:30:25,895] {processor.py:651} INFO - DAG(s) dict_keys(['example_branch_dop_operator_v3']) retrieved from /home/airflow/.local/lib/python3.7/site-packages/airflow/example_dags/example_branch_python_dop_operator_3.py
[2022-10-05 15:30:25,943] {logging_mixin.py:115} INFO - [2022-10-05 15:30:25,943] {dag.py:2379} INFO - Sync 1 DAGs
[2022-10-05 15:30:26,144] {logging_mixin.py:115} INFO - [2022-10-05 15:30:26,143] {dag.py:2931} INFO - Setting next_dagrun for example_branch_dop_operator_v3 to 2022-10-05T15:29:00+00:00, run_after=2022-10-05T15:30:00+00:00
[2022-10-05 15:30:26,161] {processor.py:161} INFO - Processing /home/airflow/.local/lib/python3.7/site-packages/airflow/example_dags/example_branch_python_dop_operator_3.py took 0.298 seconds
[2022-10-05 15:30:56,568] {processor.py:153} INFO - Started process (PID=1465) to work on /home/airflow/.local/lib/python3.7/site-packages/airflow/example_dags/example_branch_python_dop_operator_3.py
[2022-10-05 15:30:56,570] {processor.py:641} INFO - Processing file /home/airflow/.local/lib/python3.7/site-packages/airflow/example_dags/example_branch_python_dop_operator_3.py for tasks to queue
[2022-10-05 15:30:56,572] {logging_mixin.py:115} INFO - [2022-10-05 15:30:56,572] {dagbag.py:507} INFO - Filling up the DagBag from /home/airflow/.local/lib/python3.7/site-packages/airflow/example_dags/example_branch_python_dop_operator_3.py
[2022-10-05 15:30:56,598] {processor.py:651} INFO - DAG(s) dict_keys(['example_branch_dop_operator_v3']) retrieved from /home/airflow/.local/lib/python3.7/site-packages/airflow/example_dags/example_branch_python_dop_operator_3.py
[2022-10-05 15:30:56,650] {logging_mixin.py:115} INFO - [2022-10-05 15:30:56,650] {dag.py:2379} INFO - Sync 1 DAGs
[2022-10-05 15:30:56,865] {logging_mixin.py:115} INFO - [2022-10-05 15:30:56,865] {dag.py:2931} INFO - Setting next_dagrun for example_branch_dop_operator_v3 to 2022-10-05T15:29:00+00:00, run_after=2022-10-05T15:30:00+00:00
[2022-10-05 15:30:56,883] {processor.py:161} INFO - Processing /home/airflow/.local/lib/python3.7/site-packages/airflow/example_dags/example_branch_python_dop_operator_3.py took 0.321 seconds
[2022-10-05 15:31:27,396] {processor.py:153} INFO - Started process (PID=1521) to work on /home/airflow/.local/lib/python3.7/site-packages/airflow/example_dags/example_branch_python_dop_operator_3.py
[2022-10-05 15:31:27,404] {processor.py:641} INFO - Processing file /home/airflow/.local/lib/python3.7/site-packages/airflow/example_dags/example_branch_python_dop_operator_3.py for tasks to queue
[2022-10-05 15:31:27,411] {logging_mixin.py:115} INFO - [2022-10-05 15:31:27,411] {dagbag.py:507} INFO - Filling up the DagBag from /home/airflow/.local/lib/python3.7/site-packages/airflow/example_dags/example_branch_python_dop_operator_3.py
[2022-10-05 15:31:27,598] {processor.py:651} INFO - DAG(s) dict_keys(['example_branch_dop_operator_v3']) retrieved from /home/airflow/.local/lib/python3.7/site-packages/airflow/example_dags/example_branch_python_dop_operator_3.py
[2022-10-05 15:31:27,886] {logging_mixin.py:115} INFO - [2022-10-05 15:31:27,885] {dag.py:2379} INFO - Sync 1 DAGs
[2022-10-05 15:31:28,428] {logging_mixin.py:115} INFO - [2022-10-05 15:31:28,428] {dag.py:2931} INFO - Setting next_dagrun for example_branch_dop_operator_v3 to 2022-10-05T15:30:00+00:00, run_after=2022-10-05T15:31:00+00:00
[2022-10-05 15:31:28,471] {processor.py:161} INFO - Processing /home/airflow/.local/lib/python3.7/site-packages/airflow/example_dags/example_branch_python_dop_operator_3.py took 1.133 seconds
[2022-10-05 15:31:59,323] {processor.py:153} INFO - Started process (PID=1570) to work on /home/airflow/.local/lib/python3.7/site-packages/airflow/example_dags/example_branch_python_dop_operator_3.py
[2022-10-05 15:31:59,329] {processor.py:641} INFO - Processing file /home/airflow/.local/lib/python3.7/site-packages/airflow/example_dags/example_branch_python_dop_operator_3.py for tasks to queue
[2022-10-05 15:31:59,333] {logging_mixin.py:115} INFO - [2022-10-05 15:31:59,333] {dagbag.py:507} INFO - Filling up the DagBag from /home/airflow/.local/lib/python3.7/site-packages/airflow/example_dags/example_branch_python_dop_operator_3.py
[2022-10-05 15:31:59,371] {processor.py:651} INFO - DAG(s) dict_keys(['example_branch_dop_operator_v3']) retrieved from /home/airflow/.local/lib/python3.7/site-packages/airflow/example_dags/example_branch_python_dop_operator_3.py
[2022-10-05 15:31:59,466] {logging_mixin.py:115} INFO - [2022-10-05 15:31:59,465] {dag.py:2379} INFO - Sync 1 DAGs
[2022-10-05 15:31:59,924] {logging_mixin.py:115} INFO - [2022-10-05 15:31:59,924] {dag.py:2931} INFO - Setting next_dagrun for example_branch_dop_operator_v3 to 2022-10-05T15:30:00+00:00, run_after=2022-10-05T15:31:00+00:00
[2022-10-05 15:31:59,961] {processor.py:161} INFO - Processing /home/airflow/.local/lib/python3.7/site-packages/airflow/example_dags/example_branch_python_dop_operator_3.py took 0.650 seconds
[2022-10-05 15:32:30,100] {processor.py:153} INFO - Started process (PID=1634) to work on /home/airflow/.local/lib/python3.7/site-packages/airflow/example_dags/example_branch_python_dop_operator_3.py
[2022-10-05 15:32:30,102] {processor.py:641} INFO - Processing file /home/airflow/.local/lib/python3.7/site-packages/airflow/example_dags/example_branch_python_dop_operator_3.py for tasks to queue
[2022-10-05 15:32:30,103] {logging_mixin.py:115} INFO - [2022-10-05 15:32:30,103] {dagbag.py:507} INFO - Filling up the DagBag from /home/airflow/.local/lib/python3.7/site-packages/airflow/example_dags/example_branch_python_dop_operator_3.py
[2022-10-05 15:32:30,120] {processor.py:651} INFO - DAG(s) dict_keys(['example_branch_dop_operator_v3']) retrieved from /home/airflow/.local/lib/python3.7/site-packages/airflow/example_dags/example_branch_python_dop_operator_3.py
[2022-10-05 15:32:30,165] {logging_mixin.py:115} INFO - [2022-10-05 15:32:30,165] {dag.py:2379} INFO - Sync 1 DAGs
[2022-10-05 15:32:30,355] {logging_mixin.py:115} INFO - [2022-10-05 15:32:30,354] {dag.py:2931} INFO - Setting next_dagrun for example_branch_dop_operator_v3 to 2022-10-05T15:31:00+00:00, run_after=2022-10-05T15:32:00+00:00
[2022-10-05 15:32:30,372] {processor.py:161} INFO - Processing /home/airflow/.local/lib/python3.7/site-packages/airflow/example_dags/example_branch_python_dop_operator_3.py took 0.278 seconds
[2022-10-05 15:33:00,476] {processor.py:153} INFO - Started process (PID=1690) to work on /home/airflow/.local/lib/python3.7/site-packages/airflow/example_dags/example_branch_python_dop_operator_3.py
[2022-10-05 15:33:00,478] {processor.py:641} INFO - Processing file /home/airflow/.local/lib/python3.7/site-packages/airflow/example_dags/example_branch_python_dop_operator_3.py for tasks to queue
[2022-10-05 15:33:00,479] {logging_mixin.py:115} INFO - [2022-10-05 15:33:00,479] {dagbag.py:507} INFO - Filling up the DagBag from /home/airflow/.local/lib/python3.7/site-packages/airflow/example_dags/example_branch_python_dop_operator_3.py
[2022-10-05 15:33:00,493] {processor.py:651} INFO - DAG(s) dict_keys(['example_branch_dop_operator_v3']) retrieved from /home/airflow/.local/lib/python3.7/site-packages/airflow/example_dags/example_branch_python_dop_operator_3.py
[2022-10-05 15:33:00,536] {logging_mixin.py:115} INFO - [2022-10-05 15:33:00,536] {dag.py:2379} INFO - Sync 1 DAGs
[2022-10-05 15:33:00,723] {logging_mixin.py:115} INFO - [2022-10-05 15:33:00,723] {dag.py:2931} INFO - Setting next_dagrun for example_branch_dop_operator_v3 to 2022-10-05T15:32:00+00:00, run_after=2022-10-05T15:33:00+00:00
[2022-10-05 15:33:00,739] {processor.py:161} INFO - Processing /home/airflow/.local/lib/python3.7/site-packages/airflow/example_dags/example_branch_python_dop_operator_3.py took 0.268 seconds
[2022-10-05 15:33:30,828] {processor.py:153} INFO - Started process (PID=1756) to work on /home/airflow/.local/lib/python3.7/site-packages/airflow/example_dags/example_branch_python_dop_operator_3.py
[2022-10-05 15:33:30,830] {processor.py:641} INFO - Processing file /home/airflow/.local/lib/python3.7/site-packages/airflow/example_dags/example_branch_python_dop_operator_3.py for tasks to queue
[2022-10-05 15:33:30,831] {logging_mixin.py:115} INFO - [2022-10-05 15:33:30,831] {dagbag.py:507} INFO - Filling up the DagBag from /home/airflow/.local/lib/python3.7/site-packages/airflow/example_dags/example_branch_python_dop_operator_3.py
[2022-10-05 15:33:30,847] {processor.py:651} INFO - DAG(s) dict_keys(['example_branch_dop_operator_v3']) retrieved from /home/airflow/.local/lib/python3.7/site-packages/airflow/example_dags/example_branch_python_dop_operator_3.py
[2022-10-05 15:33:30,890] {logging_mixin.py:115} INFO - [2022-10-05 15:33:30,890] {dag.py:2379} INFO - Sync 1 DAGs
[2022-10-05 15:33:31,097] {logging_mixin.py:115} INFO - [2022-10-05 15:33:31,097] {dag.py:2931} INFO - Setting next_dagrun for example_branch_dop_operator_v3 to 2022-10-05T15:32:00+00:00, run_after=2022-10-05T15:33:00+00:00
[2022-10-05 15:33:31,114] {processor.py:161} INFO - Processing /home/airflow/.local/lib/python3.7/site-packages/airflow/example_dags/example_branch_python_dop_operator_3.py took 0.292 seconds
[2022-10-05 15:34:01,515] {processor.py:153} INFO - Started process (PID=1812) to work on /home/airflow/.local/lib/python3.7/site-packages/airflow/example_dags/example_branch_python_dop_operator_3.py
[2022-10-05 15:34:01,516] {processor.py:641} INFO - Processing file /home/airflow/.local/lib/python3.7/site-packages/airflow/example_dags/example_branch_python_dop_operator_3.py for tasks to queue
[2022-10-05 15:34:01,518] {logging_mixin.py:115} INFO - [2022-10-05 15:34:01,518] {dagbag.py:507} INFO - Filling up the DagBag from /home/airflow/.local/lib/python3.7/site-packages/airflow/example_dags/example_branch_python_dop_operator_3.py
[2022-10-05 15:34:01,532] {processor.py:651} INFO - DAG(s) dict_keys(['example_branch_dop_operator_v3']) retrieved from /home/airflow/.local/lib/python3.7/site-packages/airflow/example_dags/example_branch_python_dop_operator_3.py
[2022-10-05 15:34:01,576] {logging_mixin.py:115} INFO - [2022-10-05 15:34:01,576] {dag.py:2379} INFO - Sync 1 DAGs
[2022-10-05 15:34:01,769] {logging_mixin.py:115} INFO - [2022-10-05 15:34:01,769] {dag.py:2931} INFO - Setting next_dagrun for example_branch_dop_operator_v3 to 2022-10-05T15:33:00+00:00, run_after=2022-10-05T15:34:00+00:00
[2022-10-05 15:34:01,787] {processor.py:161} INFO - Processing /home/airflow/.local/lib/python3.7/site-packages/airflow/example_dags/example_branch_python_dop_operator_3.py took 0.276 seconds
[2022-10-05 15:34:32,278] {processor.py:153} INFO - Started process (PID=1877) to work on /home/airflow/.local/lib/python3.7/site-packages/airflow/example_dags/example_branch_python_dop_operator_3.py
[2022-10-05 15:34:32,280] {processor.py:641} INFO - Processing file /home/airflow/.local/lib/python3.7/site-packages/airflow/example_dags/example_branch_python_dop_operator_3.py for tasks to queue
[2022-10-05 15:34:32,281] {logging_mixin.py:115} INFO - [2022-10-05 15:34:32,281] {dagbag.py:507} INFO - Filling up the DagBag from /home/airflow/.local/lib/python3.7/site-packages/airflow/example_dags/example_branch_python_dop_operator_3.py
[2022-10-05 15:34:32,301] {processor.py:651} INFO - DAG(s) dict_keys(['example_branch_dop_operator_v3']) retrieved from /home/airflow/.local/lib/python3.7/site-packages/airflow/example_dags/example_branch_python_dop_operator_3.py
[2022-10-05 15:34:32,348] {logging_mixin.py:115} INFO - [2022-10-05 15:34:32,348] {dag.py:2379} INFO - Sync 1 DAGs
[2022-10-05 15:34:32,549] {logging_mixin.py:115} INFO - [2022-10-05 15:34:32,549] {dag.py:2931} INFO - Setting next_dagrun for example_branch_dop_operator_v3 to 2022-10-05T15:33:00+00:00, run_after=2022-10-05T15:34:00+00:00
[2022-10-05 15:34:32,568] {processor.py:161} INFO - Processing /home/airflow/.local/lib/python3.7/site-packages/airflow/example_dags/example_branch_python_dop_operator_3.py took 0.298 seconds
[2022-10-05 15:35:02,681] {processor.py:153} INFO - Started process (PID=1932) to work on /home/airflow/.local/lib/python3.7/site-packages/airflow/example_dags/example_branch_python_dop_operator_3.py
[2022-10-05 15:35:02,683] {processor.py:641} INFO - Processing file /home/airflow/.local/lib/python3.7/site-packages/airflow/example_dags/example_branch_python_dop_operator_3.py for tasks to queue
[2022-10-05 15:35:02,685] {logging_mixin.py:115} INFO - [2022-10-05 15:35:02,685] {dagbag.py:507} INFO - Filling up the DagBag from /home/airflow/.local/lib/python3.7/site-packages/airflow/example_dags/example_branch_python_dop_operator_3.py
[2022-10-05 15:35:02,698] {processor.py:651} INFO - DAG(s) dict_keys(['example_branch_dop_operator_v3']) retrieved from /home/airflow/.local/lib/python3.7/site-packages/airflow/example_dags/example_branch_python_dop_operator_3.py
[2022-10-05 15:35:02,743] {logging_mixin.py:115} INFO - [2022-10-05 15:35:02,743] {dag.py:2379} INFO - Sync 1 DAGs
[2022-10-05 15:35:02,946] {logging_mixin.py:115} INFO - [2022-10-05 15:35:02,946] {dag.py:2931} INFO - Setting next_dagrun for example_branch_dop_operator_v3 to 2022-10-05T15:34:00+00:00, run_after=2022-10-05T15:35:00+00:00
[2022-10-05 15:35:02,973] {processor.py:161} INFO - Processing /home/airflow/.local/lib/python3.7/site-packages/airflow/example_dags/example_branch_python_dop_operator_3.py took 0.301 seconds
[2022-10-05 15:35:33,305] {processor.py:153} INFO - Started process (PID=1996) to work on /home/airflow/.local/lib/python3.7/site-packages/airflow/example_dags/example_branch_python_dop_operator_3.py
[2022-10-05 15:35:33,308] {processor.py:641} INFO - Processing file /home/airflow/.local/lib/python3.7/site-packages/airflow/example_dags/example_branch_python_dop_operator_3.py for tasks to queue
[2022-10-05 15:35:33,310] {logging_mixin.py:115} INFO - [2022-10-05 15:35:33,310] {dagbag.py:507} INFO - Filling up the DagBag from /home/airflow/.local/lib/python3.7/site-packages/airflow/example_dags/example_branch_python_dop_operator_3.py
[2022-10-05 15:35:33,331] {processor.py:651} INFO - DAG(s) dict_keys(['example_branch_dop_operator_v3']) retrieved from /home/airflow/.local/lib/python3.7/site-packages/airflow/example_dags/example_branch_python_dop_operator_3.py
[2022-10-05 15:35:33,403] {logging_mixin.py:115} INFO - [2022-10-05 15:35:33,402] {dag.py:2379} INFO - Sync 1 DAGs
[2022-10-05 15:35:33,685] {logging_mixin.py:115} INFO - [2022-10-05 15:35:33,685] {dag.py:2931} INFO - Setting next_dagrun for example_branch_dop_operator_v3 to 2022-10-05T15:34:00+00:00, run_after=2022-10-05T15:35:00+00:00
[2022-10-05 15:35:33,709] {processor.py:161} INFO - Processing /home/airflow/.local/lib/python3.7/site-packages/airflow/example_dags/example_branch_python_dop_operator_3.py took 0.411 seconds
[2022-10-05 15:51:19,063] {processor.py:153} INFO - Started process (PID=2043) to work on /home/airflow/.local/lib/python3.7/site-packages/airflow/example_dags/example_branch_python_dop_operator_3.py
[2022-10-05 15:51:19,066] {processor.py:641} INFO - Processing file /home/airflow/.local/lib/python3.7/site-packages/airflow/example_dags/example_branch_python_dop_operator_3.py for tasks to queue
[2022-10-05 15:51:19,079] {logging_mixin.py:115} INFO - [2022-10-05 15:51:19,071] {dagbag.py:507} INFO - Filling up the DagBag from /home/airflow/.local/lib/python3.7/site-packages/airflow/example_dags/example_branch_python_dop_operator_3.py
[2022-10-05 15:51:19,121] {processor.py:651} INFO - DAG(s) dict_keys(['example_branch_dop_operator_v3']) retrieved from /home/airflow/.local/lib/python3.7/site-packages/airflow/example_dags/example_branch_python_dop_operator_3.py
[2022-10-05 15:51:19,200] {logging_mixin.py:115} INFO - [2022-10-05 15:51:19,200] {dag.py:2379} INFO - Sync 1 DAGs
[2022-10-05 15:51:19,280] {logging_mixin.py:115} INFO - [2022-10-05 15:51:19,280] {dag.py:2931} INFO - Setting next_dagrun for example_branch_dop_operator_v3 to 2022-10-05T15:50:00+00:00, run_after=2022-10-05T15:51:00+00:00
[2022-10-05 15:51:19,357] {processor.py:161} INFO - Processing /home/airflow/.local/lib/python3.7/site-packages/airflow/example_dags/example_branch_python_dop_operator_3.py took 0.310 seconds
[2022-10-05 15:51:49,764] {processor.py:153} INFO - Started process (PID=2099) to work on /home/airflow/.local/lib/python3.7/site-packages/airflow/example_dags/example_branch_python_dop_operator_3.py
[2022-10-05 15:51:49,766] {processor.py:641} INFO - Processing file /home/airflow/.local/lib/python3.7/site-packages/airflow/example_dags/example_branch_python_dop_operator_3.py for tasks to queue
[2022-10-05 15:51:49,768] {logging_mixin.py:115} INFO - [2022-10-05 15:51:49,768] {dagbag.py:507} INFO - Filling up the DagBag from /home/airflow/.local/lib/python3.7/site-packages/airflow/example_dags/example_branch_python_dop_operator_3.py
[2022-10-05 15:51:49,783] {processor.py:651} INFO - DAG(s) dict_keys(['example_branch_dop_operator_v3']) retrieved from /home/airflow/.local/lib/python3.7/site-packages/airflow/example_dags/example_branch_python_dop_operator_3.py
[2022-10-05 15:51:49,825] {logging_mixin.py:115} INFO - [2022-10-05 15:51:49,825] {dag.py:2379} INFO - Sync 1 DAGs
[2022-10-05 15:51:49,862] {logging_mixin.py:115} INFO - [2022-10-05 15:51:49,862] {dag.py:2931} INFO - Setting next_dagrun for example_branch_dop_operator_v3 to 2022-10-05T15:50:00+00:00, run_after=2022-10-05T15:51:00+00:00
[2022-10-05 15:51:49,879] {processor.py:161} INFO - Processing /home/airflow/.local/lib/python3.7/site-packages/airflow/example_dags/example_branch_python_dop_operator_3.py took 0.122 seconds
[2022-10-05 15:52:20,320] {processor.py:153} INFO - Started process (PID=2164) to work on /home/airflow/.local/lib/python3.7/site-packages/airflow/example_dags/example_branch_python_dop_operator_3.py
[2022-10-05 15:52:20,322] {processor.py:641} INFO - Processing file /home/airflow/.local/lib/python3.7/site-packages/airflow/example_dags/example_branch_python_dop_operator_3.py for tasks to queue
[2022-10-05 15:52:20,326] {logging_mixin.py:115} INFO - [2022-10-05 15:52:20,326] {dagbag.py:507} INFO - Filling up the DagBag from /home/airflow/.local/lib/python3.7/site-packages/airflow/example_dags/example_branch_python_dop_operator_3.py
[2022-10-05 15:52:20,345] {processor.py:651} INFO - DAG(s) dict_keys(['example_branch_dop_operator_v3']) retrieved from /home/airflow/.local/lib/python3.7/site-packages/airflow/example_dags/example_branch_python_dop_operator_3.py
[2022-10-05 15:52:20,378] {logging_mixin.py:115} INFO - [2022-10-05 15:52:20,378] {dag.py:2379} INFO - Sync 1 DAGs
[2022-10-05 15:52:20,411] {logging_mixin.py:115} INFO - [2022-10-05 15:52:20,411] {dag.py:2931} INFO - Setting next_dagrun for example_branch_dop_operator_v3 to 2022-10-05T15:51:00+00:00, run_after=2022-10-05T15:52:00+00:00
[2022-10-05 15:52:20,425] {processor.py:161} INFO - Processing /home/airflow/.local/lib/python3.7/site-packages/airflow/example_dags/example_branch_python_dop_operator_3.py took 0.110 seconds
[2022-10-05 15:52:50,662] {processor.py:153} INFO - Started process (PID=2229) to work on /home/airflow/.local/lib/python3.7/site-packages/airflow/example_dags/example_branch_python_dop_operator_3.py
[2022-10-05 15:52:50,664] {processor.py:641} INFO - Processing file /home/airflow/.local/lib/python3.7/site-packages/airflow/example_dags/example_branch_python_dop_operator_3.py for tasks to queue
[2022-10-05 15:52:50,666] {logging_mixin.py:115} INFO - [2022-10-05 15:52:50,666] {dagbag.py:507} INFO - Filling up the DagBag from /home/airflow/.local/lib/python3.7/site-packages/airflow/example_dags/example_branch_python_dop_operator_3.py
[2022-10-05 15:52:50,682] {processor.py:651} INFO - DAG(s) dict_keys(['example_branch_dop_operator_v3']) retrieved from /home/airflow/.local/lib/python3.7/site-packages/airflow/example_dags/example_branch_python_dop_operator_3.py
[2022-10-05 15:52:50,716] {logging_mixin.py:115} INFO - [2022-10-05 15:52:50,716] {dag.py:2379} INFO - Sync 1 DAGs
[2022-10-05 15:52:50,745] {logging_mixin.py:115} INFO - [2022-10-05 15:52:50,745] {dag.py:2931} INFO - Setting next_dagrun for example_branch_dop_operator_v3 to 2022-10-05T15:51:00+00:00, run_after=2022-10-05T15:52:00+00:00
[2022-10-05 15:52:50,763] {processor.py:161} INFO - Processing /home/airflow/.local/lib/python3.7/site-packages/airflow/example_dags/example_branch_python_dop_operator_3.py took 0.105 seconds
[2022-10-05 15:53:21,019] {processor.py:153} INFO - Started process (PID=2285) to work on /home/airflow/.local/lib/python3.7/site-packages/airflow/example_dags/example_branch_python_dop_operator_3.py
[2022-10-05 15:53:21,021] {processor.py:641} INFO - Processing file /home/airflow/.local/lib/python3.7/site-packages/airflow/example_dags/example_branch_python_dop_operator_3.py for tasks to queue
[2022-10-05 15:53:21,023] {logging_mixin.py:115} INFO - [2022-10-05 15:53:21,023] {dagbag.py:507} INFO - Filling up the DagBag from /home/airflow/.local/lib/python3.7/site-packages/airflow/example_dags/example_branch_python_dop_operator_3.py
[2022-10-05 15:53:21,037] {processor.py:651} INFO - DAG(s) dict_keys(['example_branch_dop_operator_v3']) retrieved from /home/airflow/.local/lib/python3.7/site-packages/airflow/example_dags/example_branch_python_dop_operator_3.py
[2022-10-05 15:53:21,083] {logging_mixin.py:115} INFO - [2022-10-05 15:53:21,083] {dag.py:2379} INFO - Sync 1 DAGs
[2022-10-05 15:53:21,114] {logging_mixin.py:115} INFO - [2022-10-05 15:53:21,114] {dag.py:2931} INFO - Setting next_dagrun for example_branch_dop_operator_v3 to 2022-10-05T15:52:00+00:00, run_after=2022-10-05T15:53:00+00:00
[2022-10-05 15:53:21,139] {processor.py:161} INFO - Processing /home/airflow/.local/lib/python3.7/site-packages/airflow/example_dags/example_branch_python_dop_operator_3.py took 0.124 seconds
[2022-10-05 15:53:51,511] {processor.py:153} INFO - Started process (PID=2350) to work on /home/airflow/.local/lib/python3.7/site-packages/airflow/example_dags/example_branch_python_dop_operator_3.py
[2022-10-05 15:53:51,513] {processor.py:641} INFO - Processing file /home/airflow/.local/lib/python3.7/site-packages/airflow/example_dags/example_branch_python_dop_operator_3.py for tasks to queue
[2022-10-05 15:53:51,514] {logging_mixin.py:115} INFO - [2022-10-05 15:53:51,514] {dagbag.py:507} INFO - Filling up the DagBag from /home/airflow/.local/lib/python3.7/site-packages/airflow/example_dags/example_branch_python_dop_operator_3.py
[2022-10-05 15:53:51,526] {processor.py:651} INFO - DAG(s) dict_keys(['example_branch_dop_operator_v3']) retrieved from /home/airflow/.local/lib/python3.7/site-packages/airflow/example_dags/example_branch_python_dop_operator_3.py
[2022-10-05 15:53:51,564] {logging_mixin.py:115} INFO - [2022-10-05 15:53:51,564] {dag.py:2379} INFO - Sync 1 DAGs
[2022-10-05 15:53:51,605] {logging_mixin.py:115} INFO - [2022-10-05 15:53:51,605] {dag.py:2931} INFO - Setting next_dagrun for example_branch_dop_operator_v3 to 2022-10-05T15:52:00+00:00, run_after=2022-10-05T15:53:00+00:00
[2022-10-05 15:53:51,620] {processor.py:161} INFO - Processing /home/airflow/.local/lib/python3.7/site-packages/airflow/example_dags/example_branch_python_dop_operator_3.py took 0.116 seconds
[2022-10-05 16:01:51,814] {processor.py:153} INFO - Started process (PID=2383) to work on /home/airflow/.local/lib/python3.7/site-packages/airflow/example_dags/example_branch_python_dop_operator_3.py
[2022-10-05 16:01:51,816] {processor.py:641} INFO - Processing file /home/airflow/.local/lib/python3.7/site-packages/airflow/example_dags/example_branch_python_dop_operator_3.py for tasks to queue
[2022-10-05 16:01:51,819] {logging_mixin.py:115} INFO - [2022-10-05 16:01:51,818] {dagbag.py:507} INFO - Filling up the DagBag from /home/airflow/.local/lib/python3.7/site-packages/airflow/example_dags/example_branch_python_dop_operator_3.py
[2022-10-05 16:01:51,858] {processor.py:651} INFO - DAG(s) dict_keys(['example_branch_dop_operator_v3']) retrieved from /home/airflow/.local/lib/python3.7/site-packages/airflow/example_dags/example_branch_python_dop_operator_3.py
[2022-10-05 16:01:51,902] {logging_mixin.py:115} INFO - [2022-10-05 16:01:51,902] {dag.py:2379} INFO - Sync 1 DAGs
[2022-10-05 16:01:51,944] {logging_mixin.py:115} INFO - [2022-10-05 16:01:51,944] {dag.py:2931} INFO - Setting next_dagrun for example_branch_dop_operator_v3 to 2022-10-05T16:00:00+00:00, run_after=2022-10-05T16:01:00+00:00
[2022-10-05 16:01:51,970] {processor.py:161} INFO - Processing /home/airflow/.local/lib/python3.7/site-packages/airflow/example_dags/example_branch_python_dop_operator_3.py took 0.162 seconds
[2022-10-05 16:03:21,167] {processor.py:153} INFO - Started process (PID=2429) to work on /home/airflow/.local/lib/python3.7/site-packages/airflow/example_dags/example_branch_python_dop_operator_3.py
[2022-10-05 16:03:21,168] {processor.py:641} INFO - Processing file /home/airflow/.local/lib/python3.7/site-packages/airflow/example_dags/example_branch_python_dop_operator_3.py for tasks to queue
[2022-10-05 16:03:21,170] {logging_mixin.py:115} INFO - [2022-10-05 16:03:21,169] {dagbag.py:507} INFO - Filling up the DagBag from /home/airflow/.local/lib/python3.7/site-packages/airflow/example_dags/example_branch_python_dop_operator_3.py
[2022-10-05 16:03:21,195] {processor.py:651} INFO - DAG(s) dict_keys(['example_branch_dop_operator_v3']) retrieved from /home/airflow/.local/lib/python3.7/site-packages/airflow/example_dags/example_branch_python_dop_operator_3.py
[2022-10-05 16:03:21,244] {logging_mixin.py:115} INFO - [2022-10-05 16:03:21,244] {dag.py:2379} INFO - Sync 1 DAGs
[2022-10-05 16:03:21,275] {logging_mixin.py:115} INFO - [2022-10-05 16:03:21,275] {dag.py:2931} INFO - Setting next_dagrun for example_branch_dop_operator_v3 to 2022-10-05T16:02:00+00:00, run_after=2022-10-05T16:03:00+00:00
[2022-10-05 16:03:21,293] {processor.py:161} INFO - Processing /home/airflow/.local/lib/python3.7/site-packages/airflow/example_dags/example_branch_python_dop_operator_3.py took 0.131 seconds
[2022-10-05 16:14:14,566] {processor.py:153} INFO - Started process (PID=2468) to work on /home/airflow/.local/lib/python3.7/site-packages/airflow/example_dags/example_branch_python_dop_operator_3.py
[2022-10-05 16:14:14,568] {processor.py:641} INFO - Processing file /home/airflow/.local/lib/python3.7/site-packages/airflow/example_dags/example_branch_python_dop_operator_3.py for tasks to queue
[2022-10-05 16:14:14,569] {logging_mixin.py:115} INFO - [2022-10-05 16:14:14,569] {dagbag.py:507} INFO - Filling up the DagBag from /home/airflow/.local/lib/python3.7/site-packages/airflow/example_dags/example_branch_python_dop_operator_3.py
[2022-10-05 16:14:14,586] {processor.py:651} INFO - DAG(s) dict_keys(['example_branch_dop_operator_v3']) retrieved from /home/airflow/.local/lib/python3.7/site-packages/airflow/example_dags/example_branch_python_dop_operator_3.py
[2022-10-05 16:14:14,644] {logging_mixin.py:115} INFO - [2022-10-05 16:14:14,644] {dag.py:2379} INFO - Sync 1 DAGs
[2022-10-05 16:14:14,682] {logging_mixin.py:115} INFO - [2022-10-05 16:14:14,682] {dag.py:2931} INFO - Setting next_dagrun for example_branch_dop_operator_v3 to 2022-10-05T16:13:00+00:00, run_after=2022-10-05T16:14:00+00:00
[2022-10-05 16:14:14,700] {processor.py:161} INFO - Processing /home/airflow/.local/lib/python3.7/site-packages/airflow/example_dags/example_branch_python_dop_operator_3.py took 0.141 seconds
[2022-10-05 16:15:18,961] {processor.py:153} INFO - Started process (PID=2515) to work on /home/airflow/.local/lib/python3.7/site-packages/airflow/example_dags/example_branch_python_dop_operator_3.py
[2022-10-05 16:15:18,964] {processor.py:641} INFO - Processing file /home/airflow/.local/lib/python3.7/site-packages/airflow/example_dags/example_branch_python_dop_operator_3.py for tasks to queue
[2022-10-05 16:15:18,965] {logging_mixin.py:115} INFO - [2022-10-05 16:15:18,965] {dagbag.py:507} INFO - Filling up the DagBag from /home/airflow/.local/lib/python3.7/site-packages/airflow/example_dags/example_branch_python_dop_operator_3.py
[2022-10-05 16:15:18,986] {processor.py:651} INFO - DAG(s) dict_keys(['example_branch_dop_operator_v3']) retrieved from /home/airflow/.local/lib/python3.7/site-packages/airflow/example_dags/example_branch_python_dop_operator_3.py
[2022-10-05 16:15:19,030] {logging_mixin.py:115} INFO - [2022-10-05 16:15:19,029] {dag.py:2379} INFO - Sync 1 DAGs
[2022-10-05 16:15:19,058] {logging_mixin.py:115} INFO - [2022-10-05 16:15:19,058] {dag.py:2931} INFO - Setting next_dagrun for example_branch_dop_operator_v3 to 2022-10-05T16:14:00+00:00, run_after=2022-10-05T16:15:00+00:00
[2022-10-05 16:15:19,073] {processor.py:161} INFO - Processing /home/airflow/.local/lib/python3.7/site-packages/airflow/example_dags/example_branch_python_dop_operator_3.py took 0.116 seconds
[2022-10-05 16:16:51,505] {processor.py:153} INFO - Started process (PID=2562) to work on /home/airflow/.local/lib/python3.7/site-packages/airflow/example_dags/example_branch_python_dop_operator_3.py
[2022-10-05 16:16:51,506] {processor.py:641} INFO - Processing file /home/airflow/.local/lib/python3.7/site-packages/airflow/example_dags/example_branch_python_dop_operator_3.py for tasks to queue
[2022-10-05 16:16:51,507] {logging_mixin.py:115} INFO - [2022-10-05 16:16:51,507] {dagbag.py:507} INFO - Filling up the DagBag from /home/airflow/.local/lib/python3.7/site-packages/airflow/example_dags/example_branch_python_dop_operator_3.py
[2022-10-05 16:16:51,527] {processor.py:651} INFO - DAG(s) dict_keys(['example_branch_dop_operator_v3']) retrieved from /home/airflow/.local/lib/python3.7/site-packages/airflow/example_dags/example_branch_python_dop_operator_3.py
[2022-10-05 16:16:51,604] {logging_mixin.py:115} INFO - [2022-10-05 16:16:51,604] {dag.py:2379} INFO - Sync 1 DAGs
[2022-10-05 16:16:51,655] {logging_mixin.py:115} INFO - [2022-10-05 16:16:51,655] {dag.py:2931} INFO - Setting next_dagrun for example_branch_dop_operator_v3 to 2022-10-05T16:15:00+00:00, run_after=2022-10-05T16:16:00+00:00
[2022-10-05 16:16:51,685] {processor.py:161} INFO - Processing /home/airflow/.local/lib/python3.7/site-packages/airflow/example_dags/example_branch_python_dop_operator_3.py took 0.185 seconds
[2022-10-05 16:18:34,081] {processor.py:153} INFO - Started process (PID=2609) to work on /home/airflow/.local/lib/python3.7/site-packages/airflow/example_dags/example_branch_python_dop_operator_3.py
[2022-10-05 16:18:34,083] {processor.py:641} INFO - Processing file /home/airflow/.local/lib/python3.7/site-packages/airflow/example_dags/example_branch_python_dop_operator_3.py for tasks to queue
[2022-10-05 16:18:34,084] {logging_mixin.py:115} INFO - [2022-10-05 16:18:34,084] {dagbag.py:507} INFO - Filling up the DagBag from /home/airflow/.local/lib/python3.7/site-packages/airflow/example_dags/example_branch_python_dop_operator_3.py
[2022-10-05 16:18:34,116] {processor.py:651} INFO - DAG(s) dict_keys(['example_branch_dop_operator_v3']) retrieved from /home/airflow/.local/lib/python3.7/site-packages/airflow/example_dags/example_branch_python_dop_operator_3.py
[2022-10-05 16:18:34,169] {logging_mixin.py:115} INFO - [2022-10-05 16:18:34,169] {dag.py:2379} INFO - Sync 1 DAGs
[2022-10-05 16:18:34,217] {logging_mixin.py:115} INFO - [2022-10-05 16:18:34,216] {dag.py:2931} INFO - Setting next_dagrun for example_branch_dop_operator_v3 to 2022-10-05T16:17:00+00:00, run_after=2022-10-05T16:18:00+00:00
[2022-10-05 16:18:34,241] {processor.py:161} INFO - Processing /home/airflow/.local/lib/python3.7/site-packages/airflow/example_dags/example_branch_python_dop_operator_3.py took 0.171 seconds
[2022-10-05 18:03:14,437] {processor.py:153} INFO - Started process (PID=2657) to work on /home/airflow/.local/lib/python3.7/site-packages/airflow/example_dags/example_branch_python_dop_operator_3.py
[2022-10-05 18:03:14,450] {processor.py:641} INFO - Processing file /home/airflow/.local/lib/python3.7/site-packages/airflow/example_dags/example_branch_python_dop_operator_3.py for tasks to queue
[2022-10-05 18:03:14,461] {logging_mixin.py:115} INFO - [2022-10-05 18:03:14,460] {dagbag.py:507} INFO - Filling up the DagBag from /home/airflow/.local/lib/python3.7/site-packages/airflow/example_dags/example_branch_python_dop_operator_3.py
[2022-10-05 18:03:14,569] {processor.py:651} INFO - DAG(s) dict_keys(['example_branch_dop_operator_v3']) retrieved from /home/airflow/.local/lib/python3.7/site-packages/airflow/example_dags/example_branch_python_dop_operator_3.py
[2022-10-05 18:03:14,751] {logging_mixin.py:115} INFO - [2022-10-05 18:03:14,751] {dag.py:2379} INFO - Sync 1 DAGs
[2022-10-05 18:03:14,955] {logging_mixin.py:115} INFO - [2022-10-05 18:03:14,955] {dag.py:2931} INFO - Setting next_dagrun for example_branch_dop_operator_v3 to 2022-10-05T18:02:00+00:00, run_after=2022-10-05T18:03:00+00:00
[2022-10-05 18:03:15,010] {processor.py:161} INFO - Processing /home/airflow/.local/lib/python3.7/site-packages/airflow/example_dags/example_branch_python_dop_operator_3.py took 0.651 seconds
[2022-10-05 20:03:25,200] {processor.py:153} INFO - Started process (PID=2704) to work on /home/airflow/.local/lib/python3.7/site-packages/airflow/example_dags/example_branch_python_dop_operator_3.py
[2022-10-05 20:03:25,202] {processor.py:641} INFO - Processing file /home/airflow/.local/lib/python3.7/site-packages/airflow/example_dags/example_branch_python_dop_operator_3.py for tasks to queue
[2022-10-05 20:03:25,204] {logging_mixin.py:115} INFO - [2022-10-05 20:03:25,204] {dagbag.py:507} INFO - Filling up the DagBag from /home/airflow/.local/lib/python3.7/site-packages/airflow/example_dags/example_branch_python_dop_operator_3.py
[2022-10-05 20:03:25,255] {processor.py:651} INFO - DAG(s) dict_keys(['example_branch_dop_operator_v3']) retrieved from /home/airflow/.local/lib/python3.7/site-packages/airflow/example_dags/example_branch_python_dop_operator_3.py
[2022-10-05 20:03:25,393] {logging_mixin.py:115} INFO - [2022-10-05 20:03:25,393] {dag.py:2379} INFO - Sync 1 DAGs
[2022-10-05 20:03:25,491] {logging_mixin.py:115} INFO - [2022-10-05 20:03:25,491] {dag.py:2931} INFO - Setting next_dagrun for example_branch_dop_operator_v3 to 2022-10-05T20:02:00+00:00, run_after=2022-10-05T20:03:00+00:00
[2022-10-05 20:03:25,543] {processor.py:161} INFO - Processing /home/airflow/.local/lib/python3.7/site-packages/airflow/example_dags/example_branch_python_dop_operator_3.py took 0.351 seconds
