[2022-10-05 15:18:19,181] {processor.py:153} INFO - Started process (PID=145) to work on /home/airflow/.local/lib/python3.7/site-packages/airflow/example_dags/example_branch_labels.py
[2022-10-05 15:18:19,185] {processor.py:641} INFO - Processing file /home/airflow/.local/lib/python3.7/site-packages/airflow/example_dags/example_branch_labels.py for tasks to queue
[2022-10-05 15:18:19,188] {logging_mixin.py:115} INFO - [2022-10-05 15:18:19,188] {dagbag.py:507} INFO - Filling up the DagBag from /home/airflow/.local/lib/python3.7/site-packages/airflow/example_dags/example_branch_labels.py
[2022-10-05 15:18:19,243] {processor.py:651} INFO - DAG(s) dict_keys(['example_branch_labels']) retrieved from /home/airflow/.local/lib/python3.7/site-packages/airflow/example_dags/example_branch_labels.py
[2022-10-05 15:18:20,247] {logging_mixin.py:115} INFO - [2022-10-05 15:18:20,247] {manager.py:508} INFO - Created Permission View: can delete on DAG:example_branch_labels
[2022-10-05 15:18:20,290] {logging_mixin.py:115} INFO - [2022-10-05 15:18:20,290] {manager.py:508} INFO - Created Permission View: can edit on DAG:example_branch_labels
[2022-10-05 15:18:20,317] {logging_mixin.py:115} INFO - [2022-10-05 15:18:20,317] {manager.py:508} INFO - Created Permission View: can read on DAG:example_branch_labels
[2022-10-05 15:18:20,319] {logging_mixin.py:115} INFO - [2022-10-05 15:18:20,319] {dag.py:2379} INFO - Sync 1 DAGs
[2022-10-05 15:18:20,352] {logging_mixin.py:115} INFO - [2022-10-05 15:18:20,352] {dag.py:2398} INFO - Creating ORM DAG for example_branch_labels
[2022-10-05 15:18:20,412] {logging_mixin.py:115} INFO - [2022-10-05 15:18:20,412] {dag.py:2931} INFO - Setting next_dagrun for example_branch_labels to 2022-10-04T00:00:00+00:00, run_after=2022-10-05T00:00:00+00:00
[2022-10-05 15:18:20,472] {processor.py:161} INFO - Processing /home/airflow/.local/lib/python3.7/site-packages/airflow/example_dags/example_branch_labels.py took 1.309 seconds
[2022-10-05 15:19:21,405] {processor.py:153} INFO - Started process (PID=206) to work on /home/airflow/.local/lib/python3.7/site-packages/airflow/example_dags/example_branch_labels.py
[2022-10-05 15:19:21,427] {processor.py:641} INFO - Processing file /home/airflow/.local/lib/python3.7/site-packages/airflow/example_dags/example_branch_labels.py for tasks to queue
[2022-10-05 15:19:21,445] {logging_mixin.py:115} INFO - [2022-10-05 15:19:21,444] {dagbag.py:507} INFO - Filling up the DagBag from /home/airflow/.local/lib/python3.7/site-packages/airflow/example_dags/example_branch_labels.py
[2022-10-05 15:19:21,602] {processor.py:651} INFO - DAG(s) dict_keys(['example_branch_labels']) retrieved from /home/airflow/.local/lib/python3.7/site-packages/airflow/example_dags/example_branch_labels.py
[2022-10-05 15:19:22,183] {logging_mixin.py:115} INFO - [2022-10-05 15:19:22,183] {dag.py:2379} INFO - Sync 1 DAGs
[2022-10-05 15:19:23,098] {logging_mixin.py:115} INFO - [2022-10-05 15:19:23,098] {dag.py:2931} INFO - Setting next_dagrun for example_branch_labels to 2022-10-04T00:00:00+00:00, run_after=2022-10-05T00:00:00+00:00
[2022-10-05 15:19:23,201] {processor.py:161} INFO - Processing /home/airflow/.local/lib/python3.7/site-packages/airflow/example_dags/example_branch_labels.py took 1.871 seconds
[2022-10-05 15:20:16,441] {processor.py:153} INFO - Started process (PID=279) to work on /home/airflow/.local/lib/python3.7/site-packages/airflow/example_dags/example_branch_labels.py
[2022-10-05 15:20:16,446] {processor.py:641} INFO - Processing file /home/airflow/.local/lib/python3.7/site-packages/airflow/example_dags/example_branch_labels.py for tasks to queue
[2022-10-05 15:20:16,450] {logging_mixin.py:115} INFO - [2022-10-05 15:20:16,449] {dagbag.py:507} INFO - Filling up the DagBag from /home/airflow/.local/lib/python3.7/site-packages/airflow/example_dags/example_branch_labels.py
[2022-10-05 15:20:16,488] {processor.py:651} INFO - DAG(s) dict_keys(['example_branch_labels']) retrieved from /home/airflow/.local/lib/python3.7/site-packages/airflow/example_dags/example_branch_labels.py
[2022-10-05 15:20:16,635] {logging_mixin.py:115} INFO - [2022-10-05 15:20:16,635] {dag.py:2379} INFO - Sync 1 DAGs
[2022-10-05 15:20:17,120] {logging_mixin.py:115} INFO - [2022-10-05 15:20:17,120] {dag.py:2931} INFO - Setting next_dagrun for example_branch_labels to 2022-10-04T00:00:00+00:00, run_after=2022-10-05T00:00:00+00:00
[2022-10-05 15:20:17,158] {processor.py:161} INFO - Processing /home/airflow/.local/lib/python3.7/site-packages/airflow/example_dags/example_branch_labels.py took 0.752 seconds
[2022-10-05 15:20:58,170] {processor.py:153} INFO - Started process (PID=337) to work on /home/airflow/.local/lib/python3.7/site-packages/airflow/example_dags/example_branch_labels.py
[2022-10-05 15:20:58,175] {processor.py:641} INFO - Processing file /home/airflow/.local/lib/python3.7/site-packages/airflow/example_dags/example_branch_labels.py for tasks to queue
[2022-10-05 15:20:58,189] {logging_mixin.py:115} INFO - [2022-10-05 15:20:58,188] {dagbag.py:507} INFO - Filling up the DagBag from /home/airflow/.local/lib/python3.7/site-packages/airflow/example_dags/example_branch_labels.py
[2022-10-05 15:20:58,347] {processor.py:651} INFO - DAG(s) dict_keys(['example_branch_labels']) retrieved from /home/airflow/.local/lib/python3.7/site-packages/airflow/example_dags/example_branch_labels.py
[2022-10-05 15:20:58,502] {logging_mixin.py:115} INFO - [2022-10-05 15:20:58,502] {dag.py:2379} INFO - Sync 1 DAGs
[2022-10-05 15:20:59,364] {logging_mixin.py:115} INFO - [2022-10-05 15:20:59,363] {dag.py:2931} INFO - Setting next_dagrun for example_branch_labels to 2022-10-04T00:00:00+00:00, run_after=2022-10-05T00:00:00+00:00
[2022-10-05 15:20:59,443] {processor.py:161} INFO - Processing /home/airflow/.local/lib/python3.7/site-packages/airflow/example_dags/example_branch_labels.py took 1.376 seconds
[2022-10-05 15:21:36,021] {processor.py:153} INFO - Started process (PID=385) to work on /home/airflow/.local/lib/python3.7/site-packages/airflow/example_dags/example_branch_labels.py
[2022-10-05 15:21:36,029] {processor.py:641} INFO - Processing file /home/airflow/.local/lib/python3.7/site-packages/airflow/example_dags/example_branch_labels.py for tasks to queue
[2022-10-05 15:21:36,046] {logging_mixin.py:115} INFO - [2022-10-05 15:21:36,044] {dagbag.py:507} INFO - Filling up the DagBag from /home/airflow/.local/lib/python3.7/site-packages/airflow/example_dags/example_branch_labels.py
[2022-10-05 15:21:36,084] {processor.py:651} INFO - DAG(s) dict_keys(['example_branch_labels']) retrieved from /home/airflow/.local/lib/python3.7/site-packages/airflow/example_dags/example_branch_labels.py
[2022-10-05 15:21:36,328] {logging_mixin.py:115} INFO - [2022-10-05 15:21:36,328] {dag.py:2379} INFO - Sync 1 DAGs
[2022-10-05 15:21:37,330] {logging_mixin.py:115} INFO - [2022-10-05 15:21:37,330] {dag.py:2931} INFO - Setting next_dagrun for example_branch_labels to 2022-10-04T00:00:00+00:00, run_after=2022-10-05T00:00:00+00:00
[2022-10-05 15:21:37,398] {processor.py:161} INFO - Processing /home/airflow/.local/lib/python3.7/site-packages/airflow/example_dags/example_branch_labels.py took 1.390 seconds
[2022-10-05 15:22:07,615] {processor.py:153} INFO - Started process (PID=449) to work on /home/airflow/.local/lib/python3.7/site-packages/airflow/example_dags/example_branch_labels.py
[2022-10-05 15:22:07,619] {processor.py:641} INFO - Processing file /home/airflow/.local/lib/python3.7/site-packages/airflow/example_dags/example_branch_labels.py for tasks to queue
[2022-10-05 15:22:07,623] {logging_mixin.py:115} INFO - [2022-10-05 15:22:07,622] {dagbag.py:507} INFO - Filling up the DagBag from /home/airflow/.local/lib/python3.7/site-packages/airflow/example_dags/example_branch_labels.py
[2022-10-05 15:22:07,639] {processor.py:651} INFO - DAG(s) dict_keys(['example_branch_labels']) retrieved from /home/airflow/.local/lib/python3.7/site-packages/airflow/example_dags/example_branch_labels.py
[2022-10-05 15:22:07,706] {logging_mixin.py:115} INFO - [2022-10-05 15:22:07,705] {dag.py:2379} INFO - Sync 1 DAGs
[2022-10-05 15:22:08,032] {logging_mixin.py:115} INFO - [2022-10-05 15:22:08,032] {dag.py:2931} INFO - Setting next_dagrun for example_branch_labels to 2022-10-04T00:00:00+00:00, run_after=2022-10-05T00:00:00+00:00
[2022-10-05 15:22:08,063] {processor.py:161} INFO - Processing /home/airflow/.local/lib/python3.7/site-packages/airflow/example_dags/example_branch_labels.py took 0.457 seconds
[2022-10-05 15:22:38,442] {processor.py:153} INFO - Started process (PID=505) to work on /home/airflow/.local/lib/python3.7/site-packages/airflow/example_dags/example_branch_labels.py
[2022-10-05 15:22:38,444] {processor.py:641} INFO - Processing file /home/airflow/.local/lib/python3.7/site-packages/airflow/example_dags/example_branch_labels.py for tasks to queue
[2022-10-05 15:22:38,445] {logging_mixin.py:115} INFO - [2022-10-05 15:22:38,445] {dagbag.py:507} INFO - Filling up the DagBag from /home/airflow/.local/lib/python3.7/site-packages/airflow/example_dags/example_branch_labels.py
[2022-10-05 15:22:38,457] {processor.py:651} INFO - DAG(s) dict_keys(['example_branch_labels']) retrieved from /home/airflow/.local/lib/python3.7/site-packages/airflow/example_dags/example_branch_labels.py
[2022-10-05 15:22:38,516] {logging_mixin.py:115} INFO - [2022-10-05 15:22:38,516] {dag.py:2379} INFO - Sync 1 DAGs
[2022-10-05 15:22:38,725] {logging_mixin.py:115} INFO - [2022-10-05 15:22:38,725] {dag.py:2931} INFO - Setting next_dagrun for example_branch_labels to 2022-10-04T00:00:00+00:00, run_after=2022-10-05T00:00:00+00:00
[2022-10-05 15:22:38,743] {processor.py:161} INFO - Processing /home/airflow/.local/lib/python3.7/site-packages/airflow/example_dags/example_branch_labels.py took 0.307 seconds
[2022-10-05 15:23:09,789] {processor.py:153} INFO - Started process (PID=568) to work on /home/airflow/.local/lib/python3.7/site-packages/airflow/example_dags/example_branch_labels.py
[2022-10-05 15:23:09,812] {processor.py:641} INFO - Processing file /home/airflow/.local/lib/python3.7/site-packages/airflow/example_dags/example_branch_labels.py for tasks to queue
[2022-10-05 15:23:09,832] {logging_mixin.py:115} INFO - [2022-10-05 15:23:09,828] {dagbag.py:507} INFO - Filling up the DagBag from /home/airflow/.local/lib/python3.7/site-packages/airflow/example_dags/example_branch_labels.py
[2022-10-05 15:23:09,927] {processor.py:651} INFO - DAG(s) dict_keys(['example_branch_labels']) retrieved from /home/airflow/.local/lib/python3.7/site-packages/airflow/example_dags/example_branch_labels.py
[2022-10-05 15:23:10,065] {logging_mixin.py:115} INFO - [2022-10-05 15:23:10,064] {dag.py:2379} INFO - Sync 1 DAGs
[2022-10-05 15:23:10,801] {logging_mixin.py:115} INFO - [2022-10-05 15:23:10,801] {dag.py:2931} INFO - Setting next_dagrun for example_branch_labels to 2022-10-04T00:00:00+00:00, run_after=2022-10-05T00:00:00+00:00
[2022-10-05 15:23:10,846] {processor.py:161} INFO - Processing /home/airflow/.local/lib/python3.7/site-packages/airflow/example_dags/example_branch_labels.py took 1.075 seconds
[2022-10-05 15:23:45,019] {processor.py:153} INFO - Started process (PID=628) to work on /home/airflow/.local/lib/python3.7/site-packages/airflow/example_dags/example_branch_labels.py
[2022-10-05 15:23:45,027] {processor.py:641} INFO - Processing file /home/airflow/.local/lib/python3.7/site-packages/airflow/example_dags/example_branch_labels.py for tasks to queue
[2022-10-05 15:23:45,031] {logging_mixin.py:115} INFO - [2022-10-05 15:23:45,030] {dagbag.py:507} INFO - Filling up the DagBag from /home/airflow/.local/lib/python3.7/site-packages/airflow/example_dags/example_branch_labels.py
[2022-10-05 15:23:45,053] {processor.py:651} INFO - DAG(s) dict_keys(['example_branch_labels']) retrieved from /home/airflow/.local/lib/python3.7/site-packages/airflow/example_dags/example_branch_labels.py
[2022-10-05 15:23:45,191] {logging_mixin.py:115} INFO - [2022-10-05 15:23:45,191] {dag.py:2379} INFO - Sync 1 DAGs
[2022-10-05 15:23:45,602] {logging_mixin.py:115} INFO - [2022-10-05 15:23:45,602] {dag.py:2931} INFO - Setting next_dagrun for example_branch_labels to 2022-10-04T00:00:00+00:00, run_after=2022-10-05T00:00:00+00:00
[2022-10-05 15:23:45,636] {processor.py:161} INFO - Processing /home/airflow/.local/lib/python3.7/site-packages/airflow/example_dags/example_branch_labels.py took 0.627 seconds
[2022-10-05 15:24:16,126] {processor.py:153} INFO - Started process (PID=683) to work on /home/airflow/.local/lib/python3.7/site-packages/airflow/example_dags/example_branch_labels.py
[2022-10-05 15:24:16,129] {processor.py:641} INFO - Processing file /home/airflow/.local/lib/python3.7/site-packages/airflow/example_dags/example_branch_labels.py for tasks to queue
[2022-10-05 15:24:16,130] {logging_mixin.py:115} INFO - [2022-10-05 15:24:16,130] {dagbag.py:507} INFO - Filling up the DagBag from /home/airflow/.local/lib/python3.7/site-packages/airflow/example_dags/example_branch_labels.py
[2022-10-05 15:24:16,142] {processor.py:651} INFO - DAG(s) dict_keys(['example_branch_labels']) retrieved from /home/airflow/.local/lib/python3.7/site-packages/airflow/example_dags/example_branch_labels.py
[2022-10-05 15:24:16,191] {logging_mixin.py:115} INFO - [2022-10-05 15:24:16,191] {dag.py:2379} INFO - Sync 1 DAGs
[2022-10-05 15:24:16,465] {logging_mixin.py:115} INFO - [2022-10-05 15:24:16,464] {dag.py:2931} INFO - Setting next_dagrun for example_branch_labels to 2022-10-04T00:00:00+00:00, run_after=2022-10-05T00:00:00+00:00
[2022-10-05 15:24:16,484] {processor.py:161} INFO - Processing /home/airflow/.local/lib/python3.7/site-packages/airflow/example_dags/example_branch_labels.py took 0.364 seconds
[2022-10-05 15:24:47,519] {processor.py:153} INFO - Started process (PID=749) to work on /home/airflow/.local/lib/python3.7/site-packages/airflow/example_dags/example_branch_labels.py
[2022-10-05 15:24:47,521] {processor.py:641} INFO - Processing file /home/airflow/.local/lib/python3.7/site-packages/airflow/example_dags/example_branch_labels.py for tasks to queue
[2022-10-05 15:24:47,522] {logging_mixin.py:115} INFO - [2022-10-05 15:24:47,522] {dagbag.py:507} INFO - Filling up the DagBag from /home/airflow/.local/lib/python3.7/site-packages/airflow/example_dags/example_branch_labels.py
[2022-10-05 15:24:47,533] {processor.py:651} INFO - DAG(s) dict_keys(['example_branch_labels']) retrieved from /home/airflow/.local/lib/python3.7/site-packages/airflow/example_dags/example_branch_labels.py
[2022-10-05 15:24:47,579] {logging_mixin.py:115} INFO - [2022-10-05 15:24:47,579] {dag.py:2379} INFO - Sync 1 DAGs
[2022-10-05 15:24:47,775] {logging_mixin.py:115} INFO - [2022-10-05 15:24:47,775] {dag.py:2931} INFO - Setting next_dagrun for example_branch_labels to 2022-10-04T00:00:00+00:00, run_after=2022-10-05T00:00:00+00:00
[2022-10-05 15:24:47,790] {processor.py:161} INFO - Processing /home/airflow/.local/lib/python3.7/site-packages/airflow/example_dags/example_branch_labels.py took 0.275 seconds
[2022-10-05 15:25:17,868] {processor.py:153} INFO - Started process (PID=804) to work on /home/airflow/.local/lib/python3.7/site-packages/airflow/example_dags/example_branch_labels.py
[2022-10-05 15:25:17,870] {processor.py:641} INFO - Processing file /home/airflow/.local/lib/python3.7/site-packages/airflow/example_dags/example_branch_labels.py for tasks to queue
[2022-10-05 15:25:17,872] {logging_mixin.py:115} INFO - [2022-10-05 15:25:17,872] {dagbag.py:507} INFO - Filling up the DagBag from /home/airflow/.local/lib/python3.7/site-packages/airflow/example_dags/example_branch_labels.py
[2022-10-05 15:25:17,884] {processor.py:651} INFO - DAG(s) dict_keys(['example_branch_labels']) retrieved from /home/airflow/.local/lib/python3.7/site-packages/airflow/example_dags/example_branch_labels.py
[2022-10-05 15:25:17,936] {logging_mixin.py:115} INFO - [2022-10-05 15:25:17,935] {dag.py:2379} INFO - Sync 1 DAGs
[2022-10-05 15:25:18,168] {logging_mixin.py:115} INFO - [2022-10-05 15:25:18,167] {dag.py:2931} INFO - Setting next_dagrun for example_branch_labels to 2022-10-04T00:00:00+00:00, run_after=2022-10-05T00:00:00+00:00
[2022-10-05 15:25:18,188] {processor.py:161} INFO - Processing /home/airflow/.local/lib/python3.7/site-packages/airflow/example_dags/example_branch_labels.py took 0.327 seconds
[2022-10-05 15:25:48,460] {processor.py:153} INFO - Started process (PID=868) to work on /home/airflow/.local/lib/python3.7/site-packages/airflow/example_dags/example_branch_labels.py
[2022-10-05 15:25:48,471] {processor.py:641} INFO - Processing file /home/airflow/.local/lib/python3.7/site-packages/airflow/example_dags/example_branch_labels.py for tasks to queue
[2022-10-05 15:25:48,476] {logging_mixin.py:115} INFO - [2022-10-05 15:25:48,475] {dagbag.py:507} INFO - Filling up the DagBag from /home/airflow/.local/lib/python3.7/site-packages/airflow/example_dags/example_branch_labels.py
[2022-10-05 15:25:48,507] {processor.py:651} INFO - DAG(s) dict_keys(['example_branch_labels']) retrieved from /home/airflow/.local/lib/python3.7/site-packages/airflow/example_dags/example_branch_labels.py
[2022-10-05 15:25:48,581] {logging_mixin.py:115} INFO - [2022-10-05 15:25:48,581] {dag.py:2379} INFO - Sync 1 DAGs
[2022-10-05 15:25:48,956] {logging_mixin.py:115} INFO - [2022-10-05 15:25:48,955] {dag.py:2931} INFO - Setting next_dagrun for example_branch_labels to 2022-10-04T00:00:00+00:00, run_after=2022-10-05T00:00:00+00:00
[2022-10-05 15:25:48,985] {processor.py:161} INFO - Processing /home/airflow/.local/lib/python3.7/site-packages/airflow/example_dags/example_branch_labels.py took 0.538 seconds
[2022-10-05 15:26:19,572] {processor.py:153} INFO - Started process (PID=923) to work on /home/airflow/.local/lib/python3.7/site-packages/airflow/example_dags/example_branch_labels.py
[2022-10-05 15:26:19,574] {processor.py:641} INFO - Processing file /home/airflow/.local/lib/python3.7/site-packages/airflow/example_dags/example_branch_labels.py for tasks to queue
[2022-10-05 15:26:19,576] {logging_mixin.py:115} INFO - [2022-10-05 15:26:19,576] {dagbag.py:507} INFO - Filling up the DagBag from /home/airflow/.local/lib/python3.7/site-packages/airflow/example_dags/example_branch_labels.py
[2022-10-05 15:26:19,587] {processor.py:651} INFO - DAG(s) dict_keys(['example_branch_labels']) retrieved from /home/airflow/.local/lib/python3.7/site-packages/airflow/example_dags/example_branch_labels.py
[2022-10-05 15:26:19,631] {logging_mixin.py:115} INFO - [2022-10-05 15:26:19,631] {dag.py:2379} INFO - Sync 1 DAGs
[2022-10-05 15:26:19,840] {logging_mixin.py:115} INFO - [2022-10-05 15:26:19,840] {dag.py:2931} INFO - Setting next_dagrun for example_branch_labels to 2022-10-04T00:00:00+00:00, run_after=2022-10-05T00:00:00+00:00
[2022-10-05 15:26:19,858] {processor.py:161} INFO - Processing /home/airflow/.local/lib/python3.7/site-packages/airflow/example_dags/example_branch_labels.py took 0.292 seconds
[2022-10-05 15:26:49,999] {processor.py:153} INFO - Started process (PID=988) to work on /home/airflow/.local/lib/python3.7/site-packages/airflow/example_dags/example_branch_labels.py
[2022-10-05 15:26:50,002] {processor.py:641} INFO - Processing file /home/airflow/.local/lib/python3.7/site-packages/airflow/example_dags/example_branch_labels.py for tasks to queue
[2022-10-05 15:26:50,004] {logging_mixin.py:115} INFO - [2022-10-05 15:26:50,003] {dagbag.py:507} INFO - Filling up the DagBag from /home/airflow/.local/lib/python3.7/site-packages/airflow/example_dags/example_branch_labels.py
[2022-10-05 15:26:50,019] {processor.py:651} INFO - DAG(s) dict_keys(['example_branch_labels']) retrieved from /home/airflow/.local/lib/python3.7/site-packages/airflow/example_dags/example_branch_labels.py
[2022-10-05 15:26:50,069] {logging_mixin.py:115} INFO - [2022-10-05 15:26:50,069] {dag.py:2379} INFO - Sync 1 DAGs
[2022-10-05 15:26:50,284] {logging_mixin.py:115} INFO - [2022-10-05 15:26:50,284] {dag.py:2931} INFO - Setting next_dagrun for example_branch_labels to 2022-10-04T00:00:00+00:00, run_after=2022-10-05T00:00:00+00:00
[2022-10-05 15:26:50,307] {processor.py:161} INFO - Processing /home/airflow/.local/lib/python3.7/site-packages/airflow/example_dags/example_branch_labels.py took 0.314 seconds
[2022-10-05 15:27:21,198] {processor.py:153} INFO - Started process (PID=1044) to work on /home/airflow/.local/lib/python3.7/site-packages/airflow/example_dags/example_branch_labels.py
[2022-10-05 15:27:21,201] {processor.py:641} INFO - Processing file /home/airflow/.local/lib/python3.7/site-packages/airflow/example_dags/example_branch_labels.py for tasks to queue
[2022-10-05 15:27:21,204] {logging_mixin.py:115} INFO - [2022-10-05 15:27:21,204] {dagbag.py:507} INFO - Filling up the DagBag from /home/airflow/.local/lib/python3.7/site-packages/airflow/example_dags/example_branch_labels.py
[2022-10-05 15:27:21,219] {processor.py:651} INFO - DAG(s) dict_keys(['example_branch_labels']) retrieved from /home/airflow/.local/lib/python3.7/site-packages/airflow/example_dags/example_branch_labels.py
[2022-10-05 15:27:21,266] {logging_mixin.py:115} INFO - [2022-10-05 15:27:21,266] {dag.py:2379} INFO - Sync 1 DAGs
[2022-10-05 15:27:21,470] {logging_mixin.py:115} INFO - [2022-10-05 15:27:21,469] {dag.py:2931} INFO - Setting next_dagrun for example_branch_labels to 2022-10-04T00:00:00+00:00, run_after=2022-10-05T00:00:00+00:00
[2022-10-05 15:27:21,486] {processor.py:161} INFO - Processing /home/airflow/.local/lib/python3.7/site-packages/airflow/example_dags/example_branch_labels.py took 0.296 seconds
[2022-10-05 15:27:52,111] {processor.py:153} INFO - Started process (PID=1110) to work on /home/airflow/.local/lib/python3.7/site-packages/airflow/example_dags/example_branch_labels.py
[2022-10-05 15:27:52,113] {processor.py:641} INFO - Processing file /home/airflow/.local/lib/python3.7/site-packages/airflow/example_dags/example_branch_labels.py for tasks to queue
[2022-10-05 15:27:52,115] {logging_mixin.py:115} INFO - [2022-10-05 15:27:52,114] {dagbag.py:507} INFO - Filling up the DagBag from /home/airflow/.local/lib/python3.7/site-packages/airflow/example_dags/example_branch_labels.py
[2022-10-05 15:27:52,126] {processor.py:651} INFO - DAG(s) dict_keys(['example_branch_labels']) retrieved from /home/airflow/.local/lib/python3.7/site-packages/airflow/example_dags/example_branch_labels.py
[2022-10-05 15:27:52,174] {logging_mixin.py:115} INFO - [2022-10-05 15:27:52,174] {dag.py:2379} INFO - Sync 1 DAGs
[2022-10-05 15:27:52,382] {logging_mixin.py:115} INFO - [2022-10-05 15:27:52,382] {dag.py:2931} INFO - Setting next_dagrun for example_branch_labels to 2022-10-04T00:00:00+00:00, run_after=2022-10-05T00:00:00+00:00
[2022-10-05 15:27:52,396] {processor.py:161} INFO - Processing /home/airflow/.local/lib/python3.7/site-packages/airflow/example_dags/example_branch_labels.py took 0.290 seconds
[2022-10-05 15:28:23,634] {processor.py:153} INFO - Started process (PID=1167) to work on /home/airflow/.local/lib/python3.7/site-packages/airflow/example_dags/example_branch_labels.py
[2022-10-05 15:28:23,637] {processor.py:641} INFO - Processing file /home/airflow/.local/lib/python3.7/site-packages/airflow/example_dags/example_branch_labels.py for tasks to queue
[2022-10-05 15:28:23,641] {logging_mixin.py:115} INFO - [2022-10-05 15:28:23,641] {dagbag.py:507} INFO - Filling up the DagBag from /home/airflow/.local/lib/python3.7/site-packages/airflow/example_dags/example_branch_labels.py
[2022-10-05 15:28:23,659] {processor.py:651} INFO - DAG(s) dict_keys(['example_branch_labels']) retrieved from /home/airflow/.local/lib/python3.7/site-packages/airflow/example_dags/example_branch_labels.py
[2022-10-05 15:28:23,733] {logging_mixin.py:115} INFO - [2022-10-05 15:28:23,733] {dag.py:2379} INFO - Sync 1 DAGs
[2022-10-05 15:28:24,071] {logging_mixin.py:115} INFO - [2022-10-05 15:28:24,070] {dag.py:2931} INFO - Setting next_dagrun for example_branch_labels to 2022-10-04T00:00:00+00:00, run_after=2022-10-05T00:00:00+00:00
[2022-10-05 15:28:24,109] {processor.py:161} INFO - Processing /home/airflow/.local/lib/python3.7/site-packages/airflow/example_dags/example_branch_labels.py took 0.486 seconds
[2022-10-05 15:28:54,434] {processor.py:153} INFO - Started process (PID=1231) to work on /home/airflow/.local/lib/python3.7/site-packages/airflow/example_dags/example_branch_labels.py
[2022-10-05 15:28:54,437] {processor.py:641} INFO - Processing file /home/airflow/.local/lib/python3.7/site-packages/airflow/example_dags/example_branch_labels.py for tasks to queue
[2022-10-05 15:28:54,439] {logging_mixin.py:115} INFO - [2022-10-05 15:28:54,439] {dagbag.py:507} INFO - Filling up the DagBag from /home/airflow/.local/lib/python3.7/site-packages/airflow/example_dags/example_branch_labels.py
[2022-10-05 15:28:54,458] {processor.py:651} INFO - DAG(s) dict_keys(['example_branch_labels']) retrieved from /home/airflow/.local/lib/python3.7/site-packages/airflow/example_dags/example_branch_labels.py
[2022-10-05 15:28:54,518] {logging_mixin.py:115} INFO - [2022-10-05 15:28:54,518] {dag.py:2379} INFO - Sync 1 DAGs
[2022-10-05 15:28:54,799] {logging_mixin.py:115} INFO - [2022-10-05 15:28:54,799] {dag.py:2931} INFO - Setting next_dagrun for example_branch_labels to 2022-10-04T00:00:00+00:00, run_after=2022-10-05T00:00:00+00:00
[2022-10-05 15:28:54,829] {processor.py:161} INFO - Processing /home/airflow/.local/lib/python3.7/site-packages/airflow/example_dags/example_branch_labels.py took 0.402 seconds
[2022-10-05 15:29:25,311] {processor.py:153} INFO - Started process (PID=1286) to work on /home/airflow/.local/lib/python3.7/site-packages/airflow/example_dags/example_branch_labels.py
[2022-10-05 15:29:25,313] {processor.py:641} INFO - Processing file /home/airflow/.local/lib/python3.7/site-packages/airflow/example_dags/example_branch_labels.py for tasks to queue
[2022-10-05 15:29:25,315] {logging_mixin.py:115} INFO - [2022-10-05 15:29:25,314] {dagbag.py:507} INFO - Filling up the DagBag from /home/airflow/.local/lib/python3.7/site-packages/airflow/example_dags/example_branch_labels.py
[2022-10-05 15:29:25,328] {processor.py:651} INFO - DAG(s) dict_keys(['example_branch_labels']) retrieved from /home/airflow/.local/lib/python3.7/site-packages/airflow/example_dags/example_branch_labels.py
[2022-10-05 15:29:25,380] {logging_mixin.py:115} INFO - [2022-10-05 15:29:25,380] {dag.py:2379} INFO - Sync 1 DAGs
[2022-10-05 15:29:25,625] {logging_mixin.py:115} INFO - [2022-10-05 15:29:25,625] {dag.py:2931} INFO - Setting next_dagrun for example_branch_labels to 2022-10-04T00:00:00+00:00, run_after=2022-10-05T00:00:00+00:00
[2022-10-05 15:29:25,644] {processor.py:161} INFO - Processing /home/airflow/.local/lib/python3.7/site-packages/airflow/example_dags/example_branch_labels.py took 0.340 seconds
[2022-10-05 15:29:55,742] {processor.py:153} INFO - Started process (PID=1340) to work on /home/airflow/.local/lib/python3.7/site-packages/airflow/example_dags/example_branch_labels.py
[2022-10-05 15:29:55,744] {processor.py:641} INFO - Processing file /home/airflow/.local/lib/python3.7/site-packages/airflow/example_dags/example_branch_labels.py for tasks to queue
[2022-10-05 15:29:55,745] {logging_mixin.py:115} INFO - [2022-10-05 15:29:55,745] {dagbag.py:507} INFO - Filling up the DagBag from /home/airflow/.local/lib/python3.7/site-packages/airflow/example_dags/example_branch_labels.py
[2022-10-05 15:29:55,755] {processor.py:651} INFO - DAG(s) dict_keys(['example_branch_labels']) retrieved from /home/airflow/.local/lib/python3.7/site-packages/airflow/example_dags/example_branch_labels.py
[2022-10-05 15:29:55,793] {logging_mixin.py:115} INFO - [2022-10-05 15:29:55,793] {dag.py:2379} INFO - Sync 1 DAGs
[2022-10-05 15:29:55,982] {logging_mixin.py:115} INFO - [2022-10-05 15:29:55,982] {dag.py:2931} INFO - Setting next_dagrun for example_branch_labels to 2022-10-04T00:00:00+00:00, run_after=2022-10-05T00:00:00+00:00
[2022-10-05 15:29:55,998] {processor.py:161} INFO - Processing /home/airflow/.local/lib/python3.7/site-packages/airflow/example_dags/example_branch_labels.py took 0.261 seconds
[2022-10-05 15:30:26,536] {processor.py:153} INFO - Started process (PID=1405) to work on /home/airflow/.local/lib/python3.7/site-packages/airflow/example_dags/example_branch_labels.py
[2022-10-05 15:30:26,538] {processor.py:641} INFO - Processing file /home/airflow/.local/lib/python3.7/site-packages/airflow/example_dags/example_branch_labels.py for tasks to queue
[2022-10-05 15:30:26,540] {logging_mixin.py:115} INFO - [2022-10-05 15:30:26,539] {dagbag.py:507} INFO - Filling up the DagBag from /home/airflow/.local/lib/python3.7/site-packages/airflow/example_dags/example_branch_labels.py
[2022-10-05 15:30:26,549] {processor.py:651} INFO - DAG(s) dict_keys(['example_branch_labels']) retrieved from /home/airflow/.local/lib/python3.7/site-packages/airflow/example_dags/example_branch_labels.py
[2022-10-05 15:30:26,588] {logging_mixin.py:115} INFO - [2022-10-05 15:30:26,588] {dag.py:2379} INFO - Sync 1 DAGs
[2022-10-05 15:30:26,782] {logging_mixin.py:115} INFO - [2022-10-05 15:30:26,782] {dag.py:2931} INFO - Setting next_dagrun for example_branch_labels to 2022-10-04T00:00:00+00:00, run_after=2022-10-05T00:00:00+00:00
[2022-10-05 15:30:26,799] {processor.py:161} INFO - Processing /home/airflow/.local/lib/python3.7/site-packages/airflow/example_dags/example_branch_labels.py took 0.268 seconds
[2022-10-05 15:30:56,946] {processor.py:153} INFO - Started process (PID=1470) to work on /home/airflow/.local/lib/python3.7/site-packages/airflow/example_dags/example_branch_labels.py
[2022-10-05 15:30:56,948] {processor.py:641} INFO - Processing file /home/airflow/.local/lib/python3.7/site-packages/airflow/example_dags/example_branch_labels.py for tasks to queue
[2022-10-05 15:30:56,950] {logging_mixin.py:115} INFO - [2022-10-05 15:30:56,950] {dagbag.py:507} INFO - Filling up the DagBag from /home/airflow/.local/lib/python3.7/site-packages/airflow/example_dags/example_branch_labels.py
[2022-10-05 15:30:56,960] {processor.py:651} INFO - DAG(s) dict_keys(['example_branch_labels']) retrieved from /home/airflow/.local/lib/python3.7/site-packages/airflow/example_dags/example_branch_labels.py
[2022-10-05 15:30:57,000] {logging_mixin.py:115} INFO - [2022-10-05 15:30:57,000] {dag.py:2379} INFO - Sync 1 DAGs
[2022-10-05 15:30:57,260] {logging_mixin.py:115} INFO - [2022-10-05 15:30:57,259] {dag.py:2931} INFO - Setting next_dagrun for example_branch_labels to 2022-10-04T00:00:00+00:00, run_after=2022-10-05T00:00:00+00:00
[2022-10-05 15:30:57,277] {processor.py:161} INFO - Processing /home/airflow/.local/lib/python3.7/site-packages/airflow/example_dags/example_branch_labels.py took 0.336 seconds
[2022-10-05 15:31:29,932] {processor.py:153} INFO - Started process (PID=1526) to work on /home/airflow/.local/lib/python3.7/site-packages/airflow/example_dags/example_branch_labels.py
[2022-10-05 15:31:29,947] {processor.py:641} INFO - Processing file /home/airflow/.local/lib/python3.7/site-packages/airflow/example_dags/example_branch_labels.py for tasks to queue
[2022-10-05 15:31:29,960] {logging_mixin.py:115} INFO - [2022-10-05 15:31:29,958] {dagbag.py:507} INFO - Filling up the DagBag from /home/airflow/.local/lib/python3.7/site-packages/airflow/example_dags/example_branch_labels.py
[2022-10-05 15:31:30,009] {processor.py:651} INFO - DAG(s) dict_keys(['example_branch_labels']) retrieved from /home/airflow/.local/lib/python3.7/site-packages/airflow/example_dags/example_branch_labels.py
[2022-10-05 15:31:30,171] {logging_mixin.py:115} INFO - [2022-10-05 15:31:30,170] {dag.py:2379} INFO - Sync 1 DAGs
[2022-10-05 15:31:31,047] {logging_mixin.py:115} INFO - [2022-10-05 15:31:31,046] {dag.py:2931} INFO - Setting next_dagrun for example_branch_labels to 2022-10-04T00:00:00+00:00, run_after=2022-10-05T00:00:00+00:00
[2022-10-05 15:31:31,183] {processor.py:161} INFO - Processing /home/airflow/.local/lib/python3.7/site-packages/airflow/example_dags/example_branch_labels.py took 1.280 seconds
[2022-10-05 15:32:01,672] {processor.py:153} INFO - Started process (PID=1574) to work on /home/airflow/.local/lib/python3.7/site-packages/airflow/example_dags/example_branch_labels.py
[2022-10-05 15:32:01,676] {processor.py:641} INFO - Processing file /home/airflow/.local/lib/python3.7/site-packages/airflow/example_dags/example_branch_labels.py for tasks to queue
[2022-10-05 15:32:01,680] {logging_mixin.py:115} INFO - [2022-10-05 15:32:01,680] {dagbag.py:507} INFO - Filling up the DagBag from /home/airflow/.local/lib/python3.7/site-packages/airflow/example_dags/example_branch_labels.py
[2022-10-05 15:32:01,706] {processor.py:651} INFO - DAG(s) dict_keys(['example_branch_labels']) retrieved from /home/airflow/.local/lib/python3.7/site-packages/airflow/example_dags/example_branch_labels.py
[2022-10-05 15:32:01,800] {logging_mixin.py:115} INFO - [2022-10-05 15:32:01,800] {dag.py:2379} INFO - Sync 1 DAGs
[2022-10-05 15:32:02,233] {logging_mixin.py:115} INFO - [2022-10-05 15:32:02,232] {dag.py:2931} INFO - Setting next_dagrun for example_branch_labels to 2022-10-04T00:00:00+00:00, run_after=2022-10-05T00:00:00+00:00
[2022-10-05 15:32:02,270] {processor.py:161} INFO - Processing /home/airflow/.local/lib/python3.7/site-packages/airflow/example_dags/example_branch_labels.py took 0.621 seconds
[2022-10-05 15:32:32,503] {processor.py:153} INFO - Started process (PID=1640) to work on /home/airflow/.local/lib/python3.7/site-packages/airflow/example_dags/example_branch_labels.py
[2022-10-05 15:32:32,505] {processor.py:641} INFO - Processing file /home/airflow/.local/lib/python3.7/site-packages/airflow/example_dags/example_branch_labels.py for tasks to queue
[2022-10-05 15:32:32,506] {logging_mixin.py:115} INFO - [2022-10-05 15:32:32,506] {dagbag.py:507} INFO - Filling up the DagBag from /home/airflow/.local/lib/python3.7/site-packages/airflow/example_dags/example_branch_labels.py
[2022-10-05 15:32:32,515] {processor.py:651} INFO - DAG(s) dict_keys(['example_branch_labels']) retrieved from /home/airflow/.local/lib/python3.7/site-packages/airflow/example_dags/example_branch_labels.py
[2022-10-05 15:32:32,555] {logging_mixin.py:115} INFO - [2022-10-05 15:32:32,555] {dag.py:2379} INFO - Sync 1 DAGs
[2022-10-05 15:32:32,752] {logging_mixin.py:115} INFO - [2022-10-05 15:32:32,752] {dag.py:2931} INFO - Setting next_dagrun for example_branch_labels to 2022-10-04T00:00:00+00:00, run_after=2022-10-05T00:00:00+00:00
[2022-10-05 15:32:32,773] {processor.py:161} INFO - Processing /home/airflow/.local/lib/python3.7/site-packages/airflow/example_dags/example_branch_labels.py took 0.275 seconds
[2022-10-05 15:33:03,058] {processor.py:153} INFO - Started process (PID=1696) to work on /home/airflow/.local/lib/python3.7/site-packages/airflow/example_dags/example_branch_labels.py
[2022-10-05 15:33:03,060] {processor.py:641} INFO - Processing file /home/airflow/.local/lib/python3.7/site-packages/airflow/example_dags/example_branch_labels.py for tasks to queue
[2022-10-05 15:33:03,061] {logging_mixin.py:115} INFO - [2022-10-05 15:33:03,061] {dagbag.py:507} INFO - Filling up the DagBag from /home/airflow/.local/lib/python3.7/site-packages/airflow/example_dags/example_branch_labels.py
[2022-10-05 15:33:03,071] {processor.py:651} INFO - DAG(s) dict_keys(['example_branch_labels']) retrieved from /home/airflow/.local/lib/python3.7/site-packages/airflow/example_dags/example_branch_labels.py
[2022-10-05 15:33:03,112] {logging_mixin.py:115} INFO - [2022-10-05 15:33:03,112] {dag.py:2379} INFO - Sync 1 DAGs
[2022-10-05 15:33:03,301] {logging_mixin.py:115} INFO - [2022-10-05 15:33:03,301] {dag.py:2931} INFO - Setting next_dagrun for example_branch_labels to 2022-10-04T00:00:00+00:00, run_after=2022-10-05T00:00:00+00:00
[2022-10-05 15:33:03,319] {processor.py:161} INFO - Processing /home/airflow/.local/lib/python3.7/site-packages/airflow/example_dags/example_branch_labels.py took 0.290 seconds
[2022-10-05 15:33:33,865] {processor.py:153} INFO - Started process (PID=1762) to work on /home/airflow/.local/lib/python3.7/site-packages/airflow/example_dags/example_branch_labels.py
[2022-10-05 15:33:33,867] {processor.py:641} INFO - Processing file /home/airflow/.local/lib/python3.7/site-packages/airflow/example_dags/example_branch_labels.py for tasks to queue
[2022-10-05 15:33:33,870] {logging_mixin.py:115} INFO - [2022-10-05 15:33:33,870] {dagbag.py:507} INFO - Filling up the DagBag from /home/airflow/.local/lib/python3.7/site-packages/airflow/example_dags/example_branch_labels.py
[2022-10-05 15:33:33,882] {processor.py:651} INFO - DAG(s) dict_keys(['example_branch_labels']) retrieved from /home/airflow/.local/lib/python3.7/site-packages/airflow/example_dags/example_branch_labels.py
[2022-10-05 15:33:33,931] {logging_mixin.py:115} INFO - [2022-10-05 15:33:33,930] {dag.py:2379} INFO - Sync 1 DAGs
[2022-10-05 15:33:34,126] {logging_mixin.py:115} INFO - [2022-10-05 15:33:34,126] {dag.py:2931} INFO - Setting next_dagrun for example_branch_labels to 2022-10-04T00:00:00+00:00, run_after=2022-10-05T00:00:00+00:00
[2022-10-05 15:33:34,155] {processor.py:161} INFO - Processing /home/airflow/.local/lib/python3.7/site-packages/airflow/example_dags/example_branch_labels.py took 0.297 seconds
[2022-10-05 15:34:05,160] {processor.py:153} INFO - Started process (PID=1827) to work on /home/airflow/.local/lib/python3.7/site-packages/airflow/example_dags/example_branch_labels.py
[2022-10-05 15:34:05,162] {processor.py:641} INFO - Processing file /home/airflow/.local/lib/python3.7/site-packages/airflow/example_dags/example_branch_labels.py for tasks to queue
[2022-10-05 15:34:05,163] {logging_mixin.py:115} INFO - [2022-10-05 15:34:05,163] {dagbag.py:507} INFO - Filling up the DagBag from /home/airflow/.local/lib/python3.7/site-packages/airflow/example_dags/example_branch_labels.py
[2022-10-05 15:34:05,173] {processor.py:651} INFO - DAG(s) dict_keys(['example_branch_labels']) retrieved from /home/airflow/.local/lib/python3.7/site-packages/airflow/example_dags/example_branch_labels.py
[2022-10-05 15:34:05,218] {logging_mixin.py:115} INFO - [2022-10-05 15:34:05,218] {dag.py:2379} INFO - Sync 1 DAGs
[2022-10-05 15:34:05,411] {logging_mixin.py:115} INFO - [2022-10-05 15:34:05,411] {dag.py:2931} INFO - Setting next_dagrun for example_branch_labels to 2022-10-04T00:00:00+00:00, run_after=2022-10-05T00:00:00+00:00
[2022-10-05 15:34:05,428] {processor.py:161} INFO - Processing /home/airflow/.local/lib/python3.7/site-packages/airflow/example_dags/example_branch_labels.py took 0.274 seconds
[2022-10-05 15:34:35,944] {processor.py:153} INFO - Started process (PID=1882) to work on /home/airflow/.local/lib/python3.7/site-packages/airflow/example_dags/example_branch_labels.py
[2022-10-05 15:34:35,946] {processor.py:641} INFO - Processing file /home/airflow/.local/lib/python3.7/site-packages/airflow/example_dags/example_branch_labels.py for tasks to queue
[2022-10-05 15:34:35,947] {logging_mixin.py:115} INFO - [2022-10-05 15:34:35,947] {dagbag.py:507} INFO - Filling up the DagBag from /home/airflow/.local/lib/python3.7/site-packages/airflow/example_dags/example_branch_labels.py
[2022-10-05 15:34:35,957] {processor.py:651} INFO - DAG(s) dict_keys(['example_branch_labels']) retrieved from /home/airflow/.local/lib/python3.7/site-packages/airflow/example_dags/example_branch_labels.py
[2022-10-05 15:34:36,003] {logging_mixin.py:115} INFO - [2022-10-05 15:34:36,003] {dag.py:2379} INFO - Sync 1 DAGs
[2022-10-05 15:34:36,189] {logging_mixin.py:115} INFO - [2022-10-05 15:34:36,189] {dag.py:2931} INFO - Setting next_dagrun for example_branch_labels to 2022-10-04T00:00:00+00:00, run_after=2022-10-05T00:00:00+00:00
[2022-10-05 15:34:36,206] {processor.py:161} INFO - Processing /home/airflow/.local/lib/python3.7/site-packages/airflow/example_dags/example_branch_labels.py took 0.267 seconds
[2022-10-05 15:35:06,346] {processor.py:153} INFO - Started process (PID=1944) to work on /home/airflow/.local/lib/python3.7/site-packages/airflow/example_dags/example_branch_labels.py
[2022-10-05 15:35:06,347] {processor.py:641} INFO - Processing file /home/airflow/.local/lib/python3.7/site-packages/airflow/example_dags/example_branch_labels.py for tasks to queue
[2022-10-05 15:35:06,349] {logging_mixin.py:115} INFO - [2022-10-05 15:35:06,349] {dagbag.py:507} INFO - Filling up the DagBag from /home/airflow/.local/lib/python3.7/site-packages/airflow/example_dags/example_branch_labels.py
[2022-10-05 15:35:06,359] {processor.py:651} INFO - DAG(s) dict_keys(['example_branch_labels']) retrieved from /home/airflow/.local/lib/python3.7/site-packages/airflow/example_dags/example_branch_labels.py
[2022-10-05 15:35:06,402] {logging_mixin.py:115} INFO - [2022-10-05 15:35:06,402] {dag.py:2379} INFO - Sync 1 DAGs
[2022-10-05 15:35:06,591] {logging_mixin.py:115} INFO - [2022-10-05 15:35:06,591] {dag.py:2931} INFO - Setting next_dagrun for example_branch_labels to 2022-10-04T00:00:00+00:00, run_after=2022-10-05T00:00:00+00:00
[2022-10-05 15:35:06,606] {processor.py:161} INFO - Processing /home/airflow/.local/lib/python3.7/site-packages/airflow/example_dags/example_branch_labels.py took 0.265 seconds
[2022-10-05 15:35:37,243] {processor.py:153} INFO - Started process (PID=2000) to work on /home/airflow/.local/lib/python3.7/site-packages/airflow/example_dags/example_branch_labels.py
[2022-10-05 15:35:37,245] {processor.py:641} INFO - Processing file /home/airflow/.local/lib/python3.7/site-packages/airflow/example_dags/example_branch_labels.py for tasks to queue
[2022-10-05 15:35:37,248] {logging_mixin.py:115} INFO - [2022-10-05 15:35:37,247] {dagbag.py:507} INFO - Filling up the DagBag from /home/airflow/.local/lib/python3.7/site-packages/airflow/example_dags/example_branch_labels.py
[2022-10-05 15:35:37,265] {processor.py:651} INFO - DAG(s) dict_keys(['example_branch_labels']) retrieved from /home/airflow/.local/lib/python3.7/site-packages/airflow/example_dags/example_branch_labels.py
[2022-10-05 15:35:37,338] {logging_mixin.py:115} INFO - [2022-10-05 15:35:37,338] {dag.py:2379} INFO - Sync 1 DAGs
[2022-10-05 15:35:37,622] {logging_mixin.py:115} INFO - [2022-10-05 15:35:37,622] {dag.py:2931} INFO - Setting next_dagrun for example_branch_labels to 2022-10-04T00:00:00+00:00, run_after=2022-10-05T00:00:00+00:00
[2022-10-05 15:35:37,645] {processor.py:161} INFO - Processing /home/airflow/.local/lib/python3.7/site-packages/airflow/example_dags/example_branch_labels.py took 0.410 seconds
[2022-10-05 15:51:25,716] {processor.py:153} INFO - Started process (PID=2061) to work on /home/airflow/.local/lib/python3.7/site-packages/airflow/example_dags/example_branch_labels.py
[2022-10-05 15:51:25,718] {processor.py:641} INFO - Processing file /home/airflow/.local/lib/python3.7/site-packages/airflow/example_dags/example_branch_labels.py for tasks to queue
[2022-10-05 15:51:25,719] {logging_mixin.py:115} INFO - [2022-10-05 15:51:25,719] {dagbag.py:507} INFO - Filling up the DagBag from /home/airflow/.local/lib/python3.7/site-packages/airflow/example_dags/example_branch_labels.py
[2022-10-05 15:51:25,729] {processor.py:651} INFO - DAG(s) dict_keys(['example_branch_labels']) retrieved from /home/airflow/.local/lib/python3.7/site-packages/airflow/example_dags/example_branch_labels.py
[2022-10-05 15:51:25,769] {logging_mixin.py:115} INFO - [2022-10-05 15:51:25,769] {dag.py:2379} INFO - Sync 1 DAGs
[2022-10-05 15:51:25,794] {logging_mixin.py:115} INFO - [2022-10-05 15:51:25,794] {dag.py:2931} INFO - Setting next_dagrun for example_branch_labels to 2022-10-04T00:00:00+00:00, run_after=2022-10-05T00:00:00+00:00
[2022-10-05 15:51:25,807] {processor.py:161} INFO - Processing /home/airflow/.local/lib/python3.7/site-packages/airflow/example_dags/example_branch_labels.py took 0.094 seconds
[2022-10-05 15:51:57,264] {processor.py:153} INFO - Started process (PID=2126) to work on /home/airflow/.local/lib/python3.7/site-packages/airflow/example_dags/example_branch_labels.py
[2022-10-05 15:51:57,266] {processor.py:641} INFO - Processing file /home/airflow/.local/lib/python3.7/site-packages/airflow/example_dags/example_branch_labels.py for tasks to queue
[2022-10-05 15:51:57,267] {logging_mixin.py:115} INFO - [2022-10-05 15:51:57,267] {dagbag.py:507} INFO - Filling up the DagBag from /home/airflow/.local/lib/python3.7/site-packages/airflow/example_dags/example_branch_labels.py
[2022-10-05 15:51:57,275] {processor.py:651} INFO - DAG(s) dict_keys(['example_branch_labels']) retrieved from /home/airflow/.local/lib/python3.7/site-packages/airflow/example_dags/example_branch_labels.py
[2022-10-05 15:51:57,309] {logging_mixin.py:115} INFO - [2022-10-05 15:51:57,309] {dag.py:2379} INFO - Sync 1 DAGs
[2022-10-05 15:51:57,332] {logging_mixin.py:115} INFO - [2022-10-05 15:51:57,331] {dag.py:2931} INFO - Setting next_dagrun for example_branch_labels to 2022-10-04T00:00:00+00:00, run_after=2022-10-05T00:00:00+00:00
[2022-10-05 15:51:57,345] {processor.py:161} INFO - Processing /home/airflow/.local/lib/python3.7/site-packages/airflow/example_dags/example_branch_labels.py took 0.085 seconds
[2022-10-05 15:52:28,429] {processor.py:153} INFO - Started process (PID=2190) to work on /home/airflow/.local/lib/python3.7/site-packages/airflow/example_dags/example_branch_labels.py
[2022-10-05 15:52:28,431] {processor.py:641} INFO - Processing file /home/airflow/.local/lib/python3.7/site-packages/airflow/example_dags/example_branch_labels.py for tasks to queue
[2022-10-05 15:52:28,432] {logging_mixin.py:115} INFO - [2022-10-05 15:52:28,432] {dagbag.py:507} INFO - Filling up the DagBag from /home/airflow/.local/lib/python3.7/site-packages/airflow/example_dags/example_branch_labels.py
[2022-10-05 15:52:28,440] {processor.py:651} INFO - DAG(s) dict_keys(['example_branch_labels']) retrieved from /home/airflow/.local/lib/python3.7/site-packages/airflow/example_dags/example_branch_labels.py
[2022-10-05 15:52:28,485] {logging_mixin.py:115} INFO - [2022-10-05 15:52:28,485] {dag.py:2379} INFO - Sync 1 DAGs
[2022-10-05 15:52:28,514] {logging_mixin.py:115} INFO - [2022-10-05 15:52:28,514] {dag.py:2931} INFO - Setting next_dagrun for example_branch_labels to 2022-10-04T00:00:00+00:00, run_after=2022-10-05T00:00:00+00:00
[2022-10-05 15:52:28,530] {processor.py:161} INFO - Processing /home/airflow/.local/lib/python3.7/site-packages/airflow/example_dags/example_branch_labels.py took 0.106 seconds
[2022-10-05 15:52:59,784] {processor.py:153} INFO - Started process (PID=2255) to work on /home/airflow/.local/lib/python3.7/site-packages/airflow/example_dags/example_branch_labels.py
[2022-10-05 15:52:59,788] {processor.py:641} INFO - Processing file /home/airflow/.local/lib/python3.7/site-packages/airflow/example_dags/example_branch_labels.py for tasks to queue
[2022-10-05 15:52:59,792] {logging_mixin.py:115} INFO - [2022-10-05 15:52:59,792] {dagbag.py:507} INFO - Filling up the DagBag from /home/airflow/.local/lib/python3.7/site-packages/airflow/example_dags/example_branch_labels.py
[2022-10-05 15:52:59,804] {processor.py:651} INFO - DAG(s) dict_keys(['example_branch_labels']) retrieved from /home/airflow/.local/lib/python3.7/site-packages/airflow/example_dags/example_branch_labels.py
[2022-10-05 15:52:59,844] {logging_mixin.py:115} INFO - [2022-10-05 15:52:59,844] {dag.py:2379} INFO - Sync 1 DAGs
[2022-10-05 15:52:59,867] {logging_mixin.py:115} INFO - [2022-10-05 15:52:59,867] {dag.py:2931} INFO - Setting next_dagrun for example_branch_labels to 2022-10-04T00:00:00+00:00, run_after=2022-10-05T00:00:00+00:00
[2022-10-05 15:52:59,880] {processor.py:161} INFO - Processing /home/airflow/.local/lib/python3.7/site-packages/airflow/example_dags/example_branch_labels.py took 0.105 seconds
[2022-10-05 15:53:31,206] {processor.py:153} INFO - Started process (PID=2311) to work on /home/airflow/.local/lib/python3.7/site-packages/airflow/example_dags/example_branch_labels.py
[2022-10-05 15:53:31,207] {processor.py:641} INFO - Processing file /home/airflow/.local/lib/python3.7/site-packages/airflow/example_dags/example_branch_labels.py for tasks to queue
[2022-10-05 15:53:31,208] {logging_mixin.py:115} INFO - [2022-10-05 15:53:31,208] {dagbag.py:507} INFO - Filling up the DagBag from /home/airflow/.local/lib/python3.7/site-packages/airflow/example_dags/example_branch_labels.py
[2022-10-05 15:53:31,216] {processor.py:651} INFO - DAG(s) dict_keys(['example_branch_labels']) retrieved from /home/airflow/.local/lib/python3.7/site-packages/airflow/example_dags/example_branch_labels.py
[2022-10-05 15:53:31,262] {logging_mixin.py:115} INFO - [2022-10-05 15:53:31,262] {dag.py:2379} INFO - Sync 1 DAGs
[2022-10-05 15:53:31,284] {logging_mixin.py:115} INFO - [2022-10-05 15:53:31,284] {dag.py:2931} INFO - Setting next_dagrun for example_branch_labels to 2022-10-04T00:00:00+00:00, run_after=2022-10-05T00:00:00+00:00
[2022-10-05 15:53:31,296] {processor.py:161} INFO - Processing /home/airflow/.local/lib/python3.7/site-packages/airflow/example_dags/example_branch_labels.py took 0.094 seconds
[2022-10-05 16:03:18,704] {processor.py:153} INFO - Started process (PID=2402) to work on /home/airflow/.local/lib/python3.7/site-packages/airflow/example_dags/example_branch_labels.py
[2022-10-05 16:03:18,709] {processor.py:641} INFO - Processing file /home/airflow/.local/lib/python3.7/site-packages/airflow/example_dags/example_branch_labels.py for tasks to queue
[2022-10-05 16:03:18,712] {logging_mixin.py:115} INFO - [2022-10-05 16:03:18,712] {dagbag.py:507} INFO - Filling up the DagBag from /home/airflow/.local/lib/python3.7/site-packages/airflow/example_dags/example_branch_labels.py
[2022-10-05 16:03:18,735] {processor.py:651} INFO - DAG(s) dict_keys(['example_branch_labels']) retrieved from /home/airflow/.local/lib/python3.7/site-packages/airflow/example_dags/example_branch_labels.py
[2022-10-05 16:03:18,965] {logging_mixin.py:115} INFO - [2022-10-05 16:03:18,964] {dag.py:2379} INFO - Sync 1 DAGs
[2022-10-05 16:03:19,025] {logging_mixin.py:115} INFO - [2022-10-05 16:03:19,025] {dag.py:2931} INFO - Setting next_dagrun for example_branch_labels to 2022-10-04T00:00:00+00:00, run_after=2022-10-05T00:00:00+00:00
[2022-10-05 16:03:19,050] {processor.py:161} INFO - Processing /home/airflow/.local/lib/python3.7/site-packages/airflow/example_dags/example_branch_labels.py took 0.366 seconds
[2022-10-05 16:14:17,979] {processor.py:153} INFO - Started process (PID=2487) to work on /home/airflow/.local/lib/python3.7/site-packages/airflow/example_dags/example_branch_labels.py
[2022-10-05 16:14:17,980] {processor.py:641} INFO - Processing file /home/airflow/.local/lib/python3.7/site-packages/airflow/example_dags/example_branch_labels.py for tasks to queue
[2022-10-05 16:14:17,982] {logging_mixin.py:115} INFO - [2022-10-05 16:14:17,981] {dagbag.py:507} INFO - Filling up the DagBag from /home/airflow/.local/lib/python3.7/site-packages/airflow/example_dags/example_branch_labels.py
[2022-10-05 16:14:17,991] {processor.py:651} INFO - DAG(s) dict_keys(['example_branch_labels']) retrieved from /home/airflow/.local/lib/python3.7/site-packages/airflow/example_dags/example_branch_labels.py
[2022-10-05 16:14:18,030] {logging_mixin.py:115} INFO - [2022-10-05 16:14:18,029] {dag.py:2379} INFO - Sync 1 DAGs
[2022-10-05 16:14:18,071] {logging_mixin.py:115} INFO - [2022-10-05 16:14:18,071] {dag.py:2931} INFO - Setting next_dagrun for example_branch_labels to 2022-10-04T00:00:00+00:00, run_after=2022-10-05T00:00:00+00:00
[2022-10-05 16:14:18,087] {processor.py:161} INFO - Processing /home/airflow/.local/lib/python3.7/site-packages/airflow/example_dags/example_branch_labels.py took 0.112 seconds
[2022-10-05 16:15:21,804] {processor.py:153} INFO - Started process (PID=2534) to work on /home/airflow/.local/lib/python3.7/site-packages/airflow/example_dags/example_branch_labels.py
[2022-10-05 16:15:21,805] {processor.py:641} INFO - Processing file /home/airflow/.local/lib/python3.7/site-packages/airflow/example_dags/example_branch_labels.py for tasks to queue
[2022-10-05 16:15:21,807] {logging_mixin.py:115} INFO - [2022-10-05 16:15:21,807] {dagbag.py:507} INFO - Filling up the DagBag from /home/airflow/.local/lib/python3.7/site-packages/airflow/example_dags/example_branch_labels.py
[2022-10-05 16:15:21,815] {processor.py:651} INFO - DAG(s) dict_keys(['example_branch_labels']) retrieved from /home/airflow/.local/lib/python3.7/site-packages/airflow/example_dags/example_branch_labels.py
[2022-10-05 16:15:21,849] {logging_mixin.py:115} INFO - [2022-10-05 16:15:21,848] {dag.py:2379} INFO - Sync 1 DAGs
[2022-10-05 16:15:21,873] {logging_mixin.py:115} INFO - [2022-10-05 16:15:21,873] {dag.py:2931} INFO - Setting next_dagrun for example_branch_labels to 2022-10-04T00:00:00+00:00, run_after=2022-10-05T00:00:00+00:00
[2022-10-05 16:15:21,887] {processor.py:161} INFO - Processing /home/airflow/.local/lib/python3.7/site-packages/airflow/example_dags/example_branch_labels.py took 0.091 seconds
[2022-10-05 16:16:54,583] {processor.py:153} INFO - Started process (PID=2581) to work on /home/airflow/.local/lib/python3.7/site-packages/airflow/example_dags/example_branch_labels.py
[2022-10-05 16:16:54,584] {processor.py:641} INFO - Processing file /home/airflow/.local/lib/python3.7/site-packages/airflow/example_dags/example_branch_labels.py for tasks to queue
[2022-10-05 16:16:54,586] {logging_mixin.py:115} INFO - [2022-10-05 16:16:54,585] {dagbag.py:507} INFO - Filling up the DagBag from /home/airflow/.local/lib/python3.7/site-packages/airflow/example_dags/example_branch_labels.py
[2022-10-05 16:16:54,594] {processor.py:651} INFO - DAG(s) dict_keys(['example_branch_labels']) retrieved from /home/airflow/.local/lib/python3.7/site-packages/airflow/example_dags/example_branch_labels.py
[2022-10-05 16:16:54,625] {logging_mixin.py:115} INFO - [2022-10-05 16:16:54,625] {dag.py:2379} INFO - Sync 1 DAGs
[2022-10-05 16:16:54,648] {logging_mixin.py:115} INFO - [2022-10-05 16:16:54,648] {dag.py:2931} INFO - Setting next_dagrun for example_branch_labels to 2022-10-04T00:00:00+00:00, run_after=2022-10-05T00:00:00+00:00
[2022-10-05 16:16:54,660] {processor.py:161} INFO - Processing /home/airflow/.local/lib/python3.7/site-packages/airflow/example_dags/example_branch_labels.py took 0.082 seconds
[2022-10-05 16:18:37,266] {processor.py:153} INFO - Started process (PID=2628) to work on /home/airflow/.local/lib/python3.7/site-packages/airflow/example_dags/example_branch_labels.py
[2022-10-05 16:18:37,267] {processor.py:641} INFO - Processing file /home/airflow/.local/lib/python3.7/site-packages/airflow/example_dags/example_branch_labels.py for tasks to queue
[2022-10-05 16:18:37,268] {logging_mixin.py:115} INFO - [2022-10-05 16:18:37,268] {dagbag.py:507} INFO - Filling up the DagBag from /home/airflow/.local/lib/python3.7/site-packages/airflow/example_dags/example_branch_labels.py
[2022-10-05 16:18:37,276] {processor.py:651} INFO - DAG(s) dict_keys(['example_branch_labels']) retrieved from /home/airflow/.local/lib/python3.7/site-packages/airflow/example_dags/example_branch_labels.py
[2022-10-05 16:18:37,306] {logging_mixin.py:115} INFO - [2022-10-05 16:18:37,306] {dag.py:2379} INFO - Sync 1 DAGs
[2022-10-05 16:18:37,329] {logging_mixin.py:115} INFO - [2022-10-05 16:18:37,329] {dag.py:2931} INFO - Setting next_dagrun for example_branch_labels to 2022-10-04T00:00:00+00:00, run_after=2022-10-05T00:00:00+00:00
[2022-10-05 16:18:37,343] {processor.py:161} INFO - Processing /home/airflow/.local/lib/python3.7/site-packages/airflow/example_dags/example_branch_labels.py took 0.081 seconds
[2022-10-05 20:03:09,041] {processor.py:153} INFO - Started process (PID=2683) to work on /home/airflow/.local/lib/python3.7/site-packages/airflow/example_dags/example_branch_labels.py
[2022-10-05 20:03:09,044] {processor.py:641} INFO - Processing file /home/airflow/.local/lib/python3.7/site-packages/airflow/example_dags/example_branch_labels.py for tasks to queue
[2022-10-05 20:03:09,046] {logging_mixin.py:115} INFO - [2022-10-05 20:03:09,046] {dagbag.py:507} INFO - Filling up the DagBag from /home/airflow/.local/lib/python3.7/site-packages/airflow/example_dags/example_branch_labels.py
[2022-10-05 20:03:09,069] {processor.py:651} INFO - DAG(s) dict_keys(['example_branch_labels']) retrieved from /home/airflow/.local/lib/python3.7/site-packages/airflow/example_dags/example_branch_labels.py
[2022-10-05 20:03:09,144] {logging_mixin.py:115} INFO - [2022-10-05 20:03:09,143] {dag.py:2379} INFO - Sync 1 DAGs
[2022-10-05 20:03:09,210] {logging_mixin.py:115} INFO - [2022-10-05 20:03:09,210] {dag.py:2931} INFO - Setting next_dagrun for example_branch_labels to 2022-10-04T00:00:00+00:00, run_after=2022-10-05T00:00:00+00:00
[2022-10-05 20:03:09,249] {processor.py:161} INFO - Processing /home/airflow/.local/lib/python3.7/site-packages/airflow/example_dags/example_branch_labels.py took 0.220 seconds
