[2022-10-05 15:18:20,733] {processor.py:153} INFO - Started process (PID=146) to work on /home/airflow/.local/lib/python3.7/site-packages/airflow/example_dags/tutorial_taskflow_api_etl.py
[2022-10-05 15:18:20,751] {processor.py:641} INFO - Processing file /home/airflow/.local/lib/python3.7/site-packages/airflow/example_dags/tutorial_taskflow_api_etl.py for tasks to queue
[2022-10-05 15:18:20,760] {logging_mixin.py:115} INFO - [2022-10-05 15:18:20,759] {dagbag.py:507} INFO - Filling up the DagBag from /home/airflow/.local/lib/python3.7/site-packages/airflow/example_dags/tutorial_taskflow_api_etl.py
[2022-10-05 15:18:20,927] {processor.py:651} INFO - DAG(s) dict_keys(['tutorial_taskflow_api_etl']) retrieved from /home/airflow/.local/lib/python3.7/site-packages/airflow/example_dags/tutorial_taskflow_api_etl.py
[2022-10-05 15:18:22,134] {logging_mixin.py:115} INFO - [2022-10-05 15:18:22,133] {manager.py:508} INFO - Created Permission View: can delete on DAG:tutorial_taskflow_api_etl
[2022-10-05 15:18:22,277] {logging_mixin.py:115} INFO - [2022-10-05 15:18:22,277] {manager.py:508} INFO - Created Permission View: can edit on DAG:tutorial_taskflow_api_etl
[2022-10-05 15:18:22,353] {logging_mixin.py:115} INFO - [2022-10-05 15:18:22,353] {manager.py:508} INFO - Created Permission View: can read on DAG:tutorial_taskflow_api_etl
[2022-10-05 15:18:22,355] {logging_mixin.py:115} INFO - [2022-10-05 15:18:22,354] {dag.py:2379} INFO - Sync 1 DAGs
[2022-10-05 15:18:22,423] {logging_mixin.py:115} INFO - [2022-10-05 15:18:22,422] {dag.py:2398} INFO - Creating ORM DAG for tutorial_taskflow_api_etl
[2022-10-05 15:18:22,543] {logging_mixin.py:115} INFO - [2022-10-05 15:18:22,542] {dag.py:2931} INFO - Setting next_dagrun for tutorial_taskflow_api_etl to None, run_after=None
[2022-10-05 15:18:23,379] {processor.py:161} INFO - Processing /home/airflow/.local/lib/python3.7/site-packages/airflow/example_dags/tutorial_taskflow_api_etl.py took 2.715 seconds
[2022-10-05 15:19:34,542] {processor.py:153} INFO - Started process (PID=228) to work on /home/airflow/.local/lib/python3.7/site-packages/airflow/example_dags/tutorial_taskflow_api_etl.py
[2022-10-05 15:19:34,553] {processor.py:641} INFO - Processing file /home/airflow/.local/lib/python3.7/site-packages/airflow/example_dags/tutorial_taskflow_api_etl.py for tasks to queue
[2022-10-05 15:19:34,568] {logging_mixin.py:115} INFO - [2022-10-05 15:19:34,566] {dagbag.py:507} INFO - Filling up the DagBag from /home/airflow/.local/lib/python3.7/site-packages/airflow/example_dags/tutorial_taskflow_api_etl.py
[2022-10-05 15:19:34,678] {processor.py:651} INFO - DAG(s) dict_keys(['tutorial_taskflow_api_etl']) retrieved from /home/airflow/.local/lib/python3.7/site-packages/airflow/example_dags/tutorial_taskflow_api_etl.py
[2022-10-05 15:19:35,284] {logging_mixin.py:115} INFO - [2022-10-05 15:19:35,284] {dag.py:2379} INFO - Sync 1 DAGs
[2022-10-05 15:19:35,351] {logging_mixin.py:115} INFO - [2022-10-05 15:19:35,351] {dag.py:2931} INFO - Setting next_dagrun for tutorial_taskflow_api_etl to None, run_after=None
[2022-10-05 15:19:35,397] {processor.py:161} INFO - Processing /home/airflow/.local/lib/python3.7/site-packages/airflow/example_dags/tutorial_taskflow_api_etl.py took 0.882 seconds
[2022-10-05 15:20:17,259] {processor.py:153} INFO - Started process (PID=280) to work on /home/airflow/.local/lib/python3.7/site-packages/airflow/example_dags/tutorial_taskflow_api_etl.py
[2022-10-05 15:20:17,266] {processor.py:641} INFO - Processing file /home/airflow/.local/lib/python3.7/site-packages/airflow/example_dags/tutorial_taskflow_api_etl.py for tasks to queue
[2022-10-05 15:20:17,269] {logging_mixin.py:115} INFO - [2022-10-05 15:20:17,269] {dagbag.py:507} INFO - Filling up the DagBag from /home/airflow/.local/lib/python3.7/site-packages/airflow/example_dags/tutorial_taskflow_api_etl.py
[2022-10-05 15:20:17,332] {processor.py:651} INFO - DAG(s) dict_keys(['tutorial_taskflow_api_etl']) retrieved from /home/airflow/.local/lib/python3.7/site-packages/airflow/example_dags/tutorial_taskflow_api_etl.py
[2022-10-05 15:20:17,988] {logging_mixin.py:115} INFO - [2022-10-05 15:20:17,988] {dag.py:2379} INFO - Sync 1 DAGs
[2022-10-05 15:20:18,190] {logging_mixin.py:115} INFO - [2022-10-05 15:20:18,190] {dag.py:2931} INFO - Setting next_dagrun for tutorial_taskflow_api_etl to None, run_after=None
[2022-10-05 15:20:18,259] {processor.py:161} INFO - Processing /home/airflow/.local/lib/python3.7/site-packages/airflow/example_dags/tutorial_taskflow_api_etl.py took 1.008 seconds
[2022-10-05 15:20:59,405] {processor.py:153} INFO - Started process (PID=338) to work on /home/airflow/.local/lib/python3.7/site-packages/airflow/example_dags/tutorial_taskflow_api_etl.py
[2022-10-05 15:20:59,410] {processor.py:641} INFO - Processing file /home/airflow/.local/lib/python3.7/site-packages/airflow/example_dags/tutorial_taskflow_api_etl.py for tasks to queue
[2022-10-05 15:20:59,432] {logging_mixin.py:115} INFO - [2022-10-05 15:20:59,432] {dagbag.py:507} INFO - Filling up the DagBag from /home/airflow/.local/lib/python3.7/site-packages/airflow/example_dags/tutorial_taskflow_api_etl.py
[2022-10-05 15:20:59,574] {processor.py:651} INFO - DAG(s) dict_keys(['tutorial_taskflow_api_etl']) retrieved from /home/airflow/.local/lib/python3.7/site-packages/airflow/example_dags/tutorial_taskflow_api_etl.py
[2022-10-05 15:21:00,866] {logging_mixin.py:115} INFO - [2022-10-05 15:21:00,865] {dag.py:2379} INFO - Sync 1 DAGs
[2022-10-05 15:21:00,928] {logging_mixin.py:115} INFO - [2022-10-05 15:21:00,928] {dag.py:2931} INFO - Setting next_dagrun for tutorial_taskflow_api_etl to None, run_after=None
[2022-10-05 15:21:00,965] {processor.py:161} INFO - Processing /home/airflow/.local/lib/python3.7/site-packages/airflow/example_dags/tutorial_taskflow_api_etl.py took 1.625 seconds
[2022-10-05 15:21:37,073] {processor.py:153} INFO - Started process (PID=386) to work on /home/airflow/.local/lib/python3.7/site-packages/airflow/example_dags/tutorial_taskflow_api_etl.py
[2022-10-05 15:21:37,078] {processor.py:641} INFO - Processing file /home/airflow/.local/lib/python3.7/site-packages/airflow/example_dags/tutorial_taskflow_api_etl.py for tasks to queue
[2022-10-05 15:21:37,085] {logging_mixin.py:115} INFO - [2022-10-05 15:21:37,084] {dagbag.py:507} INFO - Filling up the DagBag from /home/airflow/.local/lib/python3.7/site-packages/airflow/example_dags/tutorial_taskflow_api_etl.py
[2022-10-05 15:21:37,228] {processor.py:651} INFO - DAG(s) dict_keys(['tutorial_taskflow_api_etl']) retrieved from /home/airflow/.local/lib/python3.7/site-packages/airflow/example_dags/tutorial_taskflow_api_etl.py
[2022-10-05 15:21:37,938] {logging_mixin.py:115} INFO - [2022-10-05 15:21:37,938] {dag.py:2379} INFO - Sync 1 DAGs
[2022-10-05 15:21:38,003] {logging_mixin.py:115} INFO - [2022-10-05 15:21:38,002] {dag.py:2931} INFO - Setting next_dagrun for tutorial_taskflow_api_etl to None, run_after=None
[2022-10-05 15:21:38,046] {processor.py:161} INFO - Processing /home/airflow/.local/lib/python3.7/site-packages/airflow/example_dags/tutorial_taskflow_api_etl.py took 0.990 seconds
[2022-10-05 15:22:08,124] {processor.py:153} INFO - Started process (PID=450) to work on /home/airflow/.local/lib/python3.7/site-packages/airflow/example_dags/tutorial_taskflow_api_etl.py
[2022-10-05 15:22:08,128] {processor.py:641} INFO - Processing file /home/airflow/.local/lib/python3.7/site-packages/airflow/example_dags/tutorial_taskflow_api_etl.py for tasks to queue
[2022-10-05 15:22:08,132] {logging_mixin.py:115} INFO - [2022-10-05 15:22:08,132] {dagbag.py:507} INFO - Filling up the DagBag from /home/airflow/.local/lib/python3.7/site-packages/airflow/example_dags/tutorial_taskflow_api_etl.py
[2022-10-05 15:22:08,183] {processor.py:651} INFO - DAG(s) dict_keys(['tutorial_taskflow_api_etl']) retrieved from /home/airflow/.local/lib/python3.7/site-packages/airflow/example_dags/tutorial_taskflow_api_etl.py
[2022-10-05 15:22:08,483] {logging_mixin.py:115} INFO - [2022-10-05 15:22:08,483] {dag.py:2379} INFO - Sync 1 DAGs
[2022-10-05 15:22:08,531] {logging_mixin.py:115} INFO - [2022-10-05 15:22:08,531] {dag.py:2931} INFO - Setting next_dagrun for tutorial_taskflow_api_etl to None, run_after=None
[2022-10-05 15:22:08,573] {processor.py:161} INFO - Processing /home/airflow/.local/lib/python3.7/site-packages/airflow/example_dags/tutorial_taskflow_api_etl.py took 0.458 seconds
[2022-10-05 15:22:38,789] {processor.py:153} INFO - Started process (PID=506) to work on /home/airflow/.local/lib/python3.7/site-packages/airflow/example_dags/tutorial_taskflow_api_etl.py
[2022-10-05 15:22:38,792] {processor.py:641} INFO - Processing file /home/airflow/.local/lib/python3.7/site-packages/airflow/example_dags/tutorial_taskflow_api_etl.py for tasks to queue
[2022-10-05 15:22:38,793] {logging_mixin.py:115} INFO - [2022-10-05 15:22:38,793] {dagbag.py:507} INFO - Filling up the DagBag from /home/airflow/.local/lib/python3.7/site-packages/airflow/example_dags/tutorial_taskflow_api_etl.py
[2022-10-05 15:22:38,820] {processor.py:651} INFO - DAG(s) dict_keys(['tutorial_taskflow_api_etl']) retrieved from /home/airflow/.local/lib/python3.7/site-packages/airflow/example_dags/tutorial_taskflow_api_etl.py
[2022-10-05 15:22:39,114] {logging_mixin.py:115} INFO - [2022-10-05 15:22:39,114] {dag.py:2379} INFO - Sync 1 DAGs
[2022-10-05 15:22:39,144] {logging_mixin.py:115} INFO - [2022-10-05 15:22:39,144] {dag.py:2931} INFO - Setting next_dagrun for tutorial_taskflow_api_etl to None, run_after=None
[2022-10-05 15:22:39,163] {processor.py:161} INFO - Processing /home/airflow/.local/lib/python3.7/site-packages/airflow/example_dags/tutorial_taskflow_api_etl.py took 0.380 seconds
[2022-10-05 15:23:10,748] {processor.py:153} INFO - Started process (PID=569) to work on /home/airflow/.local/lib/python3.7/site-packages/airflow/example_dags/tutorial_taskflow_api_etl.py
[2022-10-05 15:23:10,754] {processor.py:641} INFO - Processing file /home/airflow/.local/lib/python3.7/site-packages/airflow/example_dags/tutorial_taskflow_api_etl.py for tasks to queue
[2022-10-05 15:23:10,758] {logging_mixin.py:115} INFO - [2022-10-05 15:23:10,757] {dagbag.py:507} INFO - Filling up the DagBag from /home/airflow/.local/lib/python3.7/site-packages/airflow/example_dags/tutorial_taskflow_api_etl.py
[2022-10-05 15:23:10,877] {processor.py:651} INFO - DAG(s) dict_keys(['tutorial_taskflow_api_etl']) retrieved from /home/airflow/.local/lib/python3.7/site-packages/airflow/example_dags/tutorial_taskflow_api_etl.py
[2022-10-05 15:23:11,731] {logging_mixin.py:115} INFO - [2022-10-05 15:23:11,730] {dag.py:2379} INFO - Sync 1 DAGs
[2022-10-05 15:23:11,791] {logging_mixin.py:115} INFO - [2022-10-05 15:23:11,790] {dag.py:2931} INFO - Setting next_dagrun for tutorial_taskflow_api_etl to None, run_after=None
[2022-10-05 15:23:11,839] {processor.py:161} INFO - Processing /home/airflow/.local/lib/python3.7/site-packages/airflow/example_dags/tutorial_taskflow_api_etl.py took 1.110 seconds
[2022-10-05 15:23:45,162] {processor.py:153} INFO - Started process (PID=629) to work on /home/airflow/.local/lib/python3.7/site-packages/airflow/example_dags/tutorial_taskflow_api_etl.py
[2022-10-05 15:23:45,166] {processor.py:641} INFO - Processing file /home/airflow/.local/lib/python3.7/site-packages/airflow/example_dags/tutorial_taskflow_api_etl.py for tasks to queue
[2022-10-05 15:23:45,170] {logging_mixin.py:115} INFO - [2022-10-05 15:23:45,169] {dagbag.py:507} INFO - Filling up the DagBag from /home/airflow/.local/lib/python3.7/site-packages/airflow/example_dags/tutorial_taskflow_api_etl.py
[2022-10-05 15:23:45,239] {processor.py:651} INFO - DAG(s) dict_keys(['tutorial_taskflow_api_etl']) retrieved from /home/airflow/.local/lib/python3.7/site-packages/airflow/example_dags/tutorial_taskflow_api_etl.py
[2022-10-05 15:23:45,781] {logging_mixin.py:115} INFO - [2022-10-05 15:23:45,780] {dag.py:2379} INFO - Sync 1 DAGs
[2022-10-05 15:23:45,839] {logging_mixin.py:115} INFO - [2022-10-05 15:23:45,839] {dag.py:2931} INFO - Setting next_dagrun for tutorial_taskflow_api_etl to None, run_after=None
[2022-10-05 15:23:45,883] {processor.py:161} INFO - Processing /home/airflow/.local/lib/python3.7/site-packages/airflow/example_dags/tutorial_taskflow_api_etl.py took 0.733 seconds
[2022-10-05 15:24:16,902] {processor.py:153} INFO - Started process (PID=686) to work on /home/airflow/.local/lib/python3.7/site-packages/airflow/example_dags/tutorial_taskflow_api_etl.py
[2022-10-05 15:24:16,904] {processor.py:641} INFO - Processing file /home/airflow/.local/lib/python3.7/site-packages/airflow/example_dags/tutorial_taskflow_api_etl.py for tasks to queue
[2022-10-05 15:24:16,906] {logging_mixin.py:115} INFO - [2022-10-05 15:24:16,905] {dagbag.py:507} INFO - Filling up the DagBag from /home/airflow/.local/lib/python3.7/site-packages/airflow/example_dags/tutorial_taskflow_api_etl.py
[2022-10-05 15:24:16,936] {processor.py:651} INFO - DAG(s) dict_keys(['tutorial_taskflow_api_etl']) retrieved from /home/airflow/.local/lib/python3.7/site-packages/airflow/example_dags/tutorial_taskflow_api_etl.py
[2022-10-05 15:24:17,243] {logging_mixin.py:115} INFO - [2022-10-05 15:24:17,243] {dag.py:2379} INFO - Sync 1 DAGs
[2022-10-05 15:24:17,274] {logging_mixin.py:115} INFO - [2022-10-05 15:24:17,274] {dag.py:2931} INFO - Setting next_dagrun for tutorial_taskflow_api_etl to None, run_after=None
[2022-10-05 15:24:17,307] {processor.py:161} INFO - Processing /home/airflow/.local/lib/python3.7/site-packages/airflow/example_dags/tutorial_taskflow_api_etl.py took 0.411 seconds
[2022-10-05 15:24:48,133] {processor.py:153} INFO - Started process (PID=751) to work on /home/airflow/.local/lib/python3.7/site-packages/airflow/example_dags/tutorial_taskflow_api_etl.py
[2022-10-05 15:24:48,134] {processor.py:641} INFO - Processing file /home/airflow/.local/lib/python3.7/site-packages/airflow/example_dags/tutorial_taskflow_api_etl.py for tasks to queue
[2022-10-05 15:24:48,136] {logging_mixin.py:115} INFO - [2022-10-05 15:24:48,135] {dagbag.py:507} INFO - Filling up the DagBag from /home/airflow/.local/lib/python3.7/site-packages/airflow/example_dags/tutorial_taskflow_api_etl.py
[2022-10-05 15:24:48,160] {processor.py:651} INFO - DAG(s) dict_keys(['tutorial_taskflow_api_etl']) retrieved from /home/airflow/.local/lib/python3.7/site-packages/airflow/example_dags/tutorial_taskflow_api_etl.py
[2022-10-05 15:24:48,204] {logging_mixin.py:115} INFO - [2022-10-05 15:24:48,203] {dag.py:2379} INFO - Sync 1 DAGs
[2022-10-05 15:24:48,387] {logging_mixin.py:115} INFO - [2022-10-05 15:24:48,387] {dag.py:2931} INFO - Setting next_dagrun for tutorial_taskflow_api_etl to None, run_after=None
[2022-10-05 15:24:48,402] {processor.py:161} INFO - Processing /home/airflow/.local/lib/python3.7/site-packages/airflow/example_dags/tutorial_taskflow_api_etl.py took 0.275 seconds
[2022-10-05 15:25:18,609] {processor.py:153} INFO - Started process (PID=806) to work on /home/airflow/.local/lib/python3.7/site-packages/airflow/example_dags/tutorial_taskflow_api_etl.py
[2022-10-05 15:25:18,611] {processor.py:641} INFO - Processing file /home/airflow/.local/lib/python3.7/site-packages/airflow/example_dags/tutorial_taskflow_api_etl.py for tasks to queue
[2022-10-05 15:25:18,613] {logging_mixin.py:115} INFO - [2022-10-05 15:25:18,613] {dagbag.py:507} INFO - Filling up the DagBag from /home/airflow/.local/lib/python3.7/site-packages/airflow/example_dags/tutorial_taskflow_api_etl.py
[2022-10-05 15:25:18,642] {processor.py:651} INFO - DAG(s) dict_keys(['tutorial_taskflow_api_etl']) retrieved from /home/airflow/.local/lib/python3.7/site-packages/airflow/example_dags/tutorial_taskflow_api_etl.py
[2022-10-05 15:25:18,938] {logging_mixin.py:115} INFO - [2022-10-05 15:25:18,938] {dag.py:2379} INFO - Sync 1 DAGs
[2022-10-05 15:25:18,968] {logging_mixin.py:115} INFO - [2022-10-05 15:25:18,968] {dag.py:2931} INFO - Setting next_dagrun for tutorial_taskflow_api_etl to None, run_after=None
[2022-10-05 15:25:18,991] {processor.py:161} INFO - Processing /home/airflow/.local/lib/python3.7/site-packages/airflow/example_dags/tutorial_taskflow_api_etl.py took 0.388 seconds
[2022-10-05 15:25:49,263] {processor.py:153} INFO - Started process (PID=870) to work on /home/airflow/.local/lib/python3.7/site-packages/airflow/example_dags/tutorial_taskflow_api_etl.py
[2022-10-05 15:25:49,265] {processor.py:641} INFO - Processing file /home/airflow/.local/lib/python3.7/site-packages/airflow/example_dags/tutorial_taskflow_api_etl.py for tasks to queue
[2022-10-05 15:25:49,273] {logging_mixin.py:115} INFO - [2022-10-05 15:25:49,273] {dagbag.py:507} INFO - Filling up the DagBag from /home/airflow/.local/lib/python3.7/site-packages/airflow/example_dags/tutorial_taskflow_api_etl.py
[2022-10-05 15:25:49,350] {processor.py:651} INFO - DAG(s) dict_keys(['tutorial_taskflow_api_etl']) retrieved from /home/airflow/.local/lib/python3.7/site-packages/airflow/example_dags/tutorial_taskflow_api_etl.py
[2022-10-05 15:25:49,769] {logging_mixin.py:115} INFO - [2022-10-05 15:25:49,769] {dag.py:2379} INFO - Sync 1 DAGs
[2022-10-05 15:25:49,810] {logging_mixin.py:115} INFO - [2022-10-05 15:25:49,810] {dag.py:2931} INFO - Setting next_dagrun for tutorial_taskflow_api_etl to None, run_after=None
[2022-10-05 15:25:49,844] {processor.py:161} INFO - Processing /home/airflow/.local/lib/python3.7/site-packages/airflow/example_dags/tutorial_taskflow_api_etl.py took 0.594 seconds
[2022-10-05 15:26:19,931] {processor.py:153} INFO - Started process (PID=925) to work on /home/airflow/.local/lib/python3.7/site-packages/airflow/example_dags/tutorial_taskflow_api_etl.py
[2022-10-05 15:26:19,933] {processor.py:641} INFO - Processing file /home/airflow/.local/lib/python3.7/site-packages/airflow/example_dags/tutorial_taskflow_api_etl.py for tasks to queue
[2022-10-05 15:26:19,935] {logging_mixin.py:115} INFO - [2022-10-05 15:26:19,935] {dagbag.py:507} INFO - Filling up the DagBag from /home/airflow/.local/lib/python3.7/site-packages/airflow/example_dags/tutorial_taskflow_api_etl.py
[2022-10-05 15:26:19,963] {processor.py:651} INFO - DAG(s) dict_keys(['tutorial_taskflow_api_etl']) retrieved from /home/airflow/.local/lib/python3.7/site-packages/airflow/example_dags/tutorial_taskflow_api_etl.py
[2022-10-05 15:26:20,011] {logging_mixin.py:115} INFO - [2022-10-05 15:26:20,010] {dag.py:2379} INFO - Sync 1 DAGs
[2022-10-05 15:26:20,216] {logging_mixin.py:115} INFO - [2022-10-05 15:26:20,215] {dag.py:2931} INFO - Setting next_dagrun for tutorial_taskflow_api_etl to None, run_after=None
[2022-10-05 15:26:20,235] {processor.py:161} INFO - Processing /home/airflow/.local/lib/python3.7/site-packages/airflow/example_dags/tutorial_taskflow_api_etl.py took 0.309 seconds
[2022-10-05 15:26:50,745] {processor.py:153} INFO - Started process (PID=990) to work on /home/airflow/.local/lib/python3.7/site-packages/airflow/example_dags/tutorial_taskflow_api_etl.py
[2022-10-05 15:26:50,751] {processor.py:641} INFO - Processing file /home/airflow/.local/lib/python3.7/site-packages/airflow/example_dags/tutorial_taskflow_api_etl.py for tasks to queue
[2022-10-05 15:26:50,755] {logging_mixin.py:115} INFO - [2022-10-05 15:26:50,754] {dagbag.py:507} INFO - Filling up the DagBag from /home/airflow/.local/lib/python3.7/site-packages/airflow/example_dags/tutorial_taskflow_api_etl.py
[2022-10-05 15:26:50,800] {processor.py:651} INFO - DAG(s) dict_keys(['tutorial_taskflow_api_etl']) retrieved from /home/airflow/.local/lib/python3.7/site-packages/airflow/example_dags/tutorial_taskflow_api_etl.py
[2022-10-05 15:26:51,082] {logging_mixin.py:115} INFO - [2022-10-05 15:26:51,082] {dag.py:2379} INFO - Sync 1 DAGs
[2022-10-05 15:26:51,112] {logging_mixin.py:115} INFO - [2022-10-05 15:26:51,112] {dag.py:2931} INFO - Setting next_dagrun for tutorial_taskflow_api_etl to None, run_after=None
[2022-10-05 15:26:51,136] {processor.py:161} INFO - Processing /home/airflow/.local/lib/python3.7/site-packages/airflow/example_dags/tutorial_taskflow_api_etl.py took 0.398 seconds
[2022-10-05 15:27:21,532] {processor.py:153} INFO - Started process (PID=1045) to work on /home/airflow/.local/lib/python3.7/site-packages/airflow/example_dags/tutorial_taskflow_api_etl.py
[2022-10-05 15:27:21,534] {processor.py:641} INFO - Processing file /home/airflow/.local/lib/python3.7/site-packages/airflow/example_dags/tutorial_taskflow_api_etl.py for tasks to queue
[2022-10-05 15:27:21,536] {logging_mixin.py:115} INFO - [2022-10-05 15:27:21,535] {dagbag.py:507} INFO - Filling up the DagBag from /home/airflow/.local/lib/python3.7/site-packages/airflow/example_dags/tutorial_taskflow_api_etl.py
[2022-10-05 15:27:21,562] {processor.py:651} INFO - DAG(s) dict_keys(['tutorial_taskflow_api_etl']) retrieved from /home/airflow/.local/lib/python3.7/site-packages/airflow/example_dags/tutorial_taskflow_api_etl.py
[2022-10-05 15:27:21,605] {logging_mixin.py:115} INFO - [2022-10-05 15:27:21,605] {dag.py:2379} INFO - Sync 1 DAGs
[2022-10-05 15:27:21,804] {logging_mixin.py:115} INFO - [2022-10-05 15:27:21,804] {dag.py:2931} INFO - Setting next_dagrun for tutorial_taskflow_api_etl to None, run_after=None
[2022-10-05 15:27:21,821] {processor.py:161} INFO - Processing /home/airflow/.local/lib/python3.7/site-packages/airflow/example_dags/tutorial_taskflow_api_etl.py took 0.295 seconds
[2022-10-05 15:27:52,149] {processor.py:153} INFO - Started process (PID=1111) to work on /home/airflow/.local/lib/python3.7/site-packages/airflow/example_dags/tutorial_taskflow_api_etl.py
[2022-10-05 15:27:52,151] {processor.py:641} INFO - Processing file /home/airflow/.local/lib/python3.7/site-packages/airflow/example_dags/tutorial_taskflow_api_etl.py for tasks to queue
[2022-10-05 15:27:52,153] {logging_mixin.py:115} INFO - [2022-10-05 15:27:52,153] {dagbag.py:507} INFO - Filling up the DagBag from /home/airflow/.local/lib/python3.7/site-packages/airflow/example_dags/tutorial_taskflow_api_etl.py
[2022-10-05 15:27:52,179] {processor.py:651} INFO - DAG(s) dict_keys(['tutorial_taskflow_api_etl']) retrieved from /home/airflow/.local/lib/python3.7/site-packages/airflow/example_dags/tutorial_taskflow_api_etl.py
[2022-10-05 15:27:52,447] {logging_mixin.py:115} INFO - [2022-10-05 15:27:52,447] {dag.py:2379} INFO - Sync 1 DAGs
[2022-10-05 15:27:52,473] {logging_mixin.py:115} INFO - [2022-10-05 15:27:52,473] {dag.py:2931} INFO - Setting next_dagrun for tutorial_taskflow_api_etl to None, run_after=None
[2022-10-05 15:27:52,492] {processor.py:161} INFO - Processing /home/airflow/.local/lib/python3.7/site-packages/airflow/example_dags/tutorial_taskflow_api_etl.py took 0.353 seconds
[2022-10-05 15:28:23,795] {processor.py:153} INFO - Started process (PID=1168) to work on /home/airflow/.local/lib/python3.7/site-packages/airflow/example_dags/tutorial_taskflow_api_etl.py
[2022-10-05 15:28:23,798] {processor.py:641} INFO - Processing file /home/airflow/.local/lib/python3.7/site-packages/airflow/example_dags/tutorial_taskflow_api_etl.py for tasks to queue
[2022-10-05 15:28:23,800] {logging_mixin.py:115} INFO - [2022-10-05 15:28:23,800] {dagbag.py:507} INFO - Filling up the DagBag from /home/airflow/.local/lib/python3.7/site-packages/airflow/example_dags/tutorial_taskflow_api_etl.py
[2022-10-05 15:28:23,844] {processor.py:651} INFO - DAG(s) dict_keys(['tutorial_taskflow_api_etl']) retrieved from /home/airflow/.local/lib/python3.7/site-packages/airflow/example_dags/tutorial_taskflow_api_etl.py
[2022-10-05 15:28:24,341] {logging_mixin.py:115} INFO - [2022-10-05 15:28:24,340] {dag.py:2379} INFO - Sync 1 DAGs
[2022-10-05 15:28:24,386] {logging_mixin.py:115} INFO - [2022-10-05 15:28:24,386] {dag.py:2931} INFO - Setting next_dagrun for tutorial_taskflow_api_etl to None, run_after=None
[2022-10-05 15:28:24,425] {processor.py:161} INFO - Processing /home/airflow/.local/lib/python3.7/site-packages/airflow/example_dags/tutorial_taskflow_api_etl.py took 0.639 seconds
[2022-10-05 15:28:54,931] {processor.py:153} INFO - Started process (PID=1232) to work on /home/airflow/.local/lib/python3.7/site-packages/airflow/example_dags/tutorial_taskflow_api_etl.py
[2022-10-05 15:28:54,940] {processor.py:641} INFO - Processing file /home/airflow/.local/lib/python3.7/site-packages/airflow/example_dags/tutorial_taskflow_api_etl.py for tasks to queue
[2022-10-05 15:28:54,945] {logging_mixin.py:115} INFO - [2022-10-05 15:28:54,945] {dagbag.py:507} INFO - Filling up the DagBag from /home/airflow/.local/lib/python3.7/site-packages/airflow/example_dags/tutorial_taskflow_api_etl.py
[2022-10-05 15:28:55,003] {processor.py:651} INFO - DAG(s) dict_keys(['tutorial_taskflow_api_etl']) retrieved from /home/airflow/.local/lib/python3.7/site-packages/airflow/example_dags/tutorial_taskflow_api_etl.py
[2022-10-05 15:28:55,626] {logging_mixin.py:115} INFO - [2022-10-05 15:28:55,625] {dag.py:2379} INFO - Sync 1 DAGs
[2022-10-05 15:28:55,688] {logging_mixin.py:115} INFO - [2022-10-05 15:28:55,688] {dag.py:2931} INFO - Setting next_dagrun for tutorial_taskflow_api_etl to None, run_after=None
[2022-10-05 15:28:55,734] {processor.py:161} INFO - Processing /home/airflow/.local/lib/python3.7/site-packages/airflow/example_dags/tutorial_taskflow_api_etl.py took 0.820 seconds
[2022-10-05 15:29:26,722] {processor.py:153} INFO - Started process (PID=1288) to work on /home/airflow/.local/lib/python3.7/site-packages/airflow/example_dags/tutorial_taskflow_api_etl.py
[2022-10-05 15:29:26,725] {processor.py:641} INFO - Processing file /home/airflow/.local/lib/python3.7/site-packages/airflow/example_dags/tutorial_taskflow_api_etl.py for tasks to queue
[2022-10-05 15:29:26,727] {logging_mixin.py:115} INFO - [2022-10-05 15:29:26,727] {dagbag.py:507} INFO - Filling up the DagBag from /home/airflow/.local/lib/python3.7/site-packages/airflow/example_dags/tutorial_taskflow_api_etl.py
[2022-10-05 15:29:26,759] {processor.py:651} INFO - DAG(s) dict_keys(['tutorial_taskflow_api_etl']) retrieved from /home/airflow/.local/lib/python3.7/site-packages/airflow/example_dags/tutorial_taskflow_api_etl.py
[2022-10-05 15:29:27,128] {logging_mixin.py:115} INFO - [2022-10-05 15:29:27,128] {dag.py:2379} INFO - Sync 1 DAGs
[2022-10-05 15:29:27,167] {logging_mixin.py:115} INFO - [2022-10-05 15:29:27,167] {dag.py:2931} INFO - Setting next_dagrun for tutorial_taskflow_api_etl to None, run_after=None
[2022-10-05 15:29:27,194] {processor.py:161} INFO - Processing /home/airflow/.local/lib/python3.7/site-packages/airflow/example_dags/tutorial_taskflow_api_etl.py took 0.478 seconds
[2022-10-05 15:29:57,692] {processor.py:153} INFO - Started process (PID=1353) to work on /home/airflow/.local/lib/python3.7/site-packages/airflow/example_dags/tutorial_taskflow_api_etl.py
[2022-10-05 15:29:57,694] {processor.py:641} INFO - Processing file /home/airflow/.local/lib/python3.7/site-packages/airflow/example_dags/tutorial_taskflow_api_etl.py for tasks to queue
[2022-10-05 15:29:57,695] {logging_mixin.py:115} INFO - [2022-10-05 15:29:57,695] {dagbag.py:507} INFO - Filling up the DagBag from /home/airflow/.local/lib/python3.7/site-packages/airflow/example_dags/tutorial_taskflow_api_etl.py
[2022-10-05 15:29:57,719] {processor.py:651} INFO - DAG(s) dict_keys(['tutorial_taskflow_api_etl']) retrieved from /home/airflow/.local/lib/python3.7/site-packages/airflow/example_dags/tutorial_taskflow_api_etl.py
[2022-10-05 15:29:57,993] {logging_mixin.py:115} INFO - [2022-10-05 15:29:57,992] {dag.py:2379} INFO - Sync 1 DAGs
[2022-10-05 15:29:58,027] {logging_mixin.py:115} INFO - [2022-10-05 15:29:58,027] {dag.py:2931} INFO - Setting next_dagrun for tutorial_taskflow_api_etl to None, run_after=None
[2022-10-05 15:29:58,049] {processor.py:161} INFO - Processing /home/airflow/.local/lib/python3.7/site-packages/airflow/example_dags/tutorial_taskflow_api_etl.py took 0.362 seconds
[2022-10-05 15:30:29,322] {processor.py:153} INFO - Started process (PID=1410) to work on /home/airflow/.local/lib/python3.7/site-packages/airflow/example_dags/tutorial_taskflow_api_etl.py
[2022-10-05 15:30:29,325] {processor.py:641} INFO - Processing file /home/airflow/.local/lib/python3.7/site-packages/airflow/example_dags/tutorial_taskflow_api_etl.py for tasks to queue
[2022-10-05 15:30:29,327] {logging_mixin.py:115} INFO - [2022-10-05 15:30:29,326] {dagbag.py:507} INFO - Filling up the DagBag from /home/airflow/.local/lib/python3.7/site-packages/airflow/example_dags/tutorial_taskflow_api_etl.py
[2022-10-05 15:30:29,355] {processor.py:651} INFO - DAG(s) dict_keys(['tutorial_taskflow_api_etl']) retrieved from /home/airflow/.local/lib/python3.7/site-packages/airflow/example_dags/tutorial_taskflow_api_etl.py
[2022-10-05 15:30:29,567] {logging_mixin.py:115} INFO - [2022-10-05 15:30:29,566] {dag.py:2379} INFO - Sync 1 DAGs
[2022-10-05 15:30:29,603] {logging_mixin.py:115} INFO - [2022-10-05 15:30:29,603] {dag.py:2931} INFO - Setting next_dagrun for tutorial_taskflow_api_etl to None, run_after=None
[2022-10-05 15:30:29,628] {processor.py:161} INFO - Processing /home/airflow/.local/lib/python3.7/site-packages/airflow/example_dags/tutorial_taskflow_api_etl.py took 0.313 seconds
[2022-10-05 15:30:59,817] {processor.py:153} INFO - Started process (PID=1474) to work on /home/airflow/.local/lib/python3.7/site-packages/airflow/example_dags/tutorial_taskflow_api_etl.py
[2022-10-05 15:30:59,820] {processor.py:641} INFO - Processing file /home/airflow/.local/lib/python3.7/site-packages/airflow/example_dags/tutorial_taskflow_api_etl.py for tasks to queue
[2022-10-05 15:30:59,823] {logging_mixin.py:115} INFO - [2022-10-05 15:30:59,823] {dagbag.py:507} INFO - Filling up the DagBag from /home/airflow/.local/lib/python3.7/site-packages/airflow/example_dags/tutorial_taskflow_api_etl.py
[2022-10-05 15:30:59,858] {processor.py:651} INFO - DAG(s) dict_keys(['tutorial_taskflow_api_etl']) retrieved from /home/airflow/.local/lib/python3.7/site-packages/airflow/example_dags/tutorial_taskflow_api_etl.py
[2022-10-05 15:31:00,142] {logging_mixin.py:115} INFO - [2022-10-05 15:31:00,142] {dag.py:2379} INFO - Sync 1 DAGs
[2022-10-05 15:31:00,169] {logging_mixin.py:115} INFO - [2022-10-05 15:31:00,169] {dag.py:2931} INFO - Setting next_dagrun for tutorial_taskflow_api_etl to None, run_after=None
[2022-10-05 15:31:00,194] {processor.py:161} INFO - Processing /home/airflow/.local/lib/python3.7/site-packages/airflow/example_dags/tutorial_taskflow_api_etl.py took 0.383 seconds
[2022-10-05 15:31:33,351] {processor.py:153} INFO - Started process (PID=1530) to work on /home/airflow/.local/lib/python3.7/site-packages/airflow/example_dags/tutorial_taskflow_api_etl.py
[2022-10-05 15:31:33,360] {processor.py:641} INFO - Processing file /home/airflow/.local/lib/python3.7/site-packages/airflow/example_dags/tutorial_taskflow_api_etl.py for tasks to queue
[2022-10-05 15:31:33,368] {logging_mixin.py:115} INFO - [2022-10-05 15:31:33,366] {dagbag.py:507} INFO - Filling up the DagBag from /home/airflow/.local/lib/python3.7/site-packages/airflow/example_dags/tutorial_taskflow_api_etl.py
[2022-10-05 15:31:33,459] {processor.py:651} INFO - DAG(s) dict_keys(['tutorial_taskflow_api_etl']) retrieved from /home/airflow/.local/lib/python3.7/site-packages/airflow/example_dags/tutorial_taskflow_api_etl.py
[2022-10-05 15:31:33,946] {logging_mixin.py:115} INFO - [2022-10-05 15:31:33,945] {dag.py:2379} INFO - Sync 1 DAGs
[2022-10-05 15:31:34,055] {logging_mixin.py:115} INFO - [2022-10-05 15:31:34,055] {dag.py:2931} INFO - Setting next_dagrun for tutorial_taskflow_api_etl to None, run_after=None
[2022-10-05 15:31:34,120] {processor.py:161} INFO - Processing /home/airflow/.local/lib/python3.7/site-packages/airflow/example_dags/tutorial_taskflow_api_etl.py took 0.793 seconds
[2022-10-05 15:32:04,571] {processor.py:153} INFO - Started process (PID=1586) to work on /home/airflow/.local/lib/python3.7/site-packages/airflow/example_dags/tutorial_taskflow_api_etl.py
[2022-10-05 15:32:04,575] {processor.py:641} INFO - Processing file /home/airflow/.local/lib/python3.7/site-packages/airflow/example_dags/tutorial_taskflow_api_etl.py for tasks to queue
[2022-10-05 15:32:04,578] {logging_mixin.py:115} INFO - [2022-10-05 15:32:04,578] {dagbag.py:507} INFO - Filling up the DagBag from /home/airflow/.local/lib/python3.7/site-packages/airflow/example_dags/tutorial_taskflow_api_etl.py
[2022-10-05 15:32:04,632] {processor.py:651} INFO - DAG(s) dict_keys(['tutorial_taskflow_api_etl']) retrieved from /home/airflow/.local/lib/python3.7/site-packages/airflow/example_dags/tutorial_taskflow_api_etl.py
[2022-10-05 15:32:05,197] {logging_mixin.py:115} INFO - [2022-10-05 15:32:05,197] {dag.py:2379} INFO - Sync 1 DAGs
[2022-10-05 15:32:05,249] {logging_mixin.py:115} INFO - [2022-10-05 15:32:05,249] {dag.py:2931} INFO - Setting next_dagrun for tutorial_taskflow_api_etl to None, run_after=None
[2022-10-05 15:32:05,296] {processor.py:161} INFO - Processing /home/airflow/.local/lib/python3.7/site-packages/airflow/example_dags/tutorial_taskflow_api_etl.py took 0.735 seconds
[2022-10-05 15:32:36,108] {processor.py:153} INFO - Started process (PID=1643) to work on /home/airflow/.local/lib/python3.7/site-packages/airflow/example_dags/tutorial_taskflow_api_etl.py
[2022-10-05 15:32:36,111] {processor.py:641} INFO - Processing file /home/airflow/.local/lib/python3.7/site-packages/airflow/example_dags/tutorial_taskflow_api_etl.py for tasks to queue
[2022-10-05 15:32:36,112] {logging_mixin.py:115} INFO - [2022-10-05 15:32:36,112] {dagbag.py:507} INFO - Filling up the DagBag from /home/airflow/.local/lib/python3.7/site-packages/airflow/example_dags/tutorial_taskflow_api_etl.py
[2022-10-05 15:32:36,140] {processor.py:651} INFO - DAG(s) dict_keys(['tutorial_taskflow_api_etl']) retrieved from /home/airflow/.local/lib/python3.7/site-packages/airflow/example_dags/tutorial_taskflow_api_etl.py
[2022-10-05 15:32:36,373] {logging_mixin.py:115} INFO - [2022-10-05 15:32:36,373] {dag.py:2379} INFO - Sync 1 DAGs
[2022-10-05 15:32:36,397] {logging_mixin.py:115} INFO - [2022-10-05 15:32:36,397] {dag.py:2931} INFO - Setting next_dagrun for tutorial_taskflow_api_etl to None, run_after=None
[2022-10-05 15:32:36,412] {processor.py:161} INFO - Processing /home/airflow/.local/lib/python3.7/site-packages/airflow/example_dags/tutorial_taskflow_api_etl.py took 0.309 seconds
[2022-10-05 15:33:06,681] {processor.py:153} INFO - Started process (PID=1708) to work on /home/airflow/.local/lib/python3.7/site-packages/airflow/example_dags/tutorial_taskflow_api_etl.py
[2022-10-05 15:33:06,683] {processor.py:641} INFO - Processing file /home/airflow/.local/lib/python3.7/site-packages/airflow/example_dags/tutorial_taskflow_api_etl.py for tasks to queue
[2022-10-05 15:33:06,685] {logging_mixin.py:115} INFO - [2022-10-05 15:33:06,685] {dagbag.py:507} INFO - Filling up the DagBag from /home/airflow/.local/lib/python3.7/site-packages/airflow/example_dags/tutorial_taskflow_api_etl.py
[2022-10-05 15:33:06,727] {processor.py:651} INFO - DAG(s) dict_keys(['tutorial_taskflow_api_etl']) retrieved from /home/airflow/.local/lib/python3.7/site-packages/airflow/example_dags/tutorial_taskflow_api_etl.py
[2022-10-05 15:33:06,943] {logging_mixin.py:115} INFO - [2022-10-05 15:33:06,943] {dag.py:2379} INFO - Sync 1 DAGs
[2022-10-05 15:33:06,984] {logging_mixin.py:115} INFO - [2022-10-05 15:33:06,983] {dag.py:2931} INFO - Setting next_dagrun for tutorial_taskflow_api_etl to None, run_after=None
[2022-10-05 15:33:07,000] {processor.py:161} INFO - Processing /home/airflow/.local/lib/python3.7/site-packages/airflow/example_dags/tutorial_taskflow_api_etl.py took 0.326 seconds
[2022-10-05 15:33:37,534] {processor.py:153} INFO - Started process (PID=1765) to work on /home/airflow/.local/lib/python3.7/site-packages/airflow/example_dags/tutorial_taskflow_api_etl.py
[2022-10-05 15:33:37,536] {processor.py:641} INFO - Processing file /home/airflow/.local/lib/python3.7/site-packages/airflow/example_dags/tutorial_taskflow_api_etl.py for tasks to queue
[2022-10-05 15:33:37,537] {logging_mixin.py:115} INFO - [2022-10-05 15:33:37,537] {dagbag.py:507} INFO - Filling up the DagBag from /home/airflow/.local/lib/python3.7/site-packages/airflow/example_dags/tutorial_taskflow_api_etl.py
[2022-10-05 15:33:37,568] {processor.py:651} INFO - DAG(s) dict_keys(['tutorial_taskflow_api_etl']) retrieved from /home/airflow/.local/lib/python3.7/site-packages/airflow/example_dags/tutorial_taskflow_api_etl.py
[2022-10-05 15:33:37,762] {logging_mixin.py:115} INFO - [2022-10-05 15:33:37,762] {dag.py:2379} INFO - Sync 1 DAGs
[2022-10-05 15:33:37,791] {logging_mixin.py:115} INFO - [2022-10-05 15:33:37,791] {dag.py:2931} INFO - Setting next_dagrun for tutorial_taskflow_api_etl to None, run_after=None
[2022-10-05 15:33:37,812] {processor.py:161} INFO - Processing /home/airflow/.local/lib/python3.7/site-packages/airflow/example_dags/tutorial_taskflow_api_etl.py took 0.283 seconds
[2022-10-05 15:34:07,898] {processor.py:153} INFO - Started process (PID=1830) to work on /home/airflow/.local/lib/python3.7/site-packages/airflow/example_dags/tutorial_taskflow_api_etl.py
[2022-10-05 15:34:07,902] {processor.py:641} INFO - Processing file /home/airflow/.local/lib/python3.7/site-packages/airflow/example_dags/tutorial_taskflow_api_etl.py for tasks to queue
[2022-10-05 15:34:07,904] {logging_mixin.py:115} INFO - [2022-10-05 15:34:07,903] {dagbag.py:507} INFO - Filling up the DagBag from /home/airflow/.local/lib/python3.7/site-packages/airflow/example_dags/tutorial_taskflow_api_etl.py
[2022-10-05 15:34:07,935] {processor.py:651} INFO - DAG(s) dict_keys(['tutorial_taskflow_api_etl']) retrieved from /home/airflow/.local/lib/python3.7/site-packages/airflow/example_dags/tutorial_taskflow_api_etl.py
[2022-10-05 15:34:08,142] {logging_mixin.py:115} INFO - [2022-10-05 15:34:08,142] {dag.py:2379} INFO - Sync 1 DAGs
[2022-10-05 15:34:08,171] {logging_mixin.py:115} INFO - [2022-10-05 15:34:08,170] {dag.py:2931} INFO - Setting next_dagrun for tutorial_taskflow_api_etl to None, run_after=None
[2022-10-05 15:34:08,189] {processor.py:161} INFO - Processing /home/airflow/.local/lib/python3.7/site-packages/airflow/example_dags/tutorial_taskflow_api_etl.py took 0.296 seconds
[2022-10-05 15:34:38,306] {processor.py:153} INFO - Started process (PID=1886) to work on /home/airflow/.local/lib/python3.7/site-packages/airflow/example_dags/tutorial_taskflow_api_etl.py
[2022-10-05 15:34:38,308] {processor.py:641} INFO - Processing file /home/airflow/.local/lib/python3.7/site-packages/airflow/example_dags/tutorial_taskflow_api_etl.py for tasks to queue
[2022-10-05 15:34:38,310] {logging_mixin.py:115} INFO - [2022-10-05 15:34:38,310] {dagbag.py:507} INFO - Filling up the DagBag from /home/airflow/.local/lib/python3.7/site-packages/airflow/example_dags/tutorial_taskflow_api_etl.py
[2022-10-05 15:34:38,343] {processor.py:651} INFO - DAG(s) dict_keys(['tutorial_taskflow_api_etl']) retrieved from /home/airflow/.local/lib/python3.7/site-packages/airflow/example_dags/tutorial_taskflow_api_etl.py
[2022-10-05 15:34:38,553] {logging_mixin.py:115} INFO - [2022-10-05 15:34:38,553] {dag.py:2379} INFO - Sync 1 DAGs
[2022-10-05 15:34:38,581] {logging_mixin.py:115} INFO - [2022-10-05 15:34:38,581] {dag.py:2931} INFO - Setting next_dagrun for tutorial_taskflow_api_etl to None, run_after=None
[2022-10-05 15:34:38,599] {processor.py:161} INFO - Processing /home/airflow/.local/lib/python3.7/site-packages/airflow/example_dags/tutorial_taskflow_api_etl.py took 0.299 seconds
[2022-10-05 15:35:08,707] {processor.py:153} INFO - Started process (PID=1949) to work on /home/airflow/.local/lib/python3.7/site-packages/airflow/example_dags/tutorial_taskflow_api_etl.py
[2022-10-05 15:35:08,709] {processor.py:641} INFO - Processing file /home/airflow/.local/lib/python3.7/site-packages/airflow/example_dags/tutorial_taskflow_api_etl.py for tasks to queue
[2022-10-05 15:35:08,711] {logging_mixin.py:115} INFO - [2022-10-05 15:35:08,711] {dagbag.py:507} INFO - Filling up the DagBag from /home/airflow/.local/lib/python3.7/site-packages/airflow/example_dags/tutorial_taskflow_api_etl.py
[2022-10-05 15:35:08,746] {processor.py:651} INFO - DAG(s) dict_keys(['tutorial_taskflow_api_etl']) retrieved from /home/airflow/.local/lib/python3.7/site-packages/airflow/example_dags/tutorial_taskflow_api_etl.py
[2022-10-05 15:35:09,005] {logging_mixin.py:115} INFO - [2022-10-05 15:35:09,005] {dag.py:2379} INFO - Sync 1 DAGs
[2022-10-05 15:35:09,036] {logging_mixin.py:115} INFO - [2022-10-05 15:35:09,036] {dag.py:2931} INFO - Setting next_dagrun for tutorial_taskflow_api_etl to None, run_after=None
[2022-10-05 15:35:09,057] {processor.py:161} INFO - Processing /home/airflow/.local/lib/python3.7/site-packages/airflow/example_dags/tutorial_taskflow_api_etl.py took 0.357 seconds
[2022-10-05 15:35:39,161] {processor.py:153} INFO - Started process (PID=2004) to work on /home/airflow/.local/lib/python3.7/site-packages/airflow/example_dags/tutorial_taskflow_api_etl.py
[2022-10-05 15:35:39,164] {processor.py:641} INFO - Processing file /home/airflow/.local/lib/python3.7/site-packages/airflow/example_dags/tutorial_taskflow_api_etl.py for tasks to queue
[2022-10-05 15:35:39,167] {logging_mixin.py:115} INFO - [2022-10-05 15:35:39,167] {dagbag.py:507} INFO - Filling up the DagBag from /home/airflow/.local/lib/python3.7/site-packages/airflow/example_dags/tutorial_taskflow_api_etl.py
[2022-10-05 15:35:39,209] {processor.py:651} INFO - DAG(s) dict_keys(['tutorial_taskflow_api_etl']) retrieved from /home/airflow/.local/lib/python3.7/site-packages/airflow/example_dags/tutorial_taskflow_api_etl.py
[2022-10-05 15:35:39,478] {logging_mixin.py:115} INFO - [2022-10-05 15:35:39,478] {dag.py:2379} INFO - Sync 1 DAGs
[2022-10-05 15:35:39,518] {logging_mixin.py:115} INFO - [2022-10-05 15:35:39,518] {dag.py:2931} INFO - Setting next_dagrun for tutorial_taskflow_api_etl to None, run_after=None
[2022-10-05 15:35:39,546] {processor.py:161} INFO - Processing /home/airflow/.local/lib/python3.7/site-packages/airflow/example_dags/tutorial_taskflow_api_etl.py took 0.392 seconds
[2022-10-05 15:51:25,837] {processor.py:153} INFO - Started process (PID=2062) to work on /home/airflow/.local/lib/python3.7/site-packages/airflow/example_dags/tutorial_taskflow_api_etl.py
[2022-10-05 15:51:25,843] {processor.py:641} INFO - Processing file /home/airflow/.local/lib/python3.7/site-packages/airflow/example_dags/tutorial_taskflow_api_etl.py for tasks to queue
[2022-10-05 15:51:25,845] {logging_mixin.py:115} INFO - [2022-10-05 15:51:25,845] {dagbag.py:507} INFO - Filling up the DagBag from /home/airflow/.local/lib/python3.7/site-packages/airflow/example_dags/tutorial_taskflow_api_etl.py
[2022-10-05 15:51:25,868] {processor.py:651} INFO - DAG(s) dict_keys(['tutorial_taskflow_api_etl']) retrieved from /home/airflow/.local/lib/python3.7/site-packages/airflow/example_dags/tutorial_taskflow_api_etl.py
[2022-10-05 15:51:25,941] {logging_mixin.py:115} INFO - [2022-10-05 15:51:25,941] {dag.py:2379} INFO - Sync 1 DAGs
[2022-10-05 15:51:25,963] {logging_mixin.py:115} INFO - [2022-10-05 15:51:25,963] {dag.py:2931} INFO - Setting next_dagrun for tutorial_taskflow_api_etl to None, run_after=None
[2022-10-05 15:51:25,979] {processor.py:161} INFO - Processing /home/airflow/.local/lib/python3.7/site-packages/airflow/example_dags/tutorial_taskflow_api_etl.py took 0.148 seconds
[2022-10-05 15:51:57,374] {processor.py:153} INFO - Started process (PID=2127) to work on /home/airflow/.local/lib/python3.7/site-packages/airflow/example_dags/tutorial_taskflow_api_etl.py
[2022-10-05 15:51:57,376] {processor.py:641} INFO - Processing file /home/airflow/.local/lib/python3.7/site-packages/airflow/example_dags/tutorial_taskflow_api_etl.py for tasks to queue
[2022-10-05 15:51:57,377] {logging_mixin.py:115} INFO - [2022-10-05 15:51:57,377] {dagbag.py:507} INFO - Filling up the DagBag from /home/airflow/.local/lib/python3.7/site-packages/airflow/example_dags/tutorial_taskflow_api_etl.py
[2022-10-05 15:51:57,398] {processor.py:651} INFO - DAG(s) dict_keys(['tutorial_taskflow_api_etl']) retrieved from /home/airflow/.local/lib/python3.7/site-packages/airflow/example_dags/tutorial_taskflow_api_etl.py
[2022-10-05 15:51:57,472] {logging_mixin.py:115} INFO - [2022-10-05 15:51:57,472] {dag.py:2379} INFO - Sync 1 DAGs
[2022-10-05 15:51:57,490] {logging_mixin.py:115} INFO - [2022-10-05 15:51:57,490] {dag.py:2931} INFO - Setting next_dagrun for tutorial_taskflow_api_etl to None, run_after=None
[2022-10-05 15:51:57,506] {processor.py:161} INFO - Processing /home/airflow/.local/lib/python3.7/site-packages/airflow/example_dags/tutorial_taskflow_api_etl.py took 0.135 seconds
[2022-10-05 15:52:28,519] {processor.py:153} INFO - Started process (PID=2191) to work on /home/airflow/.local/lib/python3.7/site-packages/airflow/example_dags/tutorial_taskflow_api_etl.py
[2022-10-05 15:52:28,520] {processor.py:641} INFO - Processing file /home/airflow/.local/lib/python3.7/site-packages/airflow/example_dags/tutorial_taskflow_api_etl.py for tasks to queue
[2022-10-05 15:52:28,521] {logging_mixin.py:115} INFO - [2022-10-05 15:52:28,521] {dagbag.py:507} INFO - Filling up the DagBag from /home/airflow/.local/lib/python3.7/site-packages/airflow/example_dags/tutorial_taskflow_api_etl.py
[2022-10-05 15:52:28,543] {processor.py:651} INFO - DAG(s) dict_keys(['tutorial_taskflow_api_etl']) retrieved from /home/airflow/.local/lib/python3.7/site-packages/airflow/example_dags/tutorial_taskflow_api_etl.py
[2022-10-05 15:52:28,616] {logging_mixin.py:115} INFO - [2022-10-05 15:52:28,616] {dag.py:2379} INFO - Sync 1 DAGs
[2022-10-05 15:52:28,639] {logging_mixin.py:115} INFO - [2022-10-05 15:52:28,639] {dag.py:2931} INFO - Setting next_dagrun for tutorial_taskflow_api_etl to None, run_after=None
[2022-10-05 15:52:28,656] {processor.py:161} INFO - Processing /home/airflow/.local/lib/python3.7/site-packages/airflow/example_dags/tutorial_taskflow_api_etl.py took 0.142 seconds
[2022-10-05 15:52:59,832] {processor.py:153} INFO - Started process (PID=2256) to work on /home/airflow/.local/lib/python3.7/site-packages/airflow/example_dags/tutorial_taskflow_api_etl.py
[2022-10-05 15:52:59,833] {processor.py:641} INFO - Processing file /home/airflow/.local/lib/python3.7/site-packages/airflow/example_dags/tutorial_taskflow_api_etl.py for tasks to queue
[2022-10-05 15:52:59,834] {logging_mixin.py:115} INFO - [2022-10-05 15:52:59,834] {dagbag.py:507} INFO - Filling up the DagBag from /home/airflow/.local/lib/python3.7/site-packages/airflow/example_dags/tutorial_taskflow_api_etl.py
[2022-10-05 15:52:59,856] {processor.py:651} INFO - DAG(s) dict_keys(['tutorial_taskflow_api_etl']) retrieved from /home/airflow/.local/lib/python3.7/site-packages/airflow/example_dags/tutorial_taskflow_api_etl.py
[2022-10-05 15:52:59,946] {logging_mixin.py:115} INFO - [2022-10-05 15:52:59,946] {dag.py:2379} INFO - Sync 1 DAGs
[2022-10-05 15:52:59,969] {logging_mixin.py:115} INFO - [2022-10-05 15:52:59,969] {dag.py:2931} INFO - Setting next_dagrun for tutorial_taskflow_api_etl to None, run_after=None
[2022-10-05 15:52:59,991] {processor.py:161} INFO - Processing /home/airflow/.local/lib/python3.7/site-packages/airflow/example_dags/tutorial_taskflow_api_etl.py took 0.164 seconds
[2022-10-05 15:53:31,321] {processor.py:153} INFO - Started process (PID=2312) to work on /home/airflow/.local/lib/python3.7/site-packages/airflow/example_dags/tutorial_taskflow_api_etl.py
[2022-10-05 15:53:31,323] {processor.py:641} INFO - Processing file /home/airflow/.local/lib/python3.7/site-packages/airflow/example_dags/tutorial_taskflow_api_etl.py for tasks to queue
[2022-10-05 15:53:31,324] {logging_mixin.py:115} INFO - [2022-10-05 15:53:31,324] {dagbag.py:507} INFO - Filling up the DagBag from /home/airflow/.local/lib/python3.7/site-packages/airflow/example_dags/tutorial_taskflow_api_etl.py
[2022-10-05 15:53:31,346] {processor.py:651} INFO - DAG(s) dict_keys(['tutorial_taskflow_api_etl']) retrieved from /home/airflow/.local/lib/python3.7/site-packages/airflow/example_dags/tutorial_taskflow_api_etl.py
[2022-10-05 15:53:31,435] {logging_mixin.py:115} INFO - [2022-10-05 15:53:31,435] {dag.py:2379} INFO - Sync 1 DAGs
[2022-10-05 15:53:31,457] {logging_mixin.py:115} INFO - [2022-10-05 15:53:31,456] {dag.py:2931} INFO - Setting next_dagrun for tutorial_taskflow_api_etl to None, run_after=None
[2022-10-05 15:53:31,473] {processor.py:161} INFO - Processing /home/airflow/.local/lib/python3.7/site-packages/airflow/example_dags/tutorial_taskflow_api_etl.py took 0.155 seconds
[2022-10-05 16:03:18,810] {processor.py:153} INFO - Started process (PID=2403) to work on /home/airflow/.local/lib/python3.7/site-packages/airflow/example_dags/tutorial_taskflow_api_etl.py
[2022-10-05 16:03:18,816] {processor.py:641} INFO - Processing file /home/airflow/.local/lib/python3.7/site-packages/airflow/example_dags/tutorial_taskflow_api_etl.py for tasks to queue
[2022-10-05 16:03:18,827] {logging_mixin.py:115} INFO - [2022-10-05 16:03:18,826] {dagbag.py:507} INFO - Filling up the DagBag from /home/airflow/.local/lib/python3.7/site-packages/airflow/example_dags/tutorial_taskflow_api_etl.py
[2022-10-05 16:03:19,003] {processor.py:651} INFO - DAG(s) dict_keys(['tutorial_taskflow_api_etl']) retrieved from /home/airflow/.local/lib/python3.7/site-packages/airflow/example_dags/tutorial_taskflow_api_etl.py
[2022-10-05 16:03:19,148] {logging_mixin.py:115} INFO - [2022-10-05 16:03:19,148] {dag.py:2379} INFO - Sync 1 DAGs
[2022-10-05 16:03:19,184] {logging_mixin.py:115} INFO - [2022-10-05 16:03:19,184] {dag.py:2931} INFO - Setting next_dagrun for tutorial_taskflow_api_etl to None, run_after=None
[2022-10-05 16:03:19,209] {processor.py:161} INFO - Processing /home/airflow/.local/lib/python3.7/site-packages/airflow/example_dags/tutorial_taskflow_api_etl.py took 0.432 seconds
[2022-10-05 16:14:18,116] {processor.py:153} INFO - Started process (PID=2488) to work on /home/airflow/.local/lib/python3.7/site-packages/airflow/example_dags/tutorial_taskflow_api_etl.py
[2022-10-05 16:14:18,118] {processor.py:641} INFO - Processing file /home/airflow/.local/lib/python3.7/site-packages/airflow/example_dags/tutorial_taskflow_api_etl.py for tasks to queue
[2022-10-05 16:14:18,120] {logging_mixin.py:115} INFO - [2022-10-05 16:14:18,120] {dagbag.py:507} INFO - Filling up the DagBag from /home/airflow/.local/lib/python3.7/site-packages/airflow/example_dags/tutorial_taskflow_api_etl.py
[2022-10-05 16:14:18,141] {processor.py:651} INFO - DAG(s) dict_keys(['tutorial_taskflow_api_etl']) retrieved from /home/airflow/.local/lib/python3.7/site-packages/airflow/example_dags/tutorial_taskflow_api_etl.py
[2022-10-05 16:14:18,222] {logging_mixin.py:115} INFO - [2022-10-05 16:14:18,222] {dag.py:2379} INFO - Sync 1 DAGs
[2022-10-05 16:14:18,247] {logging_mixin.py:115} INFO - [2022-10-05 16:14:18,247] {dag.py:2931} INFO - Setting next_dagrun for tutorial_taskflow_api_etl to None, run_after=None
[2022-10-05 16:14:18,275] {processor.py:161} INFO - Processing /home/airflow/.local/lib/python3.7/site-packages/airflow/example_dags/tutorial_taskflow_api_etl.py took 0.163 seconds
[2022-10-05 16:15:21,918] {processor.py:153} INFO - Started process (PID=2535) to work on /home/airflow/.local/lib/python3.7/site-packages/airflow/example_dags/tutorial_taskflow_api_etl.py
[2022-10-05 16:15:21,920] {processor.py:641} INFO - Processing file /home/airflow/.local/lib/python3.7/site-packages/airflow/example_dags/tutorial_taskflow_api_etl.py for tasks to queue
[2022-10-05 16:15:21,922] {logging_mixin.py:115} INFO - [2022-10-05 16:15:21,922] {dagbag.py:507} INFO - Filling up the DagBag from /home/airflow/.local/lib/python3.7/site-packages/airflow/example_dags/tutorial_taskflow_api_etl.py
[2022-10-05 16:15:21,947] {processor.py:651} INFO - DAG(s) dict_keys(['tutorial_taskflow_api_etl']) retrieved from /home/airflow/.local/lib/python3.7/site-packages/airflow/example_dags/tutorial_taskflow_api_etl.py
[2022-10-05 16:15:22,028] {logging_mixin.py:115} INFO - [2022-10-05 16:15:22,028] {dag.py:2379} INFO - Sync 1 DAGs
[2022-10-05 16:15:22,049] {logging_mixin.py:115} INFO - [2022-10-05 16:15:22,049] {dag.py:2931} INFO - Setting next_dagrun for tutorial_taskflow_api_etl to None, run_after=None
[2022-10-05 16:15:22,067] {processor.py:161} INFO - Processing /home/airflow/.local/lib/python3.7/site-packages/airflow/example_dags/tutorial_taskflow_api_etl.py took 0.154 seconds
[2022-10-05 16:16:54,687] {processor.py:153} INFO - Started process (PID=2582) to work on /home/airflow/.local/lib/python3.7/site-packages/airflow/example_dags/tutorial_taskflow_api_etl.py
[2022-10-05 16:16:54,689] {processor.py:641} INFO - Processing file /home/airflow/.local/lib/python3.7/site-packages/airflow/example_dags/tutorial_taskflow_api_etl.py for tasks to queue
[2022-10-05 16:16:54,691] {logging_mixin.py:115} INFO - [2022-10-05 16:16:54,690] {dagbag.py:507} INFO - Filling up the DagBag from /home/airflow/.local/lib/python3.7/site-packages/airflow/example_dags/tutorial_taskflow_api_etl.py
[2022-10-05 16:16:54,724] {processor.py:651} INFO - DAG(s) dict_keys(['tutorial_taskflow_api_etl']) retrieved from /home/airflow/.local/lib/python3.7/site-packages/airflow/example_dags/tutorial_taskflow_api_etl.py
[2022-10-05 16:16:54,814] {logging_mixin.py:115} INFO - [2022-10-05 16:16:54,814] {dag.py:2379} INFO - Sync 1 DAGs
[2022-10-05 16:16:54,836] {logging_mixin.py:115} INFO - [2022-10-05 16:16:54,836] {dag.py:2931} INFO - Setting next_dagrun for tutorial_taskflow_api_etl to None, run_after=None
[2022-10-05 16:16:54,857] {processor.py:161} INFO - Processing /home/airflow/.local/lib/python3.7/site-packages/airflow/example_dags/tutorial_taskflow_api_etl.py took 0.174 seconds
[2022-10-05 16:18:37,373] {processor.py:153} INFO - Started process (PID=2629) to work on /home/airflow/.local/lib/python3.7/site-packages/airflow/example_dags/tutorial_taskflow_api_etl.py
[2022-10-05 16:18:37,375] {processor.py:641} INFO - Processing file /home/airflow/.local/lib/python3.7/site-packages/airflow/example_dags/tutorial_taskflow_api_etl.py for tasks to queue
[2022-10-05 16:18:37,376] {logging_mixin.py:115} INFO - [2022-10-05 16:18:37,376] {dagbag.py:507} INFO - Filling up the DagBag from /home/airflow/.local/lib/python3.7/site-packages/airflow/example_dags/tutorial_taskflow_api_etl.py
[2022-10-05 16:18:37,397] {processor.py:651} INFO - DAG(s) dict_keys(['tutorial_taskflow_api_etl']) retrieved from /home/airflow/.local/lib/python3.7/site-packages/airflow/example_dags/tutorial_taskflow_api_etl.py
[2022-10-05 16:18:37,474] {logging_mixin.py:115} INFO - [2022-10-05 16:18:37,473] {dag.py:2379} INFO - Sync 1 DAGs
[2022-10-05 16:18:37,491] {logging_mixin.py:115} INFO - [2022-10-05 16:18:37,491] {dag.py:2931} INFO - Setting next_dagrun for tutorial_taskflow_api_etl to None, run_after=None
[2022-10-05 16:18:37,506] {processor.py:161} INFO - Processing /home/airflow/.local/lib/python3.7/site-packages/airflow/example_dags/tutorial_taskflow_api_etl.py took 0.137 seconds
[2022-10-05 20:03:09,331] {processor.py:153} INFO - Started process (PID=2684) to work on /home/airflow/.local/lib/python3.7/site-packages/airflow/example_dags/tutorial_taskflow_api_etl.py
[2022-10-05 20:03:09,347] {processor.py:641} INFO - Processing file /home/airflow/.local/lib/python3.7/site-packages/airflow/example_dags/tutorial_taskflow_api_etl.py for tasks to queue
[2022-10-05 20:03:09,349] {logging_mixin.py:115} INFO - [2022-10-05 20:03:09,349] {dagbag.py:507} INFO - Filling up the DagBag from /home/airflow/.local/lib/python3.7/site-packages/airflow/example_dags/tutorial_taskflow_api_etl.py
[2022-10-05 20:03:09,418] {processor.py:651} INFO - DAG(s) dict_keys(['tutorial_taskflow_api_etl']) retrieved from /home/airflow/.local/lib/python3.7/site-packages/airflow/example_dags/tutorial_taskflow_api_etl.py
[2022-10-05 20:03:09,701] {logging_mixin.py:115} INFO - [2022-10-05 20:03:09,701] {dag.py:2379} INFO - Sync 1 DAGs
[2022-10-05 20:03:09,791] {logging_mixin.py:115} INFO - [2022-10-05 20:03:09,791] {dag.py:2931} INFO - Setting next_dagrun for tutorial_taskflow_api_etl to None, run_after=None
[2022-10-05 20:03:09,906] {processor.py:161} INFO - Processing /home/airflow/.local/lib/python3.7/site-packages/airflow/example_dags/tutorial_taskflow_api_etl.py took 0.591 seconds
