[2022-10-05 15:17:47,905] {processor.py:153} INFO - Started process (PID=116) to work on /home/airflow/.local/lib/python3.7/site-packages/airflow/example_dags/tutorial_etl_dag.py
[2022-10-05 15:17:47,914] {processor.py:641} INFO - Processing file /home/airflow/.local/lib/python3.7/site-packages/airflow/example_dags/tutorial_etl_dag.py for tasks to queue
[2022-10-05 15:17:47,920] {logging_mixin.py:115} INFO - [2022-10-05 15:17:47,920] {dagbag.py:507} INFO - Filling up the DagBag from /home/airflow/.local/lib/python3.7/site-packages/airflow/example_dags/tutorial_etl_dag.py
[2022-10-05 15:17:48,066] {processor.py:651} INFO - DAG(s) dict_keys(['tutorial_etl_dag']) retrieved from /home/airflow/.local/lib/python3.7/site-packages/airflow/example_dags/tutorial_etl_dag.py
[2022-10-05 15:17:51,499] {logging_mixin.py:115} INFO - [2022-10-05 15:17:51,498] {manager.py:508} INFO - Created Permission View: can delete on DAG:tutorial_etl_dag
[2022-10-05 15:17:51,702] {logging_mixin.py:115} INFO - [2022-10-05 15:17:51,701] {manager.py:508} INFO - Created Permission View: can edit on DAG:tutorial_etl_dag
[2022-10-05 15:17:51,804] {logging_mixin.py:115} INFO - [2022-10-05 15:17:51,803] {manager.py:508} INFO - Created Permission View: can read on DAG:tutorial_etl_dag
[2022-10-05 15:17:51,817] {logging_mixin.py:115} INFO - [2022-10-05 15:17:51,808] {dag.py:2379} INFO - Sync 1 DAGs
[2022-10-05 15:17:51,910] {logging_mixin.py:115} INFO - [2022-10-05 15:17:51,909] {dag.py:2398} INFO - Creating ORM DAG for tutorial_etl_dag
[2022-10-05 15:17:52,096] {logging_mixin.py:115} INFO - [2022-10-05 15:17:52,095] {dag.py:2931} INFO - Setting next_dagrun for tutorial_etl_dag to None, run_after=None
[2022-10-05 15:17:52,196] {processor.py:161} INFO - Processing /home/airflow/.local/lib/python3.7/site-packages/airflow/example_dags/tutorial_etl_dag.py took 4.318 seconds
[2022-10-05 15:18:51,078] {processor.py:153} INFO - Started process (PID=179) to work on /home/airflow/.local/lib/python3.7/site-packages/airflow/example_dags/tutorial_etl_dag.py
[2022-10-05 15:18:51,085] {processor.py:641} INFO - Processing file /home/airflow/.local/lib/python3.7/site-packages/airflow/example_dags/tutorial_etl_dag.py for tasks to queue
[2022-10-05 15:18:51,093] {logging_mixin.py:115} INFO - [2022-10-05 15:18:51,092] {dagbag.py:507} INFO - Filling up the DagBag from /home/airflow/.local/lib/python3.7/site-packages/airflow/example_dags/tutorial_etl_dag.py
[2022-10-05 15:18:51,124] {processor.py:651} INFO - DAG(s) dict_keys(['tutorial_etl_dag']) retrieved from /home/airflow/.local/lib/python3.7/site-packages/airflow/example_dags/tutorial_etl_dag.py
[2022-10-05 15:18:51,213] {logging_mixin.py:115} INFO - [2022-10-05 15:18:51,213] {dag.py:2379} INFO - Sync 1 DAGs
[2022-10-05 15:18:51,705] {logging_mixin.py:115} INFO - [2022-10-05 15:18:51,705] {dag.py:2931} INFO - Setting next_dagrun for tutorial_etl_dag to None, run_after=None
[2022-10-05 15:18:51,784] {processor.py:161} INFO - Processing /home/airflow/.local/lib/python3.7/site-packages/airflow/example_dags/tutorial_etl_dag.py took 0.725 seconds
[2022-10-05 15:19:30,995] {processor.py:153} INFO - Started process (PID=226) to work on /home/airflow/.local/lib/python3.7/site-packages/airflow/example_dags/tutorial_etl_dag.py
[2022-10-05 15:19:31,003] {processor.py:641} INFO - Processing file /home/airflow/.local/lib/python3.7/site-packages/airflow/example_dags/tutorial_etl_dag.py for tasks to queue
[2022-10-05 15:19:31,011] {logging_mixin.py:115} INFO - [2022-10-05 15:19:31,010] {dagbag.py:507} INFO - Filling up the DagBag from /home/airflow/.local/lib/python3.7/site-packages/airflow/example_dags/tutorial_etl_dag.py
[2022-10-05 15:19:31,123] {processor.py:651} INFO - DAG(s) dict_keys(['tutorial_etl_dag']) retrieved from /home/airflow/.local/lib/python3.7/site-packages/airflow/example_dags/tutorial_etl_dag.py
[2022-10-05 15:19:31,515] {logging_mixin.py:115} INFO - [2022-10-05 15:19:31,514] {dag.py:2379} INFO - Sync 1 DAGs
[2022-10-05 15:19:33,946] {logging_mixin.py:115} INFO - [2022-10-05 15:19:33,946] {dag.py:2931} INFO - Setting next_dagrun for tutorial_etl_dag to None, run_after=None
[2022-10-05 15:19:34,094] {processor.py:161} INFO - Processing /home/airflow/.local/lib/python3.7/site-packages/airflow/example_dags/tutorial_etl_dag.py took 3.137 seconds
[2022-10-05 15:20:12,726] {processor.py:153} INFO - Started process (PID=274) to work on /home/airflow/.local/lib/python3.7/site-packages/airflow/example_dags/tutorial_etl_dag.py
[2022-10-05 15:20:12,729] {processor.py:641} INFO - Processing file /home/airflow/.local/lib/python3.7/site-packages/airflow/example_dags/tutorial_etl_dag.py for tasks to queue
[2022-10-05 15:20:12,733] {logging_mixin.py:115} INFO - [2022-10-05 15:20:12,733] {dagbag.py:507} INFO - Filling up the DagBag from /home/airflow/.local/lib/python3.7/site-packages/airflow/example_dags/tutorial_etl_dag.py
[2022-10-05 15:20:12,769] {processor.py:651} INFO - DAG(s) dict_keys(['tutorial_etl_dag']) retrieved from /home/airflow/.local/lib/python3.7/site-packages/airflow/example_dags/tutorial_etl_dag.py
[2022-10-05 15:20:12,878] {logging_mixin.py:115} INFO - [2022-10-05 15:20:12,877] {dag.py:2379} INFO - Sync 1 DAGs
[2022-10-05 15:20:13,400] {logging_mixin.py:115} INFO - [2022-10-05 15:20:13,399] {dag.py:2931} INFO - Setting next_dagrun for tutorial_etl_dag to None, run_after=None
[2022-10-05 15:20:13,435] {processor.py:161} INFO - Processing /home/airflow/.local/lib/python3.7/site-packages/airflow/example_dags/tutorial_etl_dag.py took 0.721 seconds
[2022-10-05 15:20:54,364] {processor.py:153} INFO - Started process (PID=327) to work on /home/airflow/.local/lib/python3.7/site-packages/airflow/example_dags/tutorial_etl_dag.py
[2022-10-05 15:20:54,374] {processor.py:641} INFO - Processing file /home/airflow/.local/lib/python3.7/site-packages/airflow/example_dags/tutorial_etl_dag.py for tasks to queue
[2022-10-05 15:20:54,383] {logging_mixin.py:115} INFO - [2022-10-05 15:20:54,382] {dagbag.py:507} INFO - Filling up the DagBag from /home/airflow/.local/lib/python3.7/site-packages/airflow/example_dags/tutorial_etl_dag.py
[2022-10-05 15:20:54,438] {processor.py:651} INFO - DAG(s) dict_keys(['tutorial_etl_dag']) retrieved from /home/airflow/.local/lib/python3.7/site-packages/airflow/example_dags/tutorial_etl_dag.py
[2022-10-05 15:20:54,607] {logging_mixin.py:115} INFO - [2022-10-05 15:20:54,606] {dag.py:2379} INFO - Sync 1 DAGs
[2022-10-05 15:20:55,409] {logging_mixin.py:115} INFO - [2022-10-05 15:20:55,408] {dag.py:2931} INFO - Setting next_dagrun for tutorial_etl_dag to None, run_after=None
[2022-10-05 15:20:55,461] {processor.py:161} INFO - Processing /home/airflow/.local/lib/python3.7/site-packages/airflow/example_dags/tutorial_etl_dag.py took 1.130 seconds
[2022-10-05 15:21:34,492] {processor.py:153} INFO - Started process (PID=381) to work on /home/airflow/.local/lib/python3.7/site-packages/airflow/example_dags/tutorial_etl_dag.py
[2022-10-05 15:21:34,501] {processor.py:641} INFO - Processing file /home/airflow/.local/lib/python3.7/site-packages/airflow/example_dags/tutorial_etl_dag.py for tasks to queue
[2022-10-05 15:21:34,509] {logging_mixin.py:115} INFO - [2022-10-05 15:21:34,509] {dagbag.py:507} INFO - Filling up the DagBag from /home/airflow/.local/lib/python3.7/site-packages/airflow/example_dags/tutorial_etl_dag.py
[2022-10-05 15:21:34,536] {processor.py:651} INFO - DAG(s) dict_keys(['tutorial_etl_dag']) retrieved from /home/airflow/.local/lib/python3.7/site-packages/airflow/example_dags/tutorial_etl_dag.py
[2022-10-05 15:21:34,652] {logging_mixin.py:115} INFO - [2022-10-05 15:21:34,652] {dag.py:2379} INFO - Sync 1 DAGs
[2022-10-05 15:21:35,098] {logging_mixin.py:115} INFO - [2022-10-05 15:21:35,098] {dag.py:2931} INFO - Setting next_dagrun for tutorial_etl_dag to None, run_after=None
[2022-10-05 15:21:35,139] {processor.py:161} INFO - Processing /home/airflow/.local/lib/python3.7/site-packages/airflow/example_dags/tutorial_etl_dag.py took 0.663 seconds
[2022-10-05 15:22:05,576] {processor.py:153} INFO - Started process (PID=443) to work on /home/airflow/.local/lib/python3.7/site-packages/airflow/example_dags/tutorial_etl_dag.py
[2022-10-05 15:22:05,582] {processor.py:641} INFO - Processing file /home/airflow/.local/lib/python3.7/site-packages/airflow/example_dags/tutorial_etl_dag.py for tasks to queue
[2022-10-05 15:22:05,589] {logging_mixin.py:115} INFO - [2022-10-05 15:22:05,588] {dagbag.py:507} INFO - Filling up the DagBag from /home/airflow/.local/lib/python3.7/site-packages/airflow/example_dags/tutorial_etl_dag.py
[2022-10-05 15:22:05,605] {processor.py:651} INFO - DAG(s) dict_keys(['tutorial_etl_dag']) retrieved from /home/airflow/.local/lib/python3.7/site-packages/airflow/example_dags/tutorial_etl_dag.py
[2022-10-05 15:22:05,663] {logging_mixin.py:115} INFO - [2022-10-05 15:22:05,663] {dag.py:2379} INFO - Sync 1 DAGs
[2022-10-05 15:22:05,925] {logging_mixin.py:115} INFO - [2022-10-05 15:22:05,925] {dag.py:2931} INFO - Setting next_dagrun for tutorial_etl_dag to None, run_after=None
[2022-10-05 15:22:05,945] {processor.py:161} INFO - Processing /home/airflow/.local/lib/python3.7/site-packages/airflow/example_dags/tutorial_etl_dag.py took 0.378 seconds
[2022-10-05 15:22:36,227] {processor.py:153} INFO - Started process (PID=501) to work on /home/airflow/.local/lib/python3.7/site-packages/airflow/example_dags/tutorial_etl_dag.py
[2022-10-05 15:22:36,230] {processor.py:641} INFO - Processing file /home/airflow/.local/lib/python3.7/site-packages/airflow/example_dags/tutorial_etl_dag.py for tasks to queue
[2022-10-05 15:22:36,232] {logging_mixin.py:115} INFO - [2022-10-05 15:22:36,232] {dagbag.py:507} INFO - Filling up the DagBag from /home/airflow/.local/lib/python3.7/site-packages/airflow/example_dags/tutorial_etl_dag.py
[2022-10-05 15:22:36,247] {processor.py:651} INFO - DAG(s) dict_keys(['tutorial_etl_dag']) retrieved from /home/airflow/.local/lib/python3.7/site-packages/airflow/example_dags/tutorial_etl_dag.py
[2022-10-05 15:22:36,296] {logging_mixin.py:115} INFO - [2022-10-05 15:22:36,295] {dag.py:2379} INFO - Sync 1 DAGs
[2022-10-05 15:22:36,512] {logging_mixin.py:115} INFO - [2022-10-05 15:22:36,511] {dag.py:2931} INFO - Setting next_dagrun for tutorial_etl_dag to None, run_after=None
[2022-10-05 15:22:36,529] {processor.py:161} INFO - Processing /home/airflow/.local/lib/python3.7/site-packages/airflow/example_dags/tutorial_etl_dag.py took 0.308 seconds
[2022-10-05 15:23:07,471] {processor.py:153} INFO - Started process (PID=562) to work on /home/airflow/.local/lib/python3.7/site-packages/airflow/example_dags/tutorial_etl_dag.py
[2022-10-05 15:23:07,476] {processor.py:641} INFO - Processing file /home/airflow/.local/lib/python3.7/site-packages/airflow/example_dags/tutorial_etl_dag.py for tasks to queue
[2022-10-05 15:23:07,484] {logging_mixin.py:115} INFO - [2022-10-05 15:23:07,484] {dagbag.py:507} INFO - Filling up the DagBag from /home/airflow/.local/lib/python3.7/site-packages/airflow/example_dags/tutorial_etl_dag.py
[2022-10-05 15:23:07,539] {processor.py:651} INFO - DAG(s) dict_keys(['tutorial_etl_dag']) retrieved from /home/airflow/.local/lib/python3.7/site-packages/airflow/example_dags/tutorial_etl_dag.py
[2022-10-05 15:23:07,636] {logging_mixin.py:115} INFO - [2022-10-05 15:23:07,636] {dag.py:2379} INFO - Sync 1 DAGs
[2022-10-05 15:23:08,275] {logging_mixin.py:115} INFO - [2022-10-05 15:23:08,275] {dag.py:2931} INFO - Setting next_dagrun for tutorial_etl_dag to None, run_after=None
[2022-10-05 15:23:08,330] {processor.py:161} INFO - Processing /home/airflow/.local/lib/python3.7/site-packages/airflow/example_dags/tutorial_etl_dag.py took 0.881 seconds
[2022-10-05 15:23:39,282] {processor.py:153} INFO - Started process (PID=616) to work on /home/airflow/.local/lib/python3.7/site-packages/airflow/example_dags/tutorial_etl_dag.py
[2022-10-05 15:23:39,285] {processor.py:641} INFO - Processing file /home/airflow/.local/lib/python3.7/site-packages/airflow/example_dags/tutorial_etl_dag.py for tasks to queue
[2022-10-05 15:23:39,288] {logging_mixin.py:115} INFO - [2022-10-05 15:23:39,287] {dagbag.py:507} INFO - Filling up the DagBag from /home/airflow/.local/lib/python3.7/site-packages/airflow/example_dags/tutorial_etl_dag.py
[2022-10-05 15:23:39,326] {processor.py:651} INFO - DAG(s) dict_keys(['tutorial_etl_dag']) retrieved from /home/airflow/.local/lib/python3.7/site-packages/airflow/example_dags/tutorial_etl_dag.py
[2022-10-05 15:23:39,551] {logging_mixin.py:115} INFO - [2022-10-05 15:23:39,550] {dag.py:2379} INFO - Sync 1 DAGs
[2022-10-05 15:23:39,985] {logging_mixin.py:115} INFO - [2022-10-05 15:23:39,985] {dag.py:2931} INFO - Setting next_dagrun for tutorial_etl_dag to None, run_after=None
[2022-10-05 15:23:40,073] {processor.py:161} INFO - Processing /home/airflow/.local/lib/python3.7/site-packages/airflow/example_dags/tutorial_etl_dag.py took 0.820 seconds
[2022-10-05 15:24:10,209] {processor.py:153} INFO - Started process (PID=676) to work on /home/airflow/.local/lib/python3.7/site-packages/airflow/example_dags/tutorial_etl_dag.py
[2022-10-05 15:24:10,212] {processor.py:641} INFO - Processing file /home/airflow/.local/lib/python3.7/site-packages/airflow/example_dags/tutorial_etl_dag.py for tasks to queue
[2022-10-05 15:24:10,214] {logging_mixin.py:115} INFO - [2022-10-05 15:24:10,214] {dagbag.py:507} INFO - Filling up the DagBag from /home/airflow/.local/lib/python3.7/site-packages/airflow/example_dags/tutorial_etl_dag.py
[2022-10-05 15:24:10,232] {processor.py:651} INFO - DAG(s) dict_keys(['tutorial_etl_dag']) retrieved from /home/airflow/.local/lib/python3.7/site-packages/airflow/example_dags/tutorial_etl_dag.py
[2022-10-05 15:24:10,323] {logging_mixin.py:115} INFO - [2022-10-05 15:24:10,322] {dag.py:2379} INFO - Sync 1 DAGs
[2022-10-05 15:24:10,639] {logging_mixin.py:115} INFO - [2022-10-05 15:24:10,639] {dag.py:2931} INFO - Setting next_dagrun for tutorial_etl_dag to None, run_after=None
[2022-10-05 15:24:10,667] {processor.py:161} INFO - Processing /home/airflow/.local/lib/python3.7/site-packages/airflow/example_dags/tutorial_etl_dag.py took 0.465 seconds
[2022-10-05 15:24:41,071] {processor.py:153} INFO - Started process (PID=732) to work on /home/airflow/.local/lib/python3.7/site-packages/airflow/example_dags/tutorial_etl_dag.py
[2022-10-05 15:24:41,073] {processor.py:641} INFO - Processing file /home/airflow/.local/lib/python3.7/site-packages/airflow/example_dags/tutorial_etl_dag.py for tasks to queue
[2022-10-05 15:24:41,074] {logging_mixin.py:115} INFO - [2022-10-05 15:24:41,074] {dagbag.py:507} INFO - Filling up the DagBag from /home/airflow/.local/lib/python3.7/site-packages/airflow/example_dags/tutorial_etl_dag.py
[2022-10-05 15:24:41,086] {processor.py:651} INFO - DAG(s) dict_keys(['tutorial_etl_dag']) retrieved from /home/airflow/.local/lib/python3.7/site-packages/airflow/example_dags/tutorial_etl_dag.py
[2022-10-05 15:24:41,125] {logging_mixin.py:115} INFO - [2022-10-05 15:24:41,125] {dag.py:2379} INFO - Sync 1 DAGs
[2022-10-05 15:24:41,321] {logging_mixin.py:115} INFO - [2022-10-05 15:24:41,321] {dag.py:2931} INFO - Setting next_dagrun for tutorial_etl_dag to None, run_after=None
[2022-10-05 15:24:41,337] {processor.py:161} INFO - Processing /home/airflow/.local/lib/python3.7/site-packages/airflow/example_dags/tutorial_etl_dag.py took 0.272 seconds
[2022-10-05 15:25:12,013] {processor.py:153} INFO - Started process (PID=797) to work on /home/airflow/.local/lib/python3.7/site-packages/airflow/example_dags/tutorial_etl_dag.py
[2022-10-05 15:25:12,016] {processor.py:641} INFO - Processing file /home/airflow/.local/lib/python3.7/site-packages/airflow/example_dags/tutorial_etl_dag.py for tasks to queue
[2022-10-05 15:25:12,018] {logging_mixin.py:115} INFO - [2022-10-05 15:25:12,017] {dagbag.py:507} INFO - Filling up the DagBag from /home/airflow/.local/lib/python3.7/site-packages/airflow/example_dags/tutorial_etl_dag.py
[2022-10-05 15:25:12,033] {processor.py:651} INFO - DAG(s) dict_keys(['tutorial_etl_dag']) retrieved from /home/airflow/.local/lib/python3.7/site-packages/airflow/example_dags/tutorial_etl_dag.py
[2022-10-05 15:25:12,083] {logging_mixin.py:115} INFO - [2022-10-05 15:25:12,083] {dag.py:2379} INFO - Sync 1 DAGs
[2022-10-05 15:25:12,316] {logging_mixin.py:115} INFO - [2022-10-05 15:25:12,316] {dag.py:2931} INFO - Setting next_dagrun for tutorial_etl_dag to None, run_after=None
[2022-10-05 15:25:12,336] {processor.py:161} INFO - Processing /home/airflow/.local/lib/python3.7/site-packages/airflow/example_dags/tutorial_etl_dag.py took 0.329 seconds
[2022-10-05 15:25:43,197] {processor.py:153} INFO - Started process (PID=853) to work on /home/airflow/.local/lib/python3.7/site-packages/airflow/example_dags/tutorial_etl_dag.py
[2022-10-05 15:25:43,200] {processor.py:641} INFO - Processing file /home/airflow/.local/lib/python3.7/site-packages/airflow/example_dags/tutorial_etl_dag.py for tasks to queue
[2022-10-05 15:25:43,202] {logging_mixin.py:115} INFO - [2022-10-05 15:25:43,202] {dagbag.py:507} INFO - Filling up the DagBag from /home/airflow/.local/lib/python3.7/site-packages/airflow/example_dags/tutorial_etl_dag.py
[2022-10-05 15:25:43,229] {processor.py:651} INFO - DAG(s) dict_keys(['tutorial_etl_dag']) retrieved from /home/airflow/.local/lib/python3.7/site-packages/airflow/example_dags/tutorial_etl_dag.py
[2022-10-05 15:25:43,321] {logging_mixin.py:115} INFO - [2022-10-05 15:25:43,321] {dag.py:2379} INFO - Sync 1 DAGs
[2022-10-05 15:25:43,577] {logging_mixin.py:115} INFO - [2022-10-05 15:25:43,577] {dag.py:2931} INFO - Setting next_dagrun for tutorial_etl_dag to None, run_after=None
[2022-10-05 15:25:43,599] {processor.py:161} INFO - Processing /home/airflow/.local/lib/python3.7/site-packages/airflow/example_dags/tutorial_etl_dag.py took 0.409 seconds
[2022-10-05 15:26:13,697] {processor.py:153} INFO - Started process (PID=916) to work on /home/airflow/.local/lib/python3.7/site-packages/airflow/example_dags/tutorial_etl_dag.py
[2022-10-05 15:26:13,701] {processor.py:641} INFO - Processing file /home/airflow/.local/lib/python3.7/site-packages/airflow/example_dags/tutorial_etl_dag.py for tasks to queue
[2022-10-05 15:26:13,703] {logging_mixin.py:115} INFO - [2022-10-05 15:26:13,703] {dagbag.py:507} INFO - Filling up the DagBag from /home/airflow/.local/lib/python3.7/site-packages/airflow/example_dags/tutorial_etl_dag.py
[2022-10-05 15:26:13,735] {processor.py:651} INFO - DAG(s) dict_keys(['tutorial_etl_dag']) retrieved from /home/airflow/.local/lib/python3.7/site-packages/airflow/example_dags/tutorial_etl_dag.py
[2022-10-05 15:26:13,772] {logging_mixin.py:115} INFO - [2022-10-05 15:26:13,772] {dag.py:2379} INFO - Sync 1 DAGs
[2022-10-05 15:26:13,973] {logging_mixin.py:115} INFO - [2022-10-05 15:26:13,973] {dag.py:2931} INFO - Setting next_dagrun for tutorial_etl_dag to None, run_after=None
[2022-10-05 15:26:13,990] {processor.py:161} INFO - Processing /home/airflow/.local/lib/python3.7/site-packages/airflow/example_dags/tutorial_etl_dag.py took 0.298 seconds
[2022-10-05 15:26:44,049] {processor.py:153} INFO - Started process (PID=970) to work on /home/airflow/.local/lib/python3.7/site-packages/airflow/example_dags/tutorial_etl_dag.py
[2022-10-05 15:26:44,052] {processor.py:641} INFO - Processing file /home/airflow/.local/lib/python3.7/site-packages/airflow/example_dags/tutorial_etl_dag.py for tasks to queue
[2022-10-05 15:26:44,053] {logging_mixin.py:115} INFO - [2022-10-05 15:26:44,053] {dagbag.py:507} INFO - Filling up the DagBag from /home/airflow/.local/lib/python3.7/site-packages/airflow/example_dags/tutorial_etl_dag.py
[2022-10-05 15:26:44,064] {processor.py:651} INFO - DAG(s) dict_keys(['tutorial_etl_dag']) retrieved from /home/airflow/.local/lib/python3.7/site-packages/airflow/example_dags/tutorial_etl_dag.py
[2022-10-05 15:26:44,104] {logging_mixin.py:115} INFO - [2022-10-05 15:26:44,103] {dag.py:2379} INFO - Sync 1 DAGs
[2022-10-05 15:26:44,294] {logging_mixin.py:115} INFO - [2022-10-05 15:26:44,294] {dag.py:2931} INFO - Setting next_dagrun for tutorial_etl_dag to None, run_after=None
[2022-10-05 15:26:44,310] {processor.py:161} INFO - Processing /home/airflow/.local/lib/python3.7/site-packages/airflow/example_dags/tutorial_etl_dag.py took 0.266 seconds
[2022-10-05 15:27:14,590] {processor.py:153} INFO - Started process (PID=1034) to work on /home/airflow/.local/lib/python3.7/site-packages/airflow/example_dags/tutorial_etl_dag.py
[2022-10-05 15:27:14,592] {processor.py:641} INFO - Processing file /home/airflow/.local/lib/python3.7/site-packages/airflow/example_dags/tutorial_etl_dag.py for tasks to queue
[2022-10-05 15:27:14,594] {logging_mixin.py:115} INFO - [2022-10-05 15:27:14,594] {dagbag.py:507} INFO - Filling up the DagBag from /home/airflow/.local/lib/python3.7/site-packages/airflow/example_dags/tutorial_etl_dag.py
[2022-10-05 15:27:14,606] {processor.py:651} INFO - DAG(s) dict_keys(['tutorial_etl_dag']) retrieved from /home/airflow/.local/lib/python3.7/site-packages/airflow/example_dags/tutorial_etl_dag.py
[2022-10-05 15:27:14,654] {logging_mixin.py:115} INFO - [2022-10-05 15:27:14,654] {dag.py:2379} INFO - Sync 1 DAGs
[2022-10-05 15:27:14,841] {logging_mixin.py:115} INFO - [2022-10-05 15:27:14,841] {dag.py:2931} INFO - Setting next_dagrun for tutorial_etl_dag to None, run_after=None
[2022-10-05 15:27:14,856] {processor.py:161} INFO - Processing /home/airflow/.local/lib/python3.7/site-packages/airflow/example_dags/tutorial_etl_dag.py took 0.271 seconds
[2022-10-05 15:27:45,020] {processor.py:153} INFO - Started process (PID=1089) to work on /home/airflow/.local/lib/python3.7/site-packages/airflow/example_dags/tutorial_etl_dag.py
[2022-10-05 15:27:45,022] {processor.py:641} INFO - Processing file /home/airflow/.local/lib/python3.7/site-packages/airflow/example_dags/tutorial_etl_dag.py for tasks to queue
[2022-10-05 15:27:45,024] {logging_mixin.py:115} INFO - [2022-10-05 15:27:45,024] {dagbag.py:507} INFO - Filling up the DagBag from /home/airflow/.local/lib/python3.7/site-packages/airflow/example_dags/tutorial_etl_dag.py
[2022-10-05 15:27:45,036] {processor.py:651} INFO - DAG(s) dict_keys(['tutorial_etl_dag']) retrieved from /home/airflow/.local/lib/python3.7/site-packages/airflow/example_dags/tutorial_etl_dag.py
[2022-10-05 15:27:45,073] {logging_mixin.py:115} INFO - [2022-10-05 15:27:45,073] {dag.py:2379} INFO - Sync 1 DAGs
[2022-10-05 15:27:45,263] {logging_mixin.py:115} INFO - [2022-10-05 15:27:45,263] {dag.py:2931} INFO - Setting next_dagrun for tutorial_etl_dag to None, run_after=None
[2022-10-05 15:27:45,286] {processor.py:161} INFO - Processing /home/airflow/.local/lib/python3.7/site-packages/airflow/example_dags/tutorial_etl_dag.py took 0.271 seconds
[2022-10-05 15:28:16,106] {processor.py:153} INFO - Started process (PID=1155) to work on /home/airflow/.local/lib/python3.7/site-packages/airflow/example_dags/tutorial_etl_dag.py
[2022-10-05 15:28:16,109] {processor.py:641} INFO - Processing file /home/airflow/.local/lib/python3.7/site-packages/airflow/example_dags/tutorial_etl_dag.py for tasks to queue
[2022-10-05 15:28:16,111] {logging_mixin.py:115} INFO - [2022-10-05 15:28:16,111] {dagbag.py:507} INFO - Filling up the DagBag from /home/airflow/.local/lib/python3.7/site-packages/airflow/example_dags/tutorial_etl_dag.py
[2022-10-05 15:28:16,130] {processor.py:651} INFO - DAG(s) dict_keys(['tutorial_etl_dag']) retrieved from /home/airflow/.local/lib/python3.7/site-packages/airflow/example_dags/tutorial_etl_dag.py
[2022-10-05 15:28:16,207] {logging_mixin.py:115} INFO - [2022-10-05 15:28:16,207] {dag.py:2379} INFO - Sync 1 DAGs
[2022-10-05 15:28:16,565] {logging_mixin.py:115} INFO - [2022-10-05 15:28:16,564] {dag.py:2931} INFO - Setting next_dagrun for tutorial_etl_dag to None, run_after=None
[2022-10-05 15:28:16,594] {processor.py:161} INFO - Processing /home/airflow/.local/lib/python3.7/site-packages/airflow/example_dags/tutorial_etl_dag.py took 0.496 seconds
[2022-10-05 15:28:46,759] {processor.py:153} INFO - Started process (PID=1212) to work on /home/airflow/.local/lib/python3.7/site-packages/airflow/example_dags/tutorial_etl_dag.py
[2022-10-05 15:28:46,763] {processor.py:641} INFO - Processing file /home/airflow/.local/lib/python3.7/site-packages/airflow/example_dags/tutorial_etl_dag.py for tasks to queue
[2022-10-05 15:28:46,767] {logging_mixin.py:115} INFO - [2022-10-05 15:28:46,766] {dagbag.py:507} INFO - Filling up the DagBag from /home/airflow/.local/lib/python3.7/site-packages/airflow/example_dags/tutorial_etl_dag.py
[2022-10-05 15:28:46,792] {processor.py:651} INFO - DAG(s) dict_keys(['tutorial_etl_dag']) retrieved from /home/airflow/.local/lib/python3.7/site-packages/airflow/example_dags/tutorial_etl_dag.py
[2022-10-05 15:28:46,889] {logging_mixin.py:115} INFO - [2022-10-05 15:28:46,888] {dag.py:2379} INFO - Sync 1 DAGs
[2022-10-05 15:28:47,221] {logging_mixin.py:115} INFO - [2022-10-05 15:28:47,221] {dag.py:2931} INFO - Setting next_dagrun for tutorial_etl_dag to None, run_after=None
[2022-10-05 15:28:47,250] {processor.py:161} INFO - Processing /home/airflow/.local/lib/python3.7/site-packages/airflow/example_dags/tutorial_etl_dag.py took 0.509 seconds
[2022-10-05 15:29:17,614] {processor.py:153} INFO - Started process (PID=1268) to work on /home/airflow/.local/lib/python3.7/site-packages/airflow/example_dags/tutorial_etl_dag.py
[2022-10-05 15:29:17,616] {processor.py:641} INFO - Processing file /home/airflow/.local/lib/python3.7/site-packages/airflow/example_dags/tutorial_etl_dag.py for tasks to queue
[2022-10-05 15:29:17,619] {logging_mixin.py:115} INFO - [2022-10-05 15:29:17,619] {dagbag.py:507} INFO - Filling up the DagBag from /home/airflow/.local/lib/python3.7/site-packages/airflow/example_dags/tutorial_etl_dag.py
[2022-10-05 15:29:17,637] {processor.py:651} INFO - DAG(s) dict_keys(['tutorial_etl_dag']) retrieved from /home/airflow/.local/lib/python3.7/site-packages/airflow/example_dags/tutorial_etl_dag.py
[2022-10-05 15:29:17,700] {logging_mixin.py:115} INFO - [2022-10-05 15:29:17,699] {dag.py:2379} INFO - Sync 1 DAGs
[2022-10-05 15:29:17,965] {logging_mixin.py:115} INFO - [2022-10-05 15:29:17,965] {dag.py:2931} INFO - Setting next_dagrun for tutorial_etl_dag to None, run_after=None
[2022-10-05 15:29:17,989] {processor.py:161} INFO - Processing /home/airflow/.local/lib/python3.7/site-packages/airflow/example_dags/tutorial_etl_dag.py took 0.383 seconds
[2022-10-05 15:29:48,387] {processor.py:153} INFO - Started process (PID=1333) to work on /home/airflow/.local/lib/python3.7/site-packages/airflow/example_dags/tutorial_etl_dag.py
[2022-10-05 15:29:48,388] {processor.py:641} INFO - Processing file /home/airflow/.local/lib/python3.7/site-packages/airflow/example_dags/tutorial_etl_dag.py for tasks to queue
[2022-10-05 15:29:48,391] {logging_mixin.py:115} INFO - [2022-10-05 15:29:48,391] {dagbag.py:507} INFO - Filling up the DagBag from /home/airflow/.local/lib/python3.7/site-packages/airflow/example_dags/tutorial_etl_dag.py
[2022-10-05 15:29:48,416] {processor.py:651} INFO - DAG(s) dict_keys(['tutorial_etl_dag']) retrieved from /home/airflow/.local/lib/python3.7/site-packages/airflow/example_dags/tutorial_etl_dag.py
[2022-10-05 15:29:48,469] {logging_mixin.py:115} INFO - [2022-10-05 15:29:48,469] {dag.py:2379} INFO - Sync 1 DAGs
[2022-10-05 15:29:48,677] {logging_mixin.py:115} INFO - [2022-10-05 15:29:48,677] {dag.py:2931} INFO - Setting next_dagrun for tutorial_etl_dag to None, run_after=None
[2022-10-05 15:29:48,693] {processor.py:161} INFO - Processing /home/airflow/.local/lib/python3.7/site-packages/airflow/example_dags/tutorial_etl_dag.py took 0.314 seconds
[2022-10-05 15:30:19,190] {processor.py:153} INFO - Started process (PID=1389) to work on /home/airflow/.local/lib/python3.7/site-packages/airflow/example_dags/tutorial_etl_dag.py
[2022-10-05 15:30:19,191] {processor.py:641} INFO - Processing file /home/airflow/.local/lib/python3.7/site-packages/airflow/example_dags/tutorial_etl_dag.py for tasks to queue
[2022-10-05 15:30:19,193] {logging_mixin.py:115} INFO - [2022-10-05 15:30:19,193] {dagbag.py:507} INFO - Filling up the DagBag from /home/airflow/.local/lib/python3.7/site-packages/airflow/example_dags/tutorial_etl_dag.py
[2022-10-05 15:30:19,207] {processor.py:651} INFO - DAG(s) dict_keys(['tutorial_etl_dag']) retrieved from /home/airflow/.local/lib/python3.7/site-packages/airflow/example_dags/tutorial_etl_dag.py
[2022-10-05 15:30:19,252] {logging_mixin.py:115} INFO - [2022-10-05 15:30:19,251] {dag.py:2379} INFO - Sync 1 DAGs
[2022-10-05 15:30:19,450] {logging_mixin.py:115} INFO - [2022-10-05 15:30:19,450] {dag.py:2931} INFO - Setting next_dagrun for tutorial_etl_dag to None, run_after=None
[2022-10-05 15:30:19,469] {processor.py:161} INFO - Processing /home/airflow/.local/lib/python3.7/site-packages/airflow/example_dags/tutorial_etl_dag.py took 0.284 seconds
[2022-10-05 15:30:49,882] {processor.py:153} INFO - Started process (PID=1454) to work on /home/airflow/.local/lib/python3.7/site-packages/airflow/example_dags/tutorial_etl_dag.py
[2022-10-05 15:30:49,884] {processor.py:641} INFO - Processing file /home/airflow/.local/lib/python3.7/site-packages/airflow/example_dags/tutorial_etl_dag.py for tasks to queue
[2022-10-05 15:30:49,886] {logging_mixin.py:115} INFO - [2022-10-05 15:30:49,886] {dagbag.py:507} INFO - Filling up the DagBag from /home/airflow/.local/lib/python3.7/site-packages/airflow/example_dags/tutorial_etl_dag.py
[2022-10-05 15:30:49,899] {processor.py:651} INFO - DAG(s) dict_keys(['tutorial_etl_dag']) retrieved from /home/airflow/.local/lib/python3.7/site-packages/airflow/example_dags/tutorial_etl_dag.py
[2022-10-05 15:30:49,942] {logging_mixin.py:115} INFO - [2022-10-05 15:30:49,942] {dag.py:2379} INFO - Sync 1 DAGs
[2022-10-05 15:30:50,138] {logging_mixin.py:115} INFO - [2022-10-05 15:30:50,137] {dag.py:2931} INFO - Setting next_dagrun for tutorial_etl_dag to None, run_after=None
[2022-10-05 15:30:50,154] {processor.py:161} INFO - Processing /home/airflow/.local/lib/python3.7/site-packages/airflow/example_dags/tutorial_etl_dag.py took 0.280 seconds
[2022-10-05 15:31:21,044] {processor.py:153} INFO - Started process (PID=1510) to work on /home/airflow/.local/lib/python3.7/site-packages/airflow/example_dags/tutorial_etl_dag.py
[2022-10-05 15:31:21,054] {processor.py:641} INFO - Processing file /home/airflow/.local/lib/python3.7/site-packages/airflow/example_dags/tutorial_etl_dag.py for tasks to queue
[2022-10-05 15:31:21,058] {logging_mixin.py:115} INFO - [2022-10-05 15:31:21,057] {dagbag.py:507} INFO - Filling up the DagBag from /home/airflow/.local/lib/python3.7/site-packages/airflow/example_dags/tutorial_etl_dag.py
[2022-10-05 15:31:21,094] {processor.py:651} INFO - DAG(s) dict_keys(['tutorial_etl_dag']) retrieved from /home/airflow/.local/lib/python3.7/site-packages/airflow/example_dags/tutorial_etl_dag.py
[2022-10-05 15:31:21,250] {logging_mixin.py:115} INFO - [2022-10-05 15:31:21,249] {dag.py:2379} INFO - Sync 1 DAGs
[2022-10-05 15:31:21,692] {logging_mixin.py:115} INFO - [2022-10-05 15:31:21,692] {dag.py:2931} INFO - Setting next_dagrun for tutorial_etl_dag to None, run_after=None
[2022-10-05 15:31:21,728] {processor.py:161} INFO - Processing /home/airflow/.local/lib/python3.7/site-packages/airflow/example_dags/tutorial_etl_dag.py took 0.738 seconds
[2022-10-05 15:31:53,973] {processor.py:153} INFO - Started process (PID=1565) to work on /home/airflow/.local/lib/python3.7/site-packages/airflow/example_dags/tutorial_etl_dag.py
[2022-10-05 15:31:53,978] {processor.py:641} INFO - Processing file /home/airflow/.local/lib/python3.7/site-packages/airflow/example_dags/tutorial_etl_dag.py for tasks to queue
[2022-10-05 15:31:53,982] {logging_mixin.py:115} INFO - [2022-10-05 15:31:53,981] {dagbag.py:507} INFO - Filling up the DagBag from /home/airflow/.local/lib/python3.7/site-packages/airflow/example_dags/tutorial_etl_dag.py
[2022-10-05 15:31:54,034] {processor.py:651} INFO - DAG(s) dict_keys(['tutorial_etl_dag']) retrieved from /home/airflow/.local/lib/python3.7/site-packages/airflow/example_dags/tutorial_etl_dag.py
[2022-10-05 15:31:54,213] {logging_mixin.py:115} INFO - [2022-10-05 15:31:54,213] {dag.py:2379} INFO - Sync 1 DAGs
[2022-10-05 15:31:54,787] {logging_mixin.py:115} INFO - [2022-10-05 15:31:54,787] {dag.py:2931} INFO - Setting next_dagrun for tutorial_etl_dag to None, run_after=None
[2022-10-05 15:31:54,830] {processor.py:161} INFO - Processing /home/airflow/.local/lib/python3.7/site-packages/airflow/example_dags/tutorial_etl_dag.py took 0.870 seconds
[2022-10-05 15:32:24,924] {processor.py:153} INFO - Started process (PID=1620) to work on /home/airflow/.local/lib/python3.7/site-packages/airflow/example_dags/tutorial_etl_dag.py
[2022-10-05 15:32:24,927] {processor.py:641} INFO - Processing file /home/airflow/.local/lib/python3.7/site-packages/airflow/example_dags/tutorial_etl_dag.py for tasks to queue
[2022-10-05 15:32:24,928] {logging_mixin.py:115} INFO - [2022-10-05 15:32:24,928] {dagbag.py:507} INFO - Filling up the DagBag from /home/airflow/.local/lib/python3.7/site-packages/airflow/example_dags/tutorial_etl_dag.py
[2022-10-05 15:32:24,940] {processor.py:651} INFO - DAG(s) dict_keys(['tutorial_etl_dag']) retrieved from /home/airflow/.local/lib/python3.7/site-packages/airflow/example_dags/tutorial_etl_dag.py
[2022-10-05 15:32:24,979] {logging_mixin.py:115} INFO - [2022-10-05 15:32:24,979] {dag.py:2379} INFO - Sync 1 DAGs
[2022-10-05 15:32:25,180] {logging_mixin.py:115} INFO - [2022-10-05 15:32:25,180] {dag.py:2931} INFO - Setting next_dagrun for tutorial_etl_dag to None, run_after=None
[2022-10-05 15:32:25,195] {processor.py:161} INFO - Processing /home/airflow/.local/lib/python3.7/site-packages/airflow/example_dags/tutorial_etl_dag.py took 0.276 seconds
[2022-10-05 15:32:55,509] {processor.py:153} INFO - Started process (PID=1686) to work on /home/airflow/.local/lib/python3.7/site-packages/airflow/example_dags/tutorial_etl_dag.py
[2022-10-05 15:32:55,510] {processor.py:641} INFO - Processing file /home/airflow/.local/lib/python3.7/site-packages/airflow/example_dags/tutorial_etl_dag.py for tasks to queue
[2022-10-05 15:32:55,511] {logging_mixin.py:115} INFO - [2022-10-05 15:32:55,511] {dagbag.py:507} INFO - Filling up the DagBag from /home/airflow/.local/lib/python3.7/site-packages/airflow/example_dags/tutorial_etl_dag.py
[2022-10-05 15:32:55,521] {processor.py:651} INFO - DAG(s) dict_keys(['tutorial_etl_dag']) retrieved from /home/airflow/.local/lib/python3.7/site-packages/airflow/example_dags/tutorial_etl_dag.py
[2022-10-05 15:32:55,559] {logging_mixin.py:115} INFO - [2022-10-05 15:32:55,559] {dag.py:2379} INFO - Sync 1 DAGs
[2022-10-05 15:32:55,739] {logging_mixin.py:115} INFO - [2022-10-05 15:32:55,739] {dag.py:2931} INFO - Setting next_dagrun for tutorial_etl_dag to None, run_after=None
[2022-10-05 15:32:55,755] {processor.py:161} INFO - Processing /home/airflow/.local/lib/python3.7/site-packages/airflow/example_dags/tutorial_etl_dag.py took 0.251 seconds
[2022-10-05 15:33:26,127] {processor.py:153} INFO - Started process (PID=1743) to work on /home/airflow/.local/lib/python3.7/site-packages/airflow/example_dags/tutorial_etl_dag.py
[2022-10-05 15:33:26,129] {processor.py:641} INFO - Processing file /home/airflow/.local/lib/python3.7/site-packages/airflow/example_dags/tutorial_etl_dag.py for tasks to queue
[2022-10-05 15:33:26,130] {logging_mixin.py:115} INFO - [2022-10-05 15:33:26,130] {dagbag.py:507} INFO - Filling up the DagBag from /home/airflow/.local/lib/python3.7/site-packages/airflow/example_dags/tutorial_etl_dag.py
[2022-10-05 15:33:26,141] {processor.py:651} INFO - DAG(s) dict_keys(['tutorial_etl_dag']) retrieved from /home/airflow/.local/lib/python3.7/site-packages/airflow/example_dags/tutorial_etl_dag.py
[2022-10-05 15:33:26,187] {logging_mixin.py:115} INFO - [2022-10-05 15:33:26,186] {dag.py:2379} INFO - Sync 1 DAGs
[2022-10-05 15:33:26,390] {logging_mixin.py:115} INFO - [2022-10-05 15:33:26,390] {dag.py:2931} INFO - Setting next_dagrun for tutorial_etl_dag to None, run_after=None
[2022-10-05 15:33:26,407] {processor.py:161} INFO - Processing /home/airflow/.local/lib/python3.7/site-packages/airflow/example_dags/tutorial_etl_dag.py took 0.286 seconds
[2022-10-05 15:33:56,842] {processor.py:153} INFO - Started process (PID=1808) to work on /home/airflow/.local/lib/python3.7/site-packages/airflow/example_dags/tutorial_etl_dag.py
[2022-10-05 15:33:56,844] {processor.py:641} INFO - Processing file /home/airflow/.local/lib/python3.7/site-packages/airflow/example_dags/tutorial_etl_dag.py for tasks to queue
[2022-10-05 15:33:56,846] {logging_mixin.py:115} INFO - [2022-10-05 15:33:56,846] {dagbag.py:507} INFO - Filling up the DagBag from /home/airflow/.local/lib/python3.7/site-packages/airflow/example_dags/tutorial_etl_dag.py
[2022-10-05 15:33:56,861] {processor.py:651} INFO - DAG(s) dict_keys(['tutorial_etl_dag']) retrieved from /home/airflow/.local/lib/python3.7/site-packages/airflow/example_dags/tutorial_etl_dag.py
[2022-10-05 15:33:56,915] {logging_mixin.py:115} INFO - [2022-10-05 15:33:56,915] {dag.py:2379} INFO - Sync 1 DAGs
[2022-10-05 15:33:57,111] {logging_mixin.py:115} INFO - [2022-10-05 15:33:57,111] {dag.py:2931} INFO - Setting next_dagrun for tutorial_etl_dag to None, run_after=None
[2022-10-05 15:33:57,133] {processor.py:161} INFO - Processing /home/airflow/.local/lib/python3.7/site-packages/airflow/example_dags/tutorial_etl_dag.py took 0.300 seconds
[2022-10-05 15:34:27,542] {processor.py:153} INFO - Started process (PID=1871) to work on /home/airflow/.local/lib/python3.7/site-packages/airflow/example_dags/tutorial_etl_dag.py
[2022-10-05 15:34:27,544] {processor.py:641} INFO - Processing file /home/airflow/.local/lib/python3.7/site-packages/airflow/example_dags/tutorial_etl_dag.py for tasks to queue
[2022-10-05 15:34:27,546] {logging_mixin.py:115} INFO - [2022-10-05 15:34:27,546] {dagbag.py:507} INFO - Filling up the DagBag from /home/airflow/.local/lib/python3.7/site-packages/airflow/example_dags/tutorial_etl_dag.py
[2022-10-05 15:34:27,566] {processor.py:651} INFO - DAG(s) dict_keys(['tutorial_etl_dag']) retrieved from /home/airflow/.local/lib/python3.7/site-packages/airflow/example_dags/tutorial_etl_dag.py
[2022-10-05 15:34:27,616] {logging_mixin.py:115} INFO - [2022-10-05 15:34:27,615] {dag.py:2379} INFO - Sync 1 DAGs
[2022-10-05 15:34:27,836] {logging_mixin.py:115} INFO - [2022-10-05 15:34:27,836] {dag.py:2931} INFO - Setting next_dagrun for tutorial_etl_dag to None, run_after=None
[2022-10-05 15:34:27,860] {processor.py:161} INFO - Processing /home/airflow/.local/lib/python3.7/site-packages/airflow/example_dags/tutorial_etl_dag.py took 0.322 seconds
[2022-10-05 15:34:58,019] {processor.py:153} INFO - Started process (PID=1928) to work on /home/airflow/.local/lib/python3.7/site-packages/airflow/example_dags/tutorial_etl_dag.py
[2022-10-05 15:34:58,021] {processor.py:641} INFO - Processing file /home/airflow/.local/lib/python3.7/site-packages/airflow/example_dags/tutorial_etl_dag.py for tasks to queue
[2022-10-05 15:34:58,022] {logging_mixin.py:115} INFO - [2022-10-05 15:34:58,022] {dagbag.py:507} INFO - Filling up the DagBag from /home/airflow/.local/lib/python3.7/site-packages/airflow/example_dags/tutorial_etl_dag.py
[2022-10-05 15:34:58,033] {processor.py:651} INFO - DAG(s) dict_keys(['tutorial_etl_dag']) retrieved from /home/airflow/.local/lib/python3.7/site-packages/airflow/example_dags/tutorial_etl_dag.py
[2022-10-05 15:34:58,074] {logging_mixin.py:115} INFO - [2022-10-05 15:34:58,074] {dag.py:2379} INFO - Sync 1 DAGs
[2022-10-05 15:34:58,258] {logging_mixin.py:115} INFO - [2022-10-05 15:34:58,258] {dag.py:2931} INFO - Setting next_dagrun for tutorial_etl_dag to None, run_after=None
[2022-10-05 15:34:58,273] {processor.py:161} INFO - Processing /home/airflow/.local/lib/python3.7/site-packages/airflow/example_dags/tutorial_etl_dag.py took 0.258 seconds
[2022-10-05 15:35:29,712] {processor.py:153} INFO - Started process (PID=1992) to work on /home/airflow/.local/lib/python3.7/site-packages/airflow/example_dags/tutorial_etl_dag.py
[2022-10-05 15:35:29,715] {processor.py:641} INFO - Processing file /home/airflow/.local/lib/python3.7/site-packages/airflow/example_dags/tutorial_etl_dag.py for tasks to queue
[2022-10-05 15:35:29,720] {logging_mixin.py:115} INFO - [2022-10-05 15:35:29,719] {dagbag.py:507} INFO - Filling up the DagBag from /home/airflow/.local/lib/python3.7/site-packages/airflow/example_dags/tutorial_etl_dag.py
[2022-10-05 15:35:29,742] {processor.py:651} INFO - DAG(s) dict_keys(['tutorial_etl_dag']) retrieved from /home/airflow/.local/lib/python3.7/site-packages/airflow/example_dags/tutorial_etl_dag.py
[2022-10-05 15:35:29,815] {logging_mixin.py:115} INFO - [2022-10-05 15:35:29,815] {dag.py:2379} INFO - Sync 1 DAGs
[2022-10-05 15:35:30,212] {logging_mixin.py:115} INFO - [2022-10-05 15:35:30,212] {dag.py:2931} INFO - Setting next_dagrun for tutorial_etl_dag to None, run_after=None
[2022-10-05 15:35:30,248] {processor.py:161} INFO - Processing /home/airflow/.local/lib/python3.7/site-packages/airflow/example_dags/tutorial_etl_dag.py took 0.548 seconds
[2022-10-05 15:51:18,233] {processor.py:153} INFO - Started process (PID=2041) to work on /home/airflow/.local/lib/python3.7/site-packages/airflow/example_dags/tutorial_etl_dag.py
[2022-10-05 15:51:18,241] {processor.py:641} INFO - Processing file /home/airflow/.local/lib/python3.7/site-packages/airflow/example_dags/tutorial_etl_dag.py for tasks to queue
[2022-10-05 15:51:18,244] {logging_mixin.py:115} INFO - [2022-10-05 15:51:18,244] {dagbag.py:507} INFO - Filling up the DagBag from /home/airflow/.local/lib/python3.7/site-packages/airflow/example_dags/tutorial_etl_dag.py
[2022-10-05 15:51:18,266] {processor.py:651} INFO - DAG(s) dict_keys(['tutorial_etl_dag']) retrieved from /home/airflow/.local/lib/python3.7/site-packages/airflow/example_dags/tutorial_etl_dag.py
[2022-10-05 15:51:18,454] {logging_mixin.py:115} INFO - [2022-10-05 15:51:18,453] {dag.py:2379} INFO - Sync 1 DAGs
[2022-10-05 15:51:18,512] {logging_mixin.py:115} INFO - [2022-10-05 15:51:18,512] {dag.py:2931} INFO - Setting next_dagrun for tutorial_etl_dag to None, run_after=None
[2022-10-05 15:51:18,546] {processor.py:161} INFO - Processing /home/airflow/.local/lib/python3.7/site-packages/airflow/example_dags/tutorial_etl_dag.py took 0.326 seconds
[2022-10-05 15:51:49,652] {processor.py:153} INFO - Started process (PID=2097) to work on /home/airflow/.local/lib/python3.7/site-packages/airflow/example_dags/tutorial_etl_dag.py
[2022-10-05 15:51:49,654] {processor.py:641} INFO - Processing file /home/airflow/.local/lib/python3.7/site-packages/airflow/example_dags/tutorial_etl_dag.py for tasks to queue
[2022-10-05 15:51:49,656] {logging_mixin.py:115} INFO - [2022-10-05 15:51:49,655] {dagbag.py:507} INFO - Filling up the DagBag from /home/airflow/.local/lib/python3.7/site-packages/airflow/example_dags/tutorial_etl_dag.py
[2022-10-05 15:51:49,666] {processor.py:651} INFO - DAG(s) dict_keys(['tutorial_etl_dag']) retrieved from /home/airflow/.local/lib/python3.7/site-packages/airflow/example_dags/tutorial_etl_dag.py
[2022-10-05 15:51:49,698] {logging_mixin.py:115} INFO - [2022-10-05 15:51:49,698] {dag.py:2379} INFO - Sync 1 DAGs
[2022-10-05 15:51:49,720] {logging_mixin.py:115} INFO - [2022-10-05 15:51:49,720] {dag.py:2931} INFO - Setting next_dagrun for tutorial_etl_dag to None, run_after=None
[2022-10-05 15:51:49,734] {processor.py:161} INFO - Processing /home/airflow/.local/lib/python3.7/site-packages/airflow/example_dags/tutorial_etl_dag.py took 0.086 seconds
[2022-10-05 15:52:20,194] {processor.py:153} INFO - Started process (PID=2162) to work on /home/airflow/.local/lib/python3.7/site-packages/airflow/example_dags/tutorial_etl_dag.py
[2022-10-05 15:52:20,196] {processor.py:641} INFO - Processing file /home/airflow/.local/lib/python3.7/site-packages/airflow/example_dags/tutorial_etl_dag.py for tasks to queue
[2022-10-05 15:52:20,198] {logging_mixin.py:115} INFO - [2022-10-05 15:52:20,198] {dagbag.py:507} INFO - Filling up the DagBag from /home/airflow/.local/lib/python3.7/site-packages/airflow/example_dags/tutorial_etl_dag.py
[2022-10-05 15:52:20,207] {processor.py:651} INFO - DAG(s) dict_keys(['tutorial_etl_dag']) retrieved from /home/airflow/.local/lib/python3.7/site-packages/airflow/example_dags/tutorial_etl_dag.py
[2022-10-05 15:52:20,241] {logging_mixin.py:115} INFO - [2022-10-05 15:52:20,241] {dag.py:2379} INFO - Sync 1 DAGs
[2022-10-05 15:52:20,268] {logging_mixin.py:115} INFO - [2022-10-05 15:52:20,268] {dag.py:2931} INFO - Setting next_dagrun for tutorial_etl_dag to None, run_after=None
[2022-10-05 15:52:20,290] {processor.py:161} INFO - Processing /home/airflow/.local/lib/python3.7/site-packages/airflow/example_dags/tutorial_etl_dag.py took 0.099 seconds
[2022-10-05 15:52:50,550] {processor.py:153} INFO - Started process (PID=2227) to work on /home/airflow/.local/lib/python3.7/site-packages/airflow/example_dags/tutorial_etl_dag.py
[2022-10-05 15:52:50,552] {processor.py:641} INFO - Processing file /home/airflow/.local/lib/python3.7/site-packages/airflow/example_dags/tutorial_etl_dag.py for tasks to queue
[2022-10-05 15:52:50,553] {logging_mixin.py:115} INFO - [2022-10-05 15:52:50,553] {dagbag.py:507} INFO - Filling up the DagBag from /home/airflow/.local/lib/python3.7/site-packages/airflow/example_dags/tutorial_etl_dag.py
[2022-10-05 15:52:50,562] {processor.py:651} INFO - DAG(s) dict_keys(['tutorial_etl_dag']) retrieved from /home/airflow/.local/lib/python3.7/site-packages/airflow/example_dags/tutorial_etl_dag.py
[2022-10-05 15:52:50,594] {logging_mixin.py:115} INFO - [2022-10-05 15:52:50,594] {dag.py:2379} INFO - Sync 1 DAGs
[2022-10-05 15:52:50,614] {logging_mixin.py:115} INFO - [2022-10-05 15:52:50,614] {dag.py:2931} INFO - Setting next_dagrun for tutorial_etl_dag to None, run_after=None
[2022-10-05 15:52:50,628] {processor.py:161} INFO - Processing /home/airflow/.local/lib/python3.7/site-packages/airflow/example_dags/tutorial_etl_dag.py took 0.083 seconds
[2022-10-05 15:53:20,907] {processor.py:153} INFO - Started process (PID=2283) to work on /home/airflow/.local/lib/python3.7/site-packages/airflow/example_dags/tutorial_etl_dag.py
[2022-10-05 15:53:20,908] {processor.py:641} INFO - Processing file /home/airflow/.local/lib/python3.7/site-packages/airflow/example_dags/tutorial_etl_dag.py for tasks to queue
[2022-10-05 15:53:20,910] {logging_mixin.py:115} INFO - [2022-10-05 15:53:20,909] {dagbag.py:507} INFO - Filling up the DagBag from /home/airflow/.local/lib/python3.7/site-packages/airflow/example_dags/tutorial_etl_dag.py
[2022-10-05 15:53:20,920] {processor.py:651} INFO - DAG(s) dict_keys(['tutorial_etl_dag']) retrieved from /home/airflow/.local/lib/python3.7/site-packages/airflow/example_dags/tutorial_etl_dag.py
[2022-10-05 15:53:20,954] {logging_mixin.py:115} INFO - [2022-10-05 15:53:20,954] {dag.py:2379} INFO - Sync 1 DAGs
[2022-10-05 15:53:20,975] {logging_mixin.py:115} INFO - [2022-10-05 15:53:20,974] {dag.py:2931} INFO - Setting next_dagrun for tutorial_etl_dag to None, run_after=None
[2022-10-05 15:53:20,989] {processor.py:161} INFO - Processing /home/airflow/.local/lib/python3.7/site-packages/airflow/example_dags/tutorial_etl_dag.py took 0.087 seconds
[2022-10-05 15:53:51,371] {processor.py:153} INFO - Started process (PID=2348) to work on /home/airflow/.local/lib/python3.7/site-packages/airflow/example_dags/tutorial_etl_dag.py
[2022-10-05 15:53:51,375] {processor.py:641} INFO - Processing file /home/airflow/.local/lib/python3.7/site-packages/airflow/example_dags/tutorial_etl_dag.py for tasks to queue
[2022-10-05 15:53:51,378] {logging_mixin.py:115} INFO - [2022-10-05 15:53:51,378] {dagbag.py:507} INFO - Filling up the DagBag from /home/airflow/.local/lib/python3.7/site-packages/airflow/example_dags/tutorial_etl_dag.py
[2022-10-05 15:53:51,391] {processor.py:651} INFO - DAG(s) dict_keys(['tutorial_etl_dag']) retrieved from /home/airflow/.local/lib/python3.7/site-packages/airflow/example_dags/tutorial_etl_dag.py
[2022-10-05 15:53:51,442] {logging_mixin.py:115} INFO - [2022-10-05 15:53:51,441] {dag.py:2379} INFO - Sync 1 DAGs
[2022-10-05 15:53:51,466] {logging_mixin.py:115} INFO - [2022-10-05 15:53:51,466] {dag.py:2931} INFO - Setting next_dagrun for tutorial_etl_dag to None, run_after=None
[2022-10-05 15:53:51,480] {processor.py:161} INFO - Processing /home/airflow/.local/lib/python3.7/site-packages/airflow/example_dags/tutorial_etl_dag.py took 0.114 seconds
[2022-10-05 16:01:51,653] {processor.py:153} INFO - Started process (PID=2381) to work on /home/airflow/.local/lib/python3.7/site-packages/airflow/example_dags/tutorial_etl_dag.py
[2022-10-05 16:01:51,654] {processor.py:641} INFO - Processing file /home/airflow/.local/lib/python3.7/site-packages/airflow/example_dags/tutorial_etl_dag.py for tasks to queue
[2022-10-05 16:01:51,657] {logging_mixin.py:115} INFO - [2022-10-05 16:01:51,656] {dagbag.py:507} INFO - Filling up the DagBag from /home/airflow/.local/lib/python3.7/site-packages/airflow/example_dags/tutorial_etl_dag.py
[2022-10-05 16:01:51,677] {processor.py:651} INFO - DAG(s) dict_keys(['tutorial_etl_dag']) retrieved from /home/airflow/.local/lib/python3.7/site-packages/airflow/example_dags/tutorial_etl_dag.py
[2022-10-05 16:01:51,737] {logging_mixin.py:115} INFO - [2022-10-05 16:01:51,737] {dag.py:2379} INFO - Sync 1 DAGs
[2022-10-05 16:01:51,762] {logging_mixin.py:115} INFO - [2022-10-05 16:01:51,762] {dag.py:2931} INFO - Setting next_dagrun for tutorial_etl_dag to None, run_after=None
[2022-10-05 16:01:51,778] {processor.py:161} INFO - Processing /home/airflow/.local/lib/python3.7/site-packages/airflow/example_dags/tutorial_etl_dag.py took 0.137 seconds
[2022-10-05 16:03:20,872] {processor.py:153} INFO - Started process (PID=2427) to work on /home/airflow/.local/lib/python3.7/site-packages/airflow/example_dags/tutorial_etl_dag.py
[2022-10-05 16:03:20,875] {processor.py:641} INFO - Processing file /home/airflow/.local/lib/python3.7/site-packages/airflow/example_dags/tutorial_etl_dag.py for tasks to queue
[2022-10-05 16:03:20,877] {logging_mixin.py:115} INFO - [2022-10-05 16:03:20,877] {dagbag.py:507} INFO - Filling up the DagBag from /home/airflow/.local/lib/python3.7/site-packages/airflow/example_dags/tutorial_etl_dag.py
[2022-10-05 16:03:20,889] {processor.py:651} INFO - DAG(s) dict_keys(['tutorial_etl_dag']) retrieved from /home/airflow/.local/lib/python3.7/site-packages/airflow/example_dags/tutorial_etl_dag.py
[2022-10-05 16:03:20,921] {logging_mixin.py:115} INFO - [2022-10-05 16:03:20,921] {dag.py:2379} INFO - Sync 1 DAGs
[2022-10-05 16:03:20,947] {logging_mixin.py:115} INFO - [2022-10-05 16:03:20,947] {dag.py:2931} INFO - Setting next_dagrun for tutorial_etl_dag to None, run_after=None
[2022-10-05 16:03:20,962] {processor.py:161} INFO - Processing /home/airflow/.local/lib/python3.7/site-packages/airflow/example_dags/tutorial_etl_dag.py took 0.100 seconds
[2022-10-05 16:14:14,352] {processor.py:153} INFO - Started process (PID=2466) to work on /home/airflow/.local/lib/python3.7/site-packages/airflow/example_dags/tutorial_etl_dag.py
[2022-10-05 16:14:14,354] {processor.py:641} INFO - Processing file /home/airflow/.local/lib/python3.7/site-packages/airflow/example_dags/tutorial_etl_dag.py for tasks to queue
[2022-10-05 16:14:14,362] {logging_mixin.py:115} INFO - [2022-10-05 16:14:14,362] {dagbag.py:507} INFO - Filling up the DagBag from /home/airflow/.local/lib/python3.7/site-packages/airflow/example_dags/tutorial_etl_dag.py
[2022-10-05 16:14:14,383] {processor.py:651} INFO - DAG(s) dict_keys(['tutorial_etl_dag']) retrieved from /home/airflow/.local/lib/python3.7/site-packages/airflow/example_dags/tutorial_etl_dag.py
[2022-10-05 16:14:14,445] {logging_mixin.py:115} INFO - [2022-10-05 16:14:14,445] {dag.py:2379} INFO - Sync 1 DAGs
[2022-10-05 16:14:14,468] {logging_mixin.py:115} INFO - [2022-10-05 16:14:14,468] {dag.py:2931} INFO - Setting next_dagrun for tutorial_etl_dag to None, run_after=None
[2022-10-05 16:14:14,483] {processor.py:161} INFO - Processing /home/airflow/.local/lib/python3.7/site-packages/airflow/example_dags/tutorial_etl_dag.py took 0.137 seconds
[2022-10-05 16:15:18,775] {processor.py:153} INFO - Started process (PID=2513) to work on /home/airflow/.local/lib/python3.7/site-packages/airflow/example_dags/tutorial_etl_dag.py
[2022-10-05 16:15:18,777] {processor.py:641} INFO - Processing file /home/airflow/.local/lib/python3.7/site-packages/airflow/example_dags/tutorial_etl_dag.py for tasks to queue
[2022-10-05 16:15:18,778] {logging_mixin.py:115} INFO - [2022-10-05 16:15:18,778] {dagbag.py:507} INFO - Filling up the DagBag from /home/airflow/.local/lib/python3.7/site-packages/airflow/example_dags/tutorial_etl_dag.py
[2022-10-05 16:15:18,790] {processor.py:651} INFO - DAG(s) dict_keys(['tutorial_etl_dag']) retrieved from /home/airflow/.local/lib/python3.7/site-packages/airflow/example_dags/tutorial_etl_dag.py
[2022-10-05 16:15:18,839] {logging_mixin.py:115} INFO - [2022-10-05 16:15:18,839] {dag.py:2379} INFO - Sync 1 DAGs
[2022-10-05 16:15:18,871] {logging_mixin.py:115} INFO - [2022-10-05 16:15:18,871] {dag.py:2931} INFO - Setting next_dagrun for tutorial_etl_dag to None, run_after=None
[2022-10-05 16:15:18,917] {processor.py:161} INFO - Processing /home/airflow/.local/lib/python3.7/site-packages/airflow/example_dags/tutorial_etl_dag.py took 0.148 seconds
[2022-10-05 16:16:51,323] {processor.py:153} INFO - Started process (PID=2560) to work on /home/airflow/.local/lib/python3.7/site-packages/airflow/example_dags/tutorial_etl_dag.py
[2022-10-05 16:16:51,325] {processor.py:641} INFO - Processing file /home/airflow/.local/lib/python3.7/site-packages/airflow/example_dags/tutorial_etl_dag.py for tasks to queue
[2022-10-05 16:16:51,326] {logging_mixin.py:115} INFO - [2022-10-05 16:16:51,326] {dagbag.py:507} INFO - Filling up the DagBag from /home/airflow/.local/lib/python3.7/site-packages/airflow/example_dags/tutorial_etl_dag.py
[2022-10-05 16:16:51,336] {processor.py:651} INFO - DAG(s) dict_keys(['tutorial_etl_dag']) retrieved from /home/airflow/.local/lib/python3.7/site-packages/airflow/example_dags/tutorial_etl_dag.py
[2022-10-05 16:16:51,393] {logging_mixin.py:115} INFO - [2022-10-05 16:16:51,393] {dag.py:2379} INFO - Sync 1 DAGs
[2022-10-05 16:16:51,415] {logging_mixin.py:115} INFO - [2022-10-05 16:16:51,415] {dag.py:2931} INFO - Setting next_dagrun for tutorial_etl_dag to None, run_after=None
[2022-10-05 16:16:51,427] {processor.py:161} INFO - Processing /home/airflow/.local/lib/python3.7/site-packages/airflow/example_dags/tutorial_etl_dag.py took 0.108 seconds
[2022-10-05 16:18:33,876] {processor.py:153} INFO - Started process (PID=2607) to work on /home/airflow/.local/lib/python3.7/site-packages/airflow/example_dags/tutorial_etl_dag.py
[2022-10-05 16:18:33,877] {processor.py:641} INFO - Processing file /home/airflow/.local/lib/python3.7/site-packages/airflow/example_dags/tutorial_etl_dag.py for tasks to queue
[2022-10-05 16:18:33,878] {logging_mixin.py:115} INFO - [2022-10-05 16:18:33,878] {dagbag.py:507} INFO - Filling up the DagBag from /home/airflow/.local/lib/python3.7/site-packages/airflow/example_dags/tutorial_etl_dag.py
[2022-10-05 16:18:33,897] {processor.py:651} INFO - DAG(s) dict_keys(['tutorial_etl_dag']) retrieved from /home/airflow/.local/lib/python3.7/site-packages/airflow/example_dags/tutorial_etl_dag.py
[2022-10-05 16:18:33,952] {logging_mixin.py:115} INFO - [2022-10-05 16:18:33,952] {dag.py:2379} INFO - Sync 1 DAGs
[2022-10-05 16:18:33,994] {logging_mixin.py:115} INFO - [2022-10-05 16:18:33,993] {dag.py:2931} INFO - Setting next_dagrun for tutorial_etl_dag to None, run_after=None
[2022-10-05 16:18:34,015] {processor.py:161} INFO - Processing /home/airflow/.local/lib/python3.7/site-packages/airflow/example_dags/tutorial_etl_dag.py took 0.147 seconds
[2022-10-05 18:02:52,521] {processor.py:153} INFO - Started process (PID=2655) to work on /home/airflow/.local/lib/python3.7/site-packages/airflow/example_dags/tutorial_etl_dag.py
[2022-10-05 18:02:52,528] {processor.py:641} INFO - Processing file /home/airflow/.local/lib/python3.7/site-packages/airflow/example_dags/tutorial_etl_dag.py for tasks to queue
[2022-10-05 18:02:52,545] {logging_mixin.py:115} INFO - [2022-10-05 18:02:52,545] {dagbag.py:507} INFO - Filling up the DagBag from /home/airflow/.local/lib/python3.7/site-packages/airflow/example_dags/tutorial_etl_dag.py
[2022-10-05 18:02:52,602] {processor.py:651} INFO - DAG(s) dict_keys(['tutorial_etl_dag']) retrieved from /home/airflow/.local/lib/python3.7/site-packages/airflow/example_dags/tutorial_etl_dag.py
[2022-10-05 18:02:52,755] {logging_mixin.py:115} INFO - [2022-10-05 18:02:52,755] {dag.py:2379} INFO - Sync 1 DAGs
[2022-10-05 18:03:12,413] {logging_mixin.py:115} INFO - [2022-10-05 18:03:12,377] {dag.py:2931} INFO - Setting next_dagrun for tutorial_etl_dag to None, run_after=None
[2022-10-05 18:03:13,095] {processor.py:161} INFO - Processing /home/airflow/.local/lib/python3.7/site-packages/airflow/example_dags/tutorial_etl_dag.py took 20.591 seconds
[2022-10-05 20:03:24,849] {processor.py:153} INFO - Started process (PID=2702) to work on /home/airflow/.local/lib/python3.7/site-packages/airflow/example_dags/tutorial_etl_dag.py
[2022-10-05 20:03:24,854] {processor.py:641} INFO - Processing file /home/airflow/.local/lib/python3.7/site-packages/airflow/example_dags/tutorial_etl_dag.py for tasks to queue
[2022-10-05 20:03:24,857] {logging_mixin.py:115} INFO - [2022-10-05 20:03:24,857] {dagbag.py:507} INFO - Filling up the DagBag from /home/airflow/.local/lib/python3.7/site-packages/airflow/example_dags/tutorial_etl_dag.py
[2022-10-05 20:03:24,882] {processor.py:651} INFO - DAG(s) dict_keys(['tutorial_etl_dag']) retrieved from /home/airflow/.local/lib/python3.7/site-packages/airflow/example_dags/tutorial_etl_dag.py
[2022-10-05 20:03:25,020] {logging_mixin.py:115} INFO - [2022-10-05 20:03:25,020] {dag.py:2379} INFO - Sync 1 DAGs
[2022-10-05 20:03:25,077] {logging_mixin.py:115} INFO - [2022-10-05 20:03:25,077] {dag.py:2931} INFO - Setting next_dagrun for tutorial_etl_dag to None, run_after=None
[2022-10-05 20:03:25,125] {processor.py:161} INFO - Processing /home/airflow/.local/lib/python3.7/site-packages/airflow/example_dags/tutorial_etl_dag.py took 0.285 seconds
