[2022-10-05 15:17:38,104] {processor.py:153} INFO - Started process (PID=102) to work on /home/airflow/.local/lib/python3.7/site-packages/airflow/example_dags/tutorial.py
[2022-10-05 15:17:38,115] {processor.py:641} INFO - Processing file /home/airflow/.local/lib/python3.7/site-packages/airflow/example_dags/tutorial.py for tasks to queue
[2022-10-05 15:17:38,123] {logging_mixin.py:115} INFO - [2022-10-05 15:17:38,122] {dagbag.py:507} INFO - Filling up the DagBag from /home/airflow/.local/lib/python3.7/site-packages/airflow/example_dags/tutorial.py
[2022-10-05 15:17:38,237] {processor.py:651} INFO - DAG(s) dict_keys(['tutorial']) retrieved from /home/airflow/.local/lib/python3.7/site-packages/airflow/example_dags/tutorial.py
[2022-10-05 15:17:39,656] {logging_mixin.py:115} INFO - [2022-10-05 15:17:39,655] {manager.py:508} INFO - Created Permission View: can delete on DAG:tutorial
[2022-10-05 15:17:40,051] {logging_mixin.py:115} INFO - [2022-10-05 15:17:40,051] {manager.py:508} INFO - Created Permission View: can edit on DAG:tutorial
[2022-10-05 15:17:40,131] {logging_mixin.py:115} INFO - [2022-10-05 15:17:40,131] {manager.py:508} INFO - Created Permission View: can read on DAG:tutorial
[2022-10-05 15:17:40,139] {logging_mixin.py:115} INFO - [2022-10-05 15:17:40,139] {dag.py:2379} INFO - Sync 1 DAGs
[2022-10-05 15:17:40,199] {logging_mixin.py:115} INFO - [2022-10-05 15:17:40,199] {dag.py:2398} INFO - Creating ORM DAG for tutorial
[2022-10-05 15:17:40,281] {logging_mixin.py:115} INFO - [2022-10-05 15:17:40,280] {dag.py:2931} INFO - Setting next_dagrun for tutorial to 2022-10-04T15:17:40.273352+00:00, run_after=2022-10-05T15:17:40.273352+00:00
[2022-10-05 15:17:40,385] {processor.py:161} INFO - Processing /home/airflow/.local/lib/python3.7/site-packages/airflow/example_dags/tutorial.py took 2.364 seconds
[2022-10-05 15:18:42,931] {processor.py:153} INFO - Started process (PID=165) to work on /home/airflow/.local/lib/python3.7/site-packages/airflow/example_dags/tutorial.py
[2022-10-05 15:18:42,983] {processor.py:641} INFO - Processing file /home/airflow/.local/lib/python3.7/site-packages/airflow/example_dags/tutorial.py for tasks to queue
[2022-10-05 15:18:43,003] {logging_mixin.py:115} INFO - [2022-10-05 15:18:43,002] {dagbag.py:507} INFO - Filling up the DagBag from /home/airflow/.local/lib/python3.7/site-packages/airflow/example_dags/tutorial.py
[2022-10-05 15:18:43,220] {processor.py:651} INFO - DAG(s) dict_keys(['tutorial']) retrieved from /home/airflow/.local/lib/python3.7/site-packages/airflow/example_dags/tutorial.py
[2022-10-05 15:18:43,957] {logging_mixin.py:115} INFO - [2022-10-05 15:18:43,956] {dag.py:2379} INFO - Sync 1 DAGs
[2022-10-05 15:18:47,104] {logging_mixin.py:115} INFO - [2022-10-05 15:18:47,086] {dag.py:2931} INFO - Setting next_dagrun for tutorial to 2022-10-04T15:18:47.085829+00:00, run_after=2022-10-05T15:18:47.085829+00:00
[2022-10-05 15:18:47,430] {processor.py:161} INFO - Processing /home/airflow/.local/lib/python3.7/site-packages/airflow/example_dags/tutorial.py took 4.693 seconds
[2022-10-05 15:19:28,158] {processor.py:153} INFO - Started process (PID=221) to work on /home/airflow/.local/lib/python3.7/site-packages/airflow/example_dags/tutorial.py
[2022-10-05 15:19:28,165] {processor.py:641} INFO - Processing file /home/airflow/.local/lib/python3.7/site-packages/airflow/example_dags/tutorial.py for tasks to queue
[2022-10-05 15:19:28,172] {logging_mixin.py:115} INFO - [2022-10-05 15:19:28,172] {dagbag.py:507} INFO - Filling up the DagBag from /home/airflow/.local/lib/python3.7/site-packages/airflow/example_dags/tutorial.py
[2022-10-05 15:19:28,214] {processor.py:651} INFO - DAG(s) dict_keys(['tutorial']) retrieved from /home/airflow/.local/lib/python3.7/site-packages/airflow/example_dags/tutorial.py
[2022-10-05 15:19:28,357] {logging_mixin.py:115} INFO - [2022-10-05 15:19:28,357] {dag.py:2379} INFO - Sync 1 DAGs
[2022-10-05 15:19:29,388] {logging_mixin.py:115} INFO - [2022-10-05 15:19:29,387] {dag.py:2931} INFO - Setting next_dagrun for tutorial to 2022-10-04T15:19:29.383867+00:00, run_after=2022-10-05T15:19:29.383867+00:00
[2022-10-05 15:19:29,519] {processor.py:161} INFO - Processing /home/airflow/.local/lib/python3.7/site-packages/airflow/example_dags/tutorial.py took 1.377 seconds
[2022-10-05 15:20:08,715] {processor.py:153} INFO - Started process (PID=269) to work on /home/airflow/.local/lib/python3.7/site-packages/airflow/example_dags/tutorial.py
[2022-10-05 15:20:08,725] {processor.py:641} INFO - Processing file /home/airflow/.local/lib/python3.7/site-packages/airflow/example_dags/tutorial.py for tasks to queue
[2022-10-05 15:20:08,730] {logging_mixin.py:115} INFO - [2022-10-05 15:20:08,729] {dagbag.py:507} INFO - Filling up the DagBag from /home/airflow/.local/lib/python3.7/site-packages/airflow/example_dags/tutorial.py
[2022-10-05 15:20:08,758] {processor.py:651} INFO - DAG(s) dict_keys(['tutorial']) retrieved from /home/airflow/.local/lib/python3.7/site-packages/airflow/example_dags/tutorial.py
[2022-10-05 15:20:08,887] {logging_mixin.py:115} INFO - [2022-10-05 15:20:08,886] {dag.py:2379} INFO - Sync 1 DAGs
[2022-10-05 15:20:09,713] {logging_mixin.py:115} INFO - [2022-10-05 15:20:09,713] {dag.py:2931} INFO - Setting next_dagrun for tutorial to 2022-10-04T15:20:09.712335+00:00, run_after=2022-10-05T15:20:09.712335+00:00
[2022-10-05 15:20:09,790] {processor.py:161} INFO - Processing /home/airflow/.local/lib/python3.7/site-packages/airflow/example_dags/tutorial.py took 1.083 seconds
[2022-10-05 15:20:47,582] {processor.py:153} INFO - Started process (PID=322) to work on /home/airflow/.local/lib/python3.7/site-packages/airflow/example_dags/tutorial.py
[2022-10-05 15:20:47,588] {processor.py:641} INFO - Processing file /home/airflow/.local/lib/python3.7/site-packages/airflow/example_dags/tutorial.py for tasks to queue
[2022-10-05 15:20:47,592] {logging_mixin.py:115} INFO - [2022-10-05 15:20:47,592] {dagbag.py:507} INFO - Filling up the DagBag from /home/airflow/.local/lib/python3.7/site-packages/airflow/example_dags/tutorial.py
[2022-10-05 15:20:47,618] {processor.py:651} INFO - DAG(s) dict_keys(['tutorial']) retrieved from /home/airflow/.local/lib/python3.7/site-packages/airflow/example_dags/tutorial.py
[2022-10-05 15:20:47,713] {logging_mixin.py:115} INFO - [2022-10-05 15:20:47,713] {dag.py:2379} INFO - Sync 1 DAGs
[2022-10-05 15:20:48,292] {logging_mixin.py:115} INFO - [2022-10-05 15:20:48,292] {dag.py:2931} INFO - Setting next_dagrun for tutorial to 2022-10-04T15:20:48.291060+00:00, run_after=2022-10-05T15:20:48.291060+00:00
[2022-10-05 15:20:48,343] {processor.py:161} INFO - Processing /home/airflow/.local/lib/python3.7/site-packages/airflow/example_dags/tutorial.py took 0.772 seconds
[2022-10-05 15:21:31,543] {processor.py:153} INFO - Started process (PID=376) to work on /home/airflow/.local/lib/python3.7/site-packages/airflow/example_dags/tutorial.py
[2022-10-05 15:21:31,548] {processor.py:641} INFO - Processing file /home/airflow/.local/lib/python3.7/site-packages/airflow/example_dags/tutorial.py for tasks to queue
[2022-10-05 15:21:31,552] {logging_mixin.py:115} INFO - [2022-10-05 15:21:31,552] {dagbag.py:507} INFO - Filling up the DagBag from /home/airflow/.local/lib/python3.7/site-packages/airflow/example_dags/tutorial.py
[2022-10-05 15:21:31,585] {processor.py:651} INFO - DAG(s) dict_keys(['tutorial']) retrieved from /home/airflow/.local/lib/python3.7/site-packages/airflow/example_dags/tutorial.py
[2022-10-05 15:21:31,754] {logging_mixin.py:115} INFO - [2022-10-05 15:21:31,753] {dag.py:2379} INFO - Sync 1 DAGs
[2022-10-05 15:21:32,595] {logging_mixin.py:115} INFO - [2022-10-05 15:21:32,595] {dag.py:2931} INFO - Setting next_dagrun for tutorial to 2022-10-04T15:21:32.594354+00:00, run_after=2022-10-05T15:21:32.594354+00:00
[2022-10-05 15:21:32,650] {processor.py:161} INFO - Processing /home/airflow/.local/lib/python3.7/site-packages/airflow/example_dags/tutorial.py took 1.124 seconds
[2022-10-05 15:22:02,984] {processor.py:153} INFO - Started process (PID=431) to work on /home/airflow/.local/lib/python3.7/site-packages/airflow/example_dags/tutorial.py
[2022-10-05 15:22:02,993] {processor.py:641} INFO - Processing file /home/airflow/.local/lib/python3.7/site-packages/airflow/example_dags/tutorial.py for tasks to queue
[2022-10-05 15:22:03,012] {logging_mixin.py:115} INFO - [2022-10-05 15:22:03,011] {dagbag.py:507} INFO - Filling up the DagBag from /home/airflow/.local/lib/python3.7/site-packages/airflow/example_dags/tutorial.py
[2022-10-05 15:22:03,029] {processor.py:651} INFO - DAG(s) dict_keys(['tutorial']) retrieved from /home/airflow/.local/lib/python3.7/site-packages/airflow/example_dags/tutorial.py
[2022-10-05 15:22:03,086] {logging_mixin.py:115} INFO - [2022-10-05 15:22:03,086] {dag.py:2379} INFO - Sync 1 DAGs
[2022-10-05 15:22:03,317] {logging_mixin.py:115} INFO - [2022-10-05 15:22:03,317] {dag.py:2931} INFO - Setting next_dagrun for tutorial to 2022-10-04T15:22:03.317405+00:00, run_after=2022-10-05T15:22:03.317405+00:00
[2022-10-05 15:22:03,336] {processor.py:161} INFO - Processing /home/airflow/.local/lib/python3.7/site-packages/airflow/example_dags/tutorial.py took 0.358 seconds
[2022-10-05 15:22:33,670] {processor.py:153} INFO - Started process (PID=495) to work on /home/airflow/.local/lib/python3.7/site-packages/airflow/example_dags/tutorial.py
[2022-10-05 15:22:33,673] {processor.py:641} INFO - Processing file /home/airflow/.local/lib/python3.7/site-packages/airflow/example_dags/tutorial.py for tasks to queue
[2022-10-05 15:22:33,676] {logging_mixin.py:115} INFO - [2022-10-05 15:22:33,675] {dagbag.py:507} INFO - Filling up the DagBag from /home/airflow/.local/lib/python3.7/site-packages/airflow/example_dags/tutorial.py
[2022-10-05 15:22:33,690] {processor.py:651} INFO - DAG(s) dict_keys(['tutorial']) retrieved from /home/airflow/.local/lib/python3.7/site-packages/airflow/example_dags/tutorial.py
[2022-10-05 15:22:33,740] {logging_mixin.py:115} INFO - [2022-10-05 15:22:33,740] {dag.py:2379} INFO - Sync 1 DAGs
[2022-10-05 15:22:33,972] {logging_mixin.py:115} INFO - [2022-10-05 15:22:33,971] {dag.py:2931} INFO - Setting next_dagrun for tutorial to 2022-10-04T15:22:33.971648+00:00, run_after=2022-10-05T15:22:33.971648+00:00
[2022-10-05 15:22:33,993] {processor.py:161} INFO - Processing /home/airflow/.local/lib/python3.7/site-packages/airflow/example_dags/tutorial.py took 0.332 seconds
[2022-10-05 15:23:04,178] {processor.py:153} INFO - Started process (PID=549) to work on /home/airflow/.local/lib/python3.7/site-packages/airflow/example_dags/tutorial.py
[2022-10-05 15:23:04,180] {processor.py:641} INFO - Processing file /home/airflow/.local/lib/python3.7/site-packages/airflow/example_dags/tutorial.py for tasks to queue
[2022-10-05 15:23:04,182] {logging_mixin.py:115} INFO - [2022-10-05 15:23:04,182] {dagbag.py:507} INFO - Filling up the DagBag from /home/airflow/.local/lib/python3.7/site-packages/airflow/example_dags/tutorial.py
[2022-10-05 15:23:04,194] {processor.py:651} INFO - DAG(s) dict_keys(['tutorial']) retrieved from /home/airflow/.local/lib/python3.7/site-packages/airflow/example_dags/tutorial.py
[2022-10-05 15:23:04,256] {logging_mixin.py:115} INFO - [2022-10-05 15:23:04,256] {dag.py:2379} INFO - Sync 1 DAGs
[2022-10-05 15:23:04,621] {logging_mixin.py:115} INFO - [2022-10-05 15:23:04,620] {dag.py:2931} INFO - Setting next_dagrun for tutorial to 2022-10-04T15:23:04.619336+00:00, run_after=2022-10-05T15:23:04.619336+00:00
[2022-10-05 15:23:04,674] {processor.py:161} INFO - Processing /home/airflow/.local/lib/python3.7/site-packages/airflow/example_dags/tutorial.py took 0.503 seconds
[2022-10-05 15:23:34,865] {processor.py:153} INFO - Started process (PID=605) to work on /home/airflow/.local/lib/python3.7/site-packages/airflow/example_dags/tutorial.py
[2022-10-05 15:23:34,876] {processor.py:641} INFO - Processing file /home/airflow/.local/lib/python3.7/site-packages/airflow/example_dags/tutorial.py for tasks to queue
[2022-10-05 15:23:34,890] {logging_mixin.py:115} INFO - [2022-10-05 15:23:34,890] {dagbag.py:507} INFO - Filling up the DagBag from /home/airflow/.local/lib/python3.7/site-packages/airflow/example_dags/tutorial.py
[2022-10-05 15:23:34,921] {processor.py:651} INFO - DAG(s) dict_keys(['tutorial']) retrieved from /home/airflow/.local/lib/python3.7/site-packages/airflow/example_dags/tutorial.py
[2022-10-05 15:23:35,027] {logging_mixin.py:115} INFO - [2022-10-05 15:23:35,027] {dag.py:2379} INFO - Sync 1 DAGs
[2022-10-05 15:23:35,412] {logging_mixin.py:115} INFO - [2022-10-05 15:23:35,412] {dag.py:2931} INFO - Setting next_dagrun for tutorial to 2022-10-04T15:23:35.411541+00:00, run_after=2022-10-05T15:23:35.411541+00:00
[2022-10-05 15:23:35,452] {processor.py:161} INFO - Processing /home/airflow/.local/lib/python3.7/site-packages/airflow/example_dags/tutorial.py took 0.598 seconds
[2022-10-05 15:24:05,807] {processor.py:153} INFO - Started process (PID=663) to work on /home/airflow/.local/lib/python3.7/site-packages/airflow/example_dags/tutorial.py
[2022-10-05 15:24:05,810] {processor.py:641} INFO - Processing file /home/airflow/.local/lib/python3.7/site-packages/airflow/example_dags/tutorial.py for tasks to queue
[2022-10-05 15:24:05,812] {logging_mixin.py:115} INFO - [2022-10-05 15:24:05,812] {dagbag.py:507} INFO - Filling up the DagBag from /home/airflow/.local/lib/python3.7/site-packages/airflow/example_dags/tutorial.py
[2022-10-05 15:24:05,826] {processor.py:651} INFO - DAG(s) dict_keys(['tutorial']) retrieved from /home/airflow/.local/lib/python3.7/site-packages/airflow/example_dags/tutorial.py
[2022-10-05 15:24:05,880] {logging_mixin.py:115} INFO - [2022-10-05 15:24:05,880] {dag.py:2379} INFO - Sync 1 DAGs
[2022-10-05 15:24:06,179] {logging_mixin.py:115} INFO - [2022-10-05 15:24:06,179] {dag.py:2931} INFO - Setting next_dagrun for tutorial to 2022-10-04T15:24:06.178882+00:00, run_after=2022-10-05T15:24:06.178882+00:00
[2022-10-05 15:24:06,208] {processor.py:161} INFO - Processing /home/airflow/.local/lib/python3.7/site-packages/airflow/example_dags/tutorial.py took 0.407 seconds
[2022-10-05 15:24:36,342] {processor.py:153} INFO - Started process (PID=726) to work on /home/airflow/.local/lib/python3.7/site-packages/airflow/example_dags/tutorial.py
[2022-10-05 15:24:36,345] {processor.py:641} INFO - Processing file /home/airflow/.local/lib/python3.7/site-packages/airflow/example_dags/tutorial.py for tasks to queue
[2022-10-05 15:24:36,348] {logging_mixin.py:115} INFO - [2022-10-05 15:24:36,348] {dagbag.py:507} INFO - Filling up the DagBag from /home/airflow/.local/lib/python3.7/site-packages/airflow/example_dags/tutorial.py
[2022-10-05 15:24:36,364] {processor.py:651} INFO - DAG(s) dict_keys(['tutorial']) retrieved from /home/airflow/.local/lib/python3.7/site-packages/airflow/example_dags/tutorial.py
[2022-10-05 15:24:36,414] {logging_mixin.py:115} INFO - [2022-10-05 15:24:36,414] {dag.py:2379} INFO - Sync 1 DAGs
[2022-10-05 15:24:36,625] {logging_mixin.py:115} INFO - [2022-10-05 15:24:36,624] {dag.py:2931} INFO - Setting next_dagrun for tutorial to 2022-10-04T15:24:36.624654+00:00, run_after=2022-10-05T15:24:36.624654+00:00
[2022-10-05 15:24:36,649] {processor.py:161} INFO - Processing /home/airflow/.local/lib/python3.7/site-packages/airflow/example_dags/tutorial.py took 0.316 seconds
[2022-10-05 15:25:07,046] {processor.py:153} INFO - Started process (PID=781) to work on /home/airflow/.local/lib/python3.7/site-packages/airflow/example_dags/tutorial.py
[2022-10-05 15:25:07,048] {processor.py:641} INFO - Processing file /home/airflow/.local/lib/python3.7/site-packages/airflow/example_dags/tutorial.py for tasks to queue
[2022-10-05 15:25:07,050] {logging_mixin.py:115} INFO - [2022-10-05 15:25:07,049] {dagbag.py:507} INFO - Filling up the DagBag from /home/airflow/.local/lib/python3.7/site-packages/airflow/example_dags/tutorial.py
[2022-10-05 15:25:07,061] {processor.py:651} INFO - DAG(s) dict_keys(['tutorial']) retrieved from /home/airflow/.local/lib/python3.7/site-packages/airflow/example_dags/tutorial.py
[2022-10-05 15:25:07,111] {logging_mixin.py:115} INFO - [2022-10-05 15:25:07,111] {dag.py:2379} INFO - Sync 1 DAGs
[2022-10-05 15:25:07,341] {logging_mixin.py:115} INFO - [2022-10-05 15:25:07,341] {dag.py:2931} INFO - Setting next_dagrun for tutorial to 2022-10-04T15:25:07.340751+00:00, run_after=2022-10-05T15:25:07.340751+00:00
[2022-10-05 15:25:07,363] {processor.py:161} INFO - Processing /home/airflow/.local/lib/python3.7/site-packages/airflow/example_dags/tutorial.py took 0.323 seconds
[2022-10-05 15:25:37,861] {processor.py:153} INFO - Started process (PID=844) to work on /home/airflow/.local/lib/python3.7/site-packages/airflow/example_dags/tutorial.py
[2022-10-05 15:25:37,863] {processor.py:641} INFO - Processing file /home/airflow/.local/lib/python3.7/site-packages/airflow/example_dags/tutorial.py for tasks to queue
[2022-10-05 15:25:37,865] {logging_mixin.py:115} INFO - [2022-10-05 15:25:37,865] {dagbag.py:507} INFO - Filling up the DagBag from /home/airflow/.local/lib/python3.7/site-packages/airflow/example_dags/tutorial.py
[2022-10-05 15:25:37,878] {processor.py:651} INFO - DAG(s) dict_keys(['tutorial']) retrieved from /home/airflow/.local/lib/python3.7/site-packages/airflow/example_dags/tutorial.py
[2022-10-05 15:25:37,933] {logging_mixin.py:115} INFO - [2022-10-05 15:25:37,932] {dag.py:2379} INFO - Sync 1 DAGs
[2022-10-05 15:25:38,197] {logging_mixin.py:115} INFO - [2022-10-05 15:25:38,196] {dag.py:2931} INFO - Setting next_dagrun for tutorial to 2022-10-04T15:25:38.196239+00:00, run_after=2022-10-05T15:25:38.196239+00:00
[2022-10-05 15:25:38,219] {processor.py:161} INFO - Processing /home/airflow/.local/lib/python3.7/site-packages/airflow/example_dags/tutorial.py took 0.367 seconds
[2022-10-05 15:26:08,890] {processor.py:153} INFO - Started process (PID=898) to work on /home/airflow/.local/lib/python3.7/site-packages/airflow/example_dags/tutorial.py
[2022-10-05 15:26:08,892] {processor.py:641} INFO - Processing file /home/airflow/.local/lib/python3.7/site-packages/airflow/example_dags/tutorial.py for tasks to queue
[2022-10-05 15:26:08,894] {logging_mixin.py:115} INFO - [2022-10-05 15:26:08,894] {dagbag.py:507} INFO - Filling up the DagBag from /home/airflow/.local/lib/python3.7/site-packages/airflow/example_dags/tutorial.py
[2022-10-05 15:26:08,904] {processor.py:651} INFO - DAG(s) dict_keys(['tutorial']) retrieved from /home/airflow/.local/lib/python3.7/site-packages/airflow/example_dags/tutorial.py
[2022-10-05 15:26:08,943] {logging_mixin.py:115} INFO - [2022-10-05 15:26:08,943] {dag.py:2379} INFO - Sync 1 DAGs
[2022-10-05 15:26:09,150] {logging_mixin.py:115} INFO - [2022-10-05 15:26:09,150] {dag.py:2931} INFO - Setting next_dagrun for tutorial to 2022-10-04T15:26:09.150334+00:00, run_after=2022-10-05T15:26:09.150334+00:00
[2022-10-05 15:26:09,167] {processor.py:161} INFO - Processing /home/airflow/.local/lib/python3.7/site-packages/airflow/example_dags/tutorial.py took 0.284 seconds
[2022-10-05 15:26:39,717] {processor.py:153} INFO - Started process (PID=962) to work on /home/airflow/.local/lib/python3.7/site-packages/airflow/example_dags/tutorial.py
[2022-10-05 15:26:39,720] {processor.py:641} INFO - Processing file /home/airflow/.local/lib/python3.7/site-packages/airflow/example_dags/tutorial.py for tasks to queue
[2022-10-05 15:26:39,721] {logging_mixin.py:115} INFO - [2022-10-05 15:26:39,721] {dagbag.py:507} INFO - Filling up the DagBag from /home/airflow/.local/lib/python3.7/site-packages/airflow/example_dags/tutorial.py
[2022-10-05 15:26:39,733] {processor.py:651} INFO - DAG(s) dict_keys(['tutorial']) retrieved from /home/airflow/.local/lib/python3.7/site-packages/airflow/example_dags/tutorial.py
[2022-10-05 15:26:39,782] {logging_mixin.py:115} INFO - [2022-10-05 15:26:39,782] {dag.py:2379} INFO - Sync 1 DAGs
[2022-10-05 15:26:39,979] {logging_mixin.py:115} INFO - [2022-10-05 15:26:39,979] {dag.py:2931} INFO - Setting next_dagrun for tutorial to 2022-10-04T15:26:39.979153+00:00, run_after=2022-10-05T15:26:39.979153+00:00
[2022-10-05 15:26:39,997] {processor.py:161} INFO - Processing /home/airflow/.local/lib/python3.7/site-packages/airflow/example_dags/tutorial.py took 0.286 seconds
[2022-10-05 15:27:10,557] {processor.py:153} INFO - Started process (PID=1018) to work on /home/airflow/.local/lib/python3.7/site-packages/airflow/example_dags/tutorial.py
[2022-10-05 15:27:10,561] {processor.py:641} INFO - Processing file /home/airflow/.local/lib/python3.7/site-packages/airflow/example_dags/tutorial.py for tasks to queue
[2022-10-05 15:27:10,564] {logging_mixin.py:115} INFO - [2022-10-05 15:27:10,564] {dagbag.py:507} INFO - Filling up the DagBag from /home/airflow/.local/lib/python3.7/site-packages/airflow/example_dags/tutorial.py
[2022-10-05 15:27:10,580] {processor.py:651} INFO - DAG(s) dict_keys(['tutorial']) retrieved from /home/airflow/.local/lib/python3.7/site-packages/airflow/example_dags/tutorial.py
[2022-10-05 15:27:10,627] {logging_mixin.py:115} INFO - [2022-10-05 15:27:10,626] {dag.py:2379} INFO - Sync 1 DAGs
[2022-10-05 15:27:10,842] {logging_mixin.py:115} INFO - [2022-10-05 15:27:10,842] {dag.py:2931} INFO - Setting next_dagrun for tutorial to 2022-10-04T15:27:10.842328+00:00, run_after=2022-10-05T15:27:10.842328+00:00
[2022-10-05 15:27:10,862] {processor.py:161} INFO - Processing /home/airflow/.local/lib/python3.7/site-packages/airflow/example_dags/tutorial.py took 0.316 seconds
[2022-10-05 15:27:40,971] {processor.py:153} INFO - Started process (PID=1083) to work on /home/airflow/.local/lib/python3.7/site-packages/airflow/example_dags/tutorial.py
[2022-10-05 15:27:40,974] {processor.py:641} INFO - Processing file /home/airflow/.local/lib/python3.7/site-packages/airflow/example_dags/tutorial.py for tasks to queue
[2022-10-05 15:27:40,975] {logging_mixin.py:115} INFO - [2022-10-05 15:27:40,975] {dagbag.py:507} INFO - Filling up the DagBag from /home/airflow/.local/lib/python3.7/site-packages/airflow/example_dags/tutorial.py
[2022-10-05 15:27:40,989] {processor.py:651} INFO - DAG(s) dict_keys(['tutorial']) retrieved from /home/airflow/.local/lib/python3.7/site-packages/airflow/example_dags/tutorial.py
[2022-10-05 15:27:41,037] {logging_mixin.py:115} INFO - [2022-10-05 15:27:41,037] {dag.py:2379} INFO - Sync 1 DAGs
[2022-10-05 15:27:41,251] {logging_mixin.py:115} INFO - [2022-10-05 15:27:41,251] {dag.py:2931} INFO - Setting next_dagrun for tutorial to 2022-10-04T15:27:41.251302+00:00, run_after=2022-10-05T15:27:41.251302+00:00
[2022-10-05 15:27:41,294] {processor.py:161} INFO - Processing /home/airflow/.local/lib/python3.7/site-packages/airflow/example_dags/tutorial.py took 0.329 seconds
[2022-10-05 15:28:11,992] {processor.py:153} INFO - Started process (PID=1140) to work on /home/airflow/.local/lib/python3.7/site-packages/airflow/example_dags/tutorial.py
[2022-10-05 15:28:11,994] {processor.py:641} INFO - Processing file /home/airflow/.local/lib/python3.7/site-packages/airflow/example_dags/tutorial.py for tasks to queue
[2022-10-05 15:28:11,996] {logging_mixin.py:115} INFO - [2022-10-05 15:28:11,996] {dagbag.py:507} INFO - Filling up the DagBag from /home/airflow/.local/lib/python3.7/site-packages/airflow/example_dags/tutorial.py
[2022-10-05 15:28:12,013] {processor.py:651} INFO - DAG(s) dict_keys(['tutorial']) retrieved from /home/airflow/.local/lib/python3.7/site-packages/airflow/example_dags/tutorial.py
[2022-10-05 15:28:12,076] {logging_mixin.py:115} INFO - [2022-10-05 15:28:12,075] {dag.py:2379} INFO - Sync 1 DAGs
[2022-10-05 15:28:12,357] {logging_mixin.py:115} INFO - [2022-10-05 15:28:12,357] {dag.py:2931} INFO - Setting next_dagrun for tutorial to 2022-10-04T15:28:12.357073+00:00, run_after=2022-10-05T15:28:12.357073+00:00
[2022-10-05 15:28:12,383] {processor.py:161} INFO - Processing /home/airflow/.local/lib/python3.7/site-packages/airflow/example_dags/tutorial.py took 0.401 seconds
[2022-10-05 15:28:42,863] {processor.py:153} INFO - Started process (PID=1205) to work on /home/airflow/.local/lib/python3.7/site-packages/airflow/example_dags/tutorial.py
[2022-10-05 15:28:42,866] {processor.py:641} INFO - Processing file /home/airflow/.local/lib/python3.7/site-packages/airflow/example_dags/tutorial.py for tasks to queue
[2022-10-05 15:28:42,869] {logging_mixin.py:115} INFO - [2022-10-05 15:28:42,868] {dagbag.py:507} INFO - Filling up the DagBag from /home/airflow/.local/lib/python3.7/site-packages/airflow/example_dags/tutorial.py
[2022-10-05 15:28:42,907] {processor.py:651} INFO - DAG(s) dict_keys(['tutorial']) retrieved from /home/airflow/.local/lib/python3.7/site-packages/airflow/example_dags/tutorial.py
[2022-10-05 15:28:43,028] {logging_mixin.py:115} INFO - [2022-10-05 15:28:43,028] {dag.py:2379} INFO - Sync 1 DAGs
[2022-10-05 15:28:43,399] {logging_mixin.py:115} INFO - [2022-10-05 15:28:43,399] {dag.py:2931} INFO - Setting next_dagrun for tutorial to 2022-10-04T15:28:43.398860+00:00, run_after=2022-10-05T15:28:43.398860+00:00
[2022-10-05 15:28:43,425] {processor.py:161} INFO - Processing /home/airflow/.local/lib/python3.7/site-packages/airflow/example_dags/tutorial.py took 0.578 seconds
[2022-10-05 15:29:13,703] {processor.py:153} INFO - Started process (PID=1261) to work on /home/airflow/.local/lib/python3.7/site-packages/airflow/example_dags/tutorial.py
[2022-10-05 15:29:13,706] {processor.py:641} INFO - Processing file /home/airflow/.local/lib/python3.7/site-packages/airflow/example_dags/tutorial.py for tasks to queue
[2022-10-05 15:29:13,708] {logging_mixin.py:115} INFO - [2022-10-05 15:29:13,708] {dagbag.py:507} INFO - Filling up the DagBag from /home/airflow/.local/lib/python3.7/site-packages/airflow/example_dags/tutorial.py
[2022-10-05 15:29:13,724] {processor.py:651} INFO - DAG(s) dict_keys(['tutorial']) retrieved from /home/airflow/.local/lib/python3.7/site-packages/airflow/example_dags/tutorial.py
[2022-10-05 15:29:13,801] {logging_mixin.py:115} INFO - [2022-10-05 15:29:13,801] {dag.py:2379} INFO - Sync 1 DAGs
[2022-10-05 15:29:14,094] {logging_mixin.py:115} INFO - [2022-10-05 15:29:14,094] {dag.py:2931} INFO - Setting next_dagrun for tutorial to 2022-10-04T15:29:14.094037+00:00, run_after=2022-10-05T15:29:14.094037+00:00
[2022-10-05 15:29:14,116] {processor.py:161} INFO - Processing /home/airflow/.local/lib/python3.7/site-packages/airflow/example_dags/tutorial.py took 0.420 seconds
[2022-10-05 15:29:44,371] {processor.py:153} INFO - Started process (PID=1317) to work on /home/airflow/.local/lib/python3.7/site-packages/airflow/example_dags/tutorial.py
[2022-10-05 15:29:44,373] {processor.py:641} INFO - Processing file /home/airflow/.local/lib/python3.7/site-packages/airflow/example_dags/tutorial.py for tasks to queue
[2022-10-05 15:29:44,375] {logging_mixin.py:115} INFO - [2022-10-05 15:29:44,375] {dagbag.py:507} INFO - Filling up the DagBag from /home/airflow/.local/lib/python3.7/site-packages/airflow/example_dags/tutorial.py
[2022-10-05 15:29:44,387] {processor.py:651} INFO - DAG(s) dict_keys(['tutorial']) retrieved from /home/airflow/.local/lib/python3.7/site-packages/airflow/example_dags/tutorial.py
[2022-10-05 15:29:44,433] {logging_mixin.py:115} INFO - [2022-10-05 15:29:44,433] {dag.py:2379} INFO - Sync 1 DAGs
[2022-10-05 15:29:44,642] {logging_mixin.py:115} INFO - [2022-10-05 15:29:44,641] {dag.py:2931} INFO - Setting next_dagrun for tutorial to 2022-10-04T15:29:44.641517+00:00, run_after=2022-10-05T15:29:44.641517+00:00
[2022-10-05 15:29:44,659] {processor.py:161} INFO - Processing /home/airflow/.local/lib/python3.7/site-packages/airflow/example_dags/tutorial.py took 0.296 seconds
[2022-10-05 15:30:15,233] {processor.py:153} INFO - Started process (PID=1382) to work on /home/airflow/.local/lib/python3.7/site-packages/airflow/example_dags/tutorial.py
[2022-10-05 15:30:15,235] {processor.py:641} INFO - Processing file /home/airflow/.local/lib/python3.7/site-packages/airflow/example_dags/tutorial.py for tasks to queue
[2022-10-05 15:30:15,237] {logging_mixin.py:115} INFO - [2022-10-05 15:30:15,237] {dagbag.py:507} INFO - Filling up the DagBag from /home/airflow/.local/lib/python3.7/site-packages/airflow/example_dags/tutorial.py
[2022-10-05 15:30:15,248] {processor.py:651} INFO - DAG(s) dict_keys(['tutorial']) retrieved from /home/airflow/.local/lib/python3.7/site-packages/airflow/example_dags/tutorial.py
[2022-10-05 15:30:15,289] {logging_mixin.py:115} INFO - [2022-10-05 15:30:15,289] {dag.py:2379} INFO - Sync 1 DAGs
[2022-10-05 15:30:15,487] {logging_mixin.py:115} INFO - [2022-10-05 15:30:15,487] {dag.py:2931} INFO - Setting next_dagrun for tutorial to 2022-10-04T15:30:15.487187+00:00, run_after=2022-10-05T15:30:15.487187+00:00
[2022-10-05 15:30:15,504] {processor.py:161} INFO - Processing /home/airflow/.local/lib/python3.7/site-packages/airflow/example_dags/tutorial.py took 0.276 seconds
[2022-10-05 15:30:45,831] {processor.py:153} INFO - Started process (PID=1447) to work on /home/airflow/.local/lib/python3.7/site-packages/airflow/example_dags/tutorial.py
[2022-10-05 15:30:45,833] {processor.py:641} INFO - Processing file /home/airflow/.local/lib/python3.7/site-packages/airflow/example_dags/tutorial.py for tasks to queue
[2022-10-05 15:30:45,835] {logging_mixin.py:115} INFO - [2022-10-05 15:30:45,835] {dagbag.py:507} INFO - Filling up the DagBag from /home/airflow/.local/lib/python3.7/site-packages/airflow/example_dags/tutorial.py
[2022-10-05 15:30:45,846] {processor.py:651} INFO - DAG(s) dict_keys(['tutorial']) retrieved from /home/airflow/.local/lib/python3.7/site-packages/airflow/example_dags/tutorial.py
[2022-10-05 15:30:45,888] {logging_mixin.py:115} INFO - [2022-10-05 15:30:45,888] {dag.py:2379} INFO - Sync 1 DAGs
[2022-10-05 15:30:46,102] {logging_mixin.py:115} INFO - [2022-10-05 15:30:46,102] {dag.py:2931} INFO - Setting next_dagrun for tutorial to 2022-10-04T15:30:46.101909+00:00, run_after=2022-10-05T15:30:46.101909+00:00
[2022-10-05 15:30:46,121] {processor.py:161} INFO - Processing /home/airflow/.local/lib/python3.7/site-packages/airflow/example_dags/tutorial.py took 0.295 seconds
[2022-10-05 15:31:16,618] {processor.py:153} INFO - Started process (PID=1501) to work on /home/airflow/.local/lib/python3.7/site-packages/airflow/example_dags/tutorial.py
[2022-10-05 15:31:16,625] {processor.py:641} INFO - Processing file /home/airflow/.local/lib/python3.7/site-packages/airflow/example_dags/tutorial.py for tasks to queue
[2022-10-05 15:31:16,630] {logging_mixin.py:115} INFO - [2022-10-05 15:31:16,629] {dagbag.py:507} INFO - Filling up the DagBag from /home/airflow/.local/lib/python3.7/site-packages/airflow/example_dags/tutorial.py
[2022-10-05 15:31:16,658] {processor.py:651} INFO - DAG(s) dict_keys(['tutorial']) retrieved from /home/airflow/.local/lib/python3.7/site-packages/airflow/example_dags/tutorial.py
[2022-10-05 15:31:16,745] {logging_mixin.py:115} INFO - [2022-10-05 15:31:16,745] {dag.py:2379} INFO - Sync 1 DAGs
[2022-10-05 15:31:17,223] {logging_mixin.py:115} INFO - [2022-10-05 15:31:17,223] {dag.py:2931} INFO - Setting next_dagrun for tutorial to 2022-10-04T15:31:17.222680+00:00, run_after=2022-10-05T15:31:17.222680+00:00
[2022-10-05 15:31:17,255] {processor.py:161} INFO - Processing /home/airflow/.local/lib/python3.7/site-packages/airflow/example_dags/tutorial.py took 0.666 seconds
[2022-10-05 15:31:47,549] {processor.py:153} INFO - Started process (PID=1558) to work on /home/airflow/.local/lib/python3.7/site-packages/airflow/example_dags/tutorial.py
[2022-10-05 15:31:47,553] {processor.py:641} INFO - Processing file /home/airflow/.local/lib/python3.7/site-packages/airflow/example_dags/tutorial.py for tasks to queue
[2022-10-05 15:31:47,559] {logging_mixin.py:115} INFO - [2022-10-05 15:31:47,558] {dagbag.py:507} INFO - Filling up the DagBag from /home/airflow/.local/lib/python3.7/site-packages/airflow/example_dags/tutorial.py
[2022-10-05 15:31:47,603] {processor.py:651} INFO - DAG(s) dict_keys(['tutorial']) retrieved from /home/airflow/.local/lib/python3.7/site-packages/airflow/example_dags/tutorial.py
[2022-10-05 15:31:47,797] {logging_mixin.py:115} INFO - [2022-10-05 15:31:47,797] {dag.py:2379} INFO - Sync 1 DAGs
[2022-10-05 15:31:48,533] {logging_mixin.py:115} INFO - [2022-10-05 15:31:48,532] {dag.py:2931} INFO - Setting next_dagrun for tutorial to 2022-10-04T15:31:48.531763+00:00, run_after=2022-10-05T15:31:48.531763+00:00
[2022-10-05 15:31:48,702] {processor.py:161} INFO - Processing /home/airflow/.local/lib/python3.7/site-packages/airflow/example_dags/tutorial.py took 1.171 seconds
[2022-10-05 15:32:18,819] {processor.py:153} INFO - Started process (PID=1614) to work on /home/airflow/.local/lib/python3.7/site-packages/airflow/example_dags/tutorial.py
[2022-10-05 15:32:18,821] {processor.py:641} INFO - Processing file /home/airflow/.local/lib/python3.7/site-packages/airflow/example_dags/tutorial.py for tasks to queue
[2022-10-05 15:32:18,824] {logging_mixin.py:115} INFO - [2022-10-05 15:32:18,823] {dagbag.py:507} INFO - Filling up the DagBag from /home/airflow/.local/lib/python3.7/site-packages/airflow/example_dags/tutorial.py
[2022-10-05 15:32:18,837] {processor.py:651} INFO - DAG(s) dict_keys(['tutorial']) retrieved from /home/airflow/.local/lib/python3.7/site-packages/airflow/example_dags/tutorial.py
[2022-10-05 15:32:18,889] {logging_mixin.py:115} INFO - [2022-10-05 15:32:18,889] {dag.py:2379} INFO - Sync 1 DAGs
[2022-10-05 15:32:19,129] {logging_mixin.py:115} INFO - [2022-10-05 15:32:19,129] {dag.py:2931} INFO - Setting next_dagrun for tutorial to 2022-10-04T15:32:19.128733+00:00, run_after=2022-10-05T15:32:19.128733+00:00
[2022-10-05 15:32:19,161] {processor.py:161} INFO - Processing /home/airflow/.local/lib/python3.7/site-packages/airflow/example_dags/tutorial.py took 0.349 seconds
[2022-10-05 15:32:49,703] {processor.py:153} INFO - Started process (PID=1671) to work on /home/airflow/.local/lib/python3.7/site-packages/airflow/example_dags/tutorial.py
[2022-10-05 15:32:49,705] {processor.py:641} INFO - Processing file /home/airflow/.local/lib/python3.7/site-packages/airflow/example_dags/tutorial.py for tasks to queue
[2022-10-05 15:32:49,706] {logging_mixin.py:115} INFO - [2022-10-05 15:32:49,706] {dagbag.py:507} INFO - Filling up the DagBag from /home/airflow/.local/lib/python3.7/site-packages/airflow/example_dags/tutorial.py
[2022-10-05 15:32:49,726] {processor.py:651} INFO - DAG(s) dict_keys(['tutorial']) retrieved from /home/airflow/.local/lib/python3.7/site-packages/airflow/example_dags/tutorial.py
[2022-10-05 15:32:49,769] {logging_mixin.py:115} INFO - [2022-10-05 15:32:49,769] {dag.py:2379} INFO - Sync 1 DAGs
[2022-10-05 15:32:49,945] {logging_mixin.py:115} INFO - [2022-10-05 15:32:49,945] {dag.py:2931} INFO - Setting next_dagrun for tutorial to 2022-10-04T15:32:49.945230+00:00, run_after=2022-10-05T15:32:49.945230+00:00
[2022-10-05 15:32:49,958] {processor.py:161} INFO - Processing /home/airflow/.local/lib/python3.7/site-packages/airflow/example_dags/tutorial.py took 0.261 seconds
[2022-10-05 15:33:20,080] {processor.py:153} INFO - Started process (PID=1735) to work on /home/airflow/.local/lib/python3.7/site-packages/airflow/example_dags/tutorial.py
[2022-10-05 15:33:20,084] {processor.py:641} INFO - Processing file /home/airflow/.local/lib/python3.7/site-packages/airflow/example_dags/tutorial.py for tasks to queue
[2022-10-05 15:33:20,090] {logging_mixin.py:115} INFO - [2022-10-05 15:33:20,089] {dagbag.py:507} INFO - Filling up the DagBag from /home/airflow/.local/lib/python3.7/site-packages/airflow/example_dags/tutorial.py
[2022-10-05 15:33:20,101] {processor.py:651} INFO - DAG(s) dict_keys(['tutorial']) retrieved from /home/airflow/.local/lib/python3.7/site-packages/airflow/example_dags/tutorial.py
[2022-10-05 15:33:20,175] {logging_mixin.py:115} INFO - [2022-10-05 15:33:20,175] {dag.py:2379} INFO - Sync 1 DAGs
[2022-10-05 15:33:20,364] {logging_mixin.py:115} INFO - [2022-10-05 15:33:20,364] {dag.py:2931} INFO - Setting next_dagrun for tutorial to 2022-10-04T15:33:20.363755+00:00, run_after=2022-10-05T15:33:20.363755+00:00
[2022-10-05 15:33:20,380] {processor.py:161} INFO - Processing /home/airflow/.local/lib/python3.7/site-packages/airflow/example_dags/tutorial.py took 0.305 seconds
[2022-10-05 15:33:50,584] {processor.py:153} INFO - Started process (PID=1790) to work on /home/airflow/.local/lib/python3.7/site-packages/airflow/example_dags/tutorial.py
[2022-10-05 15:33:50,586] {processor.py:641} INFO - Processing file /home/airflow/.local/lib/python3.7/site-packages/airflow/example_dags/tutorial.py for tasks to queue
[2022-10-05 15:33:50,587] {logging_mixin.py:115} INFO - [2022-10-05 15:33:50,587] {dagbag.py:507} INFO - Filling up the DagBag from /home/airflow/.local/lib/python3.7/site-packages/airflow/example_dags/tutorial.py
[2022-10-05 15:33:50,595] {processor.py:651} INFO - DAG(s) dict_keys(['tutorial']) retrieved from /home/airflow/.local/lib/python3.7/site-packages/airflow/example_dags/tutorial.py
[2022-10-05 15:33:50,641] {logging_mixin.py:115} INFO - [2022-10-05 15:33:50,641] {dag.py:2379} INFO - Sync 1 DAGs
[2022-10-05 15:33:50,801] {logging_mixin.py:115} INFO - [2022-10-05 15:33:50,801] {dag.py:2931} INFO - Setting next_dagrun for tutorial to 2022-10-04T15:33:50.801126+00:00, run_after=2022-10-05T15:33:50.801126+00:00
[2022-10-05 15:33:50,815] {processor.py:161} INFO - Processing /home/airflow/.local/lib/python3.7/site-packages/airflow/example_dags/tutorial.py took 0.236 seconds
[2022-10-05 15:34:21,200] {processor.py:153} INFO - Started process (PID=1855) to work on /home/airflow/.local/lib/python3.7/site-packages/airflow/example_dags/tutorial.py
[2022-10-05 15:34:21,202] {processor.py:641} INFO - Processing file /home/airflow/.local/lib/python3.7/site-packages/airflow/example_dags/tutorial.py for tasks to queue
[2022-10-05 15:34:21,204] {logging_mixin.py:115} INFO - [2022-10-05 15:34:21,203] {dagbag.py:507} INFO - Filling up the DagBag from /home/airflow/.local/lib/python3.7/site-packages/airflow/example_dags/tutorial.py
[2022-10-05 15:34:21,214] {processor.py:651} INFO - DAG(s) dict_keys(['tutorial']) retrieved from /home/airflow/.local/lib/python3.7/site-packages/airflow/example_dags/tutorial.py
[2022-10-05 15:34:21,260] {logging_mixin.py:115} INFO - [2022-10-05 15:34:21,260] {dag.py:2379} INFO - Sync 1 DAGs
[2022-10-05 15:34:21,455] {logging_mixin.py:115} INFO - [2022-10-05 15:34:21,455] {dag.py:2931} INFO - Setting next_dagrun for tutorial to 2022-10-04T15:34:21.455523+00:00, run_after=2022-10-05T15:34:21.455523+00:00
[2022-10-05 15:34:21,472] {processor.py:161} INFO - Processing /home/airflow/.local/lib/python3.7/site-packages/airflow/example_dags/tutorial.py took 0.287 seconds
[2022-10-05 15:34:51,764] {processor.py:153} INFO - Started process (PID=1919) to work on /home/airflow/.local/lib/python3.7/site-packages/airflow/example_dags/tutorial.py
[2022-10-05 15:34:51,766] {processor.py:641} INFO - Processing file /home/airflow/.local/lib/python3.7/site-packages/airflow/example_dags/tutorial.py for tasks to queue
[2022-10-05 15:34:51,768] {logging_mixin.py:115} INFO - [2022-10-05 15:34:51,768] {dagbag.py:507} INFO - Filling up the DagBag from /home/airflow/.local/lib/python3.7/site-packages/airflow/example_dags/tutorial.py
[2022-10-05 15:34:51,779] {processor.py:651} INFO - DAG(s) dict_keys(['tutorial']) retrieved from /home/airflow/.local/lib/python3.7/site-packages/airflow/example_dags/tutorial.py
[2022-10-05 15:34:51,825] {logging_mixin.py:115} INFO - [2022-10-05 15:34:51,825] {dag.py:2379} INFO - Sync 1 DAGs
[2022-10-05 15:34:52,012] {logging_mixin.py:115} INFO - [2022-10-05 15:34:52,012] {dag.py:2931} INFO - Setting next_dagrun for tutorial to 2022-10-04T15:34:52.012321+00:00, run_after=2022-10-05T15:34:52.012321+00:00
[2022-10-05 15:34:52,026] {processor.py:161} INFO - Processing /home/airflow/.local/lib/python3.7/site-packages/airflow/example_dags/tutorial.py took 0.268 seconds
[2022-10-05 15:35:22,221] {processor.py:153} INFO - Started process (PID=1974) to work on /home/airflow/.local/lib/python3.7/site-packages/airflow/example_dags/tutorial.py
[2022-10-05 15:35:22,223] {processor.py:641} INFO - Processing file /home/airflow/.local/lib/python3.7/site-packages/airflow/example_dags/tutorial.py for tasks to queue
[2022-10-05 15:35:22,225] {logging_mixin.py:115} INFO - [2022-10-05 15:35:22,225] {dagbag.py:507} INFO - Filling up the DagBag from /home/airflow/.local/lib/python3.7/site-packages/airflow/example_dags/tutorial.py
[2022-10-05 15:35:22,238] {processor.py:651} INFO - DAG(s) dict_keys(['tutorial']) retrieved from /home/airflow/.local/lib/python3.7/site-packages/airflow/example_dags/tutorial.py
[2022-10-05 15:35:22,293] {logging_mixin.py:115} INFO - [2022-10-05 15:35:22,293] {dag.py:2379} INFO - Sync 1 DAGs
[2022-10-05 15:35:22,482] {logging_mixin.py:115} INFO - [2022-10-05 15:35:22,482] {dag.py:2931} INFO - Setting next_dagrun for tutorial to 2022-10-04T15:35:22.481824+00:00, run_after=2022-10-05T15:35:22.481824+00:00
[2022-10-05 15:35:22,499] {processor.py:161} INFO - Processing /home/airflow/.local/lib/python3.7/site-packages/airflow/example_dags/tutorial.py took 0.283 seconds
[2022-10-05 15:51:17,649] {processor.py:153} INFO - Started process (PID=2036) to work on /home/airflow/.local/lib/python3.7/site-packages/airflow/example_dags/tutorial.py
[2022-10-05 15:51:17,651] {processor.py:641} INFO - Processing file /home/airflow/.local/lib/python3.7/site-packages/airflow/example_dags/tutorial.py for tasks to queue
[2022-10-05 15:51:17,653] {logging_mixin.py:115} INFO - [2022-10-05 15:51:17,652] {dagbag.py:507} INFO - Filling up the DagBag from /home/airflow/.local/lib/python3.7/site-packages/airflow/example_dags/tutorial.py
[2022-10-05 15:51:17,664] {processor.py:651} INFO - DAG(s) dict_keys(['tutorial']) retrieved from /home/airflow/.local/lib/python3.7/site-packages/airflow/example_dags/tutorial.py
[2022-10-05 15:51:17,746] {logging_mixin.py:115} INFO - [2022-10-05 15:51:17,746] {dag.py:2379} INFO - Sync 1 DAGs
[2022-10-05 15:51:17,802] {logging_mixin.py:115} INFO - [2022-10-05 15:51:17,802] {dag.py:2931} INFO - Setting next_dagrun for tutorial to 2022-10-04T15:51:17.801140+00:00, run_after=2022-10-05T15:51:17.801140+00:00
[2022-10-05 15:51:17,823] {processor.py:161} INFO - Processing /home/airflow/.local/lib/python3.7/site-packages/airflow/example_dags/tutorial.py took 0.185 seconds
[2022-10-05 15:51:48,346] {processor.py:153} INFO - Started process (PID=2092) to work on /home/airflow/.local/lib/python3.7/site-packages/airflow/example_dags/tutorial.py
[2022-10-05 15:51:48,347] {processor.py:641} INFO - Processing file /home/airflow/.local/lib/python3.7/site-packages/airflow/example_dags/tutorial.py for tasks to queue
[2022-10-05 15:51:48,349] {logging_mixin.py:115} INFO - [2022-10-05 15:51:48,349] {dagbag.py:507} INFO - Filling up the DagBag from /home/airflow/.local/lib/python3.7/site-packages/airflow/example_dags/tutorial.py
[2022-10-05 15:51:48,356] {processor.py:651} INFO - DAG(s) dict_keys(['tutorial']) retrieved from /home/airflow/.local/lib/python3.7/site-packages/airflow/example_dags/tutorial.py
[2022-10-05 15:51:48,390] {logging_mixin.py:115} INFO - [2022-10-05 15:51:48,390] {dag.py:2379} INFO - Sync 1 DAGs
[2022-10-05 15:51:48,413] {logging_mixin.py:115} INFO - [2022-10-05 15:51:48,413] {dag.py:2931} INFO - Setting next_dagrun for tutorial to 2022-10-04T15:51:48.412986+00:00, run_after=2022-10-05T15:51:48.412986+00:00
[2022-10-05 15:51:48,426] {processor.py:161} INFO - Processing /home/airflow/.local/lib/python3.7/site-packages/airflow/example_dags/tutorial.py took 0.085 seconds
[2022-10-05 15:52:18,835] {processor.py:153} INFO - Started process (PID=2157) to work on /home/airflow/.local/lib/python3.7/site-packages/airflow/example_dags/tutorial.py
[2022-10-05 15:52:18,836] {processor.py:641} INFO - Processing file /home/airflow/.local/lib/python3.7/site-packages/airflow/example_dags/tutorial.py for tasks to queue
[2022-10-05 15:52:18,838] {logging_mixin.py:115} INFO - [2022-10-05 15:52:18,837] {dagbag.py:507} INFO - Filling up the DagBag from /home/airflow/.local/lib/python3.7/site-packages/airflow/example_dags/tutorial.py
[2022-10-05 15:52:18,845] {processor.py:651} INFO - DAG(s) dict_keys(['tutorial']) retrieved from /home/airflow/.local/lib/python3.7/site-packages/airflow/example_dags/tutorial.py
[2022-10-05 15:52:18,881] {logging_mixin.py:115} INFO - [2022-10-05 15:52:18,881] {dag.py:2379} INFO - Sync 1 DAGs
[2022-10-05 15:52:18,904] {logging_mixin.py:115} INFO - [2022-10-05 15:52:18,904] {dag.py:2931} INFO - Setting next_dagrun for tutorial to 2022-10-04T15:52:18.903669+00:00, run_after=2022-10-05T15:52:18.903669+00:00
[2022-10-05 15:52:18,919] {processor.py:161} INFO - Processing /home/airflow/.local/lib/python3.7/site-packages/airflow/example_dags/tutorial.py took 0.088 seconds
[2022-10-05 15:52:49,190] {processor.py:153} INFO - Started process (PID=2222) to work on /home/airflow/.local/lib/python3.7/site-packages/airflow/example_dags/tutorial.py
[2022-10-05 15:52:49,192] {processor.py:641} INFO - Processing file /home/airflow/.local/lib/python3.7/site-packages/airflow/example_dags/tutorial.py for tasks to queue
[2022-10-05 15:52:49,194] {logging_mixin.py:115} INFO - [2022-10-05 15:52:49,193] {dagbag.py:507} INFO - Filling up the DagBag from /home/airflow/.local/lib/python3.7/site-packages/airflow/example_dags/tutorial.py
[2022-10-05 15:52:49,205] {processor.py:651} INFO - DAG(s) dict_keys(['tutorial']) retrieved from /home/airflow/.local/lib/python3.7/site-packages/airflow/example_dags/tutorial.py
[2022-10-05 15:52:49,248] {logging_mixin.py:115} INFO - [2022-10-05 15:52:49,248] {dag.py:2379} INFO - Sync 1 DAGs
[2022-10-05 15:52:49,273] {logging_mixin.py:115} INFO - [2022-10-05 15:52:49,272] {dag.py:2931} INFO - Setting next_dagrun for tutorial to 2022-10-04T15:52:49.272656+00:00, run_after=2022-10-05T15:52:49.272656+00:00
[2022-10-05 15:52:49,289] {processor.py:161} INFO - Processing /home/airflow/.local/lib/python3.7/site-packages/airflow/example_dags/tutorial.py took 0.105 seconds
[2022-10-05 15:53:19,573] {processor.py:153} INFO - Started process (PID=2278) to work on /home/airflow/.local/lib/python3.7/site-packages/airflow/example_dags/tutorial.py
[2022-10-05 15:53:19,575] {processor.py:641} INFO - Processing file /home/airflow/.local/lib/python3.7/site-packages/airflow/example_dags/tutorial.py for tasks to queue
[2022-10-05 15:53:19,576] {logging_mixin.py:115} INFO - [2022-10-05 15:53:19,576] {dagbag.py:507} INFO - Filling up the DagBag from /home/airflow/.local/lib/python3.7/site-packages/airflow/example_dags/tutorial.py
[2022-10-05 15:53:19,583] {processor.py:651} INFO - DAG(s) dict_keys(['tutorial']) retrieved from /home/airflow/.local/lib/python3.7/site-packages/airflow/example_dags/tutorial.py
[2022-10-05 15:53:19,616] {logging_mixin.py:115} INFO - [2022-10-05 15:53:19,616] {dag.py:2379} INFO - Sync 1 DAGs
[2022-10-05 15:53:19,652] {logging_mixin.py:115} INFO - [2022-10-05 15:53:19,652] {dag.py:2931} INFO - Setting next_dagrun for tutorial to 2022-10-04T15:53:19.652402+00:00, run_after=2022-10-05T15:53:19.652402+00:00
[2022-10-05 15:53:19,669] {processor.py:161} INFO - Processing /home/airflow/.local/lib/python3.7/site-packages/airflow/example_dags/tutorial.py took 0.100 seconds
[2022-10-05 15:53:50,071] {processor.py:153} INFO - Started process (PID=2343) to work on /home/airflow/.local/lib/python3.7/site-packages/airflow/example_dags/tutorial.py
[2022-10-05 15:53:50,072] {processor.py:641} INFO - Processing file /home/airflow/.local/lib/python3.7/site-packages/airflow/example_dags/tutorial.py for tasks to queue
[2022-10-05 15:53:50,073] {logging_mixin.py:115} INFO - [2022-10-05 15:53:50,073] {dagbag.py:507} INFO - Filling up the DagBag from /home/airflow/.local/lib/python3.7/site-packages/airflow/example_dags/tutorial.py
[2022-10-05 15:53:50,080] {processor.py:651} INFO - DAG(s) dict_keys(['tutorial']) retrieved from /home/airflow/.local/lib/python3.7/site-packages/airflow/example_dags/tutorial.py
[2022-10-05 15:53:50,113] {logging_mixin.py:115} INFO - [2022-10-05 15:53:50,112] {dag.py:2379} INFO - Sync 1 DAGs
[2022-10-05 15:53:50,139] {logging_mixin.py:115} INFO - [2022-10-05 15:53:50,139] {dag.py:2931} INFO - Setting next_dagrun for tutorial to 2022-10-04T15:53:50.138096+00:00, run_after=2022-10-05T15:53:50.138096+00:00
[2022-10-05 15:53:50,154] {processor.py:161} INFO - Processing /home/airflow/.local/lib/python3.7/site-packages/airflow/example_dags/tutorial.py took 0.087 seconds
[2022-10-05 16:01:51,021] {processor.py:153} INFO - Started process (PID=2376) to work on /home/airflow/.local/lib/python3.7/site-packages/airflow/example_dags/tutorial.py
[2022-10-05 16:01:51,023] {processor.py:641} INFO - Processing file /home/airflow/.local/lib/python3.7/site-packages/airflow/example_dags/tutorial.py for tasks to queue
[2022-10-05 16:01:51,025] {logging_mixin.py:115} INFO - [2022-10-05 16:01:51,025] {dagbag.py:507} INFO - Filling up the DagBag from /home/airflow/.local/lib/python3.7/site-packages/airflow/example_dags/tutorial.py
[2022-10-05 16:01:51,046] {processor.py:651} INFO - DAG(s) dict_keys(['tutorial']) retrieved from /home/airflow/.local/lib/python3.7/site-packages/airflow/example_dags/tutorial.py
[2022-10-05 16:01:51,131] {logging_mixin.py:115} INFO - [2022-10-05 16:01:51,130] {dag.py:2379} INFO - Sync 1 DAGs
[2022-10-05 16:01:51,169] {logging_mixin.py:115} INFO - [2022-10-05 16:01:51,169] {dag.py:2931} INFO - Setting next_dagrun for tutorial to 2022-10-04T16:01:51.169040+00:00, run_after=2022-10-05T16:01:51.169040+00:00
[2022-10-05 16:01:51,187] {processor.py:161} INFO - Processing /home/airflow/.local/lib/python3.7/site-packages/airflow/example_dags/tutorial.py took 0.180 seconds
[2022-10-05 16:03:20,066] {processor.py:153} INFO - Started process (PID=2422) to work on /home/airflow/.local/lib/python3.7/site-packages/airflow/example_dags/tutorial.py
[2022-10-05 16:03:20,072] {processor.py:641} INFO - Processing file /home/airflow/.local/lib/python3.7/site-packages/airflow/example_dags/tutorial.py for tasks to queue
[2022-10-05 16:03:20,074] {logging_mixin.py:115} INFO - [2022-10-05 16:03:20,074] {dagbag.py:507} INFO - Filling up the DagBag from /home/airflow/.local/lib/python3.7/site-packages/airflow/example_dags/tutorial.py
[2022-10-05 16:03:20,100] {processor.py:651} INFO - DAG(s) dict_keys(['tutorial']) retrieved from /home/airflow/.local/lib/python3.7/site-packages/airflow/example_dags/tutorial.py
[2022-10-05 16:03:20,184] {logging_mixin.py:115} INFO - [2022-10-05 16:03:20,184] {dag.py:2379} INFO - Sync 1 DAGs
[2022-10-05 16:03:20,227] {logging_mixin.py:115} INFO - [2022-10-05 16:03:20,226] {dag.py:2931} INFO - Setting next_dagrun for tutorial to 2022-10-04T16:03:20.226283+00:00, run_after=2022-10-05T16:03:20.226283+00:00
[2022-10-05 16:03:20,251] {processor.py:161} INFO - Processing /home/airflow/.local/lib/python3.7/site-packages/airflow/example_dags/tutorial.py took 0.194 seconds
[2022-10-05 16:14:13,779] {processor.py:153} INFO - Started process (PID=2459) to work on /home/airflow/.local/lib/python3.7/site-packages/airflow/example_dags/tutorial.py
[2022-10-05 16:14:13,781] {processor.py:641} INFO - Processing file /home/airflow/.local/lib/python3.7/site-packages/airflow/example_dags/tutorial.py for tasks to queue
[2022-10-05 16:14:13,783] {logging_mixin.py:115} INFO - [2022-10-05 16:14:13,782] {dagbag.py:507} INFO - Filling up the DagBag from /home/airflow/.local/lib/python3.7/site-packages/airflow/example_dags/tutorial.py
[2022-10-05 16:14:13,802] {processor.py:651} INFO - DAG(s) dict_keys(['tutorial']) retrieved from /home/airflow/.local/lib/python3.7/site-packages/airflow/example_dags/tutorial.py
[2022-10-05 16:14:13,895] {logging_mixin.py:115} INFO - [2022-10-05 16:14:13,895] {dag.py:2379} INFO - Sync 1 DAGs
[2022-10-05 16:14:13,956] {logging_mixin.py:115} INFO - [2022-10-05 16:14:13,955] {dag.py:2931} INFO - Setting next_dagrun for tutorial to 2022-10-04T16:14:13.955385+00:00, run_after=2022-10-05T16:14:13.955385+00:00
[2022-10-05 16:14:13,983] {processor.py:161} INFO - Processing /home/airflow/.local/lib/python3.7/site-packages/airflow/example_dags/tutorial.py took 0.226 seconds
[2022-10-05 16:15:18,316] {processor.py:153} INFO - Started process (PID=2508) to work on /home/airflow/.local/lib/python3.7/site-packages/airflow/example_dags/tutorial.py
[2022-10-05 16:15:18,318] {processor.py:641} INFO - Processing file /home/airflow/.local/lib/python3.7/site-packages/airflow/example_dags/tutorial.py for tasks to queue
[2022-10-05 16:15:18,319] {logging_mixin.py:115} INFO - [2022-10-05 16:15:18,319] {dagbag.py:507} INFO - Filling up the DagBag from /home/airflow/.local/lib/python3.7/site-packages/airflow/example_dags/tutorial.py
[2022-10-05 16:15:18,328] {processor.py:651} INFO - DAG(s) dict_keys(['tutorial']) retrieved from /home/airflow/.local/lib/python3.7/site-packages/airflow/example_dags/tutorial.py
[2022-10-05 16:15:18,370] {logging_mixin.py:115} INFO - [2022-10-05 16:15:18,370] {dag.py:2379} INFO - Sync 1 DAGs
[2022-10-05 16:15:18,400] {logging_mixin.py:115} INFO - [2022-10-05 16:15:18,400] {dag.py:2931} INFO - Setting next_dagrun for tutorial to 2022-10-04T16:15:18.399898+00:00, run_after=2022-10-05T16:15:18.399898+00:00
[2022-10-05 16:15:18,420] {processor.py:161} INFO - Processing /home/airflow/.local/lib/python3.7/site-packages/airflow/example_dags/tutorial.py took 0.109 seconds
[2022-10-05 16:16:50,874] {processor.py:153} INFO - Started process (PID=2553) to work on /home/airflow/.local/lib/python3.7/site-packages/airflow/example_dags/tutorial.py
[2022-10-05 16:16:50,885] {processor.py:641} INFO - Processing file /home/airflow/.local/lib/python3.7/site-packages/airflow/example_dags/tutorial.py for tasks to queue
[2022-10-05 16:16:50,886] {logging_mixin.py:115} INFO - [2022-10-05 16:16:50,886] {dagbag.py:507} INFO - Filling up the DagBag from /home/airflow/.local/lib/python3.7/site-packages/airflow/example_dags/tutorial.py
[2022-10-05 16:16:50,894] {processor.py:651} INFO - DAG(s) dict_keys(['tutorial']) retrieved from /home/airflow/.local/lib/python3.7/site-packages/airflow/example_dags/tutorial.py
[2022-10-05 16:16:50,951] {logging_mixin.py:115} INFO - [2022-10-05 16:16:50,950] {dag.py:2379} INFO - Sync 1 DAGs
[2022-10-05 16:16:50,985] {logging_mixin.py:115} INFO - [2022-10-05 16:16:50,985] {dag.py:2931} INFO - Setting next_dagrun for tutorial to 2022-10-04T16:16:50.985195+00:00, run_after=2022-10-05T16:16:50.985195+00:00
[2022-10-05 16:16:51,018] {processor.py:161} INFO - Processing /home/airflow/.local/lib/python3.7/site-packages/airflow/example_dags/tutorial.py took 0.148 seconds
[2022-10-05 16:18:33,327] {processor.py:153} INFO - Started process (PID=2600) to work on /home/airflow/.local/lib/python3.7/site-packages/airflow/example_dags/tutorial.py
[2022-10-05 16:18:33,328] {processor.py:641} INFO - Processing file /home/airflow/.local/lib/python3.7/site-packages/airflow/example_dags/tutorial.py for tasks to queue
[2022-10-05 16:18:33,329] {logging_mixin.py:115} INFO - [2022-10-05 16:18:33,329] {dagbag.py:507} INFO - Filling up the DagBag from /home/airflow/.local/lib/python3.7/site-packages/airflow/example_dags/tutorial.py
[2022-10-05 16:18:33,341] {processor.py:651} INFO - DAG(s) dict_keys(['tutorial']) retrieved from /home/airflow/.local/lib/python3.7/site-packages/airflow/example_dags/tutorial.py
[2022-10-05 16:18:33,401] {logging_mixin.py:115} INFO - [2022-10-05 16:18:33,401] {dag.py:2379} INFO - Sync 1 DAGs
[2022-10-05 16:18:33,440] {logging_mixin.py:115} INFO - [2022-10-05 16:18:33,440] {dag.py:2931} INFO - Setting next_dagrun for tutorial to 2022-10-04T16:18:33.440424+00:00, run_after=2022-10-05T16:18:33.440424+00:00
[2022-10-05 16:18:33,465] {processor.py:161} INFO - Processing /home/airflow/.local/lib/python3.7/site-packages/airflow/example_dags/tutorial.py took 0.146 seconds
[2022-10-05 18:02:51,328] {processor.py:153} INFO - Started process (PID=2648) to work on /home/airflow/.local/lib/python3.7/site-packages/airflow/example_dags/tutorial.py
[2022-10-05 18:02:51,338] {processor.py:641} INFO - Processing file /home/airflow/.local/lib/python3.7/site-packages/airflow/example_dags/tutorial.py for tasks to queue
[2022-10-05 18:02:51,345] {logging_mixin.py:115} INFO - [2022-10-05 18:02:51,345] {dagbag.py:507} INFO - Filling up the DagBag from /home/airflow/.local/lib/python3.7/site-packages/airflow/example_dags/tutorial.py
[2022-10-05 18:02:51,372] {processor.py:651} INFO - DAG(s) dict_keys(['tutorial']) retrieved from /home/airflow/.local/lib/python3.7/site-packages/airflow/example_dags/tutorial.py
[2022-10-05 18:02:51,560] {logging_mixin.py:115} INFO - [2022-10-05 18:02:51,560] {dag.py:2379} INFO - Sync 1 DAGs
[2022-10-05 18:02:51,630] {logging_mixin.py:115} INFO - [2022-10-05 18:02:51,630] {dag.py:2931} INFO - Setting next_dagrun for tutorial to 2022-10-04T18:02:51.630049+00:00, run_after=2022-10-05T18:02:51.630049+00:00
[2022-10-05 18:02:51,682] {processor.py:161} INFO - Processing /home/airflow/.local/lib/python3.7/site-packages/airflow/example_dags/tutorial.py took 0.369 seconds
[2022-10-05 20:03:23,422] {processor.py:153} INFO - Started process (PID=2697) to work on /home/airflow/.local/lib/python3.7/site-packages/airflow/example_dags/tutorial.py
[2022-10-05 20:03:23,425] {processor.py:641} INFO - Processing file /home/airflow/.local/lib/python3.7/site-packages/airflow/example_dags/tutorial.py for tasks to queue
[2022-10-05 20:03:23,437] {logging_mixin.py:115} INFO - [2022-10-05 20:03:23,437] {dagbag.py:507} INFO - Filling up the DagBag from /home/airflow/.local/lib/python3.7/site-packages/airflow/example_dags/tutorial.py
[2022-10-05 20:03:23,449] {processor.py:651} INFO - DAG(s) dict_keys(['tutorial']) retrieved from /home/airflow/.local/lib/python3.7/site-packages/airflow/example_dags/tutorial.py
[2022-10-05 20:03:23,597] {logging_mixin.py:115} INFO - [2022-10-05 20:03:23,597] {dag.py:2379} INFO - Sync 1 DAGs
[2022-10-05 20:03:23,964] {logging_mixin.py:115} INFO - [2022-10-05 20:03:23,964] {dag.py:2931} INFO - Setting next_dagrun for tutorial to 2022-10-04T20:03:23.963577+00:00, run_after=2022-10-05T20:03:23.963577+00:00
[2022-10-05 20:03:24,010] {processor.py:161} INFO - Processing /home/airflow/.local/lib/python3.7/site-packages/airflow/example_dags/tutorial.py took 0.595 seconds
