[2022-10-05 15:18:01,429] {processor.py:153} INFO - Started process (PID=124) to work on /home/airflow/.local/lib/python3.7/site-packages/airflow/example_dags/tutorial_taskflow_api_etl_virtualenv.py
[2022-10-05 15:18:01,435] {processor.py:641} INFO - Processing file /home/airflow/.local/lib/python3.7/site-packages/airflow/example_dags/tutorial_taskflow_api_etl_virtualenv.py for tasks to queue
[2022-10-05 15:18:01,441] {logging_mixin.py:115} INFO - [2022-10-05 15:18:01,440] {dagbag.py:507} INFO - Filling up the DagBag from /home/airflow/.local/lib/python3.7/site-packages/airflow/example_dags/tutorial_taskflow_api_etl_virtualenv.py
[2022-10-05 15:18:01,565] {processor.py:651} INFO - DAG(s) dict_keys(['tutorial_taskflow_api_etl_virtualenv']) retrieved from /home/airflow/.local/lib/python3.7/site-packages/airflow/example_dags/tutorial_taskflow_api_etl_virtualenv.py
[2022-10-05 15:18:02,163] {logging_mixin.py:115} INFO - [2022-10-05 15:18:02,163] {manager.py:508} INFO - Created Permission View: can delete on DAG:tutorial_taskflow_api_etl_virtualenv
[2022-10-05 15:18:02,249] {logging_mixin.py:115} INFO - [2022-10-05 15:18:02,249] {manager.py:508} INFO - Created Permission View: can edit on DAG:tutorial_taskflow_api_etl_virtualenv
[2022-10-05 15:18:02,350] {logging_mixin.py:115} INFO - [2022-10-05 15:18:02,349] {manager.py:508} INFO - Created Permission View: can read on DAG:tutorial_taskflow_api_etl_virtualenv
[2022-10-05 15:18:02,353] {logging_mixin.py:115} INFO - [2022-10-05 15:18:02,352] {dag.py:2379} INFO - Sync 1 DAGs
[2022-10-05 15:18:02,472] {logging_mixin.py:115} INFO - [2022-10-05 15:18:02,472] {dag.py:2398} INFO - Creating ORM DAG for tutorial_taskflow_api_etl_virtualenv
[2022-10-05 15:18:02,698] {logging_mixin.py:115} INFO - [2022-10-05 15:18:02,697] {dag.py:2931} INFO - Setting next_dagrun for tutorial_taskflow_api_etl_virtualenv to None, run_after=None
[2022-10-05 15:18:02,830] {processor.py:161} INFO - Processing /home/airflow/.local/lib/python3.7/site-packages/airflow/example_dags/tutorial_taskflow_api_etl_virtualenv.py took 1.415 seconds
[2022-10-05 15:19:02,283] {processor.py:153} INFO - Started process (PID=187) to work on /home/airflow/.local/lib/python3.7/site-packages/airflow/example_dags/tutorial_taskflow_api_etl_virtualenv.py
[2022-10-05 15:19:02,298] {processor.py:641} INFO - Processing file /home/airflow/.local/lib/python3.7/site-packages/airflow/example_dags/tutorial_taskflow_api_etl_virtualenv.py for tasks to queue
[2022-10-05 15:19:02,302] {logging_mixin.py:115} INFO - [2022-10-05 15:19:02,301] {dagbag.py:507} INFO - Filling up the DagBag from /home/airflow/.local/lib/python3.7/site-packages/airflow/example_dags/tutorial_taskflow_api_etl_virtualenv.py
[2022-10-05 15:19:02,819] {processor.py:651} INFO - DAG(s) dict_keys(['tutorial_taskflow_api_etl_virtualenv']) retrieved from /home/airflow/.local/lib/python3.7/site-packages/airflow/example_dags/tutorial_taskflow_api_etl_virtualenv.py
[2022-10-05 15:19:06,306] {logging_mixin.py:115} INFO - [2022-10-05 15:19:06,306] {dag.py:2379} INFO - Sync 1 DAGs
[2022-10-05 15:19:06,511] {logging_mixin.py:115} INFO - [2022-10-05 15:19:06,511] {dag.py:2931} INFO - Setting next_dagrun for tutorial_taskflow_api_etl_virtualenv to None, run_after=None
[2022-10-05 15:19:06,821] {processor.py:161} INFO - Processing /home/airflow/.local/lib/python3.7/site-packages/airflow/example_dags/tutorial_taskflow_api_etl_virtualenv.py took 4.641 seconds
[2022-10-05 15:19:59,856] {processor.py:153} INFO - Started process (PID=250) to work on /home/airflow/.local/lib/python3.7/site-packages/airflow/example_dags/tutorial_taskflow_api_etl_virtualenv.py
[2022-10-05 15:19:59,862] {processor.py:641} INFO - Processing file /home/airflow/.local/lib/python3.7/site-packages/airflow/example_dags/tutorial_taskflow_api_etl_virtualenv.py for tasks to queue
[2022-10-05 15:19:59,869] {logging_mixin.py:115} INFO - [2022-10-05 15:19:59,869] {dagbag.py:507} INFO - Filling up the DagBag from /home/airflow/.local/lib/python3.7/site-packages/airflow/example_dags/tutorial_taskflow_api_etl_virtualenv.py
[2022-10-05 15:19:59,975] {processor.py:651} INFO - DAG(s) dict_keys(['tutorial_taskflow_api_etl_virtualenv']) retrieved from /home/airflow/.local/lib/python3.7/site-packages/airflow/example_dags/tutorial_taskflow_api_etl_virtualenv.py
[2022-10-05 15:20:00,903] {logging_mixin.py:115} INFO - [2022-10-05 15:20:00,903] {dag.py:2379} INFO - Sync 1 DAGs
[2022-10-05 15:20:01,007] {logging_mixin.py:115} INFO - [2022-10-05 15:20:01,007] {dag.py:2931} INFO - Setting next_dagrun for tutorial_taskflow_api_etl_virtualenv to None, run_after=None
[2022-10-05 15:20:01,066] {processor.py:161} INFO - Processing /home/airflow/.local/lib/python3.7/site-packages/airflow/example_dags/tutorial_taskflow_api_etl_virtualenv.py took 1.232 seconds
[2022-10-05 15:20:31,351] {processor.py:153} INFO - Started process (PID=303) to work on /home/airflow/.local/lib/python3.7/site-packages/airflow/example_dags/tutorial_taskflow_api_etl_virtualenv.py
[2022-10-05 15:20:31,360] {processor.py:641} INFO - Processing file /home/airflow/.local/lib/python3.7/site-packages/airflow/example_dags/tutorial_taskflow_api_etl_virtualenv.py for tasks to queue
[2022-10-05 15:20:31,372] {logging_mixin.py:115} INFO - [2022-10-05 15:20:31,371] {dagbag.py:507} INFO - Filling up the DagBag from /home/airflow/.local/lib/python3.7/site-packages/airflow/example_dags/tutorial_taskflow_api_etl_virtualenv.py
[2022-10-05 15:20:31,468] {processor.py:651} INFO - DAG(s) dict_keys(['tutorial_taskflow_api_etl_virtualenv']) retrieved from /home/airflow/.local/lib/python3.7/site-packages/airflow/example_dags/tutorial_taskflow_api_etl_virtualenv.py
[2022-10-05 15:20:32,602] {logging_mixin.py:115} INFO - [2022-10-05 15:20:32,602] {dag.py:2379} INFO - Sync 1 DAGs
[2022-10-05 15:20:32,718] {logging_mixin.py:115} INFO - [2022-10-05 15:20:32,718] {dag.py:2931} INFO - Setting next_dagrun for tutorial_taskflow_api_etl_virtualenv to None, run_after=None
[2022-10-05 15:20:32,826] {processor.py:161} INFO - Processing /home/airflow/.local/lib/python3.7/site-packages/airflow/example_dags/tutorial_taskflow_api_etl_virtualenv.py took 1.493 seconds
[2022-10-05 15:21:22,990] {processor.py:153} INFO - Started process (PID=370) to work on /home/airflow/.local/lib/python3.7/site-packages/airflow/example_dags/tutorial_taskflow_api_etl_virtualenv.py
[2022-10-05 15:21:23,008] {processor.py:641} INFO - Processing file /home/airflow/.local/lib/python3.7/site-packages/airflow/example_dags/tutorial_taskflow_api_etl_virtualenv.py for tasks to queue
[2022-10-05 15:21:23,016] {logging_mixin.py:115} INFO - [2022-10-05 15:21:23,015] {dagbag.py:507} INFO - Filling up the DagBag from /home/airflow/.local/lib/python3.7/site-packages/airflow/example_dags/tutorial_taskflow_api_etl_virtualenv.py
[2022-10-05 15:21:23,230] {processor.py:651} INFO - DAG(s) dict_keys(['tutorial_taskflow_api_etl_virtualenv']) retrieved from /home/airflow/.local/lib/python3.7/site-packages/airflow/example_dags/tutorial_taskflow_api_etl_virtualenv.py
[2022-10-05 15:21:26,561] {logging_mixin.py:115} INFO - [2022-10-05 15:21:26,560] {dag.py:2379} INFO - Sync 1 DAGs
[2022-10-05 15:21:26,674] {logging_mixin.py:115} INFO - [2022-10-05 15:21:26,674] {dag.py:2931} INFO - Setting next_dagrun for tutorial_taskflow_api_etl_virtualenv to None, run_after=None
[2022-10-05 15:21:26,734] {processor.py:161} INFO - Processing /home/airflow/.local/lib/python3.7/site-packages/airflow/example_dags/tutorial_taskflow_api_etl_virtualenv.py took 3.777 seconds
[2022-10-05 15:21:57,628] {processor.py:153} INFO - Started process (PID=424) to work on /home/airflow/.local/lib/python3.7/site-packages/airflow/example_dags/tutorial_taskflow_api_etl_virtualenv.py
[2022-10-05 15:21:57,633] {processor.py:641} INFO - Processing file /home/airflow/.local/lib/python3.7/site-packages/airflow/example_dags/tutorial_taskflow_api_etl_virtualenv.py for tasks to queue
[2022-10-05 15:21:57,639] {logging_mixin.py:115} INFO - [2022-10-05 15:21:57,637] {dagbag.py:507} INFO - Filling up the DagBag from /home/airflow/.local/lib/python3.7/site-packages/airflow/example_dags/tutorial_taskflow_api_etl_virtualenv.py
[2022-10-05 15:21:57,695] {processor.py:651} INFO - DAG(s) dict_keys(['tutorial_taskflow_api_etl_virtualenv']) retrieved from /home/airflow/.local/lib/python3.7/site-packages/airflow/example_dags/tutorial_taskflow_api_etl_virtualenv.py
[2022-10-05 15:21:58,045] {logging_mixin.py:115} INFO - [2022-10-05 15:21:58,044] {dag.py:2379} INFO - Sync 1 DAGs
[2022-10-05 15:21:58,080] {logging_mixin.py:115} INFO - [2022-10-05 15:21:58,080] {dag.py:2931} INFO - Setting next_dagrun for tutorial_taskflow_api_etl_virtualenv to None, run_after=None
[2022-10-05 15:21:58,106] {processor.py:161} INFO - Processing /home/airflow/.local/lib/python3.7/site-packages/airflow/example_dags/tutorial_taskflow_api_etl_virtualenv.py took 0.490 seconds
[2022-10-05 15:22:28,400] {processor.py:153} INFO - Started process (PID=480) to work on /home/airflow/.local/lib/python3.7/site-packages/airflow/example_dags/tutorial_taskflow_api_etl_virtualenv.py
[2022-10-05 15:22:28,404] {processor.py:641} INFO - Processing file /home/airflow/.local/lib/python3.7/site-packages/airflow/example_dags/tutorial_taskflow_api_etl_virtualenv.py for tasks to queue
[2022-10-05 15:22:28,408] {logging_mixin.py:115} INFO - [2022-10-05 15:22:28,408] {dagbag.py:507} INFO - Filling up the DagBag from /home/airflow/.local/lib/python3.7/site-packages/airflow/example_dags/tutorial_taskflow_api_etl_virtualenv.py
[2022-10-05 15:22:28,455] {processor.py:651} INFO - DAG(s) dict_keys(['tutorial_taskflow_api_etl_virtualenv']) retrieved from /home/airflow/.local/lib/python3.7/site-packages/airflow/example_dags/tutorial_taskflow_api_etl_virtualenv.py
[2022-10-05 15:22:28,786] {logging_mixin.py:115} INFO - [2022-10-05 15:22:28,785] {dag.py:2379} INFO - Sync 1 DAGs
[2022-10-05 15:22:28,820] {logging_mixin.py:115} INFO - [2022-10-05 15:22:28,819] {dag.py:2931} INFO - Setting next_dagrun for tutorial_taskflow_api_etl_virtualenv to None, run_after=None
[2022-10-05 15:22:28,840] {processor.py:161} INFO - Processing /home/airflow/.local/lib/python3.7/site-packages/airflow/example_dags/tutorial_taskflow_api_etl_virtualenv.py took 0.454 seconds
[2022-10-05 15:22:59,663] {processor.py:153} INFO - Started process (PID=544) to work on /home/airflow/.local/lib/python3.7/site-packages/airflow/example_dags/tutorial_taskflow_api_etl_virtualenv.py
[2022-10-05 15:22:59,667] {processor.py:641} INFO - Processing file /home/airflow/.local/lib/python3.7/site-packages/airflow/example_dags/tutorial_taskflow_api_etl_virtualenv.py for tasks to queue
[2022-10-05 15:22:59,669] {logging_mixin.py:115} INFO - [2022-10-05 15:22:59,669] {dagbag.py:507} INFO - Filling up the DagBag from /home/airflow/.local/lib/python3.7/site-packages/airflow/example_dags/tutorial_taskflow_api_etl_virtualenv.py
[2022-10-05 15:22:59,717] {processor.py:651} INFO - DAG(s) dict_keys(['tutorial_taskflow_api_etl_virtualenv']) retrieved from /home/airflow/.local/lib/python3.7/site-packages/airflow/example_dags/tutorial_taskflow_api_etl_virtualenv.py
[2022-10-05 15:23:00,095] {logging_mixin.py:115} INFO - [2022-10-05 15:23:00,095] {dag.py:2379} INFO - Sync 1 DAGs
[2022-10-05 15:23:00,144] {logging_mixin.py:115} INFO - [2022-10-05 15:23:00,144] {dag.py:2931} INFO - Setting next_dagrun for tutorial_taskflow_api_etl_virtualenv to None, run_after=None
[2022-10-05 15:23:00,171] {processor.py:161} INFO - Processing /home/airflow/.local/lib/python3.7/site-packages/airflow/example_dags/tutorial_taskflow_api_etl_virtualenv.py took 0.532 seconds
[2022-10-05 15:23:30,306] {processor.py:153} INFO - Started process (PID=599) to work on /home/airflow/.local/lib/python3.7/site-packages/airflow/example_dags/tutorial_taskflow_api_etl_virtualenv.py
[2022-10-05 15:23:30,310] {processor.py:641} INFO - Processing file /home/airflow/.local/lib/python3.7/site-packages/airflow/example_dags/tutorial_taskflow_api_etl_virtualenv.py for tasks to queue
[2022-10-05 15:23:30,317] {logging_mixin.py:115} INFO - [2022-10-05 15:23:30,316] {dagbag.py:507} INFO - Filling up the DagBag from /home/airflow/.local/lib/python3.7/site-packages/airflow/example_dags/tutorial_taskflow_api_etl_virtualenv.py
[2022-10-05 15:23:30,370] {processor.py:651} INFO - DAG(s) dict_keys(['tutorial_taskflow_api_etl_virtualenv']) retrieved from /home/airflow/.local/lib/python3.7/site-packages/airflow/example_dags/tutorial_taskflow_api_etl_virtualenv.py
[2022-10-05 15:23:30,808] {logging_mixin.py:115} INFO - [2022-10-05 15:23:30,808] {dag.py:2379} INFO - Sync 1 DAGs
[2022-10-05 15:23:30,856] {logging_mixin.py:115} INFO - [2022-10-05 15:23:30,855] {dag.py:2931} INFO - Setting next_dagrun for tutorial_taskflow_api_etl_virtualenv to None, run_after=None
[2022-10-05 15:23:30,888] {processor.py:161} INFO - Processing /home/airflow/.local/lib/python3.7/site-packages/airflow/example_dags/tutorial_taskflow_api_etl_virtualenv.py took 0.592 seconds
[2022-10-05 15:24:00,986] {processor.py:153} INFO - Started process (PID=656) to work on /home/airflow/.local/lib/python3.7/site-packages/airflow/example_dags/tutorial_taskflow_api_etl_virtualenv.py
[2022-10-05 15:24:00,989] {processor.py:641} INFO - Processing file /home/airflow/.local/lib/python3.7/site-packages/airflow/example_dags/tutorial_taskflow_api_etl_virtualenv.py for tasks to queue
[2022-10-05 15:24:00,992] {logging_mixin.py:115} INFO - [2022-10-05 15:24:00,991] {dagbag.py:507} INFO - Filling up the DagBag from /home/airflow/.local/lib/python3.7/site-packages/airflow/example_dags/tutorial_taskflow_api_etl_virtualenv.py
[2022-10-05 15:24:01,027] {processor.py:651} INFO - DAG(s) dict_keys(['tutorial_taskflow_api_etl_virtualenv']) retrieved from /home/airflow/.local/lib/python3.7/site-packages/airflow/example_dags/tutorial_taskflow_api_etl_virtualenv.py
[2022-10-05 15:24:01,388] {logging_mixin.py:115} INFO - [2022-10-05 15:24:01,388] {dag.py:2379} INFO - Sync 1 DAGs
[2022-10-05 15:24:01,428] {logging_mixin.py:115} INFO - [2022-10-05 15:24:01,427] {dag.py:2931} INFO - Setting next_dagrun for tutorial_taskflow_api_etl_virtualenv to None, run_after=None
[2022-10-05 15:24:01,461] {processor.py:161} INFO - Processing /home/airflow/.local/lib/python3.7/site-packages/airflow/example_dags/tutorial_taskflow_api_etl_virtualenv.py took 0.481 seconds
[2022-10-05 15:24:31,537] {processor.py:153} INFO - Started process (PID=709) to work on /home/airflow/.local/lib/python3.7/site-packages/airflow/example_dags/tutorial_taskflow_api_etl_virtualenv.py
[2022-10-05 15:24:31,539] {processor.py:641} INFO - Processing file /home/airflow/.local/lib/python3.7/site-packages/airflow/example_dags/tutorial_taskflow_api_etl_virtualenv.py for tasks to queue
[2022-10-05 15:24:31,541] {logging_mixin.py:115} INFO - [2022-10-05 15:24:31,541] {dagbag.py:507} INFO - Filling up the DagBag from /home/airflow/.local/lib/python3.7/site-packages/airflow/example_dags/tutorial_taskflow_api_etl_virtualenv.py
[2022-10-05 15:24:31,571] {processor.py:651} INFO - DAG(s) dict_keys(['tutorial_taskflow_api_etl_virtualenv']) retrieved from /home/airflow/.local/lib/python3.7/site-packages/airflow/example_dags/tutorial_taskflow_api_etl_virtualenv.py
[2022-10-05 15:24:31,846] {logging_mixin.py:115} INFO - [2022-10-05 15:24:31,846] {dag.py:2379} INFO - Sync 1 DAGs
[2022-10-05 15:24:31,877] {logging_mixin.py:115} INFO - [2022-10-05 15:24:31,877] {dag.py:2931} INFO - Setting next_dagrun for tutorial_taskflow_api_etl_virtualenv to None, run_after=None
[2022-10-05 15:24:31,901] {processor.py:161} INFO - Processing /home/airflow/.local/lib/python3.7/site-packages/airflow/example_dags/tutorial_taskflow_api_etl_virtualenv.py took 0.369 seconds
[2022-10-05 15:25:02,622] {processor.py:153} INFO - Started process (PID=774) to work on /home/airflow/.local/lib/python3.7/site-packages/airflow/example_dags/tutorial_taskflow_api_etl_virtualenv.py
[2022-10-05 15:25:02,625] {processor.py:641} INFO - Processing file /home/airflow/.local/lib/python3.7/site-packages/airflow/example_dags/tutorial_taskflow_api_etl_virtualenv.py for tasks to queue
[2022-10-05 15:25:02,626] {logging_mixin.py:115} INFO - [2022-10-05 15:25:02,626] {dagbag.py:507} INFO - Filling up the DagBag from /home/airflow/.local/lib/python3.7/site-packages/airflow/example_dags/tutorial_taskflow_api_etl_virtualenv.py
[2022-10-05 15:25:02,654] {processor.py:651} INFO - DAG(s) dict_keys(['tutorial_taskflow_api_etl_virtualenv']) retrieved from /home/airflow/.local/lib/python3.7/site-packages/airflow/example_dags/tutorial_taskflow_api_etl_virtualenv.py
[2022-10-05 15:25:02,883] {logging_mixin.py:115} INFO - [2022-10-05 15:25:02,883] {dag.py:2379} INFO - Sync 1 DAGs
[2022-10-05 15:25:02,911] {logging_mixin.py:115} INFO - [2022-10-05 15:25:02,911] {dag.py:2931} INFO - Setting next_dagrun for tutorial_taskflow_api_etl_virtualenv to None, run_after=None
[2022-10-05 15:25:02,930] {processor.py:161} INFO - Processing /home/airflow/.local/lib/python3.7/site-packages/airflow/example_dags/tutorial_taskflow_api_etl_virtualenv.py took 0.313 seconds
[2022-10-05 15:25:33,316] {processor.py:153} INFO - Started process (PID=830) to work on /home/airflow/.local/lib/python3.7/site-packages/airflow/example_dags/tutorial_taskflow_api_etl_virtualenv.py
[2022-10-05 15:25:33,296] {processor.py:641} INFO - Processing file /home/airflow/.local/lib/python3.7/site-packages/airflow/example_dags/tutorial_taskflow_api_etl_virtualenv.py for tasks to queue
[2022-10-05 15:25:33,300] {logging_mixin.py:115} INFO - [2022-10-05 15:25:33,300] {dagbag.py:507} INFO - Filling up the DagBag from /home/airflow/.local/lib/python3.7/site-packages/airflow/example_dags/tutorial_taskflow_api_etl_virtualenv.py
[2022-10-05 15:25:33,334] {processor.py:651} INFO - DAG(s) dict_keys(['tutorial_taskflow_api_etl_virtualenv']) retrieved from /home/airflow/.local/lib/python3.7/site-packages/airflow/example_dags/tutorial_taskflow_api_etl_virtualenv.py
[2022-10-05 15:25:33,811] {logging_mixin.py:115} INFO - [2022-10-05 15:25:33,810] {dag.py:2379} INFO - Sync 1 DAGs
[2022-10-05 15:25:33,848] {logging_mixin.py:115} INFO - [2022-10-05 15:25:33,848] {dag.py:2931} INFO - Setting next_dagrun for tutorial_taskflow_api_etl_virtualenv to None, run_after=None
[2022-10-05 15:25:33,872] {processor.py:161} INFO - Processing /home/airflow/.local/lib/python3.7/site-packages/airflow/example_dags/tutorial_taskflow_api_etl_virtualenv.py took 0.586 seconds
[2022-10-05 15:26:04,100] {processor.py:153} INFO - Started process (PID=894) to work on /home/airflow/.local/lib/python3.7/site-packages/airflow/example_dags/tutorial_taskflow_api_etl_virtualenv.py
[2022-10-05 15:26:04,102] {processor.py:641} INFO - Processing file /home/airflow/.local/lib/python3.7/site-packages/airflow/example_dags/tutorial_taskflow_api_etl_virtualenv.py for tasks to queue
[2022-10-05 15:26:04,104] {logging_mixin.py:115} INFO - [2022-10-05 15:26:04,103] {dagbag.py:507} INFO - Filling up the DagBag from /home/airflow/.local/lib/python3.7/site-packages/airflow/example_dags/tutorial_taskflow_api_etl_virtualenv.py
[2022-10-05 15:26:04,135] {processor.py:651} INFO - DAG(s) dict_keys(['tutorial_taskflow_api_etl_virtualenv']) retrieved from /home/airflow/.local/lib/python3.7/site-packages/airflow/example_dags/tutorial_taskflow_api_etl_virtualenv.py
[2022-10-05 15:26:04,421] {logging_mixin.py:115} INFO - [2022-10-05 15:26:04,421] {dag.py:2379} INFO - Sync 1 DAGs
[2022-10-05 15:26:04,452] {logging_mixin.py:115} INFO - [2022-10-05 15:26:04,452] {dag.py:2931} INFO - Setting next_dagrun for tutorial_taskflow_api_etl_virtualenv to None, run_after=None
[2022-10-05 15:26:04,471] {processor.py:161} INFO - Processing /home/airflow/.local/lib/python3.7/site-packages/airflow/example_dags/tutorial_taskflow_api_etl_virtualenv.py took 0.378 seconds
[2022-10-05 15:26:35,362] {processor.py:153} INFO - Started process (PID=949) to work on /home/airflow/.local/lib/python3.7/site-packages/airflow/example_dags/tutorial_taskflow_api_etl_virtualenv.py
[2022-10-05 15:26:35,364] {processor.py:641} INFO - Processing file /home/airflow/.local/lib/python3.7/site-packages/airflow/example_dags/tutorial_taskflow_api_etl_virtualenv.py for tasks to queue
[2022-10-05 15:26:35,366] {logging_mixin.py:115} INFO - [2022-10-05 15:26:35,365] {dagbag.py:507} INFO - Filling up the DagBag from /home/airflow/.local/lib/python3.7/site-packages/airflow/example_dags/tutorial_taskflow_api_etl_virtualenv.py
[2022-10-05 15:26:35,391] {processor.py:651} INFO - DAG(s) dict_keys(['tutorial_taskflow_api_etl_virtualenv']) retrieved from /home/airflow/.local/lib/python3.7/site-packages/airflow/example_dags/tutorial_taskflow_api_etl_virtualenv.py
[2022-10-05 15:26:35,607] {logging_mixin.py:115} INFO - [2022-10-05 15:26:35,607] {dag.py:2379} INFO - Sync 1 DAGs
[2022-10-05 15:26:35,643] {logging_mixin.py:115} INFO - [2022-10-05 15:26:35,643] {dag.py:2931} INFO - Setting next_dagrun for tutorial_taskflow_api_etl_virtualenv to None, run_after=None
[2022-10-05 15:26:35,660] {processor.py:161} INFO - Processing /home/airflow/.local/lib/python3.7/site-packages/airflow/example_dags/tutorial_taskflow_api_etl_virtualenv.py took 0.304 seconds
[2022-10-05 15:27:05,769] {processor.py:153} INFO - Started process (PID=1014) to work on /home/airflow/.local/lib/python3.7/site-packages/airflow/example_dags/tutorial_taskflow_api_etl_virtualenv.py
[2022-10-05 15:27:05,771] {processor.py:641} INFO - Processing file /home/airflow/.local/lib/python3.7/site-packages/airflow/example_dags/tutorial_taskflow_api_etl_virtualenv.py for tasks to queue
[2022-10-05 15:27:05,773] {logging_mixin.py:115} INFO - [2022-10-05 15:27:05,773] {dagbag.py:507} INFO - Filling up the DagBag from /home/airflow/.local/lib/python3.7/site-packages/airflow/example_dags/tutorial_taskflow_api_etl_virtualenv.py
[2022-10-05 15:27:05,804] {processor.py:651} INFO - DAG(s) dict_keys(['tutorial_taskflow_api_etl_virtualenv']) retrieved from /home/airflow/.local/lib/python3.7/site-packages/airflow/example_dags/tutorial_taskflow_api_etl_virtualenv.py
[2022-10-05 15:27:06,098] {logging_mixin.py:115} INFO - [2022-10-05 15:27:06,098] {dag.py:2379} INFO - Sync 1 DAGs
[2022-10-05 15:27:06,127] {logging_mixin.py:115} INFO - [2022-10-05 15:27:06,127] {dag.py:2931} INFO - Setting next_dagrun for tutorial_taskflow_api_etl_virtualenv to None, run_after=None
[2022-10-05 15:27:06,147] {processor.py:161} INFO - Processing /home/airflow/.local/lib/python3.7/site-packages/airflow/example_dags/tutorial_taskflow_api_etl_virtualenv.py took 0.384 seconds
[2022-10-05 15:27:36,233] {processor.py:153} INFO - Started process (PID=1069) to work on /home/airflow/.local/lib/python3.7/site-packages/airflow/example_dags/tutorial_taskflow_api_etl_virtualenv.py
[2022-10-05 15:27:36,238] {processor.py:641} INFO - Processing file /home/airflow/.local/lib/python3.7/site-packages/airflow/example_dags/tutorial_taskflow_api_etl_virtualenv.py for tasks to queue
[2022-10-05 15:27:36,241] {logging_mixin.py:115} INFO - [2022-10-05 15:27:36,241] {dagbag.py:507} INFO - Filling up the DagBag from /home/airflow/.local/lib/python3.7/site-packages/airflow/example_dags/tutorial_taskflow_api_etl_virtualenv.py
[2022-10-05 15:27:36,276] {processor.py:651} INFO - DAG(s) dict_keys(['tutorial_taskflow_api_etl_virtualenv']) retrieved from /home/airflow/.local/lib/python3.7/site-packages/airflow/example_dags/tutorial_taskflow_api_etl_virtualenv.py
[2022-10-05 15:27:36,567] {logging_mixin.py:115} INFO - [2022-10-05 15:27:36,566] {dag.py:2379} INFO - Sync 1 DAGs
[2022-10-05 15:27:36,601] {logging_mixin.py:115} INFO - [2022-10-05 15:27:36,601] {dag.py:2931} INFO - Setting next_dagrun for tutorial_taskflow_api_etl_virtualenv to None, run_after=None
[2022-10-05 15:27:36,625] {processor.py:161} INFO - Processing /home/airflow/.local/lib/python3.7/site-packages/airflow/example_dags/tutorial_taskflow_api_etl_virtualenv.py took 0.399 seconds
[2022-10-05 15:28:06,793] {processor.py:153} INFO - Started process (PID=1136) to work on /home/airflow/.local/lib/python3.7/site-packages/airflow/example_dags/tutorial_taskflow_api_etl_virtualenv.py
[2022-10-05 15:28:06,797] {processor.py:641} INFO - Processing file /home/airflow/.local/lib/python3.7/site-packages/airflow/example_dags/tutorial_taskflow_api_etl_virtualenv.py for tasks to queue
[2022-10-05 15:28:06,801] {logging_mixin.py:115} INFO - [2022-10-05 15:28:06,800] {dagbag.py:507} INFO - Filling up the DagBag from /home/airflow/.local/lib/python3.7/site-packages/airflow/example_dags/tutorial_taskflow_api_etl_virtualenv.py
[2022-10-05 15:28:06,853] {processor.py:651} INFO - DAG(s) dict_keys(['tutorial_taskflow_api_etl_virtualenv']) retrieved from /home/airflow/.local/lib/python3.7/site-packages/airflow/example_dags/tutorial_taskflow_api_etl_virtualenv.py
[2022-10-05 15:28:07,290] {logging_mixin.py:115} INFO - [2022-10-05 15:28:07,290] {dag.py:2379} INFO - Sync 1 DAGs
[2022-10-05 15:28:07,342] {logging_mixin.py:115} INFO - [2022-10-05 15:28:07,341] {dag.py:2931} INFO - Setting next_dagrun for tutorial_taskflow_api_etl_virtualenv to None, run_after=None
[2022-10-05 15:28:07,375] {processor.py:161} INFO - Processing /home/airflow/.local/lib/python3.7/site-packages/airflow/example_dags/tutorial_taskflow_api_etl_virtualenv.py took 0.589 seconds
[2022-10-05 15:28:37,731] {processor.py:153} INFO - Started process (PID=1192) to work on /home/airflow/.local/lib/python3.7/site-packages/airflow/example_dags/tutorial_taskflow_api_etl_virtualenv.py
[2022-10-05 15:28:37,735] {processor.py:641} INFO - Processing file /home/airflow/.local/lib/python3.7/site-packages/airflow/example_dags/tutorial_taskflow_api_etl_virtualenv.py for tasks to queue
[2022-10-05 15:28:37,738] {logging_mixin.py:115} INFO - [2022-10-05 15:28:37,737] {dagbag.py:507} INFO - Filling up the DagBag from /home/airflow/.local/lib/python3.7/site-packages/airflow/example_dags/tutorial_taskflow_api_etl_virtualenv.py
[2022-10-05 15:28:37,778] {processor.py:651} INFO - DAG(s) dict_keys(['tutorial_taskflow_api_etl_virtualenv']) retrieved from /home/airflow/.local/lib/python3.7/site-packages/airflow/example_dags/tutorial_taskflow_api_etl_virtualenv.py
[2022-10-05 15:28:38,240] {logging_mixin.py:115} INFO - [2022-10-05 15:28:38,239] {dag.py:2379} INFO - Sync 1 DAGs
[2022-10-05 15:28:38,283] {logging_mixin.py:115} INFO - [2022-10-05 15:28:38,283] {dag.py:2931} INFO - Setting next_dagrun for tutorial_taskflow_api_etl_virtualenv to None, run_after=None
[2022-10-05 15:28:38,312] {processor.py:161} INFO - Processing /home/airflow/.local/lib/python3.7/site-packages/airflow/example_dags/tutorial_taskflow_api_etl_virtualenv.py took 0.599 seconds
[2022-10-05 15:29:08,584] {processor.py:153} INFO - Started process (PID=1256) to work on /home/airflow/.local/lib/python3.7/site-packages/airflow/example_dags/tutorial_taskflow_api_etl_virtualenv.py
[2022-10-05 15:29:08,586] {processor.py:641} INFO - Processing file /home/airflow/.local/lib/python3.7/site-packages/airflow/example_dags/tutorial_taskflow_api_etl_virtualenv.py for tasks to queue
[2022-10-05 15:29:08,588] {logging_mixin.py:115} INFO - [2022-10-05 15:29:08,588] {dagbag.py:507} INFO - Filling up the DagBag from /home/airflow/.local/lib/python3.7/site-packages/airflow/example_dags/tutorial_taskflow_api_etl_virtualenv.py
[2022-10-05 15:29:08,625] {processor.py:651} INFO - DAG(s) dict_keys(['tutorial_taskflow_api_etl_virtualenv']) retrieved from /home/airflow/.local/lib/python3.7/site-packages/airflow/example_dags/tutorial_taskflow_api_etl_virtualenv.py
[2022-10-05 15:29:09,002] {logging_mixin.py:115} INFO - [2022-10-05 15:29:09,002] {dag.py:2379} INFO - Sync 1 DAGs
[2022-10-05 15:29:09,050] {logging_mixin.py:115} INFO - [2022-10-05 15:29:09,050] {dag.py:2931} INFO - Setting next_dagrun for tutorial_taskflow_api_etl_virtualenv to None, run_after=None
[2022-10-05 15:29:09,082] {processor.py:161} INFO - Processing /home/airflow/.local/lib/python3.7/site-packages/airflow/example_dags/tutorial_taskflow_api_etl_virtualenv.py took 0.506 seconds
[2022-10-05 15:29:39,324] {processor.py:153} INFO - Started process (PID=1311) to work on /home/airflow/.local/lib/python3.7/site-packages/airflow/example_dags/tutorial_taskflow_api_etl_virtualenv.py
[2022-10-05 15:29:39,327] {processor.py:641} INFO - Processing file /home/airflow/.local/lib/python3.7/site-packages/airflow/example_dags/tutorial_taskflow_api_etl_virtualenv.py for tasks to queue
[2022-10-05 15:29:39,329] {logging_mixin.py:115} INFO - [2022-10-05 15:29:39,329] {dagbag.py:507} INFO - Filling up the DagBag from /home/airflow/.local/lib/python3.7/site-packages/airflow/example_dags/tutorial_taskflow_api_etl_virtualenv.py
[2022-10-05 15:29:39,354] {processor.py:651} INFO - DAG(s) dict_keys(['tutorial_taskflow_api_etl_virtualenv']) retrieved from /home/airflow/.local/lib/python3.7/site-packages/airflow/example_dags/tutorial_taskflow_api_etl_virtualenv.py
[2022-10-05 15:29:39,597] {logging_mixin.py:115} INFO - [2022-10-05 15:29:39,597] {dag.py:2379} INFO - Sync 1 DAGs
[2022-10-05 15:29:39,621] {logging_mixin.py:115} INFO - [2022-10-05 15:29:39,621] {dag.py:2931} INFO - Setting next_dagrun for tutorial_taskflow_api_etl_virtualenv to None, run_after=None
[2022-10-05 15:29:39,639] {processor.py:161} INFO - Processing /home/airflow/.local/lib/python3.7/site-packages/airflow/example_dags/tutorial_taskflow_api_etl_virtualenv.py took 0.320 seconds
[2022-10-05 15:30:09,846] {processor.py:153} INFO - Started process (PID=1376) to work on /home/airflow/.local/lib/python3.7/site-packages/airflow/example_dags/tutorial_taskflow_api_etl_virtualenv.py
[2022-10-05 15:30:09,848] {processor.py:641} INFO - Processing file /home/airflow/.local/lib/python3.7/site-packages/airflow/example_dags/tutorial_taskflow_api_etl_virtualenv.py for tasks to queue
[2022-10-05 15:30:09,849] {logging_mixin.py:115} INFO - [2022-10-05 15:30:09,849] {dagbag.py:507} INFO - Filling up the DagBag from /home/airflow/.local/lib/python3.7/site-packages/airflow/example_dags/tutorial_taskflow_api_etl_virtualenv.py
[2022-10-05 15:30:09,875] {processor.py:651} INFO - DAG(s) dict_keys(['tutorial_taskflow_api_etl_virtualenv']) retrieved from /home/airflow/.local/lib/python3.7/site-packages/airflow/example_dags/tutorial_taskflow_api_etl_virtualenv.py
[2022-10-05 15:30:10,150] {logging_mixin.py:115} INFO - [2022-10-05 15:30:10,150] {dag.py:2379} INFO - Sync 1 DAGs
[2022-10-05 15:30:10,183] {logging_mixin.py:115} INFO - [2022-10-05 15:30:10,183] {dag.py:2931} INFO - Setting next_dagrun for tutorial_taskflow_api_etl_virtualenv to None, run_after=None
[2022-10-05 15:30:10,202] {processor.py:161} INFO - Processing /home/airflow/.local/lib/python3.7/site-packages/airflow/example_dags/tutorial_taskflow_api_etl_virtualenv.py took 0.361 seconds
[2022-10-05 15:30:40,355] {processor.py:153} INFO - Started process (PID=1432) to work on /home/airflow/.local/lib/python3.7/site-packages/airflow/example_dags/tutorial_taskflow_api_etl_virtualenv.py
[2022-10-05 15:30:40,357] {processor.py:641} INFO - Processing file /home/airflow/.local/lib/python3.7/site-packages/airflow/example_dags/tutorial_taskflow_api_etl_virtualenv.py for tasks to queue
[2022-10-05 15:30:40,358] {logging_mixin.py:115} INFO - [2022-10-05 15:30:40,358] {dagbag.py:507} INFO - Filling up the DagBag from /home/airflow/.local/lib/python3.7/site-packages/airflow/example_dags/tutorial_taskflow_api_etl_virtualenv.py
[2022-10-05 15:30:40,383] {processor.py:651} INFO - DAG(s) dict_keys(['tutorial_taskflow_api_etl_virtualenv']) retrieved from /home/airflow/.local/lib/python3.7/site-packages/airflow/example_dags/tutorial_taskflow_api_etl_virtualenv.py
[2022-10-05 15:30:40,626] {logging_mixin.py:115} INFO - [2022-10-05 15:30:40,626] {dag.py:2379} INFO - Sync 1 DAGs
[2022-10-05 15:30:40,651] {logging_mixin.py:115} INFO - [2022-10-05 15:30:40,651] {dag.py:2931} INFO - Setting next_dagrun for tutorial_taskflow_api_etl_virtualenv to None, run_after=None
[2022-10-05 15:30:40,668] {processor.py:161} INFO - Processing /home/airflow/.local/lib/python3.7/site-packages/airflow/example_dags/tutorial_taskflow_api_etl_virtualenv.py took 0.321 seconds
[2022-10-05 15:31:12,715] {processor.py:153} INFO - Started process (PID=1497) to work on /home/airflow/.local/lib/python3.7/site-packages/airflow/example_dags/tutorial_taskflow_api_etl_virtualenv.py
[2022-10-05 15:31:12,718] {processor.py:641} INFO - Processing file /home/airflow/.local/lib/python3.7/site-packages/airflow/example_dags/tutorial_taskflow_api_etl_virtualenv.py for tasks to queue
[2022-10-05 15:31:12,722] {logging_mixin.py:115} INFO - [2022-10-05 15:31:12,722] {dagbag.py:507} INFO - Filling up the DagBag from /home/airflow/.local/lib/python3.7/site-packages/airflow/example_dags/tutorial_taskflow_api_etl_virtualenv.py
[2022-10-05 15:31:12,780] {processor.py:651} INFO - DAG(s) dict_keys(['tutorial_taskflow_api_etl_virtualenv']) retrieved from /home/airflow/.local/lib/python3.7/site-packages/airflow/example_dags/tutorial_taskflow_api_etl_virtualenv.py
[2022-10-05 15:31:13,236] {logging_mixin.py:115} INFO - [2022-10-05 15:31:13,236] {dag.py:2379} INFO - Sync 1 DAGs
[2022-10-05 15:31:13,304] {logging_mixin.py:115} INFO - [2022-10-05 15:31:13,303] {dag.py:2931} INFO - Setting next_dagrun for tutorial_taskflow_api_etl_virtualenv to None, run_after=None
[2022-10-05 15:31:13,359] {processor.py:161} INFO - Processing /home/airflow/.local/lib/python3.7/site-packages/airflow/example_dags/tutorial_taskflow_api_etl_virtualenv.py took 0.657 seconds
[2022-10-05 15:31:45,183] {processor.py:153} INFO - Started process (PID=1551) to work on /home/airflow/.local/lib/python3.7/site-packages/airflow/example_dags/tutorial_taskflow_api_etl_virtualenv.py
[2022-10-05 15:31:45,188] {processor.py:641} INFO - Processing file /home/airflow/.local/lib/python3.7/site-packages/airflow/example_dags/tutorial_taskflow_api_etl_virtualenv.py for tasks to queue
[2022-10-05 15:31:45,197] {logging_mixin.py:115} INFO - [2022-10-05 15:31:45,196] {dagbag.py:507} INFO - Filling up the DagBag from /home/airflow/.local/lib/python3.7/site-packages/airflow/example_dags/tutorial_taskflow_api_etl_virtualenv.py
[2022-10-05 15:31:45,288] {processor.py:651} INFO - DAG(s) dict_keys(['tutorial_taskflow_api_etl_virtualenv']) retrieved from /home/airflow/.local/lib/python3.7/site-packages/airflow/example_dags/tutorial_taskflow_api_etl_virtualenv.py
[2022-10-05 15:31:46,112] {logging_mixin.py:115} INFO - [2022-10-05 15:31:46,112] {dag.py:2379} INFO - Sync 1 DAGs
[2022-10-05 15:31:46,184] {logging_mixin.py:115} INFO - [2022-10-05 15:31:46,184] {dag.py:2931} INFO - Setting next_dagrun for tutorial_taskflow_api_etl_virtualenv to None, run_after=None
[2022-10-05 15:31:46,235] {processor.py:161} INFO - Processing /home/airflow/.local/lib/python3.7/site-packages/airflow/example_dags/tutorial_taskflow_api_etl_virtualenv.py took 1.072 seconds
[2022-10-05 15:32:17,011] {processor.py:153} INFO - Started process (PID=1599) to work on /home/airflow/.local/lib/python3.7/site-packages/airflow/example_dags/tutorial_taskflow_api_etl_virtualenv.py
[2022-10-05 15:32:17,013] {processor.py:641} INFO - Processing file /home/airflow/.local/lib/python3.7/site-packages/airflow/example_dags/tutorial_taskflow_api_etl_virtualenv.py for tasks to queue
[2022-10-05 15:32:17,015] {logging_mixin.py:115} INFO - [2022-10-05 15:32:17,015] {dagbag.py:507} INFO - Filling up the DagBag from /home/airflow/.local/lib/python3.7/site-packages/airflow/example_dags/tutorial_taskflow_api_etl_virtualenv.py
[2022-10-05 15:32:17,050] {processor.py:651} INFO - DAG(s) dict_keys(['tutorial_taskflow_api_etl_virtualenv']) retrieved from /home/airflow/.local/lib/python3.7/site-packages/airflow/example_dags/tutorial_taskflow_api_etl_virtualenv.py
[2022-10-05 15:32:17,385] {logging_mixin.py:115} INFO - [2022-10-05 15:32:17,385] {dag.py:2379} INFO - Sync 1 DAGs
[2022-10-05 15:32:17,419] {logging_mixin.py:115} INFO - [2022-10-05 15:32:17,419] {dag.py:2931} INFO - Setting next_dagrun for tutorial_taskflow_api_etl_virtualenv to None, run_after=None
[2022-10-05 15:32:17,443] {processor.py:161} INFO - Processing /home/airflow/.local/lib/python3.7/site-packages/airflow/example_dags/tutorial_taskflow_api_etl_virtualenv.py took 0.439 seconds
[2022-10-05 15:32:47,649] {processor.py:153} INFO - Started process (PID=1664) to work on /home/airflow/.local/lib/python3.7/site-packages/airflow/example_dags/tutorial_taskflow_api_etl_virtualenv.py
[2022-10-05 15:32:47,651] {processor.py:641} INFO - Processing file /home/airflow/.local/lib/python3.7/site-packages/airflow/example_dags/tutorial_taskflow_api_etl_virtualenv.py for tasks to queue
[2022-10-05 15:32:47,652] {logging_mixin.py:115} INFO - [2022-10-05 15:32:47,652] {dagbag.py:507} INFO - Filling up the DagBag from /home/airflow/.local/lib/python3.7/site-packages/airflow/example_dags/tutorial_taskflow_api_etl_virtualenv.py
[2022-10-05 15:32:47,679] {processor.py:651} INFO - DAG(s) dict_keys(['tutorial_taskflow_api_etl_virtualenv']) retrieved from /home/airflow/.local/lib/python3.7/site-packages/airflow/example_dags/tutorial_taskflow_api_etl_virtualenv.py
[2022-10-05 15:32:47,905] {logging_mixin.py:115} INFO - [2022-10-05 15:32:47,905] {dag.py:2379} INFO - Sync 1 DAGs
[2022-10-05 15:32:47,926] {logging_mixin.py:115} INFO - [2022-10-05 15:32:47,926] {dag.py:2931} INFO - Setting next_dagrun for tutorial_taskflow_api_etl_virtualenv to None, run_after=None
[2022-10-05 15:32:47,944] {processor.py:161} INFO - Processing /home/airflow/.local/lib/python3.7/site-packages/airflow/example_dags/tutorial_taskflow_api_etl_virtualenv.py took 0.301 seconds
[2022-10-05 15:33:18,101] {processor.py:153} INFO - Started process (PID=1730) to work on /home/airflow/.local/lib/python3.7/site-packages/airflow/example_dags/tutorial_taskflow_api_etl_virtualenv.py
[2022-10-05 15:33:18,103] {processor.py:641} INFO - Processing file /home/airflow/.local/lib/python3.7/site-packages/airflow/example_dags/tutorial_taskflow_api_etl_virtualenv.py for tasks to queue
[2022-10-05 15:33:18,106] {logging_mixin.py:115} INFO - [2022-10-05 15:33:18,106] {dagbag.py:507} INFO - Filling up the DagBag from /home/airflow/.local/lib/python3.7/site-packages/airflow/example_dags/tutorial_taskflow_api_etl_virtualenv.py
[2022-10-05 15:33:18,138] {processor.py:651} INFO - DAG(s) dict_keys(['tutorial_taskflow_api_etl_virtualenv']) retrieved from /home/airflow/.local/lib/python3.7/site-packages/airflow/example_dags/tutorial_taskflow_api_etl_virtualenv.py
[2022-10-05 15:33:18,340] {logging_mixin.py:115} INFO - [2022-10-05 15:33:18,340] {dag.py:2379} INFO - Sync 1 DAGs
[2022-10-05 15:33:18,373] {logging_mixin.py:115} INFO - [2022-10-05 15:33:18,373] {dag.py:2931} INFO - Setting next_dagrun for tutorial_taskflow_api_etl_virtualenv to None, run_after=None
[2022-10-05 15:33:18,398] {processor.py:161} INFO - Processing /home/airflow/.local/lib/python3.7/site-packages/airflow/example_dags/tutorial_taskflow_api_etl_virtualenv.py took 0.306 seconds
[2022-10-05 15:33:48,953] {processor.py:153} INFO - Started process (PID=1786) to work on /home/airflow/.local/lib/python3.7/site-packages/airflow/example_dags/tutorial_taskflow_api_etl_virtualenv.py
[2022-10-05 15:33:48,955] {processor.py:641} INFO - Processing file /home/airflow/.local/lib/python3.7/site-packages/airflow/example_dags/tutorial_taskflow_api_etl_virtualenv.py for tasks to queue
[2022-10-05 15:33:48,957] {logging_mixin.py:115} INFO - [2022-10-05 15:33:48,957] {dagbag.py:507} INFO - Filling up the DagBag from /home/airflow/.local/lib/python3.7/site-packages/airflow/example_dags/tutorial_taskflow_api_etl_virtualenv.py
[2022-10-05 15:33:48,985] {processor.py:651} INFO - DAG(s) dict_keys(['tutorial_taskflow_api_etl_virtualenv']) retrieved from /home/airflow/.local/lib/python3.7/site-packages/airflow/example_dags/tutorial_taskflow_api_etl_virtualenv.py
[2022-10-05 15:33:49,170] {logging_mixin.py:115} INFO - [2022-10-05 15:33:49,170] {dag.py:2379} INFO - Sync 1 DAGs
[2022-10-05 15:33:49,201] {logging_mixin.py:115} INFO - [2022-10-05 15:33:49,201] {dag.py:2931} INFO - Setting next_dagrun for tutorial_taskflow_api_etl_virtualenv to None, run_after=None
[2022-10-05 15:33:49,216] {processor.py:161} INFO - Processing /home/airflow/.local/lib/python3.7/site-packages/airflow/example_dags/tutorial_taskflow_api_etl_virtualenv.py took 0.269 seconds
[2022-10-05 15:34:19,475] {processor.py:153} INFO - Started process (PID=1851) to work on /home/airflow/.local/lib/python3.7/site-packages/airflow/example_dags/tutorial_taskflow_api_etl_virtualenv.py
[2022-10-05 15:34:19,477] {processor.py:641} INFO - Processing file /home/airflow/.local/lib/python3.7/site-packages/airflow/example_dags/tutorial_taskflow_api_etl_virtualenv.py for tasks to queue
[2022-10-05 15:34:19,479] {logging_mixin.py:115} INFO - [2022-10-05 15:34:19,479] {dagbag.py:507} INFO - Filling up the DagBag from /home/airflow/.local/lib/python3.7/site-packages/airflow/example_dags/tutorial_taskflow_api_etl_virtualenv.py
[2022-10-05 15:34:19,511] {processor.py:651} INFO - DAG(s) dict_keys(['tutorial_taskflow_api_etl_virtualenv']) retrieved from /home/airflow/.local/lib/python3.7/site-packages/airflow/example_dags/tutorial_taskflow_api_etl_virtualenv.py
[2022-10-05 15:34:19,723] {logging_mixin.py:115} INFO - [2022-10-05 15:34:19,723] {dag.py:2379} INFO - Sync 1 DAGs
[2022-10-05 15:34:19,754] {logging_mixin.py:115} INFO - [2022-10-05 15:34:19,754] {dag.py:2931} INFO - Setting next_dagrun for tutorial_taskflow_api_etl_virtualenv to None, run_after=None
[2022-10-05 15:34:19,769] {processor.py:161} INFO - Processing /home/airflow/.local/lib/python3.7/site-packages/airflow/example_dags/tutorial_taskflow_api_etl_virtualenv.py took 0.298 seconds
[2022-10-05 15:34:50,100] {processor.py:153} INFO - Started process (PID=1906) to work on /home/airflow/.local/lib/python3.7/site-packages/airflow/example_dags/tutorial_taskflow_api_etl_virtualenv.py
[2022-10-05 15:34:50,102] {processor.py:641} INFO - Processing file /home/airflow/.local/lib/python3.7/site-packages/airflow/example_dags/tutorial_taskflow_api_etl_virtualenv.py for tasks to queue
[2022-10-05 15:34:50,104] {logging_mixin.py:115} INFO - [2022-10-05 15:34:50,103] {dagbag.py:507} INFO - Filling up the DagBag from /home/airflow/.local/lib/python3.7/site-packages/airflow/example_dags/tutorial_taskflow_api_etl_virtualenv.py
[2022-10-05 15:34:50,131] {processor.py:651} INFO - DAG(s) dict_keys(['tutorial_taskflow_api_etl_virtualenv']) retrieved from /home/airflow/.local/lib/python3.7/site-packages/airflow/example_dags/tutorial_taskflow_api_etl_virtualenv.py
[2022-10-05 15:34:50,319] {logging_mixin.py:115} INFO - [2022-10-05 15:34:50,319] {dag.py:2379} INFO - Sync 1 DAGs
[2022-10-05 15:34:50,348] {logging_mixin.py:115} INFO - [2022-10-05 15:34:50,348] {dag.py:2931} INFO - Setting next_dagrun for tutorial_taskflow_api_etl_virtualenv to None, run_after=None
[2022-10-05 15:34:50,362] {processor.py:161} INFO - Processing /home/airflow/.local/lib/python3.7/site-packages/airflow/example_dags/tutorial_taskflow_api_etl_virtualenv.py took 0.267 seconds
[2022-10-05 15:35:20,985] {processor.py:153} INFO - Started process (PID=1969) to work on /home/airflow/.local/lib/python3.7/site-packages/airflow/example_dags/tutorial_taskflow_api_etl_virtualenv.py
[2022-10-05 15:35:20,988] {processor.py:641} INFO - Processing file /home/airflow/.local/lib/python3.7/site-packages/airflow/example_dags/tutorial_taskflow_api_etl_virtualenv.py for tasks to queue
[2022-10-05 15:35:20,991] {logging_mixin.py:115} INFO - [2022-10-05 15:35:20,990] {dagbag.py:507} INFO - Filling up the DagBag from /home/airflow/.local/lib/python3.7/site-packages/airflow/example_dags/tutorial_taskflow_api_etl_virtualenv.py
[2022-10-05 15:35:21,023] {processor.py:651} INFO - DAG(s) dict_keys(['tutorial_taskflow_api_etl_virtualenv']) retrieved from /home/airflow/.local/lib/python3.7/site-packages/airflow/example_dags/tutorial_taskflow_api_etl_virtualenv.py
[2022-10-05 15:35:21,283] {logging_mixin.py:115} INFO - [2022-10-05 15:35:21,283] {dag.py:2379} INFO - Sync 1 DAGs
[2022-10-05 15:35:21,310] {logging_mixin.py:115} INFO - [2022-10-05 15:35:21,310] {dag.py:2931} INFO - Setting next_dagrun for tutorial_taskflow_api_etl_virtualenv to None, run_after=None
[2022-10-05 15:35:21,331] {processor.py:161} INFO - Processing /home/airflow/.local/lib/python3.7/site-packages/airflow/example_dags/tutorial_taskflow_api_etl_virtualenv.py took 0.356 seconds
[2022-10-05 15:51:20,906] {processor.py:153} INFO - Started process (PID=2049) to work on /home/airflow/.local/lib/python3.7/site-packages/airflow/example_dags/tutorial_taskflow_api_etl_virtualenv.py
[2022-10-05 15:51:20,920] {processor.py:641} INFO - Processing file /home/airflow/.local/lib/python3.7/site-packages/airflow/example_dags/tutorial_taskflow_api_etl_virtualenv.py for tasks to queue
[2022-10-05 15:51:20,926] {logging_mixin.py:115} INFO - [2022-10-05 15:51:20,926] {dagbag.py:507} INFO - Filling up the DagBag from /home/airflow/.local/lib/python3.7/site-packages/airflow/example_dags/tutorial_taskflow_api_etl_virtualenv.py
[2022-10-05 15:51:21,015] {processor.py:651} INFO - DAG(s) dict_keys(['tutorial_taskflow_api_etl_virtualenv']) retrieved from /home/airflow/.local/lib/python3.7/site-packages/airflow/example_dags/tutorial_taskflow_api_etl_virtualenv.py
[2022-10-05 15:51:21,295] {logging_mixin.py:115} INFO - [2022-10-05 15:51:21,295] {dag.py:2379} INFO - Sync 1 DAGs
[2022-10-05 15:51:21,574] {logging_mixin.py:115} INFO - [2022-10-05 15:51:21,574] {dag.py:2931} INFO - Setting next_dagrun for tutorial_taskflow_api_etl_virtualenv to None, run_after=None
[2022-10-05 15:51:21,643] {processor.py:161} INFO - Processing /home/airflow/.local/lib/python3.7/site-packages/airflow/example_dags/tutorial_taskflow_api_etl_virtualenv.py took 0.759 seconds
[2022-10-05 15:51:52,116] {processor.py:153} INFO - Started process (PID=2113) to work on /home/airflow/.local/lib/python3.7/site-packages/airflow/example_dags/tutorial_taskflow_api_etl_virtualenv.py
[2022-10-05 15:51:52,118] {processor.py:641} INFO - Processing file /home/airflow/.local/lib/python3.7/site-packages/airflow/example_dags/tutorial_taskflow_api_etl_virtualenv.py for tasks to queue
[2022-10-05 15:51:52,119] {logging_mixin.py:115} INFO - [2022-10-05 15:51:52,119] {dagbag.py:507} INFO - Filling up the DagBag from /home/airflow/.local/lib/python3.7/site-packages/airflow/example_dags/tutorial_taskflow_api_etl_virtualenv.py
[2022-10-05 15:51:52,142] {processor.py:651} INFO - DAG(s) dict_keys(['tutorial_taskflow_api_etl_virtualenv']) retrieved from /home/airflow/.local/lib/python3.7/site-packages/airflow/example_dags/tutorial_taskflow_api_etl_virtualenv.py
[2022-10-05 15:51:52,221] {logging_mixin.py:115} INFO - [2022-10-05 15:51:52,221] {dag.py:2379} INFO - Sync 1 DAGs
[2022-10-05 15:51:52,242] {logging_mixin.py:115} INFO - [2022-10-05 15:51:52,242] {dag.py:2931} INFO - Setting next_dagrun for tutorial_taskflow_api_etl_virtualenv to None, run_after=None
[2022-10-05 15:51:52,260] {processor.py:161} INFO - Processing /home/airflow/.local/lib/python3.7/site-packages/airflow/example_dags/tutorial_taskflow_api_etl_virtualenv.py took 0.148 seconds
[2022-10-05 15:52:22,644] {processor.py:153} INFO - Started process (PID=2169) to work on /home/airflow/.local/lib/python3.7/site-packages/airflow/example_dags/tutorial_taskflow_api_etl_virtualenv.py
[2022-10-05 15:52:22,646] {processor.py:641} INFO - Processing file /home/airflow/.local/lib/python3.7/site-packages/airflow/example_dags/tutorial_taskflow_api_etl_virtualenv.py for tasks to queue
[2022-10-05 15:52:22,648] {logging_mixin.py:115} INFO - [2022-10-05 15:52:22,648] {dagbag.py:507} INFO - Filling up the DagBag from /home/airflow/.local/lib/python3.7/site-packages/airflow/example_dags/tutorial_taskflow_api_etl_virtualenv.py
[2022-10-05 15:52:22,671] {processor.py:651} INFO - DAG(s) dict_keys(['tutorial_taskflow_api_etl_virtualenv']) retrieved from /home/airflow/.local/lib/python3.7/site-packages/airflow/example_dags/tutorial_taskflow_api_etl_virtualenv.py
[2022-10-05 15:52:22,748] {logging_mixin.py:115} INFO - [2022-10-05 15:52:22,748] {dag.py:2379} INFO - Sync 1 DAGs
[2022-10-05 15:52:22,768] {logging_mixin.py:115} INFO - [2022-10-05 15:52:22,768] {dag.py:2931} INFO - Setting next_dagrun for tutorial_taskflow_api_etl_virtualenv to None, run_after=None
[2022-10-05 15:52:22,783] {processor.py:161} INFO - Processing /home/airflow/.local/lib/python3.7/site-packages/airflow/example_dags/tutorial_taskflow_api_etl_virtualenv.py took 0.145 seconds
[2022-10-05 15:52:53,004] {processor.py:153} INFO - Started process (PID=2234) to work on /home/airflow/.local/lib/python3.7/site-packages/airflow/example_dags/tutorial_taskflow_api_etl_virtualenv.py
[2022-10-05 15:52:53,005] {processor.py:641} INFO - Processing file /home/airflow/.local/lib/python3.7/site-packages/airflow/example_dags/tutorial_taskflow_api_etl_virtualenv.py for tasks to queue
[2022-10-05 15:52:53,007] {logging_mixin.py:115} INFO - [2022-10-05 15:52:53,007] {dagbag.py:507} INFO - Filling up the DagBag from /home/airflow/.local/lib/python3.7/site-packages/airflow/example_dags/tutorial_taskflow_api_etl_virtualenv.py
[2022-10-05 15:52:53,038] {processor.py:651} INFO - DAG(s) dict_keys(['tutorial_taskflow_api_etl_virtualenv']) retrieved from /home/airflow/.local/lib/python3.7/site-packages/airflow/example_dags/tutorial_taskflow_api_etl_virtualenv.py
[2022-10-05 15:52:53,133] {logging_mixin.py:115} INFO - [2022-10-05 15:52:53,133] {dag.py:2379} INFO - Sync 1 DAGs
[2022-10-05 15:52:53,158] {logging_mixin.py:115} INFO - [2022-10-05 15:52:53,158] {dag.py:2931} INFO - Setting next_dagrun for tutorial_taskflow_api_etl_virtualenv to None, run_after=None
[2022-10-05 15:52:53,176] {processor.py:161} INFO - Processing /home/airflow/.local/lib/python3.7/site-packages/airflow/example_dags/tutorial_taskflow_api_etl_virtualenv.py took 0.177 seconds
[2022-10-05 15:53:23,353] {processor.py:153} INFO - Started process (PID=2299) to work on /home/airflow/.local/lib/python3.7/site-packages/airflow/example_dags/tutorial_taskflow_api_etl_virtualenv.py
[2022-10-05 15:53:23,355] {processor.py:641} INFO - Processing file /home/airflow/.local/lib/python3.7/site-packages/airflow/example_dags/tutorial_taskflow_api_etl_virtualenv.py for tasks to queue
[2022-10-05 15:53:23,358] {logging_mixin.py:115} INFO - [2022-10-05 15:53:23,357] {dagbag.py:507} INFO - Filling up the DagBag from /home/airflow/.local/lib/python3.7/site-packages/airflow/example_dags/tutorial_taskflow_api_etl_virtualenv.py
[2022-10-05 15:53:23,384] {processor.py:651} INFO - DAG(s) dict_keys(['tutorial_taskflow_api_etl_virtualenv']) retrieved from /home/airflow/.local/lib/python3.7/site-packages/airflow/example_dags/tutorial_taskflow_api_etl_virtualenv.py
[2022-10-05 15:53:23,416] {logging_mixin.py:115} INFO - [2022-10-05 15:53:23,415] {dag.py:2379} INFO - Sync 1 DAGs
[2022-10-05 15:53:23,439] {logging_mixin.py:115} INFO - [2022-10-05 15:53:23,439] {dag.py:2931} INFO - Setting next_dagrun for tutorial_taskflow_api_etl_virtualenv to None, run_after=None
[2022-10-05 15:53:23,454] {processor.py:161} INFO - Processing /home/airflow/.local/lib/python3.7/site-packages/airflow/example_dags/tutorial_taskflow_api_etl_virtualenv.py took 0.111 seconds
[2022-10-05 15:53:53,837] {processor.py:153} INFO - Started process (PID=2355) to work on /home/airflow/.local/lib/python3.7/site-packages/airflow/example_dags/tutorial_taskflow_api_etl_virtualenv.py
[2022-10-05 15:53:53,839] {processor.py:641} INFO - Processing file /home/airflow/.local/lib/python3.7/site-packages/airflow/example_dags/tutorial_taskflow_api_etl_virtualenv.py for tasks to queue
[2022-10-05 15:53:53,841] {logging_mixin.py:115} INFO - [2022-10-05 15:53:53,840] {dagbag.py:507} INFO - Filling up the DagBag from /home/airflow/.local/lib/python3.7/site-packages/airflow/example_dags/tutorial_taskflow_api_etl_virtualenv.py
[2022-10-05 15:53:53,864] {processor.py:651} INFO - DAG(s) dict_keys(['tutorial_taskflow_api_etl_virtualenv']) retrieved from /home/airflow/.local/lib/python3.7/site-packages/airflow/example_dags/tutorial_taskflow_api_etl_virtualenv.py
[2022-10-05 15:53:53,942] {logging_mixin.py:115} INFO - [2022-10-05 15:53:53,942] {dag.py:2379} INFO - Sync 1 DAGs
[2022-10-05 15:53:53,966] {logging_mixin.py:115} INFO - [2022-10-05 15:53:53,966] {dag.py:2931} INFO - Setting next_dagrun for tutorial_taskflow_api_etl_virtualenv to None, run_after=None
[2022-10-05 15:53:53,986] {processor.py:161} INFO - Processing /home/airflow/.local/lib/python3.7/site-packages/airflow/example_dags/tutorial_taskflow_api_etl_virtualenv.py took 0.156 seconds
[2022-10-05 16:01:52,423] {processor.py:153} INFO - Started process (PID=2389) to work on /home/airflow/.local/lib/python3.7/site-packages/airflow/example_dags/tutorial_taskflow_api_etl_virtualenv.py
[2022-10-05 16:01:52,425] {processor.py:641} INFO - Processing file /home/airflow/.local/lib/python3.7/site-packages/airflow/example_dags/tutorial_taskflow_api_etl_virtualenv.py for tasks to queue
[2022-10-05 16:01:52,426] {logging_mixin.py:115} INFO - [2022-10-05 16:01:52,426] {dagbag.py:507} INFO - Filling up the DagBag from /home/airflow/.local/lib/python3.7/site-packages/airflow/example_dags/tutorial_taskflow_api_etl_virtualenv.py
[2022-10-05 16:01:52,447] {processor.py:651} INFO - DAG(s) dict_keys(['tutorial_taskflow_api_etl_virtualenv']) retrieved from /home/airflow/.local/lib/python3.7/site-packages/airflow/example_dags/tutorial_taskflow_api_etl_virtualenv.py
[2022-10-05 16:01:52,531] {logging_mixin.py:115} INFO - [2022-10-05 16:01:52,530] {dag.py:2379} INFO - Sync 1 DAGs
[2022-10-05 16:01:52,551] {logging_mixin.py:115} INFO - [2022-10-05 16:01:52,551] {dag.py:2931} INFO - Setting next_dagrun for tutorial_taskflow_api_etl_virtualenv to None, run_after=None
[2022-10-05 16:01:52,571] {processor.py:161} INFO - Processing /home/airflow/.local/lib/python3.7/site-packages/airflow/example_dags/tutorial_taskflow_api_etl_virtualenv.py took 0.152 seconds
[2022-10-05 16:03:21,798] {processor.py:153} INFO - Started process (PID=2435) to work on /home/airflow/.local/lib/python3.7/site-packages/airflow/example_dags/tutorial_taskflow_api_etl_virtualenv.py
[2022-10-05 16:03:21,800] {processor.py:641} INFO - Processing file /home/airflow/.local/lib/python3.7/site-packages/airflow/example_dags/tutorial_taskflow_api_etl_virtualenv.py for tasks to queue
[2022-10-05 16:03:21,801] {logging_mixin.py:115} INFO - [2022-10-05 16:03:21,801] {dagbag.py:507} INFO - Filling up the DagBag from /home/airflow/.local/lib/python3.7/site-packages/airflow/example_dags/tutorial_taskflow_api_etl_virtualenv.py
[2022-10-05 16:03:21,823] {processor.py:651} INFO - DAG(s) dict_keys(['tutorial_taskflow_api_etl_virtualenv']) retrieved from /home/airflow/.local/lib/python3.7/site-packages/airflow/example_dags/tutorial_taskflow_api_etl_virtualenv.py
[2022-10-05 16:03:21,916] {logging_mixin.py:115} INFO - [2022-10-05 16:03:21,916] {dag.py:2379} INFO - Sync 1 DAGs
[2022-10-05 16:03:21,938] {logging_mixin.py:115} INFO - [2022-10-05 16:03:21,938] {dag.py:2931} INFO - Setting next_dagrun for tutorial_taskflow_api_etl_virtualenv to None, run_after=None
[2022-10-05 16:03:21,955] {processor.py:161} INFO - Processing /home/airflow/.local/lib/python3.7/site-packages/airflow/example_dags/tutorial_taskflow_api_etl_virtualenv.py took 0.161 seconds
[2022-10-05 16:14:15,512] {processor.py:153} INFO - Started process (PID=2474) to work on /home/airflow/.local/lib/python3.7/site-packages/airflow/example_dags/tutorial_taskflow_api_etl_virtualenv.py
[2022-10-05 16:14:15,514] {processor.py:641} INFO - Processing file /home/airflow/.local/lib/python3.7/site-packages/airflow/example_dags/tutorial_taskflow_api_etl_virtualenv.py for tasks to queue
[2022-10-05 16:14:15,517] {logging_mixin.py:115} INFO - [2022-10-05 16:14:15,516] {dagbag.py:507} INFO - Filling up the DagBag from /home/airflow/.local/lib/python3.7/site-packages/airflow/example_dags/tutorial_taskflow_api_etl_virtualenv.py
[2022-10-05 16:14:15,544] {processor.py:651} INFO - DAG(s) dict_keys(['tutorial_taskflow_api_etl_virtualenv']) retrieved from /home/airflow/.local/lib/python3.7/site-packages/airflow/example_dags/tutorial_taskflow_api_etl_virtualenv.py
[2022-10-05 16:14:15,628] {logging_mixin.py:115} INFO - [2022-10-05 16:14:15,628] {dag.py:2379} INFO - Sync 1 DAGs
[2022-10-05 16:14:15,651] {logging_mixin.py:115} INFO - [2022-10-05 16:14:15,651] {dag.py:2931} INFO - Setting next_dagrun for tutorial_taskflow_api_etl_virtualenv to None, run_after=None
[2022-10-05 16:14:15,668] {processor.py:161} INFO - Processing /home/airflow/.local/lib/python3.7/site-packages/airflow/example_dags/tutorial_taskflow_api_etl_virtualenv.py took 0.164 seconds
[2022-10-05 16:15:19,641] {processor.py:153} INFO - Started process (PID=2521) to work on /home/airflow/.local/lib/python3.7/site-packages/airflow/example_dags/tutorial_taskflow_api_etl_virtualenv.py
[2022-10-05 16:15:19,642] {processor.py:641} INFO - Processing file /home/airflow/.local/lib/python3.7/site-packages/airflow/example_dags/tutorial_taskflow_api_etl_virtualenv.py for tasks to queue
[2022-10-05 16:15:19,643] {logging_mixin.py:115} INFO - [2022-10-05 16:15:19,643] {dagbag.py:507} INFO - Filling up the DagBag from /home/airflow/.local/lib/python3.7/site-packages/airflow/example_dags/tutorial_taskflow_api_etl_virtualenv.py
[2022-10-05 16:15:19,663] {processor.py:651} INFO - DAG(s) dict_keys(['tutorial_taskflow_api_etl_virtualenv']) retrieved from /home/airflow/.local/lib/python3.7/site-packages/airflow/example_dags/tutorial_taskflow_api_etl_virtualenv.py
[2022-10-05 16:15:19,737] {logging_mixin.py:115} INFO - [2022-10-05 16:15:19,737] {dag.py:2379} INFO - Sync 1 DAGs
[2022-10-05 16:15:19,757] {logging_mixin.py:115} INFO - [2022-10-05 16:15:19,756] {dag.py:2931} INFO - Setting next_dagrun for tutorial_taskflow_api_etl_virtualenv to None, run_after=None
[2022-10-05 16:15:19,772] {processor.py:161} INFO - Processing /home/airflow/.local/lib/python3.7/site-packages/airflow/example_dags/tutorial_taskflow_api_etl_virtualenv.py took 0.135 seconds
[2022-10-05 16:16:52,290] {processor.py:153} INFO - Started process (PID=2568) to work on /home/airflow/.local/lib/python3.7/site-packages/airflow/example_dags/tutorial_taskflow_api_etl_virtualenv.py
[2022-10-05 16:16:52,291] {processor.py:641} INFO - Processing file /home/airflow/.local/lib/python3.7/site-packages/airflow/example_dags/tutorial_taskflow_api_etl_virtualenv.py for tasks to queue
[2022-10-05 16:16:52,293] {logging_mixin.py:115} INFO - [2022-10-05 16:16:52,292] {dagbag.py:507} INFO - Filling up the DagBag from /home/airflow/.local/lib/python3.7/site-packages/airflow/example_dags/tutorial_taskflow_api_etl_virtualenv.py
[2022-10-05 16:16:52,332] {processor.py:651} INFO - DAG(s) dict_keys(['tutorial_taskflow_api_etl_virtualenv']) retrieved from /home/airflow/.local/lib/python3.7/site-packages/airflow/example_dags/tutorial_taskflow_api_etl_virtualenv.py
[2022-10-05 16:16:52,415] {logging_mixin.py:115} INFO - [2022-10-05 16:16:52,415] {dag.py:2379} INFO - Sync 1 DAGs
[2022-10-05 16:16:52,438] {logging_mixin.py:115} INFO - [2022-10-05 16:16:52,438] {dag.py:2931} INFO - Setting next_dagrun for tutorial_taskflow_api_etl_virtualenv to None, run_after=None
[2022-10-05 16:16:52,461] {processor.py:161} INFO - Processing /home/airflow/.local/lib/python3.7/site-packages/airflow/example_dags/tutorial_taskflow_api_etl_virtualenv.py took 0.176 seconds
[2022-10-05 16:18:34,997] {processor.py:153} INFO - Started process (PID=2615) to work on /home/airflow/.local/lib/python3.7/site-packages/airflow/example_dags/tutorial_taskflow_api_etl_virtualenv.py
[2022-10-05 16:18:34,999] {processor.py:641} INFO - Processing file /home/airflow/.local/lib/python3.7/site-packages/airflow/example_dags/tutorial_taskflow_api_etl_virtualenv.py for tasks to queue
[2022-10-05 16:18:35,001] {logging_mixin.py:115} INFO - [2022-10-05 16:18:35,001] {dagbag.py:507} INFO - Filling up the DagBag from /home/airflow/.local/lib/python3.7/site-packages/airflow/example_dags/tutorial_taskflow_api_etl_virtualenv.py
[2022-10-05 16:18:35,025] {processor.py:651} INFO - DAG(s) dict_keys(['tutorial_taskflow_api_etl_virtualenv']) retrieved from /home/airflow/.local/lib/python3.7/site-packages/airflow/example_dags/tutorial_taskflow_api_etl_virtualenv.py
[2022-10-05 16:18:35,125] {logging_mixin.py:115} INFO - [2022-10-05 16:18:35,124] {dag.py:2379} INFO - Sync 1 DAGs
[2022-10-05 16:18:35,156] {logging_mixin.py:115} INFO - [2022-10-05 16:18:35,156] {dag.py:2931} INFO - Setting next_dagrun for tutorial_taskflow_api_etl_virtualenv to None, run_after=None
[2022-10-05 16:18:35,170] {processor.py:161} INFO - Processing /home/airflow/.local/lib/python3.7/site-packages/airflow/example_dags/tutorial_taskflow_api_etl_virtualenv.py took 0.178 seconds
[2022-10-05 18:03:16,283] {processor.py:153} INFO - Started process (PID=2663) to work on /home/airflow/.local/lib/python3.7/site-packages/airflow/example_dags/tutorial_taskflow_api_etl_virtualenv.py
[2022-10-05 18:03:16,294] {processor.py:641} INFO - Processing file /home/airflow/.local/lib/python3.7/site-packages/airflow/example_dags/tutorial_taskflow_api_etl_virtualenv.py for tasks to queue
[2022-10-05 18:03:16,297] {logging_mixin.py:115} INFO - [2022-10-05 18:03:16,296] {dagbag.py:507} INFO - Filling up the DagBag from /home/airflow/.local/lib/python3.7/site-packages/airflow/example_dags/tutorial_taskflow_api_etl_virtualenv.py
[2022-10-05 18:03:16,382] {processor.py:651} INFO - DAG(s) dict_keys(['tutorial_taskflow_api_etl_virtualenv']) retrieved from /home/airflow/.local/lib/python3.7/site-packages/airflow/example_dags/tutorial_taskflow_api_etl_virtualenv.py
[2022-10-05 18:03:16,638] {logging_mixin.py:115} INFO - [2022-10-05 18:03:16,638] {dag.py:2379} INFO - Sync 1 DAGs
[2022-10-05 18:03:16,714] {logging_mixin.py:115} INFO - [2022-10-05 18:03:16,714] {dag.py:2931} INFO - Setting next_dagrun for tutorial_taskflow_api_etl_virtualenv to None, run_after=None
[2022-10-05 18:03:16,757] {processor.py:161} INFO - Processing /home/airflow/.local/lib/python3.7/site-packages/airflow/example_dags/tutorial_taskflow_api_etl_virtualenv.py took 0.484 seconds
[2022-10-05 20:03:26,402] {processor.py:153} INFO - Started process (PID=2710) to work on /home/airflow/.local/lib/python3.7/site-packages/airflow/example_dags/tutorial_taskflow_api_etl_virtualenv.py
[2022-10-05 20:03:26,404] {processor.py:641} INFO - Processing file /home/airflow/.local/lib/python3.7/site-packages/airflow/example_dags/tutorial_taskflow_api_etl_virtualenv.py for tasks to queue
[2022-10-05 20:03:26,406] {logging_mixin.py:115} INFO - [2022-10-05 20:03:26,406] {dagbag.py:507} INFO - Filling up the DagBag from /home/airflow/.local/lib/python3.7/site-packages/airflow/example_dags/tutorial_taskflow_api_etl_virtualenv.py
[2022-10-05 20:03:26,461] {processor.py:651} INFO - DAG(s) dict_keys(['tutorial_taskflow_api_etl_virtualenv']) retrieved from /home/airflow/.local/lib/python3.7/site-packages/airflow/example_dags/tutorial_taskflow_api_etl_virtualenv.py
[2022-10-05 20:03:26,581] {logging_mixin.py:115} INFO - [2022-10-05 20:03:26,581] {dag.py:2379} INFO - Sync 1 DAGs
[2022-10-05 20:03:26,606] {logging_mixin.py:115} INFO - [2022-10-05 20:03:26,606] {dag.py:2931} INFO - Setting next_dagrun for tutorial_taskflow_api_etl_virtualenv to None, run_after=None
[2022-10-05 20:03:26,624] {processor.py:161} INFO - Processing /home/airflow/.local/lib/python3.7/site-packages/airflow/example_dags/tutorial_taskflow_api_etl_virtualenv.py took 0.231 seconds
