[2022-10-06 00:46:02,357] {processor.py:153} INFO - Started process (PID=2760) to work on /home/airflow/.local/lib/python3.7/site-packages/airflow/example_dags/example_local_kubernetes_executor.py
[2022-10-06 00:46:02,363] {processor.py:641} INFO - Processing file /home/airflow/.local/lib/python3.7/site-packages/airflow/example_dags/example_local_kubernetes_executor.py for tasks to queue
[2022-10-06 00:46:02,365] {logging_mixin.py:115} INFO - [2022-10-06 00:46:02,365] {dagbag.py:507} INFO - Filling up the DagBag from /home/airflow/.local/lib/python3.7/site-packages/airflow/example_dags/example_local_kubernetes_executor.py
[2022-10-06 00:46:02,399] {processor.py:651} INFO - DAG(s) dict_keys(['example_local_kubernetes_executor']) retrieved from /home/airflow/.local/lib/python3.7/site-packages/airflow/example_dags/example_local_kubernetes_executor.py
[2022-10-06 00:46:02,455] {logging_mixin.py:115} INFO - [2022-10-06 00:46:02,455] {dag.py:2379} INFO - Sync 1 DAGs
[2022-10-06 00:46:02,499] {logging_mixin.py:115} INFO - [2022-10-06 00:46:02,499] {dag.py:2931} INFO - Setting next_dagrun for example_local_kubernetes_executor to None, run_after=None
[2022-10-06 00:46:02,550] {processor.py:161} INFO - Processing /home/airflow/.local/lib/python3.7/site-packages/airflow/example_dags/example_local_kubernetes_executor.py took 0.200 seconds
[2022-10-06 00:46:33,199] {processor.py:153} INFO - Started process (PID=2824) to work on /home/airflow/.local/lib/python3.7/site-packages/airflow/example_dags/example_local_kubernetes_executor.py
[2022-10-06 00:46:33,200] {processor.py:641} INFO - Processing file /home/airflow/.local/lib/python3.7/site-packages/airflow/example_dags/example_local_kubernetes_executor.py for tasks to queue
[2022-10-06 00:46:33,202] {logging_mixin.py:115} INFO - [2022-10-06 00:46:33,201] {dagbag.py:507} INFO - Filling up the DagBag from /home/airflow/.local/lib/python3.7/site-packages/airflow/example_dags/example_local_kubernetes_executor.py
[2022-10-06 00:46:33,223] {processor.py:651} INFO - DAG(s) dict_keys(['example_local_kubernetes_executor']) retrieved from /home/airflow/.local/lib/python3.7/site-packages/airflow/example_dags/example_local_kubernetes_executor.py
[2022-10-06 00:46:33,252] {logging_mixin.py:115} INFO - [2022-10-06 00:46:33,252] {dag.py:2379} INFO - Sync 1 DAGs
[2022-10-06 00:46:33,273] {logging_mixin.py:115} INFO - [2022-10-06 00:46:33,273] {dag.py:2931} INFO - Setting next_dagrun for example_local_kubernetes_executor to None, run_after=None
[2022-10-06 00:46:33,286] {processor.py:161} INFO - Processing /home/airflow/.local/lib/python3.7/site-packages/airflow/example_dags/example_local_kubernetes_executor.py took 0.093 seconds
[2022-10-06 00:47:03,543] {processor.py:153} INFO - Started process (PID=2879) to work on /home/airflow/.local/lib/python3.7/site-packages/airflow/example_dags/example_local_kubernetes_executor.py
[2022-10-06 00:47:03,545] {processor.py:641} INFO - Processing file /home/airflow/.local/lib/python3.7/site-packages/airflow/example_dags/example_local_kubernetes_executor.py for tasks to queue
[2022-10-06 00:47:03,546] {logging_mixin.py:115} INFO - [2022-10-06 00:47:03,546] {dagbag.py:507} INFO - Filling up the DagBag from /home/airflow/.local/lib/python3.7/site-packages/airflow/example_dags/example_local_kubernetes_executor.py
[2022-10-06 00:47:03,573] {processor.py:651} INFO - DAG(s) dict_keys(['example_local_kubernetes_executor']) retrieved from /home/airflow/.local/lib/python3.7/site-packages/airflow/example_dags/example_local_kubernetes_executor.py
[2022-10-06 00:47:03,605] {logging_mixin.py:115} INFO - [2022-10-06 00:47:03,605] {dag.py:2379} INFO - Sync 1 DAGs
[2022-10-06 00:47:03,627] {logging_mixin.py:115} INFO - [2022-10-06 00:47:03,626] {dag.py:2931} INFO - Setting next_dagrun for example_local_kubernetes_executor to None, run_after=None
[2022-10-06 00:47:03,641] {processor.py:161} INFO - Processing /home/airflow/.local/lib/python3.7/site-packages/airflow/example_dags/example_local_kubernetes_executor.py took 0.104 seconds
[2022-10-06 00:47:34,179] {processor.py:153} INFO - Started process (PID=2944) to work on /home/airflow/.local/lib/python3.7/site-packages/airflow/example_dags/example_local_kubernetes_executor.py
[2022-10-06 00:47:34,182] {processor.py:641} INFO - Processing file /home/airflow/.local/lib/python3.7/site-packages/airflow/example_dags/example_local_kubernetes_executor.py for tasks to queue
[2022-10-06 00:47:34,183] {logging_mixin.py:115} INFO - [2022-10-06 00:47:34,183] {dagbag.py:507} INFO - Filling up the DagBag from /home/airflow/.local/lib/python3.7/site-packages/airflow/example_dags/example_local_kubernetes_executor.py
[2022-10-06 00:47:34,205] {processor.py:651} INFO - DAG(s) dict_keys(['example_local_kubernetes_executor']) retrieved from /home/airflow/.local/lib/python3.7/site-packages/airflow/example_dags/example_local_kubernetes_executor.py
[2022-10-06 00:47:34,235] {logging_mixin.py:115} INFO - [2022-10-06 00:47:34,235] {dag.py:2379} INFO - Sync 1 DAGs
[2022-10-06 00:47:34,261] {logging_mixin.py:115} INFO - [2022-10-06 00:47:34,261] {dag.py:2931} INFO - Setting next_dagrun for example_local_kubernetes_executor to None, run_after=None
[2022-10-06 00:47:34,274] {processor.py:161} INFO - Processing /home/airflow/.local/lib/python3.7/site-packages/airflow/example_dags/example_local_kubernetes_executor.py took 0.099 seconds
[2022-10-06 00:48:04,602] {processor.py:153} INFO - Started process (PID=3010) to work on /home/airflow/.local/lib/python3.7/site-packages/airflow/example_dags/example_local_kubernetes_executor.py
[2022-10-06 00:48:04,604] {processor.py:641} INFO - Processing file /home/airflow/.local/lib/python3.7/site-packages/airflow/example_dags/example_local_kubernetes_executor.py for tasks to queue
[2022-10-06 00:48:04,606] {logging_mixin.py:115} INFO - [2022-10-06 00:48:04,606] {dagbag.py:507} INFO - Filling up the DagBag from /home/airflow/.local/lib/python3.7/site-packages/airflow/example_dags/example_local_kubernetes_executor.py
[2022-10-06 00:48:04,631] {processor.py:651} INFO - DAG(s) dict_keys(['example_local_kubernetes_executor']) retrieved from /home/airflow/.local/lib/python3.7/site-packages/airflow/example_dags/example_local_kubernetes_executor.py
[2022-10-06 00:48:04,660] {logging_mixin.py:115} INFO - [2022-10-06 00:48:04,660] {dag.py:2379} INFO - Sync 1 DAGs
[2022-10-06 00:48:04,684] {logging_mixin.py:115} INFO - [2022-10-06 00:48:04,684] {dag.py:2931} INFO - Setting next_dagrun for example_local_kubernetes_executor to None, run_after=None
[2022-10-06 00:48:04,700] {processor.py:161} INFO - Processing /home/airflow/.local/lib/python3.7/site-packages/airflow/example_dags/example_local_kubernetes_executor.py took 0.104 seconds
