[2022-10-06 00:45:57,784] {processor.py:153} INFO - Started process (PID=2748) to work on /home/airflow/.local/lib/python3.7/site-packages/airflow/example_dags/example_kubernetes_executor.py
[2022-10-06 00:45:57,787] {processor.py:641} INFO - Processing file /home/airflow/.local/lib/python3.7/site-packages/airflow/example_dags/example_kubernetes_executor.py for tasks to queue
[2022-10-06 00:45:57,789] {logging_mixin.py:115} INFO - [2022-10-06 00:45:57,789] {dagbag.py:507} INFO - Filling up the DagBag from /home/airflow/.local/lib/python3.7/site-packages/airflow/example_dags/example_kubernetes_executor.py
[2022-10-06 00:45:57,902] {processor.py:651} INFO - DAG(s) dict_keys(['example_kubernetes_executor']) retrieved from /home/airflow/.local/lib/python3.7/site-packages/airflow/example_dags/example_kubernetes_executor.py
[2022-10-06 00:45:58,021] {logging_mixin.py:115} INFO - [2022-10-06 00:45:58,021] {dag.py:2379} INFO - Sync 1 DAGs
[2022-10-06 00:45:58,127] {logging_mixin.py:115} INFO - [2022-10-06 00:45:58,127] {dag.py:2931} INFO - Setting next_dagrun for example_kubernetes_executor to None, run_after=None
[2022-10-06 00:45:58,174] {processor.py:161} INFO - Processing /home/airflow/.local/lib/python3.7/site-packages/airflow/example_dags/example_kubernetes_executor.py took 0.401 seconds
[2022-10-06 00:46:28,254] {processor.py:153} INFO - Started process (PID=2805) to work on /home/airflow/.local/lib/python3.7/site-packages/airflow/example_dags/example_kubernetes_executor.py
[2022-10-06 00:46:28,256] {processor.py:641} INFO - Processing file /home/airflow/.local/lib/python3.7/site-packages/airflow/example_dags/example_kubernetes_executor.py for tasks to queue
[2022-10-06 00:46:28,257] {logging_mixin.py:115} INFO - [2022-10-06 00:46:28,257] {dagbag.py:507} INFO - Filling up the DagBag from /home/airflow/.local/lib/python3.7/site-packages/airflow/example_dags/example_kubernetes_executor.py
[2022-10-06 00:46:28,285] {processor.py:651} INFO - DAG(s) dict_keys(['example_kubernetes_executor']) retrieved from /home/airflow/.local/lib/python3.7/site-packages/airflow/example_dags/example_kubernetes_executor.py
[2022-10-06 00:46:28,318] {logging_mixin.py:115} INFO - [2022-10-06 00:46:28,318] {dag.py:2379} INFO - Sync 1 DAGs
[2022-10-06 00:46:28,342] {logging_mixin.py:115} INFO - [2022-10-06 00:46:28,342] {dag.py:2931} INFO - Setting next_dagrun for example_kubernetes_executor to None, run_after=None
[2022-10-06 00:46:28,357] {processor.py:161} INFO - Processing /home/airflow/.local/lib/python3.7/site-packages/airflow/example_dags/example_kubernetes_executor.py took 0.108 seconds
[2022-10-06 00:46:58,835] {processor.py:153} INFO - Started process (PID=2870) to work on /home/airflow/.local/lib/python3.7/site-packages/airflow/example_dags/example_kubernetes_executor.py
[2022-10-06 00:46:58,836] {processor.py:641} INFO - Processing file /home/airflow/.local/lib/python3.7/site-packages/airflow/example_dags/example_kubernetes_executor.py for tasks to queue
[2022-10-06 00:46:58,837] {logging_mixin.py:115} INFO - [2022-10-06 00:46:58,837] {dagbag.py:507} INFO - Filling up the DagBag from /home/airflow/.local/lib/python3.7/site-packages/airflow/example_dags/example_kubernetes_executor.py
[2022-10-06 00:46:58,869] {processor.py:651} INFO - DAG(s) dict_keys(['example_kubernetes_executor']) retrieved from /home/airflow/.local/lib/python3.7/site-packages/airflow/example_dags/example_kubernetes_executor.py
[2022-10-06 00:46:58,910] {logging_mixin.py:115} INFO - [2022-10-06 00:46:58,910] {dag.py:2379} INFO - Sync 1 DAGs
[2022-10-06 00:46:58,943] {logging_mixin.py:115} INFO - [2022-10-06 00:46:58,943] {dag.py:2931} INFO - Setting next_dagrun for example_kubernetes_executor to None, run_after=None
[2022-10-06 00:46:58,957] {processor.py:161} INFO - Processing /home/airflow/.local/lib/python3.7/site-packages/airflow/example_dags/example_kubernetes_executor.py took 0.126 seconds
[2022-10-06 00:47:29,489] {processor.py:153} INFO - Started process (PID=2935) to work on /home/airflow/.local/lib/python3.7/site-packages/airflow/example_dags/example_kubernetes_executor.py
[2022-10-06 00:47:29,491] {processor.py:641} INFO - Processing file /home/airflow/.local/lib/python3.7/site-packages/airflow/example_dags/example_kubernetes_executor.py for tasks to queue
[2022-10-06 00:47:29,493] {logging_mixin.py:115} INFO - [2022-10-06 00:47:29,493] {dagbag.py:507} INFO - Filling up the DagBag from /home/airflow/.local/lib/python3.7/site-packages/airflow/example_dags/example_kubernetes_executor.py
[2022-10-06 00:47:29,537] {processor.py:651} INFO - DAG(s) dict_keys(['example_kubernetes_executor']) retrieved from /home/airflow/.local/lib/python3.7/site-packages/airflow/example_dags/example_kubernetes_executor.py
[2022-10-06 00:47:29,588] {logging_mixin.py:115} INFO - [2022-10-06 00:47:29,588] {dag.py:2379} INFO - Sync 1 DAGs
[2022-10-06 00:47:29,624] {logging_mixin.py:115} INFO - [2022-10-06 00:47:29,623] {dag.py:2931} INFO - Setting next_dagrun for example_kubernetes_executor to None, run_after=None
[2022-10-06 00:47:29,639] {processor.py:161} INFO - Processing /home/airflow/.local/lib/python3.7/site-packages/airflow/example_dags/example_kubernetes_executor.py took 0.155 seconds
[2022-10-06 00:47:59,972] {processor.py:153} INFO - Started process (PID=2992) to work on /home/airflow/.local/lib/python3.7/site-packages/airflow/example_dags/example_kubernetes_executor.py
[2022-10-06 00:47:59,973] {processor.py:641} INFO - Processing file /home/airflow/.local/lib/python3.7/site-packages/airflow/example_dags/example_kubernetes_executor.py for tasks to queue
[2022-10-06 00:47:59,974] {logging_mixin.py:115} INFO - [2022-10-06 00:47:59,974] {dagbag.py:507} INFO - Filling up the DagBag from /home/airflow/.local/lib/python3.7/site-packages/airflow/example_dags/example_kubernetes_executor.py
[2022-10-06 00:48:00,001] {processor.py:651} INFO - DAG(s) dict_keys(['example_kubernetes_executor']) retrieved from /home/airflow/.local/lib/python3.7/site-packages/airflow/example_dags/example_kubernetes_executor.py
[2022-10-06 00:48:00,031] {logging_mixin.py:115} INFO - [2022-10-06 00:48:00,031] {dag.py:2379} INFO - Sync 1 DAGs
[2022-10-06 00:48:00,054] {logging_mixin.py:115} INFO - [2022-10-06 00:48:00,054] {dag.py:2931} INFO - Setting next_dagrun for example_kubernetes_executor to None, run_after=None
[2022-10-06 00:48:00,068] {processor.py:161} INFO - Processing /home/airflow/.local/lib/python3.7/site-packages/airflow/example_dags/example_kubernetes_executor.py took 0.101 seconds
