[2022-10-06 00:45:55,866] {processor.py:153} INFO - Started process (PID=2743) to work on /home/airflow/.local/lib/python3.7/site-packages/airflow/example_dags/tutorial_etl_dag.py
[2022-10-06 00:45:55,885] {processor.py:641} INFO - Processing file /home/airflow/.local/lib/python3.7/site-packages/airflow/example_dags/tutorial_etl_dag.py for tasks to queue
[2022-10-06 00:45:55,894] {logging_mixin.py:115} INFO - [2022-10-06 00:45:55,894] {dagbag.py:507} INFO - Filling up the DagBag from /home/airflow/.local/lib/python3.7/site-packages/airflow/example_dags/tutorial_etl_dag.py
[2022-10-06 00:45:56,154] {processor.py:651} INFO - DAG(s) dict_keys(['tutorial_etl_dag']) retrieved from /home/airflow/.local/lib/python3.7/site-packages/airflow/example_dags/tutorial_etl_dag.py
[2022-10-06 00:45:56,468] {logging_mixin.py:115} INFO - [2022-10-06 00:45:56,467] {dag.py:2379} INFO - Sync 1 DAGs
[2022-10-06 00:45:56,666] {logging_mixin.py:115} INFO - [2022-10-06 00:45:56,666] {dag.py:2931} INFO - Setting next_dagrun for tutorial_etl_dag to None, run_after=None
[2022-10-06 00:45:56,721] {processor.py:161} INFO - Processing /home/airflow/.local/lib/python3.7/site-packages/airflow/example_dags/tutorial_etl_dag.py took 0.999 seconds
[2022-10-06 00:46:26,876] {processor.py:153} INFO - Started process (PID=2800) to work on /home/airflow/.local/lib/python3.7/site-packages/airflow/example_dags/tutorial_etl_dag.py
[2022-10-06 00:46:26,878] {processor.py:641} INFO - Processing file /home/airflow/.local/lib/python3.7/site-packages/airflow/example_dags/tutorial_etl_dag.py for tasks to queue
[2022-10-06 00:46:26,880] {logging_mixin.py:115} INFO - [2022-10-06 00:46:26,879] {dagbag.py:507} INFO - Filling up the DagBag from /home/airflow/.local/lib/python3.7/site-packages/airflow/example_dags/tutorial_etl_dag.py
[2022-10-06 00:46:26,895] {processor.py:651} INFO - DAG(s) dict_keys(['tutorial_etl_dag']) retrieved from /home/airflow/.local/lib/python3.7/site-packages/airflow/example_dags/tutorial_etl_dag.py
[2022-10-06 00:46:26,932] {logging_mixin.py:115} INFO - [2022-10-06 00:46:26,932] {dag.py:2379} INFO - Sync 1 DAGs
[2022-10-06 00:46:26,964] {logging_mixin.py:115} INFO - [2022-10-06 00:46:26,963] {dag.py:2931} INFO - Setting next_dagrun for tutorial_etl_dag to None, run_after=None
[2022-10-06 00:46:26,980] {processor.py:161} INFO - Processing /home/airflow/.local/lib/python3.7/site-packages/airflow/example_dags/tutorial_etl_dag.py took 0.114 seconds
[2022-10-06 00:46:57,488] {processor.py:153} INFO - Started process (PID=2865) to work on /home/airflow/.local/lib/python3.7/site-packages/airflow/example_dags/tutorial_etl_dag.py
[2022-10-06 00:46:57,490] {processor.py:641} INFO - Processing file /home/airflow/.local/lib/python3.7/site-packages/airflow/example_dags/tutorial_etl_dag.py for tasks to queue
[2022-10-06 00:46:57,492] {logging_mixin.py:115} INFO - [2022-10-06 00:46:57,491] {dagbag.py:507} INFO - Filling up the DagBag from /home/airflow/.local/lib/python3.7/site-packages/airflow/example_dags/tutorial_etl_dag.py
[2022-10-06 00:46:57,504] {processor.py:651} INFO - DAG(s) dict_keys(['tutorial_etl_dag']) retrieved from /home/airflow/.local/lib/python3.7/site-packages/airflow/example_dags/tutorial_etl_dag.py
[2022-10-06 00:46:57,563] {logging_mixin.py:115} INFO - [2022-10-06 00:46:57,563] {dag.py:2379} INFO - Sync 1 DAGs
[2022-10-06 00:46:57,591] {logging_mixin.py:115} INFO - [2022-10-06 00:46:57,591] {dag.py:2931} INFO - Setting next_dagrun for tutorial_etl_dag to None, run_after=None
[2022-10-06 00:46:57,609] {processor.py:161} INFO - Processing /home/airflow/.local/lib/python3.7/site-packages/airflow/example_dags/tutorial_etl_dag.py took 0.125 seconds
[2022-10-06 00:47:27,991] {processor.py:153} INFO - Started process (PID=2921) to work on /home/airflow/.local/lib/python3.7/site-packages/airflow/example_dags/tutorial_etl_dag.py
[2022-10-06 00:47:27,992] {processor.py:641} INFO - Processing file /home/airflow/.local/lib/python3.7/site-packages/airflow/example_dags/tutorial_etl_dag.py for tasks to queue
[2022-10-06 00:47:27,994] {logging_mixin.py:115} INFO - [2022-10-06 00:47:27,994] {dagbag.py:507} INFO - Filling up the DagBag from /home/airflow/.local/lib/python3.7/site-packages/airflow/example_dags/tutorial_etl_dag.py
[2022-10-06 00:47:28,009] {processor.py:651} INFO - DAG(s) dict_keys(['tutorial_etl_dag']) retrieved from /home/airflow/.local/lib/python3.7/site-packages/airflow/example_dags/tutorial_etl_dag.py
[2022-10-06 00:47:28,040] {logging_mixin.py:115} INFO - [2022-10-06 00:47:28,040] {dag.py:2379} INFO - Sync 1 DAGs
[2022-10-06 00:47:28,066] {logging_mixin.py:115} INFO - [2022-10-06 00:47:28,066] {dag.py:2931} INFO - Setting next_dagrun for tutorial_etl_dag to None, run_after=None
[2022-10-06 00:47:28,083] {processor.py:161} INFO - Processing /home/airflow/.local/lib/python3.7/site-packages/airflow/example_dags/tutorial_etl_dag.py took 0.096 seconds
[2022-10-06 00:47:58,678] {processor.py:153} INFO - Started process (PID=2987) to work on /home/airflow/.local/lib/python3.7/site-packages/airflow/example_dags/tutorial_etl_dag.py
[2022-10-06 00:47:58,679] {processor.py:641} INFO - Processing file /home/airflow/.local/lib/python3.7/site-packages/airflow/example_dags/tutorial_etl_dag.py for tasks to queue
[2022-10-06 00:47:58,681] {logging_mixin.py:115} INFO - [2022-10-06 00:47:58,681] {dagbag.py:507} INFO - Filling up the DagBag from /home/airflow/.local/lib/python3.7/site-packages/airflow/example_dags/tutorial_etl_dag.py
[2022-10-06 00:47:58,690] {processor.py:651} INFO - DAG(s) dict_keys(['tutorial_etl_dag']) retrieved from /home/airflow/.local/lib/python3.7/site-packages/airflow/example_dags/tutorial_etl_dag.py
[2022-10-06 00:47:58,721] {logging_mixin.py:115} INFO - [2022-10-06 00:47:58,721] {dag.py:2379} INFO - Sync 1 DAGs
[2022-10-06 00:47:58,741] {logging_mixin.py:115} INFO - [2022-10-06 00:47:58,741] {dag.py:2931} INFO - Setting next_dagrun for tutorial_etl_dag to None, run_after=None
[2022-10-06 00:47:58,755] {processor.py:161} INFO - Processing /home/airflow/.local/lib/python3.7/site-packages/airflow/example_dags/tutorial_etl_dag.py took 0.082 seconds
